#
# There is insufficient memory for the Java Runtime Environment to continue.
# Native memory allocation (malloc) failed to allocate 1048576 bytes. Error detail: AllocateHeap
# Possible reasons:
#   The system is out of physical RAM or swap space
#   This process is running with CompressedOops enabled, and the Java Heap may be blocking the growth of the native heap
# Possible solutions:
#   Reduce memory load on the system
#   Increase physical memory or swap space
#   Check if swap backing store is full
#   Decrease Java heap size (-Xmx/-Xms)
#   Decrease number of Java threads
#   Decrease Java thread stack sizes (-Xss)
#   Set larger code cache with -XX:ReservedCodeCacheSize=
#   JVM is running with Unscaled Compressed Oops mode in which the Java heap is
#     placed in the first 4GB address space. The Java Heap base address is the
#     maximum limit for the native heap growth. Please use -XX:HeapBaseMinAddress
#     to set the Java Heap base and to place the Java Heap above 4GB virtual address.
# This output file may be truncated or incomplete.
#
#  Out of Memory Error (allocation.cpp:44), pid=134224, tid=128556
#
# JRE version: OpenJDK Runtime Environment Temurin-21.0.10+7 (21.0.10+7) (build 21.0.10+7-LTS)
# Java VM: OpenJDK 64-Bit Server VM Temurin-21.0.10+7 (21.0.10+7-LTS, mixed mode, sharing, tiered, compressed oops, compressed class ptrs, parallel gc, windows-amd64)
# No core dump will be written. Minidumps are not enabled by default on client versions of Windows
#

---------------  S U M M A R Y ------------

Command Line: --add-modules=ALL-SYSTEM --add-opens=java.base/java.util=ALL-UNNAMED --add-opens=java.base/java.lang=ALL-UNNAMED --add-opens=java.base/sun.nio.fs=ALL-UNNAMED -Declipse.application=org.eclipse.jdt.ls.core.id1 -Dosgi.bundles.defaultStartLevel=4 -Declipse.product=org.eclipse.jdt.ls.core.product -Djava.import.generatesMetadataFilesAtProjectRoot=false -DDetectVMInstallationsJob.disabled=true -Dfile.encoding=utf8 -XX:+UseParallelGC -XX:GCTimeRatio=4 -XX:AdaptiveSizePolicyWeight=90 -Dsun.zip.disableMemoryMapping=true -Xmx2G -Xms100m -Xlog:disable -javaagent:c:\Users\davi4\.windsurf\extensions\redhat.java-1.53.0-win32-x64\lombok\lombok-1.18.39-4050.jar -XX:+HeapDumpOnOutOfMemoryError -XX:HeapDumpPath=c:\Users\davi4\AppData\Roaming\Windsurf\User\workspaceStorage\480e1d6f9199f74cf5298c7c52811d38\redhat.java -Daether.dependencyCollector.impl=bf c:\Users\davi4\.windsurf\extensions\redhat.java-1.53.0-win32-x64\server\plugins\org.eclipse.equinox.launcher_1.7.100.v20251111-0406.jar -configuration c:\Users\davi4\AppData\Roaming\Windsurf\User\globalStorage\redhat.java\1.53.0\config_win -data c:\Users\davi4\AppData\Roaming\Windsurf\User\workspaceStorage\480e1d6f9199f74cf5298c7c52811d38\redhat.java\jdt_ws --pipe=\\.\pipe\lsp-6b2fccfccb3180741223fd842a48f68d-sock

Host: AMD Ryzen 7 3700X 8-Core Processor             , 16 cores, 31G,  Windows 11 , 64 bit Build 26100 (10.0.26100.7705)
Time: Mon Mar  2 22:27:01 2026 SA Pacific Standard Time elapsed time: 137.336570 seconds (0d 0h 2m 17s)

---------------  T H R E A D  ---------------

Current thread (0x000001e20ab1bbe0):  JavaThread "Attach Listener" daemon [_thread_in_vm, id=128556, stack(0x000000d253b00000,0x000000d253c00000) (1024K)]

Stack: [0x000000d253b00000,0x000000d253c00000]
Native frames: (J=compiled Java code, j=interpreted, Vv=VM code, C=native code)
V  [jvm.dll+0x6d7a39]
V  [jvm.dll+0x8b4b26]
V  [jvm.dll+0x8b70de]
V  [jvm.dll+0x8b77c3]
V  [jvm.dll+0x284346]
V  [jvm.dll+0xc1277]
V  [jvm.dll+0x6d82e9]
V  [jvm.dll+0x1334a6]
V  [jvm.dll+0x3f857e]
V  [jvm.dll+0x85f59d]
V  [jvm.dll+0x6d626d]
C  [ucrtbase.dll+0x37b0]
C  [KERNEL32.DLL+0x2e8d7]
C  [ntdll.dll+0x8c40c]


---------------  P R O C E S S  ---------------

Threads class SMR info:
_java_thread_list=0x000001e21f543910, length=100, elements={
0x000001e1b19dbb70, 0x000001e1c848c220, 0x000001e1c848d040, 0x000001e20ab19ef0,
0x000001e20ab1bbe0, 0x000001e20ab1fc40, 0x000001e20ab21c00, 0x000001e20ab33540,
0x000001e20ab29660, 0x000001e20ad266b0, 0x000001e20c2693a0, 0x000001e2114a8020,
0x000001e211310140, 0x000001e211234ca0, 0x000001e211235310, 0x000001e2115b3050,
0x000001e2119dc0b0, 0x000001e2117b4260, 0x000001e2117b3bd0, 0x000001e2117b2eb0,
0x000001e212829490, 0x000001e21282a840, 0x000001e21282a1b0, 0x000001e212829b20,
0x000001e21282bbf0, 0x000001e21282c280, 0x000001e21282aed0, 0x000001e21282d630,
0x000001e212830420, 0x000001e21282fd90, 0x000001e21282dcc0, 0x000001e21282e9e0,
0x000001e21282f070, 0x000001e212830ab0, 0x000001e21282e350, 0x000001e21282f700,
0x000001e214df1eb0, 0x000001e214df2bd0, 0x000001e214df3260, 0x000001e214df1820,
0x000001e214df38f0, 0x000001e214df4610, 0x000001e214df7a90, 0x000001e214df8120,
0x000001e214df87b0, 0x000001e214df8e40, 0x000001e214df66e0, 0x000001e214df6050,
0x000001e2150ed520, 0x000001e2150edbb0, 0x000001e2150ece90, 0x000001e2150ee8d0,
0x000001e2150ee240, 0x000001e2150eef60, 0x000001e2150ef5f0, 0x000001e2150efc80,
0x000001e2150ec800, 0x000001e211e017b0, 0x000001e211e02b60, 0x000001e211e01e40,
0x000001e211dffd70, 0x000001e211e00400, 0x000001e211e00a90, 0x000001e211e01120,
0x000001e211e03f10, 0x000001e211e06670, 0x000001e211e06d00, 0x000001e211e052c0,
0x000001e211e03880, 0x000001e211e07390, 0x000001e211e045a0, 0x000001e2165acbd0,
0x000001e2165adf80, 0x000001e2165ae610, 0x000001e2165aeca0, 0x000001e2165af330,
0x000001e2117b1470, 0x000001e2117b2190, 0x000001e21f34b3e0, 0x000001e21f3485f0,
0x000001e21f3499a0, 0x000001e21f347f60, 0x000001e21f34a6c0, 0x000001e21f34ba70,
0x000001e21f34a030, 0x000001e221813ce0, 0x000001e221813650, 0x000001e21282cfa0,
0x000001e214df6d70, 0x000001e21f893cc0, 0x000001e21f892fa0, 0x000001e21f893630,
0x000001e21f895700, 0x000001e21f898b80, 0x000001e21f899210, 0x000001e21f8984f0,
0x000001e21f895d90, 0x000001e21f897e60, 0x000001e21f8998a0, 0x000001e21f896ab0
}

Java Threads: ( => current thread )
  0x000001e1b19dbb70 JavaThread "main"                              [_thread_blocked, id=132540, stack(0x000000d253400000,0x000000d253500000) (1024K)]
  0x000001e1c848c220 JavaThread "Reference Handler"          daemon [_thread_blocked, id=134884, stack(0x000000d253800000,0x000000d253900000) (1024K)]
  0x000001e1c848d040 JavaThread "Finalizer"                  daemon [_thread_blocked, id=131240, stack(0x000000d253900000,0x000000d253a00000) (1024K)]
  0x000001e20ab19ef0 JavaThread "Signal Dispatcher"          daemon [_thread_blocked, id=134160, stack(0x000000d253a00000,0x000000d253b00000) (1024K)]
=>0x000001e20ab1bbe0 JavaThread "Attach Listener"            daemon [_thread_in_vm, id=128556, stack(0x000000d253b00000,0x000000d253c00000) (1024K)]
  0x000001e20ab1fc40 JavaThread "Service Thread"             daemon [_thread_blocked, id=132348, stack(0x000000d253c00000,0x000000d253d00000) (1024K)]
  0x000001e20ab21c00 JavaThread "Monitor Deflation Thread"   daemon [_thread_blocked, id=123084, stack(0x000000d253d00000,0x000000d253e00000) (1024K)]
  0x000001e20ab33540 JavaThread "C2 CompilerThread0"         daemon [_thread_blocked, id=78140, stack(0x000000d253e00000,0x000000d253f00000) (1024K)]
  0x000001e20ab29660 JavaThread "C1 CompilerThread0"         daemon [_thread_blocked, id=134448, stack(0x000000d253f00000,0x000000d254000000) (1024K)]
  0x000001e20ad266b0 JavaThread "Common-Cleaner"             daemon [_thread_blocked, id=102328, stack(0x000000d254200000,0x000000d254300000) (1024K)]
  0x000001e20c2693a0 JavaThread "Notification Thread"        daemon [_thread_blocked, id=132328, stack(0x000000d254500000,0x000000d254600000) (1024K)]
  0x000001e2114a8020 JavaThread "Active Thread: Equinox Container: 8f929fda-d79f-4081-8485-0eefd5a08389"        [_thread_blocked, id=133172, stack(0x000000d254e00000,0x000000d254f00000) (1024K)]
  0x000001e211310140 JavaThread "Refresh Thread: Equinox Container: 8f929fda-d79f-4081-8485-0eefd5a08389" daemon [_thread_blocked, id=64748, stack(0x000000d255000000,0x000000d255100000) (1024K)]
  0x000001e211234ca0 JavaThread "Framework Event Dispatcher: Equinox Container: 8f929fda-d79f-4081-8485-0eefd5a08389" daemon [_thread_blocked, id=132592, stack(0x000000d255100000,0x000000d255200000) (1024K)]
  0x000001e211235310 JavaThread "Start Level: Equinox Container: 8f929fda-d79f-4081-8485-0eefd5a08389" daemon [_thread_blocked, id=131756, stack(0x000000d255200000,0x000000d255300000) (1024K)]
  0x000001e2115b3050 JavaThread "Bundle File Closer"         daemon [_thread_blocked, id=132036, stack(0x000000d254d00000,0x000000d254e00000) (1024K)]
  0x000001e2119dc0b0 JavaThread "SCR Component Actor"        daemon [_thread_blocked, id=134104, stack(0x000000d254c00000,0x000000d254d00000) (1024K)]
  0x000001e2117b4260 JavaThread "Worker-JM"                         [_thread_blocked, id=131104, stack(0x000000d255900000,0x000000d255a00000) (1024K)]
  0x000001e2117b3bd0 JavaThread "JNA Cleaner"                daemon [_thread_blocked, id=134740, stack(0x000000d255700000,0x000000d255800000) (1024K)]
  0x000001e2117b2eb0 JavaThread "Worker-1"                          [_thread_blocked, id=132224, stack(0x000000d255c00000,0x000000d255d00000) (1024K)]
  0x000001e212829490 JavaThread "Worker-3"                          [_thread_blocked, id=133792, stack(0x000000d254b00000,0x000000d254c00000) (1024K)]
  0x000001e21282a840 JavaThread "Java indexing"              daemon [_thread_blocked, id=105212, stack(0x000000d255f00000,0x000000d256000000) (1024K)]
  0x000001e21282a1b0 JavaThread "Thread-1"                   daemon [_thread_in_native, id=132392, stack(0x000000d256600000,0x000000d256700000) (1024K)]
  0x000001e212829b20 JavaThread "Thread-2"                   daemon [_thread_in_native, id=101744, stack(0x000000d256700000,0x000000d256800000) (1024K)]
  0x000001e21282bbf0 JavaThread "Thread-3"                   daemon [_thread_in_native, id=129200, stack(0x000000d256800000,0x000000d256900000) (1024K)]
  0x000001e21282c280 JavaThread "Thread-4"                   daemon [_thread_in_native, id=128376, stack(0x000000d256900000,0x000000d256a00000) (1024K)]
  0x000001e21282aed0 JavaThread "Thread-5"                   daemon [_thread_in_native, id=127844, stack(0x000000d256a00000,0x000000d256b00000) (1024K)]
  0x000001e21282d630 JavaThread "Thread-6"                   daemon [_thread_in_native, id=132528, stack(0x000000d256b00000,0x000000d256c00000) (1024K)]
  0x000001e212830420 JavaThread "Thread-7"                   daemon [_thread_in_native, id=115372, stack(0x000000d256c00000,0x000000d256d00000) (1024K)]
  0x000001e21282fd90 JavaThread "Thread-8"                   daemon [_thread_in_native, id=133552, stack(0x000000d256d00000,0x000000d256e00000) (1024K)]
  0x000001e21282dcc0 JavaThread "Thread-9"                   daemon [_thread_in_native, id=133628, stack(0x000000d256e00000,0x000000d256f00000) (1024K)]
  0x000001e21282e9e0 JavaThread "Thread-10"                  daemon [_thread_in_native, id=132308, stack(0x000000d256f00000,0x000000d257000000) (1024K)]
  0x000001e21282f070 JavaThread "Thread-11"                  daemon [_thread_in_native, id=134924, stack(0x000000d257000000,0x000000d257100000) (1024K)]
  0x000001e212830ab0 JavaThread "Thread-12"                  daemon [_thread_in_native, id=108904, stack(0x000000d257100000,0x000000d257200000) (1024K)]
  0x000001e21282e350 JavaThread "Thread-13"                  daemon [_thread_in_native, id=134628, stack(0x000000d257200000,0x000000d257300000) (1024K)]
  0x000001e21282f700 JavaThread "Thread-14"                  daemon [_thread_in_native, id=131392, stack(0x000000d257300000,0x000000d257400000) (1024K)]
  0x000001e214df1eb0 JavaThread "Thread-15"                  daemon [_thread_in_native, id=134856, stack(0x000000d257400000,0x000000d257500000) (1024K)]
  0x000001e214df2bd0 JavaThread "Thread-16"                  daemon [_thread_in_native, id=132544, stack(0x000000d257500000,0x000000d257600000) (1024K)]
  0x000001e214df3260 JavaThread "Thread-17"                  daemon [_thread_in_native, id=118060, stack(0x000000d257600000,0x000000d257700000) (1024K)]
  0x000001e214df1820 JavaThread "pool-2-thread-1"                   [_thread_blocked, id=131236, stack(0x000000d257700000,0x000000d257800000) (1024K)]
  0x000001e214df38f0 JavaThread "WorkspaceEventsHandler"            [_thread_blocked, id=109436, stack(0x000000d257800000,0x000000d257900000) (1024K)]
  0x000001e214df4610 JavaThread "pool-1-thread-1"                   [_thread_blocked, id=131804, stack(0x000000d257900000,0x000000d257a00000) (1024K)]
  0x000001e214df7a90 JavaThread "LocalFile Deleter"          daemon [_thread_blocked, id=132252, stack(0x000000d257c00000,0x000000d257d00000) (1024K)]
  0x000001e214df8120 JavaThread "LocalFile Deleter"          daemon [_thread_blocked, id=133128, stack(0x000000d257d00000,0x000000d257e00000) (1024K)]
  0x000001e214df87b0 JavaThread "LocalFile Deleter"          daemon [_thread_blocked, id=111684, stack(0x000000d257e00000,0x000000d257f00000) (1024K)]
  0x000001e214df8e40 JavaThread "LocalFile Deleter"          daemon [_thread_blocked, id=129284, stack(0x000000d257f00000,0x000000d258000000) (1024K)]
  0x000001e214df66e0 JavaThread "LocalFile Deleter"          daemon [_thread_blocked, id=130868, stack(0x000000d258000000,0x000000d258100000) (1024K)]
  0x000001e214df6050 JavaThread "LocalFile Deleter"          daemon [_thread_blocked, id=135084, stack(0x000000d258100000,0x000000d258200000) (1024K)]
  0x000001e2150ed520 JavaThread "LocalFile Deleter"          daemon [_thread_blocked, id=132368, stack(0x000000d258200000,0x000000d258300000) (1024K)]
  0x000001e2150edbb0 JavaThread "LocalFile Deleter"          daemon [_thread_blocked, id=105244, stack(0x000000d258300000,0x000000d258400000) (1024K)]
  0x000001e2150ece90 JavaThread "LocalFile Deleter"          daemon [_thread_blocked, id=132476, stack(0x000000d258400000,0x000000d258500000) (1024K)]
  0x000001e2150ee8d0 JavaThread "LocalFile Deleter"          daemon [_thread_blocked, id=124576, stack(0x000000d258500000,0x000000d258600000) (1024K)]
  0x000001e2150ee240 JavaThread "LocalFile Deleter"          daemon [_thread_blocked, id=132680, stack(0x000000d258600000,0x000000d258700000) (1024K)]
  0x000001e2150eef60 JavaThread "LocalFile Deleter"          daemon [_thread_blocked, id=131408, stack(0x000000d258700000,0x000000d258800000) (1024K)]
  0x000001e2150ef5f0 JavaThread "LocalFile Deleter"          daemon [_thread_blocked, id=131676, stack(0x000000d258800000,0x000000d258900000) (1024K)]
  0x000001e2150efc80 JavaThread "LocalFile Deleter"          daemon [_thread_blocked, id=124860, stack(0x000000d258900000,0x000000d258a00000) (1024K)]
  0x000001e2150ec800 JavaThread "LocalFile Deleter"          daemon [_thread_blocked, id=126420, stack(0x000000d258a00000,0x000000d258b00000) (1024K)]
  0x000001e211e017b0 JavaThread "Compiler Source File Reader" daemon [_thread_blocked, id=108492, stack(0x000000d256000000,0x000000d256100000) (1024K)]
  0x000001e211e02b60 JavaThread "Compiler Source File Reader" daemon [_thread_blocked, id=134520, stack(0x000000d258b00000,0x000000d258c00000) (1024K)]
  0x000001e211e01e40 JavaThread "Compiler Source File Reader" daemon [_thread_blocked, id=133524, stack(0x000000d258c00000,0x000000d258d00000) (1024K)]
  0x000001e211dffd70 JavaThread "Compiler Source File Reader" daemon [_thread_blocked, id=131636, stack(0x000000d258d00000,0x000000d258e00000) (1024K)]
  0x000001e211e00400 JavaThread "Compiler Source File Reader" daemon [_thread_blocked, id=131596, stack(0x000000d258e00000,0x000000d258f00000) (1024K)]
  0x000001e211e00a90 JavaThread "Compiler Source File Reader" daemon [_thread_blocked, id=123100, stack(0x000000d258f00000,0x000000d259000000) (1024K)]
  0x000001e211e01120 JavaThread "Compiler Source File Reader" daemon [_thread_blocked, id=132596, stack(0x000000d259000000,0x000000d259100000) (1024K)]
  0x000001e211e03f10 JavaThread "Compiler Source File Reader" daemon [_thread_blocked, id=123480, stack(0x000000d259100000,0x000000d259200000) (1024K)]
  0x000001e211e06670 JavaThread "Compiler Source File Reader" daemon [_thread_blocked, id=134696, stack(0x000000d259200000,0x000000d259300000) (1024K)]
  0x000001e211e06d00 JavaThread "Compiler Source File Reader" daemon [_thread_blocked, id=131700, stack(0x000000d259300000,0x000000d259400000) (1024K)]
  0x000001e211e052c0 JavaThread "Compiler Source File Reader" daemon [_thread_blocked, id=134188, stack(0x000000d259400000,0x000000d259500000) (1024K)]
  0x000001e211e03880 JavaThread "Compiler Source File Reader" daemon [_thread_blocked, id=126636, stack(0x000000d259500000,0x000000d259600000) (1024K)]
  0x000001e211e07390 JavaThread "Compiler Source File Reader" daemon [_thread_blocked, id=132968, stack(0x000000d259600000,0x000000d259700000) (1024K)]
  0x000001e211e045a0 JavaThread "Compiler Source File Reader" daemon [_thread_blocked, id=133560, stack(0x000000d259700000,0x000000d259800000) (1024K)]
  0x000001e2165acbd0 JavaThread "Compiler Class File Writer" daemon [_thread_blocked, id=136168, stack(0x000000d259800000,0x000000d259900000) (1024K)]
  0x000001e2165adf80 JavaThread "Compiler Class File Writer" daemon [_thread_blocked, id=136172, stack(0x000000d259900000,0x000000d259a00000) (1024K)]
  0x000001e2165ae610 JavaThread "Compiler Class File Writer" daemon [_thread_blocked, id=136176, stack(0x000000d259a00000,0x000000d259b00000) (1024K)]
  0x000001e2165aeca0 JavaThread "Compiler Class File Writer" daemon [_thread_blocked, id=136180, stack(0x000000d259b00000,0x000000d259c00000) (1024K)]
  0x000001e2165af330 JavaThread "Compiler Class File Writer" daemon [_thread_blocked, id=136184, stack(0x000000d259c00000,0x000000d259d00000) (1024K)]
  0x000001e2117b1470 JavaThread "Compiler Class File Writer" daemon [_thread_blocked, id=136188, stack(0x000000d259d00000,0x000000d259e00000) (1024K)]
  0x000001e2117b2190 JavaThread "Compiler Class File Writer" daemon [_thread_blocked, id=135172, stack(0x000000d259e00000,0x000000d259f00000) (1024K)]
  0x000001e21f34b3e0 JavaThread "Compiler Class File Writer" daemon [_thread_blocked, id=135204, stack(0x000000d259f00000,0x000000d25a000000) (1024K)]
  0x000001e21f3485f0 JavaThread "Compiler Class File Writer" daemon [_thread_blocked, id=135208, stack(0x000000d25a000000,0x000000d25a100000) (1024K)]
  0x000001e21f3499a0 JavaThread "Compiler Class File Writer" daemon [_thread_blocked, id=135196, stack(0x000000d25a100000,0x000000d25a200000) (1024K)]
  0x000001e21f347f60 JavaThread "Compiler Class File Writer" daemon [_thread_blocked, id=131704, stack(0x000000d25a200000,0x000000d25a300000) (1024K)]
  0x000001e21f34a6c0 JavaThread "Compiler Class File Writer" daemon [_thread_blocked, id=134516, stack(0x000000d25a300000,0x000000d25a400000) (1024K)]
  0x000001e21f34ba70 JavaThread "Compiler Class File Writer" daemon [_thread_blocked, id=132524, stack(0x000000d25a400000,0x000000d25a500000) (1024K)]
  0x000001e21f34a030 JavaThread "Compiler Class File Writer" daemon [_thread_blocked, id=132432, stack(0x000000d25a500000,0x000000d25a600000) (1024K)]
  0x000001e221813ce0 JavaThread "ForkJoinPool.commonPool-worker-1" daemon [_thread_blocked, id=135920, stack(0x000000d25a600000,0x000000d25a700000) (1024K)]
  0x000001e221813650 JavaThread "ForkJoinPool.commonPool-worker-2" daemon [_thread_blocked, id=135912, stack(0x000000d25a700000,0x000000d25a800000) (1024K)]
  0x000001e21282cfa0 JavaThread "ForkJoinPool.commonPool-worker-4" daemon [_thread_blocked, id=135968, stack(0x000000d25a900000,0x000000d25aa00000) (1024K)]
  0x000001e214df6d70 JavaThread "ForkJoinPool.commonPool-worker-5" daemon [_thread_blocked, id=135964, stack(0x000000d25aa00000,0x000000d25ab00000) (1024K)]
  0x000001e21f893cc0 JavaThread "ForkJoinPool.commonPool-worker-6" daemon [_thread_blocked, id=135948, stack(0x000000d25ab00000,0x000000d25ac00000) (1024K)]
  0x000001e21f892fa0 JavaThread "ForkJoinPool.commonPool-worker-7" daemon [_thread_blocked, id=131692, stack(0x000000d25ad00000,0x000000d25ae00000) (1024K)]
  0x000001e21f893630 JavaThread "ForkJoinPool.commonPool-worker-8" daemon [_thread_blocked, id=135212, stack(0x000000d25ae00000,0x000000d25af00000) (1024K)]
  0x000001e21f895700 JavaThread "ForkJoinPool.commonPool-worker-9" daemon [_thread_blocked, id=132616, stack(0x000000d25af00000,0x000000d25b000000) (1024K)]
  0x000001e21f898b80 JavaThread "ForkJoinPool.commonPool-worker-10" daemon [_thread_blocked, id=135236, stack(0x000000d25b000000,0x000000d25b100000) (1024K)]
  0x000001e21f899210 JavaThread "ForkJoinPool.commonPool-worker-11" daemon [_thread_blocked, id=48976, stack(0x000000d25b100000,0x000000d25b200000) (1024K)]
  0x000001e21f8984f0 JavaThread "ForkJoinPool.commonPool-worker-13" daemon [_thread_blocked, id=135272, stack(0x000000d25b200000,0x000000d25b300000) (1024K)]
  0x000001e21f895d90 JavaThread "ForkJoinPool.commonPool-worker-12" daemon [_thread_blocked, id=129432, stack(0x000000d25b300000,0x000000d25b400000) (1024K)]
  0x000001e21f897e60 JavaThread "ForkJoinPool.commonPool-worker-14" daemon [_thread_blocked, id=134964, stack(0x000000d25b400000,0x000000d25b500000) (1024K)]
  0x000001e21f8998a0 JavaThread "ForkJoinPool.commonPool-worker-15" daemon [_thread_blocked, id=134756, stack(0x000000d25b500000,0x000000d25b600000) (1024K)]
  0x000001e21f896ab0 JavaThread "Cleaner-0"                  daemon [_thread_blocked, id=132128, stack(0x000000d25b600000,0x000000d25b700000) (1024K)]
Total: 100

Other Threads:
  0x000001e1c84713b0 VMThread "VM Thread"                           [id=134452, stack(0x000000d253700000,0x000000d253800000) (1024K)]
  0x000001e1c836cb20 WatcherThread "VM Periodic Task Thread"        [id=133752, stack(0x000000d253600000,0x000000d253700000) (1024K)]
  0x000001e1b19f9d40 WorkerThread "GC Thread#0"                     [id=129468, stack(0x000000d253500000,0x000000d253600000) (1024K)]
  0x000001e20c2c9c10 WorkerThread "GC Thread#1"                     [id=25488, stack(0x000000d254400000,0x000000d254500000) (1024K)]
  0x000001e20c2c9fc0 WorkerThread "GC Thread#2"                     [id=125552, stack(0x000000d254600000,0x000000d254700000) (1024K)]
  0x000001e20c4b1590 WorkerThread "GC Thread#3"                     [id=119244, stack(0x000000d254700000,0x000000d254800000) (1024K)]
  0x000001e20c4b1940 WorkerThread "GC Thread#4"                     [id=23568, stack(0x000000d254800000,0x000000d254900000) (1024K)]
  0x000001e20c2384d0 WorkerThread "GC Thread#5"                     [id=131620, stack(0x000000d254900000,0x000000d254a00000) (1024K)]
  0x000001e20c238c80 WorkerThread "GC Thread#6"                     [id=131716, stack(0x000000d254a00000,0x000000d254b00000) (1024K)]
  0x000001e2112b2700 WorkerThread "GC Thread#7"                     [id=130776, stack(0x000000d254f00000,0x000000d255000000) (1024K)]
  0x000001e2116c62d0 WorkerThread "GC Thread#8"                     [id=118824, stack(0x000000d255300000,0x000000d255400000) (1024K)]
  0x000001e2116c6680 WorkerThread "GC Thread#9"                     [id=134844, stack(0x000000d255400000,0x000000d255500000) (1024K)]
  0x000001e21144e7a0 WorkerThread "GC Thread#10"                    [id=133996, stack(0x000000d255500000,0x000000d255600000) (1024K)]
  0x000001e2119edbe0 WorkerThread "GC Thread#11"                    [id=133712, stack(0x000000d255a00000,0x000000d255b00000) (1024K)]
  0x000001e2119ee6f0 WorkerThread "GC Thread#12"                    [id=124204, stack(0x000000d255b00000,0x000000d255c00000) (1024K)]
Total: 15

Threads with active compile tasks:
Total: 0

VM state: not at safepoint (normal execution)

VM Mutex/Monitor currently owned by a thread: None

Heap address: 0x0000000080000000, size: 2048 MB, Compressed Oops mode: 32-bit

CDS archive(s) mapped at: [0x000001e1c9000000-0x000001e1c9ba0000-0x000001e1c9ba0000), size 12189696, SharedBaseAddress: 0x000001e1c9000000, ArchiveRelocationMode: 1.
Compressed class space mapped at: 0x000001e1ca000000-0x000001e20a000000, reserved size: 1073741824
Narrow klass base: 0x000001e1c9000000, Narrow klass shift: 0, Narrow klass range: 0x100000000

GC Precious Log:
 CardTable entry size: 512
 CPUs: 16 total, 16 available
 Memory: 32719M
 Large Page Support: Disabled
 NUMA Support: Disabled
 Compressed Oops: Enabled (32-bit)
 Alignments: Space 512K, Generation 512K, Heap 2M
 Heap Min Capacity: 100M
 Heap Initial Capacity: 100M
 Heap Max Capacity: 2G
 Pre-touch: Disabled
 Parallel Workers: 13

Heap:
 PSYoungGen      total 18432K, used 10194K [0x00000000d5580000, 0x00000000d7000000, 0x0000000100000000)
  eden space 17920K, 54% used [0x00000000d5580000,0x00000000d5f04ae0,0x00000000d6700000)
  from space 512K, 87% used [0x00000000d6f80000,0x00000000d6ff0000,0x00000000d7000000)
  to   space 512K, 0% used [0x00000000d6f00000,0x00000000d6f00000,0x00000000d6f80000)
 ParOldGen       total 209920K, used 199917K [0x0000000080000000, 0x000000008cd00000, 0x00000000d5580000)
  object space 209920K, 95% used [0x0000000080000000,0x000000008c33b668,0x000000008cd00000)
 Metaspace       used 81020K, committed 82688K, reserved 1179648K
  class space    used 8087K, committed 8832K, reserved 1048576K

Card table byte_map: [0x000001e1b1380000,0x000001e1b1790000] _byte_map_base: 0x000001e1b0f80000

Marking Bits: (ParMarkBitMap*) 0x00007ff8576b3450
 Begin Bits: [0x000001e1c3e90000, 0x000001e1c5e90000)
 End Bits:   [0x000001e1c5e90000, 0x000001e1c7e90000)

Polling page: 0x000001e1afc30000

Metaspace:

Usage:
  Non-class:     71.22 MB used.
      Class:      7.90 MB used.
       Both:     79.12 MB used.

Virtual space:
  Non-class space:      128.00 MB reserved,      72.12 MB ( 56%) committed,  2 nodes.
      Class space:        1.00 GB reserved,       8.62 MB ( <1%) committed,  1 nodes.
             Both:        1.12 GB reserved,      80.75 MB (  7%) committed. 

Chunk freelists:
   Non-Class:  7.78 MB
       Class:  7.26 MB
        Both:  15.05 MB

MaxMetaspaceSize: unlimited
CompressedClassSpaceSize: 1.00 GB
Initial GC threshold: 21.00 MB
Current GC threshold: 118.38 MB
CDS: on
 - commit_granule_bytes: 65536.
 - commit_granule_words: 8192.
 - virtual_space_node_default_size: 8388608.
 - enlarge_chunks_in_place: 1.
 - use_allocation_guard: 0.


Internal statistics:

num_allocs_failed_limit: 11.
num_arena_births: 1578.
num_arena_deaths: 14.
num_vsnodes_births: 3.
num_vsnodes_deaths: 0.
num_space_committed: 1291.
num_space_uncommitted: 0.
num_chunks_returned_to_freelist: 25.
num_chunks_taken_from_freelist: 5681.
num_chunk_merges: 17.
num_chunk_splits: 3379.
num_chunks_enlarged: 1739.
num_inconsistent_stats: 0.

CodeHeap 'non-profiled nmethods': size=119168Kb used=19081Kb max_used=19081Kb free=100087Kb
 bounds [0x000001e1bc780000, 0x000001e1bda30000, 0x000001e1c3be0000]
CodeHeap 'profiled nmethods': size=119104Kb used=48786Kb max_used=48786Kb free=70317Kb
 bounds [0x000001e1b4be0000, 0x000001e1b7b90000, 0x000001e1bc030000]
CodeHeap 'non-nmethods': size=7488Kb used=1496Kb max_used=3272Kb free=5991Kb
 bounds [0x000001e1bc030000, 0x000001e1bc370000, 0x000001e1bc780000]
CodeCache: size=245760Kb, used=69363Kb, max_used=71139Kb, free=176395Kb
 total_blobs=19857, nmethods=19036, adapters=723, full_count=0
Compilation: enabled, stopped_count=0, restarted_count=0

Compilation events (20 events):
Event: 49.204 Thread 0x000001e2153d2d50 21524       3       lombok.eclipse.handlers.HandleToString::generateToStringForType (110 bytes)
Event: 49.205 Thread 0x000001e2153d2d50 nmethod 21524 0x000001e1b7b81310 code [0x000001e1b7b81560, 0x000001e1b7b81c38]
Event: 49.205 Thread 0x000001e2153d2d50 21525   !   3       jdk.proxy9.$Proxy44::staticConstructor (29 bytes)
Event: 49.205 Thread 0x000001e2153d4890 21526       3       lombok.eclipse.handlers.HandleConstructor::generateRequiredArgsConstructor (19 bytes)
Event: 49.205 Thread 0x000001e225604930 21527       3       lombok.eclipse.handlers.HandleConstructor::generateExtraNoArgsConstructor (56 bytes)
Event: 49.205 Thread 0x000001e2153d4890 nmethod 21526 0x000001e1b7b81f10 code [0x000001e1b7b820e0, 0x000001e1b7b82338]
Event: 49.206 Thread 0x000001e2153d2d50 nmethod 21525 0x000001e1b7b82490 code [0x000001e1b7b82660, 0x000001e1b7b82a60]
Event: 49.206 Thread 0x000001e225604930 nmethod 21527 0x000001e1b7b82c10 code [0x000001e1b7b82e20, 0x000001e1b7b83340]
Event: 49.207 Thread 0x000001e2163669a0 21528       4       org.eclipse.jdt.core.Signature::createCharArrayTypeSignature (102 bytes)
Event: 49.208 Thread 0x000001e2153d4890 21529       3       org.eclipse.jface.text.CopyOnWriteTextStore$StringTextStore::<init> (7 bytes)
Event: 49.208 Thread 0x000001e20ab29660 21530       1       org.eclipse.jface.text.AbstractDocument::setTextStore (6 bytes)
Event: 49.208 Thread 0x000001e2153d2d50 21531       1       org.eclipse.jface.text.AbstractDocument::setLineTracker (6 bytes)
Event: 49.208 Thread 0x000001e225604930 21532       3       org.eclipse.jface.text.GapTextStore::gapSize (10 bytes)
Event: 49.208 Thread 0x000001e2153d4890 nmethod 21529 0x000001e1b7b83590 code [0x000001e1b7b83740, 0x000001e1b7b83888]
Event: 49.208 Thread 0x000001e2153d2d50 nmethod 21531 0x000001e1bda21210 code [0x000001e1bda213a0, 0x000001e1bda21480]
Event: 49.208 Thread 0x000001e225604930 nmethod 21532 0x000001e1b7b83910 code [0x000001e1b7b83aa0, 0x000001e1b7b83bb0]
Event: 49.208 Thread 0x000001e20ab29660 nmethod 21530 0x000001e1bda21510 code [0x000001e1bda216a0, 0x000001e1bda21780]
Event: 49.212 Thread 0x000001e2163669a0 nmethod 21528 0x000001e1bda21810 code [0x000001e1bda219e0, 0x000001e1bda21fb0]
Event: 121.884 Thread 0x000001e20ab29660 21533       3       java.util.concurrent.ScheduledThreadPoolExecutor::canRunInCurrentRunState (61 bytes)
Event: 121.885 Thread 0x000001e20ab29660 nmethod 21533 0x000001e1b7b83c90 code [0x000001e1b7b83ea0, 0x000001e1b7b84650]

GC Heap History (20 events):
Event: 48.529 GC heap before
{Heap before GC invocations=525 (full 4):
 PSYoungGen      total 18944K, used 18464K [0x00000000d5580000, 0x00000000d7180000, 0x0000000100000000)
  eden space 17920K, 100% used [0x00000000d5580000,0x00000000d6700000,0x00000000d6700000)
  from space 1024K, 53% used [0x00000000d7080000,0x00000000d7108000,0x00000000d7180000)
  to   space 1024K, 0% used [0x00000000d6f80000,0x00000000d6f80000,0x00000000d7080000)
 ParOldGen       total 209920K, used 197210K [0x0000000080000000, 0x000000008cd00000, 0x00000000d5580000)
  object space 209920K, 93% used [0x0000000080000000,0x000000008c0969f8,0x000000008cd00000)
 Metaspace       used 80915K, committed 82560K, reserved 1179648K
  class space    used 8078K, committed 8832K, reserved 1048576K
}
Event: 48.530 GC heap after
{Heap after GC invocations=525 (full 4):
 PSYoungGen      total 18944K, used 800K [0x00000000d5580000, 0x00000000d7100000, 0x0000000100000000)
  eden space 17920K, 0% used [0x00000000d5580000,0x00000000d5580000,0x00000000d6700000)
  from space 1024K, 78% used [0x00000000d6f80000,0x00000000d7048000,0x00000000d7080000)
  to   space 512K, 0% used [0x00000000d7080000,0x00000000d7080000,0x00000000d7100000)
 ParOldGen       total 209920K, used 197451K [0x0000000080000000, 0x000000008cd00000, 0x00000000d5580000)
  object space 209920K, 94% used [0x0000000080000000,0x000000008c0d2c78,0x000000008cd00000)
 Metaspace       used 80915K, committed 82560K, reserved 1179648K
  class space    used 8078K, committed 8832K, reserved 1048576K
}
Event: 48.593 GC heap before
{Heap before GC invocations=526 (full 4):
 PSYoungGen      total 18944K, used 18720K [0x00000000d5580000, 0x00000000d7100000, 0x0000000100000000)
  eden space 17920K, 100% used [0x00000000d5580000,0x00000000d6700000,0x00000000d6700000)
  from space 1024K, 78% used [0x00000000d6f80000,0x00000000d7048000,0x00000000d7080000)
  to   space 512K, 0% used [0x00000000d7080000,0x00000000d7080000,0x00000000d7100000)
 ParOldGen       total 209920K, used 197451K [0x0000000080000000, 0x000000008cd00000, 0x00000000d5580000)
  object space 209920K, 94% used [0x0000000080000000,0x000000008c0d2c78,0x000000008cd00000)
 Metaspace       used 80918K, committed 82560K, reserved 1179648K
  class space    used 8078K, committed 8832K, reserved 1048576K
}
Event: 48.595 GC heap after
{Heap after GC invocations=526 (full 4):
 PSYoungGen      total 18432K, used 512K [0x00000000d5580000, 0x00000000d7100000, 0x0000000100000000)
  eden space 17920K, 0% used [0x00000000d5580000,0x00000000d5580000,0x00000000d6700000)
  from space 512K, 100% used [0x00000000d7080000,0x00000000d7100000,0x00000000d7100000)
  to   space 1024K, 0% used [0x00000000d6f00000,0x00000000d6f00000,0x00000000d7000000)
 ParOldGen       total 209920K, used 197685K [0x0000000080000000, 0x000000008cd00000, 0x00000000d5580000)
  object space 209920K, 94% used [0x0000000080000000,0x000000008c10d638,0x000000008cd00000)
 Metaspace       used 80918K, committed 82560K, reserved 1179648K
  class space    used 8078K, committed 8832K, reserved 1048576K
}
Event: 48.683 GC heap before
{Heap before GC invocations=527 (full 4):
 PSYoungGen      total 18432K, used 18432K [0x00000000d5580000, 0x00000000d7100000, 0x0000000100000000)
  eden space 17920K, 100% used [0x00000000d5580000,0x00000000d6700000,0x00000000d6700000)
  from space 512K, 100% used [0x00000000d7080000,0x00000000d7100000,0x00000000d7100000)
  to   space 1024K, 0% used [0x00000000d6f00000,0x00000000d6f00000,0x00000000d7000000)
 ParOldGen       total 209920K, used 197685K [0x0000000080000000, 0x000000008cd00000, 0x00000000d5580000)
  object space 209920K, 94% used [0x0000000080000000,0x000000008c10d638,0x000000008cd00000)
 Metaspace       used 80922K, committed 82560K, reserved 1179648K
  class space    used 8078K, committed 8832K, reserved 1048576K
}
Event: 48.684 GC heap after
{Heap after GC invocations=527 (full 4):
 PSYoungGen      total 18944K, used 608K [0x00000000d5580000, 0x00000000d7100000, 0x0000000100000000)
  eden space 17920K, 0% used [0x00000000d5580000,0x00000000d5580000,0x00000000d6700000)
  from space 1024K, 59% used [0x00000000d6f00000,0x00000000d6f98000,0x00000000d7000000)
  to   space 1024K, 0% used [0x00000000d7000000,0x00000000d7000000,0x00000000d7100000)
 ParOldGen       total 209920K, used 197970K [0x0000000080000000, 0x000000008cd00000, 0x00000000d5580000)
  object space 209920K, 94% used [0x0000000080000000,0x000000008c154aa0,0x000000008cd00000)
 Metaspace       used 80922K, committed 82560K, reserved 1179648K
  class space    used 8078K, committed 8832K, reserved 1048576K
}
Event: 48.751 GC heap before
{Heap before GC invocations=528 (full 4):
 PSYoungGen      total 18944K, used 18528K [0x00000000d5580000, 0x00000000d7100000, 0x0000000100000000)
  eden space 17920K, 100% used [0x00000000d5580000,0x00000000d6700000,0x00000000d6700000)
  from space 1024K, 59% used [0x00000000d6f00000,0x00000000d6f98000,0x00000000d7000000)
  to   space 1024K, 0% used [0x00000000d7000000,0x00000000d7000000,0x00000000d7100000)
 ParOldGen       total 209920K, used 197970K [0x0000000080000000, 0x000000008cd00000, 0x00000000d5580000)
  object space 209920K, 94% used [0x0000000080000000,0x000000008c154aa0,0x000000008cd00000)
 Metaspace       used 80925K, committed 82560K, reserved 1179648K
  class space    used 8078K, committed 8832K, reserved 1048576K
}
Event: 48.753 GC heap after
{Heap after GC invocations=528 (full 4):
 PSYoungGen      total 18944K, used 720K [0x00000000d5580000, 0x00000000d7100000, 0x0000000100000000)
  eden space 17920K, 0% used [0x00000000d5580000,0x00000000d5580000,0x00000000d6700000)
  from space 1024K, 70% used [0x00000000d7000000,0x00000000d70b4010,0x00000000d7100000)
  to   space 1024K, 0% used [0x00000000d6f00000,0x00000000d6f00000,0x00000000d7000000)
 ParOldGen       total 209920K, used 198218K [0x0000000080000000, 0x000000008cd00000, 0x00000000d5580000)
  object space 209920K, 94% used [0x0000000080000000,0x000000008c192aa0,0x000000008cd00000)
 Metaspace       used 80925K, committed 82560K, reserved 1179648K
  class space    used 8078K, committed 8832K, reserved 1048576K
}
Event: 48.829 GC heap before
{Heap before GC invocations=529 (full 4):
 PSYoungGen      total 18944K, used 18640K [0x00000000d5580000, 0x00000000d7100000, 0x0000000100000000)
  eden space 17920K, 100% used [0x00000000d5580000,0x00000000d6700000,0x00000000d6700000)
  from space 1024K, 70% used [0x00000000d7000000,0x00000000d70b4010,0x00000000d7100000)
  to   space 1024K, 0% used [0x00000000d6f00000,0x00000000d6f00000,0x00000000d7000000)
 ParOldGen       total 209920K, used 198218K [0x0000000080000000, 0x000000008cd00000, 0x00000000d5580000)
  object space 209920K, 94% used [0x0000000080000000,0x000000008c192aa0,0x000000008cd00000)
 Metaspace       used 80932K, committed 82560K, reserved 1179648K
  class space    used 8079K, committed 8832K, reserved 1048576K
}
Event: 48.831 GC heap after
{Heap after GC invocations=529 (full 4):
 PSYoungGen      total 18944K, used 736K [0x00000000d5580000, 0x00000000d7080000, 0x0000000100000000)
  eden space 17920K, 0% used [0x00000000d5580000,0x00000000d5580000,0x00000000d6700000)
  from space 1024K, 71% used [0x00000000d6f00000,0x00000000d6fb8010,0x00000000d7000000)
  to   space 512K, 0% used [0x00000000d7000000,0x00000000d7000000,0x00000000d7080000)
 ParOldGen       total 209920K, used 198440K [0x0000000080000000, 0x000000008cd00000, 0x00000000d5580000)
  object space 209920K, 94% used [0x0000000080000000,0x000000008c1ca1b8,0x000000008cd00000)
 Metaspace       used 80932K, committed 82560K, reserved 1179648K
  class space    used 8079K, committed 8832K, reserved 1048576K
}
Event: 48.928 GC heap before
{Heap before GC invocations=530 (full 4):
 PSYoungGen      total 18944K, used 18656K [0x00000000d5580000, 0x00000000d7080000, 0x0000000100000000)
  eden space 17920K, 100% used [0x00000000d5580000,0x00000000d6700000,0x00000000d6700000)
  from space 1024K, 71% used [0x00000000d6f00000,0x00000000d6fb8010,0x00000000d7000000)
  to   space 512K, 0% used [0x00000000d7000000,0x00000000d7000000,0x00000000d7080000)
 ParOldGen       total 209920K, used 198440K [0x0000000080000000, 0x000000008cd00000, 0x00000000d5580000)
  object space 209920K, 94% used [0x0000000080000000,0x000000008c1ca1b8,0x000000008cd00000)
 Metaspace       used 80965K, committed 82624K, reserved 1179648K
  class space    used 8083K, committed 8832K, reserved 1048576K
}
Event: 48.930 GC heap after
{Heap after GC invocations=530 (full 4):
 PSYoungGen      total 18432K, used 512K [0x00000000d5580000, 0x00000000d7080000, 0x0000000100000000)
  eden space 17920K, 0% used [0x00000000d5580000,0x00000000d5580000,0x00000000d6700000)
  from space 512K, 100% used [0x00000000d7000000,0x00000000d7080000,0x00000000d7080000)
  to   space 1024K, 0% used [0x00000000d6e80000,0x00000000d6e80000,0x00000000d6f80000)
 ParOldGen       total 209920K, used 198872K [0x0000000080000000, 0x000000008cd00000, 0x00000000d5580000)
  object space 209920K, 94% used [0x0000000080000000,0x000000008c2361c8,0x000000008cd00000)
 Metaspace       used 80965K, committed 82624K, reserved 1179648K
  class space    used 8083K, committed 8832K, reserved 1048576K
}
Event: 49.013 GC heap before
{Heap before GC invocations=531 (full 4):
 PSYoungGen      total 18432K, used 18432K [0x00000000d5580000, 0x00000000d7080000, 0x0000000100000000)
  eden space 17920K, 100% used [0x00000000d5580000,0x00000000d6700000,0x00000000d6700000)
  from space 512K, 100% used [0x00000000d7000000,0x00000000d7080000,0x00000000d7080000)
  to   space 1024K, 0% used [0x00000000d6e80000,0x00000000d6e80000,0x00000000d6f80000)
 ParOldGen       total 209920K, used 198872K [0x0000000080000000, 0x000000008cd00000, 0x00000000d5580000)
  object space 209920K, 94% used [0x0000000080000000,0x000000008c2361c8,0x000000008cd00000)
 Metaspace       used 80978K, committed 82624K, reserved 1179648K
  class space    used 8085K, committed 8832K, reserved 1048576K
}
Event: 49.014 GC heap after
{Heap after GC invocations=531 (full 4):
 PSYoungGen      total 18944K, used 544K [0x00000000d5580000, 0x00000000d7080000, 0x0000000100000000)
  eden space 17920K, 0% used [0x00000000d5580000,0x00000000d5580000,0x00000000d6700000)
  from space 1024K, 53% used [0x00000000d6e80000,0x00000000d6f08000,0x00000000d6f80000)
  to   space 1024K, 0% used [0x00000000d6f80000,0x00000000d6f80000,0x00000000d7080000)
 ParOldGen       total 209920K, used 199145K [0x0000000080000000, 0x000000008cd00000, 0x00000000d5580000)
  object space 209920K, 94% used [0x0000000080000000,0x000000008c27a4c0,0x000000008cd00000)
 Metaspace       used 80978K, committed 82624K, reserved 1179648K
  class space    used 8085K, committed 8832K, reserved 1048576K
}
Event: 49.085 GC heap before
{Heap before GC invocations=532 (full 4):
 PSYoungGen      total 18944K, used 18464K [0x00000000d5580000, 0x00000000d7080000, 0x0000000100000000)
  eden space 17920K, 100% used [0x00000000d5580000,0x00000000d6700000,0x00000000d6700000)
  from space 1024K, 53% used [0x00000000d6e80000,0x00000000d6f08000,0x00000000d6f80000)
  to   space 1024K, 0% used [0x00000000d6f80000,0x00000000d6f80000,0x00000000d7080000)
 ParOldGen       total 209920K, used 199145K [0x0000000080000000, 0x000000008cd00000, 0x00000000d5580000)
  object space 209920K, 94% used [0x0000000080000000,0x000000008c27a4c0,0x000000008cd00000)
 Metaspace       used 80982K, committed 82624K, reserved 1179648K
  class space    used 8085K, committed 8832K, reserved 1048576K
}
Event: 49.087 GC heap after
{Heap after GC invocations=532 (full 4):
 PSYoungGen      total 18944K, used 544K [0x00000000d5580000, 0x00000000d7080000, 0x0000000100000000)
  eden space 17920K, 0% used [0x00000000d5580000,0x00000000d5580000,0x00000000d6700000)
  from space 1024K, 53% used [0x00000000d6f80000,0x00000000d7008000,0x00000000d7080000)
  to   space 1024K, 0% used [0x00000000d6e80000,0x00000000d6e80000,0x00000000d6f80000)
 ParOldGen       total 209920K, used 199421K [0x0000000080000000, 0x000000008cd00000, 0x00000000d5580000)
  object space 209920K, 94% used [0x0000000080000000,0x000000008c2bf668,0x000000008cd00000)
 Metaspace       used 80982K, committed 82624K, reserved 1179648K
  class space    used 8085K, committed 8832K, reserved 1048576K
}
Event: 49.137 GC heap before
{Heap before GC invocations=533 (full 4):
 PSYoungGen      total 18944K, used 18464K [0x00000000d5580000, 0x00000000d7080000, 0x0000000100000000)
  eden space 17920K, 100% used [0x00000000d5580000,0x00000000d6700000,0x00000000d6700000)
  from space 1024K, 53% used [0x00000000d6f80000,0x00000000d7008000,0x00000000d7080000)
  to   space 1024K, 0% used [0x00000000d6e80000,0x00000000d6e80000,0x00000000d6f80000)
 ParOldGen       total 209920K, used 199421K [0x0000000080000000, 0x000000008cd00000, 0x00000000d5580000)
  object space 209920K, 94% used [0x0000000080000000,0x000000008c2bf668,0x000000008cd00000)
 Metaspace       used 80983K, committed 82624K, reserved 1179648K
  class space    used 8085K, committed 8832K, reserved 1048576K
}
Event: 49.138 GC heap after
{Heap after GC invocations=533 (full 4):
 PSYoungGen      total 18944K, used 416K [0x00000000d5580000, 0x00000000d7000000, 0x0000000100000000)
  eden space 17920K, 0% used [0x00000000d5580000,0x00000000d5580000,0x00000000d6700000)
  from space 1024K, 40% used [0x00000000d6e80000,0x00000000d6ee8000,0x00000000d6f80000)
  to   space 512K, 0% used [0x00000000d6f80000,0x00000000d6f80000,0x00000000d7000000)
 ParOldGen       total 209920K, used 199693K [0x0000000080000000, 0x000000008cd00000, 0x00000000d5580000)
  object space 209920K, 95% used [0x0000000080000000,0x000000008c303668,0x000000008cd00000)
 Metaspace       used 80983K, committed 82624K, reserved 1179648K
  class space    used 8085K, committed 8832K, reserved 1048576K
}
Event: 49.188 GC heap before
{Heap before GC invocations=534 (full 4):
 PSYoungGen      total 18944K, used 18336K [0x00000000d5580000, 0x00000000d7000000, 0x0000000100000000)
  eden space 17920K, 100% used [0x00000000d5580000,0x00000000d6700000,0x00000000d6700000)
  from space 1024K, 40% used [0x00000000d6e80000,0x00000000d6ee8000,0x00000000d6f80000)
  to   space 512K, 0% used [0x00000000d6f80000,0x00000000d6f80000,0x00000000d7000000)
 ParOldGen       total 209920K, used 199693K [0x0000000080000000, 0x000000008cd00000, 0x00000000d5580000)
  object space 209920K, 95% used [0x0000000080000000,0x000000008c303668,0x000000008cd00000)
 Metaspace       used 80997K, committed 82688K, reserved 1179648K
  class space    used 8085K, committed 8832K, reserved 1048576K
}
Event: 49.189 GC heap after
{Heap after GC invocations=534 (full 4):
 PSYoungGen      total 18432K, used 448K [0x00000000d5580000, 0x00000000d7000000, 0x0000000100000000)
  eden space 17920K, 0% used [0x00000000d5580000,0x00000000d5580000,0x00000000d6700000)
  from space 512K, 87% used [0x00000000d6f80000,0x00000000d6ff0000,0x00000000d7000000)
  to   space 512K, 0% used [0x00000000d6f00000,0x00000000d6f00000,0x00000000d6f80000)
 ParOldGen       total 209920K, used 199917K [0x0000000080000000, 0x000000008cd00000, 0x00000000d5580000)
  object space 209920K, 95% used [0x0000000080000000,0x000000008c33b668,0x000000008cd00000)
 Metaspace       used 80997K, committed 82688K, reserved 1179648K
  class space    used 8085K, committed 8832K, reserved 1048576K
}

Dll operation events (10 events):
Event: 0.014 Loaded shared library c:\Users\davi4\.windsurf\extensions\redhat.java-1.53.0-win32-x64\jre\21.0.10-win32-x86_64\bin\java.dll
Event: 0.078 Loaded shared library c:\Users\davi4\.windsurf\extensions\redhat.java-1.53.0-win32-x64\jre\21.0.10-win32-x86_64\bin\zip.dll
Event: 0.099 Loaded shared library C:\Users\davi4\.windsurf\extensions\redhat.java-1.53.0-win32-x64\jre\21.0.10-win32-x86_64\bin\instrument.dll
Event: 0.106 Loaded shared library C:\Users\davi4\.windsurf\extensions\redhat.java-1.53.0-win32-x64\jre\21.0.10-win32-x86_64\bin\net.dll
Event: 0.110 Loaded shared library C:\Users\davi4\.windsurf\extensions\redhat.java-1.53.0-win32-x64\jre\21.0.10-win32-x86_64\bin\nio.dll
Event: 0.115 Loaded shared library C:\Users\davi4\.windsurf\extensions\redhat.java-1.53.0-win32-x64\jre\21.0.10-win32-x86_64\bin\zip.dll
Event: 0.134 Loaded shared library C:\Users\davi4\.windsurf\extensions\redhat.java-1.53.0-win32-x64\jre\21.0.10-win32-x86_64\bin\jimage.dll
Event: 0.224 Loaded shared library c:\Users\davi4\.windsurf\extensions\redhat.java-1.53.0-win32-x64\jre\21.0.10-win32-x86_64\bin\verify.dll
Event: 1.872 Loaded shared library C:\Users\davi4\AppData\Roaming\Windsurf\User\globalStorage\redhat.java\1.53.0\config_win\org.eclipse.equinox.launcher\org.eclipse.equinox.launcher.win32.win32.x86_64_1.3.0.v20260203-2149\eclipse_11919.dll
Event: 3.780 Loaded shared library C:\Users\davi4\AppData\Local\Temp\jna-95358532\jna14695080728493233239.dll

Deoptimization events (20 events):
Event: 48.439 Thread 0x000001e212829490 Uncommon trap: trap_request=0xffffffbe fr.pc=0x000001e1bd9b02a8 relative=0x0000000000000108
Event: 48.439 Thread 0x000001e212829490 Uncommon trap: reason=profile_predicate action=maybe_recompile pc=0x000001e1bd9b02a8 method=org.eclipse.jdt.core.compiler.CharOperation.splitAndTrimOn(C[C)[[C @ 175 c2
Event: 48.439 Thread 0x000001e212829490 DEOPT PACKING pc=0x000001e1bd9b02a8 sp=0x000000d254bfe8c0
Event: 48.439 Thread 0x000001e212829490 DEOPT UNPACKING pc=0x000001e1bc083aa2 sp=0x000000d254bfe828 mode 2
Event: 48.439 Thread 0x000001e212829490 Uncommon trap: trap_request=0xffffffbe fr.pc=0x000001e1bd9b02a8 relative=0x0000000000000108
Event: 48.439 Thread 0x000001e212829490 Uncommon trap: reason=profile_predicate action=maybe_recompile pc=0x000001e1bd9b02a8 method=org.eclipse.jdt.core.compiler.CharOperation.splitAndTrimOn(C[C)[[C @ 175 c2
Event: 48.439 Thread 0x000001e212829490 DEOPT PACKING pc=0x000001e1bd9b02a8 sp=0x000000d254bfe8c0
Event: 48.439 Thread 0x000001e212829490 DEOPT UNPACKING pc=0x000001e1bc083aa2 sp=0x000000d254bfe828 mode 2
Event: 48.439 Thread 0x000001e212829490 Uncommon trap: trap_request=0xffffffbe fr.pc=0x000001e1bd9b02a8 relative=0x0000000000000108
Event: 48.439 Thread 0x000001e212829490 Uncommon trap: reason=profile_predicate action=maybe_recompile pc=0x000001e1bd9b02a8 method=org.eclipse.jdt.core.compiler.CharOperation.splitAndTrimOn(C[C)[[C @ 175 c2
Event: 48.439 Thread 0x000001e212829490 DEOPT PACKING pc=0x000001e1bd9b02a8 sp=0x000000d254bfe850
Event: 48.439 Thread 0x000001e212829490 DEOPT UNPACKING pc=0x000001e1bc083aa2 sp=0x000000d254bfe7b8 mode 2
Event: 48.439 Thread 0x000001e212829490 Uncommon trap: trap_request=0xffffffbe fr.pc=0x000001e1bd9b02a8 relative=0x0000000000000108
Event: 48.439 Thread 0x000001e212829490 Uncommon trap: reason=profile_predicate action=maybe_recompile pc=0x000001e1bd9b02a8 method=org.eclipse.jdt.core.compiler.CharOperation.splitAndTrimOn(C[C)[[C @ 175 c2
Event: 48.439 Thread 0x000001e212829490 DEOPT PACKING pc=0x000001e1bd9b02a8 sp=0x000000d254bfe850
Event: 48.439 Thread 0x000001e212829490 DEOPT UNPACKING pc=0x000001e1bc083aa2 sp=0x000000d254bfe7b8 mode 2
Event: 49.023 Thread 0x000001e212829490 Uncommon trap: trap_request=0xffffffde fr.pc=0x000001e1bd96e720 relative=0x0000000000000be0
Event: 49.023 Thread 0x000001e212829490 Uncommon trap: reason=class_check action=maybe_recompile pc=0x000001e1bd96e720 method=org.eclipse.jdt.internal.compiler.parser.Parser.consumeRule(I)V @ 7797 c2
Event: 49.023 Thread 0x000001e212829490 DEOPT PACKING pc=0x000001e1bd96e720 sp=0x000000d254bfe800
Event: 49.023 Thread 0x000001e212829490 DEOPT UNPACKING pc=0x000001e1bc083aa2 sp=0x000000d254bfe788 mode 2

Classes loaded (20 events):
Event: 44.117 Loading class java/io/SequenceInputStream
Event: 44.117 Loading class java/io/SequenceInputStream done
Event: 44.197 Loading class java/util/concurrent/CompletableFuture$UniApply
Event: 44.198 Loading class java/util/concurrent/CompletableFuture$UniCompletion
Event: 44.198 Loading class java/util/concurrent/CompletableFuture$UniCompletion done
Event: 44.198 Loading class java/util/concurrent/CompletableFuture$UniApply done
Event: 44.198 Loading class java/util/concurrent/CompletableFuture$UniAccept
Event: 44.198 Loading class java/util/concurrent/CompletableFuture$UniAccept done
Event: 44.198 Loading class java/util/concurrent/CompletableFuture$UniExceptionally
Event: 44.198 Loading class java/util/concurrent/CompletableFuture$UniExceptionally done
Event: 44.252 Loading class java/lang/UnsupportedClassVersionError
Event: 44.252 Loading class java/lang/UnsupportedClassVersionError done
Event: 44.372 Loading class jdk/internal/module/IllegalAccessLogger
Event: 44.372 Loading class jdk/internal/module/IllegalAccessLogger done
Event: 44.408 Loading class java/util/Hashtable$KeySet
Event: 44.408 Loading class java/util/Hashtable$KeySet done
Event: 44.725 Loading class java/lang/invoke/MethodHandleImpl$CountingWrapper$1
Event: 44.725 Loading class java/lang/invoke/MethodHandleImpl$CountingWrapper$1 done
Event: 47.299 Loading class jdk/internal/ref/CleanerImpl$InnocuousThreadFactory
Event: 47.299 Loading class jdk/internal/ref/CleanerImpl$InnocuousThreadFactory done

Classes unloaded (7 events):
Event: 4.284 Thread 0x000001e1c84713b0 Unloading class 0x000001e1ca1aac00 'java/lang/invoke/LambdaForm$MH+0x000001e1ca1aac00'
Event: 4.284 Thread 0x000001e1c84713b0 Unloading class 0x000001e1ca1aa800 'java/lang/invoke/LambdaForm$MH+0x000001e1ca1aa800'
Event: 4.284 Thread 0x000001e1c84713b0 Unloading class 0x000001e1ca1aa400 'java/lang/invoke/LambdaForm$MH+0x000001e1ca1aa400'
Event: 4.284 Thread 0x000001e1c84713b0 Unloading class 0x000001e1ca1aa000 'java/lang/invoke/LambdaForm$MH+0x000001e1ca1aa000'
Event: 4.284 Thread 0x000001e1c84713b0 Unloading class 0x000001e1ca1a9c00 'java/lang/invoke/LambdaForm$BMH+0x000001e1ca1a9c00'
Event: 4.284 Thread 0x000001e1c84713b0 Unloading class 0x000001e1ca1a9800 'java/lang/invoke/LambdaForm$DMH+0x000001e1ca1a9800'
Event: 4.284 Thread 0x000001e1c84713b0 Unloading class 0x000001e1ca1a8400 'java/lang/invoke/LambdaForm$DMH+0x000001e1ca1a8400'

Classes redefined (0 events):
No events

Internal exceptions (20 events):
Event: 46.662 Thread 0x000001e2117b2820 Implicit null exception at 0x000001e1bcf6dbf0 to 0x000001e1bcf6e36c
Event: 46.663 Thread 0x000001e221813ce0 Implicit null exception at 0x000001e1bd592930 to 0x000001e1bd594224
Event: 46.663 Thread 0x000001e221814370 Implicit null exception at 0x000001e1bd592930 to 0x000001e1bd594224
Event: 46.836 Thread 0x000001e221814370 Exception <a 'java/lang/LinkageError'{0x00000000d558f008}: loader lombok.launch.ShadowClassLoader @11561490 attempted duplicate class definition for lombok.eclipse.agent.PatchDiagnostics. (lombok.eclipse.agent.PatchDiagnostics is in unnamed module of loader lombok.launch.ShadowClassLoader @11561490, parent loader org.eclipse.osgi.internal.loader.EquinoxClassLoader @23b6a0f9)> (0x00000000d558f008) 
thrown [s\src\hotspot\share\classfile\systemDictionary.cpp, line 1672]
Event: 46.837 Thread 0x000001e221813ce0 Exception <a 'java/lang/LinkageError'{0x00000000d55bb4c8}: loader lombok.launch.ShadowClassLoader @11561490 attempted duplicate class definition for lombok.eclipse.agent.PatchDiagnostics. (lombok.eclipse.agent.PatchDiagnostics is in unnamed module of loader lombok.launch.ShadowClassLoader @11561490, parent loader org.eclipse.osgi.internal.loader.EquinoxClassLoader @23b6a0f9)> (0x00000000d55bb4c8) 
thrown [s\src\hotspot\share\classfile\systemDictionary.cpp, line 1672]
Event: 46.855 Thread 0x000001e221813ce0 Exception <a 'java/lang/LinkageError'{0x00000000d5d06940}: loader lombok.launch.ShadowClassLoader @11561490 attempted duplicate class definition for lombok.eclipse.EcjAugments. (lombok.eclipse.EcjAugments is in unnamed module of loader lombok.launch.ShadowClassLoader @11561490, parent loader org.eclipse.osgi.internal.loader.EquinoxClassLoader @23b6a0f9)> (0x00000000d5d06940) 
thrown [s\src\hotspot\share\classfile\systemDictionary.cpp, line 1672]
Event: 46.855 Thread 0x000001e221813650 Exception <a 'java/lang/LinkageError'{0x00000000d5d1d648}: loader lombok.launch.ShadowClassLoader @11561490 attempted duplicate class definition for lombok.eclipse.EcjAugments. (lombok.eclipse.EcjAugments is in unnamed module of loader lombok.launch.ShadowClassLoader @11561490, parent loader org.eclipse.osgi.internal.loader.EquinoxClassLoader @23b6a0f9)> (0x00000000d5d1d648) 
thrown [s\src\hotspot\share\classfile\systemDictionary.cpp, line 1672]
Event: 46.873 Thread 0x000001e221813ce0 Exception <a 'java/lang/LinkageError'{0x00000000d5f227c0}: loader lombok.launch.ShadowClassLoader @11561490 attempted duplicate class definition for lombok.launch.PatchFixesHider$PatchFixes. (lombok.launch.PatchFixesHider$PatchFixes is in unnamed module of loader lombok.launch.ShadowClassLoader @11561490, parent loader org.eclipse.osgi.internal.loader.EquinoxClassLoader @23b6a0f9)> (0x00000000d5f227c0) 
thrown [s\src\hotspot\share\classfile\systemDictionary.cpp, line 1672]
Event: 46.874 Thread 0x000001e221814370 Exception <a 'java/lang/LinkageError'{0x00000000d5ee4c98}: loader lombok.launch.ShadowClassLoader @11561490 attempted duplicate class definition for lombok.launch.PatchFixesHider$PatchFixes. (lombok.launch.PatchFixesHider$PatchFixes is in unnamed module of loader lombok.launch.ShadowClassLoader @11561490, parent loader org.eclipse.osgi.internal.loader.EquinoxClassLoader @23b6a0f9)> (0x00000000d5ee4c98) 
thrown [s\src\hotspot\share\classfile\systemDictionary.cpp, line 1672]
Event: 46.898 Thread 0x000001e21282c910 Exception <a 'java/lang/NoSuchMethodError'{0x00000000d620d8e8}: 'int java.lang.invoke.DirectMethodHandle$Holder.invokeStatic(java.lang.Object, java.lang.Object, java.lang.Object, java.lang.Object, java.lang.Object, java.lang.Object)'> (0x00000000d620d8e8) 
thrown [s\src\hotspot\share\interpreter\linkResolver.cpp, line 773]
Event: 46.928 Thread 0x000001e221813ce0 Exception <a 'java/lang/LinkageError'{0x00000000d63922c8}: loader lombok.launch.ShadowClassLoader @11561490 attempted duplicate class definition for lombok.launch.PatchFixesHider$ValPortal. (lombok.launch.PatchFixesHider$ValPortal is in unnamed module of loader lombok.launch.ShadowClassLoader @11561490, parent loader org.eclipse.osgi.internal.loader.EquinoxClassLoader @23b6a0f9)> (0x00000000d63922c8) 
thrown [s\src\hotspot\share\classfile\systemDictionary.cpp, line 1672]
Event: 46.928 Thread 0x000001e221814370 Exception <a 'java/lang/LinkageError'{0x00000000d63e8448}: loader lombok.launch.ShadowClassLoader @11561490 attempted duplicate class definition for lombok.launch.PatchFixesHider$ValPortal. (lombok.launch.PatchFixesHider$ValPortal is in unnamed module of loader lombok.launch.ShadowClassLoader @11561490, parent loader org.eclipse.osgi.internal.loader.EquinoxClassLoader @23b6a0f9)> (0x00000000d63e8448) 
thrown [s\src\hotspot\share\classfile\systemDictionary.cpp, line 1672]
Event: 46.933 Thread 0x000001e212829490 Exception <a 'sun/nio/fs/WindowsException'{0x00000000d648c678}> (0x00000000d648c678) 
thrown [s\src\hotspot\share\prims\jni.cpp, line 520]
Event: 46.934 Thread 0x000001e212829490 Exception <a 'sun/nio/fs/WindowsException'{0x00000000d64a2e38}> (0x00000000d64a2e38) 
thrown [s\src\hotspot\share\prims\jni.cpp, line 520]
Event: 46.934 Thread 0x000001e212829490 Exception <a 'sun/nio/fs/WindowsException'{0x00000000d64a8ad0}> (0x00000000d64a8ad0) 
thrown [s\src\hotspot\share\prims\jni.cpp, line 520]
Event: 46.934 Thread 0x000001e212829490 Exception <a 'sun/nio/fs/WindowsException'{0x00000000d64dda90}> (0x00000000d64dda90) 
thrown [s\src\hotspot\share\prims\jni.cpp, line 520]
Event: 46.937 Thread 0x000001e212829490 Exception <a 'sun/nio/fs/WindowsException'{0x00000000d65a3480}> (0x00000000d65a3480) 
thrown [s\src\hotspot\share\prims\jni.cpp, line 520]
Event: 46.937 Thread 0x000001e212829490 Exception <a 'sun/nio/fs/WindowsException'{0x00000000d65a3d90}> (0x00000000d65a3d90) 
thrown [s\src\hotspot\share\prims\jni.cpp, line 520]
Event: 46.947 Thread 0x000001e212829490 Exception <a 'sun/nio/fs/WindowsException'{0x00000000d6640348}> (0x00000000d6640348) 
thrown [s\src\hotspot\share\prims\jni.cpp, line 520]
Event: 46.948 Thread 0x000001e212829490 Exception <a 'sun/nio/fs/WindowsException'{0x00000000d66448c0}> (0x00000000d66448c0) 
thrown [s\src\hotspot\share\prims\jni.cpp, line 520]

ZGC Phase Switch (0 events):
No events

VM Operations (20 events):
Event: 49.013 Executing safepoint VM operation: ParallelGCFailedAllocation (Allocation Failure)
Event: 49.014 Executing safepoint VM operation: ParallelGCFailedAllocation (Allocation Failure) done
Event: 49.085 Executing safepoint VM operation: ParallelGCFailedAllocation (Allocation Failure)
Event: 49.087 Executing safepoint VM operation: ParallelGCFailedAllocation (Allocation Failure) done
Event: 49.137 Executing safepoint VM operation: ParallelGCFailedAllocation (Allocation Failure)
Event: 49.138 Executing safepoint VM operation: ParallelGCFailedAllocation (Allocation Failure) done
Event: 49.187 Executing safepoint VM operation: ParallelGCFailedAllocation (Allocation Failure)
Event: 49.189 Executing safepoint VM operation: ParallelGCFailedAllocation (Allocation Failure) done
Event: 50.193 Executing safepoint VM operation: Cleanup
Event: 50.193 Executing safepoint VM operation: Cleanup done
Event: 60.132 Executing non-safepoint VM operation: HandshakeAllThreads (HandshakeForDeflation)
Event: 60.132 Executing non-safepoint VM operation: HandshakeAllThreads (HandshakeForDeflation) done
Event: 60.132 Executing non-safepoint VM operation: RendezvousGCThreads
Event: 60.132 Executing non-safepoint VM operation: RendezvousGCThreads done
Event: 104.495 Executing safepoint VM operation: Cleanup
Event: 104.495 Executing safepoint VM operation: Cleanup done
Event: 120.238 Executing non-safepoint VM operation: HandshakeAllThreads (HandshakeForDeflation)
Event: 120.239 Executing non-safepoint VM operation: HandshakeAllThreads (HandshakeForDeflation) done
Event: 120.239 Executing non-safepoint VM operation: RendezvousGCThreads
Event: 120.239 Executing non-safepoint VM operation: RendezvousGCThreads done

Memory protections (0 events):
No events

Nmethod flushes (20 events):
Event: 41.544 Thread 0x000001e1c84713b0 flushing  nmethod 0x000001e1b62c3f10
Event: 41.544 Thread 0x000001e1c84713b0 flushing  nmethod 0x000001e1b62c4310
Event: 41.544 Thread 0x000001e1c84713b0 flushing  nmethod 0x000001e1b62c4c90
Event: 41.544 Thread 0x000001e1c84713b0 flushing  nmethod 0x000001e1b62c5890
Event: 41.544 Thread 0x000001e1c84713b0 flushing  nmethod 0x000001e1b62ca410
Event: 41.544 Thread 0x000001e1c84713b0 flushing  nmethod 0x000001e1b62cba10
Event: 41.544 Thread 0x000001e1c84713b0 flushing  nmethod 0x000001e1b62d0710
Event: 41.544 Thread 0x000001e1c84713b0 flushing  nmethod 0x000001e1b62ecf90
Event: 41.544 Thread 0x000001e1c84713b0 flushing  nmethod 0x000001e1b62ed310
Event: 41.544 Thread 0x000001e1c84713b0 flushing  nmethod 0x000001e1b630fe10
Event: 41.544 Thread 0x000001e1c84713b0 flushing  nmethod 0x000001e1b634b690
Event: 41.544 Thread 0x000001e1c84713b0 flushing  nmethod 0x000001e1b6392c90
Event: 41.544 Thread 0x000001e1c84713b0 flushing  nmethod 0x000001e1b63a1d90
Event: 41.544 Thread 0x000001e1c84713b0 flushing  nmethod 0x000001e1b63a2e10
Event: 41.544 Thread 0x000001e1c84713b0 flushing  nmethod 0x000001e1b63a3c90
Event: 41.544 Thread 0x000001e1c84713b0 flushing  nmethod 0x000001e1b63d0990
Event: 41.544 Thread 0x000001e1c84713b0 flushing  nmethod 0x000001e1b63d1890
Event: 41.544 Thread 0x000001e1c84713b0 flushing  nmethod 0x000001e1b63d2310
Event: 41.544 Thread 0x000001e1c84713b0 flushing  nmethod 0x000001e1b63d2a10
Event: 41.544 Thread 0x000001e1c84713b0 flushing  nmethod 0x000001e1b63d6990

Events (20 events):
Event: 46.935 Thread 0x000001e21f899210 Thread added: 0x000001e21f895d90
Event: 46.936 Thread 0x000001e21f8984f0 Thread added: 0x000001e21f897e60
Event: 46.936 Thread 0x000001e21f895d90 Thread added: 0x000001e21f8998a0
Event: 47.300 Thread 0x000001e221814370 Thread added: 0x000001e21f896ab0
Event: 48.142 Thread 0x000001e214c3e050 Thread exited: 0x000001e214c3e050
Event: 48.142 Thread 0x000001e21409eff0 Thread exited: 0x000001e21409eff0
Event: 48.473 Thread 0x000001e20ab29660 Thread added: 0x000001e2163669a0
Event: 54.222 Thread 0x000001e225604930 Thread exited: 0x000001e225604930
Event: 54.222 Thread 0x000001e2163669a0 Thread exited: 0x000001e2163669a0
Event: 54.222 Thread 0x000001e21149e7a0 Thread exited: 0x000001e21149e7a0
Event: 54.222 Thread 0x000001e2153d2d50 Thread exited: 0x000001e2153d2d50
Event: 59.233 Thread 0x000001e2153d4890 Thread exited: 0x000001e2153d4890
Event: 99.533 Thread 0x000001e214df7400 Thread exited: 0x000001e214df7400
Event: 104.388 Thread 0x000001e2165ad8f0 Thread exited: 0x000001e2165ad8f0
Event: 106.909 Thread 0x000001e21282c910 Thread exited: 0x000001e21282c910
Event: 106.940 Thread 0x000001e214df3f80 Thread exited: 0x000001e214df3f80
Event: 107.091 Thread 0x000001e21282b560 Thread exited: 0x000001e21282b560
Event: 107.520 Thread 0x000001e2117b2820 Thread exited: 0x000001e2117b2820
Event: 107.520 Thread 0x000001e2117b1b00 Thread exited: 0x000001e2117b1b00
Event: 107.581 Thread 0x000001e221814370 Thread exited: 0x000001e221814370


Dynamic libraries:
0x00007ff748dc0000 - 0x00007ff748dce000 	c:\Users\davi4\.windsurf\extensions\redhat.java-1.53.0-win32-x64\jre\21.0.10-win32-x86_64\bin\java.exe
0x00007ff95f320000 - 0x00007ff95f588000 	C:\WINDOWS\SYSTEM32\ntdll.dll
0x00007ff95d0c0000 - 0x00007ff95d189000 	C:\WINDOWS\System32\KERNEL32.DLL
0x00007ff95c8b0000 - 0x00007ff95cca1000 	C:\WINDOWS\System32\KERNELBASE.dll
0x00007ff92fc20000 - 0x00007ff92fc3e000 	c:\Users\davi4\.windsurf\extensions\redhat.java-1.53.0-win32-x64\jre\21.0.10-win32-x86_64\bin\VCRUNTIME140.dll
0x00007ff8fe670000 - 0x00007ff8fe688000 	c:\Users\davi4\.windsurf\extensions\redhat.java-1.53.0-win32-x64\jre\21.0.10-win32-x86_64\bin\jli.dll
0x00007ff95ad00000 - 0x00007ff95af93000 	C:\WINDOWS\WinSxS\amd64_microsoft.windows.common-controls_6595b64144ccf1df_6.0.26100.7824_none_3e0870b2e3345462\COMCTL32.dll
0x00007ff95eee0000 - 0x00007ff95ef89000 	C:\WINDOWS\System32\msvcrt.dll
0x00007ff95f110000 - 0x00007ff95f2d6000 	C:\WINDOWS\System32\USER32.dll
0x00007ff95c760000 - 0x00007ff95c8ab000 	C:\WINDOWS\System32\ucrtbase.dll
0x00007ff95e9c0000 - 0x00007ff95e9eb000 	C:\WINDOWS\System32\GDI32.dll
0x00007ff95bc00000 - 0x00007ff95bc27000 	C:\WINDOWS\System32\win32u.dll
0x00007ff95cd70000 - 0x00007ff95ce9b000 	C:\WINDOWS\System32\gdi32full.dll
0x00007ff95c6b0000 - 0x00007ff95c753000 	C:\WINDOWS\System32\msvcp_win.dll
0x00007ff95d200000 - 0x00007ff95d231000 	C:\WINDOWS\System32\IMM32.DLL
0x00007ff955a60000 - 0x00007ff955a6c000 	c:\Users\davi4\.windsurf\extensions\redhat.java-1.53.0-win32-x64\jre\21.0.10-win32-x86_64\bin\vcruntime140_1.dll
0x00007ff873df0000 - 0x00007ff873e7d000 	c:\Users\davi4\.windsurf\extensions\redhat.java-1.53.0-win32-x64\jre\21.0.10-win32-x86_64\bin\msvcp140.dll
0x00007ff8569f0000 - 0x00007ff857791000 	c:\Users\davi4\.windsurf\extensions\redhat.java-1.53.0-win32-x64\jre\21.0.10-win32-x86_64\bin\server\jvm.dll
0x00007ff95d700000 - 0x00007ff95d7b4000 	C:\WINDOWS\System32\ADVAPI32.dll
0x00007ff95e7f0000 - 0x00007ff95e896000 	C:\WINDOWS\System32\sechost.dll
0x00007ff95d560000 - 0x00007ff95d678000 	C:\WINDOWS\System32\RPCRT4.dll
0x00007ff95d680000 - 0x00007ff95d6f4000 	C:\WINDOWS\System32\WS2_32.dll
0x00007ff95ba60000 - 0x00007ff95babe000 	C:\WINDOWS\SYSTEM32\POWRPROF.dll
0x00007ff9538e0000 - 0x00007ff9538eb000 	C:\WINDOWS\SYSTEM32\VERSION.dll
0x00007ff94c900000 - 0x00007ff94c935000 	C:\WINDOWS\SYSTEM32\WINMM.dll
0x00007ff95b990000 - 0x00007ff95b9a4000 	C:\WINDOWS\SYSTEM32\UMPDC.dll
0x00007ff95a030000 - 0x00007ff95a04b000 	C:\WINDOWS\SYSTEM32\kernel.appcore.dll
0x00007ff953380000 - 0x00007ff95338a000 	c:\Users\davi4\.windsurf\extensions\redhat.java-1.53.0-win32-x64\jre\21.0.10-win32-x86_64\bin\jimage.dll
0x00007ff95b3b0000 - 0x00007ff95b5f2000 	C:\WINDOWS\SYSTEM32\DBGHELP.DLL
0x00007ff95eaf0000 - 0x00007ff95ee76000 	C:\WINDOWS\System32\combase.dll
0x00007ff95d2c0000 - 0x00007ff95d397000 	C:\WINDOWS\System32\OLEAUT32.dll
0x00007ff95b2a0000 - 0x00007ff95b2db000 	C:\WINDOWS\SYSTEM32\dbgcore.DLL
0x00007ff95d010000 - 0x00007ff95d0b5000 	C:\WINDOWS\System32\bcryptPrimitives.dll
0x00007ff931510000 - 0x00007ff93151f000 	c:\Users\davi4\.windsurf\extensions\redhat.java-1.53.0-win32-x64\jre\21.0.10-win32-x86_64\bin\instrument.dll
0x00007ff8f9dd0000 - 0x00007ff8f9df0000 	c:\Users\davi4\.windsurf\extensions\redhat.java-1.53.0-win32-x64\jre\21.0.10-win32-x86_64\bin\java.dll
0x00007ff95d960000 - 0x00007ff95e0b2000 	C:\WINDOWS\System32\SHELL32.dll
0x00007ff95cea0000 - 0x00007ff95d00a000 	C:\WINDOWS\System32\wintypes.dll
0x00007ff95bdb0000 - 0x00007ff95c613000 	C:\WINDOWS\System32\windows.storage.dll
0x00007ff95ef90000 - 0x00007ff95f086000 	C:\WINDOWS\System32\SHCORE.dll
0x00007ff95d240000 - 0x00007ff95d2a7000 	C:\WINDOWS\System32\shlwapi.dll
0x00007ff95bb20000 - 0x00007ff95bb49000 	C:\WINDOWS\SYSTEM32\profapi.dll
0x00007ff8d4dc0000 - 0x00007ff8d4dd8000 	c:\Users\davi4\.windsurf\extensions\redhat.java-1.53.0-win32-x64\jre\21.0.10-win32-x86_64\bin\zip.dll
0x00007ff92fff0000 - 0x00007ff930000000 	C:\Users\davi4\.windsurf\extensions\redhat.java-1.53.0-win32-x64\jre\21.0.10-win32-x86_64\bin\net.dll
0x00007ff954e90000 - 0x00007ff954fb7000 	C:\WINDOWS\SYSTEM32\WINHTTP.dll
0x00007ff95a540000 - 0x00007ff95a5ab000 	C:\WINDOWS\system32\mswsock.dll
0x00007ff8bc9d0000 - 0x00007ff8bc9e6000 	C:\Users\davi4\.windsurf\extensions\redhat.java-1.53.0-win32-x64\jre\21.0.10-win32-x86_64\bin\nio.dll
0x00007ff92fbc0000 - 0x00007ff92fbd0000 	c:\Users\davi4\.windsurf\extensions\redhat.java-1.53.0-win32-x64\jre\21.0.10-win32-x86_64\bin\verify.dll
0x00007ff8c8e10000 - 0x00007ff8c8e55000 	C:\Users\davi4\AppData\Roaming\Windsurf\User\globalStorage\redhat.java\1.53.0\config_win\org.eclipse.equinox.launcher\org.eclipse.equinox.launcher.win32.win32.x86_64_1.3.0.v20260203-2149\eclipse_11919.dll
0x00007ff95d7c0000 - 0x00007ff95d957000 	C:\WINDOWS\System32\ole32.dll
0x00007ff95b720000 - 0x00007ff95b73b000 	C:\WINDOWS\SYSTEM32\CRYPTSP.dll
0x00007ff95a930000 - 0x00007ff95a969000 	C:\WINDOWS\system32\rsaenh.dll
0x00007ff95a5b0000 - 0x00007ff95a5db000 	C:\WINDOWS\SYSTEM32\USERENV.dll
0x00007ff95baf0000 - 0x00007ff95bb1a000 	C:\WINDOWS\SYSTEM32\bcrypt.dll
0x00007ff95a920000 - 0x00007ff95a92c000 	C:\WINDOWS\SYSTEM32\CRYPTBASE.dll
0x00007ff959a60000 - 0x00007ff959a94000 	C:\WINDOWS\SYSTEM32\IPHLPAPI.DLL
0x00007ff95d2b0000 - 0x00007ff95d2ba000 	C:\WINDOWS\System32\NSI.dll
0x00007ff92a8d0000 - 0x00007ff92a919000 	C:\Users\davi4\AppData\Local\Temp\jna-95358532\jna14695080728493233239.dll
0x00007ff95d550000 - 0x00007ff95d558000 	C:\WINDOWS\System32\PSAPI.DLL
0x00007ff953ee0000 - 0x00007ff953efe000 	C:\WINDOWS\SYSTEM32\dhcpcsvc6.DLL
0x00007ff953d00000 - 0x00007ff953d23000 	C:\WINDOWS\SYSTEM32\dhcpcsvc.DLL

JVMTI agents:
c:\Users\davi4\.windsurf\extensions\redhat.java-1.53.0-win32-x64\lombok\lombok-1.18.39-4050.jar path:c:\Users\davi4\.windsurf\extensions\redhat.java-1.53.0-win32-x64\jre\21.0.10-win32-x86_64\bin\instrument.dll, loaded, initialized, instrumentlib options:none

dbghelp: loaded successfully - version: 4.0.5 - missing functions: none
symbol engine: initialized successfully - sym options: 0x614 - pdb path: .;c:\Users\davi4\.windsurf\extensions\redhat.java-1.53.0-win32-x64\jre\21.0.10-win32-x86_64\bin;C:\WINDOWS\SYSTEM32;C:\WINDOWS\WinSxS\amd64_microsoft.windows.common-controls_6595b64144ccf1df_6.0.26100.7824_none_3e0870b2e3345462;c:\Users\davi4\.windsurf\extensions\redhat.java-1.53.0-win32-x64\jre\21.0.10-win32-x86_64\bin\server;C:\Users\davi4\AppData\Roaming\Windsurf\User\globalStorage\redhat.java\1.53.0\config_win\org.eclipse.equinox.launcher\org.eclipse.equinox.launcher.win32.win32.x86_64_1.3.0.v20260203-2149;C:\Users\davi4\AppData\Local\Temp\jna-95358532

VM Arguments:
jvm_args: --add-modules=ALL-SYSTEM --add-opens=java.base/java.util=ALL-UNNAMED --add-opens=java.base/java.lang=ALL-UNNAMED --add-opens=java.base/sun.nio.fs=ALL-UNNAMED -Declipse.application=org.eclipse.jdt.ls.core.id1 -Dosgi.bundles.defaultStartLevel=4 -Declipse.product=org.eclipse.jdt.ls.core.product -Djava.import.generatesMetadataFilesAtProjectRoot=false -DDetectVMInstallationsJob.disabled=true -Dfile.encoding=utf8 -XX:+UseParallelGC -XX:GCTimeRatio=4 -XX:AdaptiveSizePolicyWeight=90 -Dsun.zip.disableMemoryMapping=true -Xmx2G -Xms100m -Xlog:disable -javaagent:c:\Users\davi4\.windsurf\extensions\redhat.java-1.53.0-win32-x64\lombok\lombok-1.18.39-4050.jar -XX:+HeapDumpOnOutOfMemoryError -XX:HeapDumpPath=c:\Users\davi4\AppData\Roaming\Windsurf\User\workspaceStorage\480e1d6f9199f74cf5298c7c52811d38\redhat.java -Daether.dependencyCollector.impl=bf 
java_command: c:\Users\davi4\.windsurf\extensions\redhat.java-1.53.0-win32-x64\server\plugins\org.eclipse.equinox.launcher_1.7.100.v20251111-0406.jar -configuration c:\Users\davi4\AppData\Roaming\Windsurf\User\globalStorage\redhat.java\1.53.0\config_win -data c:\Users\davi4\AppData\Roaming\Windsurf\User\workspaceStorage\480e1d6f9199f74cf5298c7c52811d38\redhat.java\jdt_ws --pipe=\\.\pipe\lsp-6b2fccfccb3180741223fd842a48f68d-sock
java_class_path (initial): c:\Users\davi4\.windsurf\extensions\redhat.java-1.53.0-win32-x64\server\plugins\org.eclipse.equinox.launcher_1.7.100.v20251111-0406.jar
Launcher Type: SUN_STANDARD

[Global flags]
    uintx AdaptiveSizePolicyWeight                 = 90                                        {product} {command line}
     intx CICompilerCount                          = 12                                        {product} {ergonomic}
    uintx GCTimeRatio                              = 4                                         {product} {command line}
     bool HeapDumpOnOutOfMemoryError               = true                                   {manageable} {command line}
    ccstr HeapDumpPath                             = c:\Users\davi4\AppData\Roaming\Windsurf\User\workspaceStorage\480e1d6f9199f74cf5298c7c52811d38\redhat.java         {manageable} {command line}
   size_t InitialHeapSize                          = 104857600                                 {product} {command line}
   size_t MaxHeapSize                              = 2147483648                                {product} {command line}
   size_t MaxNewSize                               = 715653120                                 {product} {ergonomic}
   size_t MinHeapDeltaBytes                        = 524288                                    {product} {ergonomic}
   size_t MinHeapSize                              = 104857600                                 {product} {command line}
   size_t NewSize                                  = 34603008                                  {product} {ergonomic}
    uintx NonNMethodCodeHeapSize                   = 7602480                                {pd product} {ergonomic}
    uintx NonProfiledCodeHeapSize                  = 122027880                              {pd product} {ergonomic}
   size_t OldSize                                  = 70254592                                  {product} {ergonomic}
    uintx ProfiledCodeHeapSize                     = 122027880                              {pd product} {ergonomic}
    uintx ReservedCodeCacheSize                    = 251658240                              {pd product} {ergonomic}
     bool SegmentedCodeCache                       = true                                      {product} {ergonomic}
   size_t SoftMaxHeapSize                          = 2147483648                             {manageable} {ergonomic}
     bool UseCompressedOops                        = true                           {product lp64_product} {ergonomic}
     bool UseLargePagesIndividualAllocation        = false                                  {pd product} {ergonomic}
     bool UseParallelGC                            = true                                      {product} {command line}

Logging:
Log output configuration:
 #0: stdout all=off uptime,level,tags foldmultilines=false
 #1: stderr all=off uptime,level,tags foldmultilines=false

Release file:
JAVA_VERSION="21.0.10" 
MODULES="java.base java.compiler java.datatransfer java.xml java.prefs java.desktop java.instrument java.logging java.management java.security.sasl java.naming java.rmi java.management.rmi java.net.http java.scripting java.security.jgss java.transaction.xa java.sql java.sql.rowset java.xml.crypto java.se java.smartcardio jdk.accessibility jdk.internal.jvmstat jdk.attach jdk.charsets jdk.internal.opt jdk.zipfs jdk.compiler jdk.crypto.ec jdk.crypto.cryptoki jdk.crypto.mscapi jdk.dynalink jdk.internal.ed jdk.editpad jdk.hotspot.agent jdk.httpserver jdk.internal.le jdk.internal.vm.ci jdk.internal.vm.compiler jdk.internal.vm.compiler.management jdk.jartool jdk.javadoc jdk.jcmd jdk.management jdk.management.agent jdk.jconsole jdk.jdeps jdk.jdwp.agent jdk.jdi jdk.jfr jdk.jshell jdk.jsobject jdk.jstatd jdk.localedata jdk.management.jfr jdk.naming.dns jdk.naming.rmi jdk.net jdk.nio.mapmode jdk.random jdk.sctp jdk.security.auth jdk.security.jgss jdk.unsupported jdk.unsupported.desktop jdk.xml.dom" 

Environment Variables:
JAVA_HOME=C:\Program Files\Amazon Corretto\jdk21.0.8_9
PATH=C:\Program Files\Amazon Corretto\jdk21.0.8_9\bin;C:\Program Files\Common Files\Oracle\Java\javapath;C:\Program Files (x86)\Common Files\Oracle\Java\javapath;C:\app\davi4\product\18.0.0\dbhomeXE\bin;C:\WINDOWS\system32;C:\WINDOWS;C:\WINDOWS\System32\Wbem;C:\WINDOWS\System32\WindowsPowerShell\v1.0\;C:\WINDOWS\System32\OpenSSH\;C:\Program Files (x86)\NVIDIA Corporation\PhysX\Common;C:\Program Files\Git\cmd;;C:\Program Files\Docker\Docker\resources\bin;C:\composer;C:\AppServ\php7;C:\Program Files\Java\jdk1.8.0_111\bin;C:\Program Files\nodejs\;C:\Program Files\NVIDIA Corporation\NVIDIA app\NvDLISR;C:\Users\davi4\.console-ninja\.bin;C:\Users\davi4\AppData\Local\Microsoft\WindowsApps;C:\Users\davi4\AppData\Roaming\nvm;C:\Program Files\nodejs;C:\Users\davi4\AppData\Local\Programs\Microsoft VS Code\bin;C:\Users\davi4\AppData\Local\GitHubDesktop\bin;C:\Program Files\JetBrains\IntelliJ IDEA Community Edition 2025.2.2\bin;C:\Users\davi4\AppData\Roaming\Composer\vendor\bin;C:\AppServ\Apache24\bin;C:\AppServ\php7;C:\AppServ\MySQL\bin;C:\Program Files\Java\jdk-17;C:\flutter\bin;C:\Users\davi4\AppData\Roaming\npm;C:\Users\davi4\AppData\Local\Microsoft\WindowsApps;C:\Users\davi4\AppData\Local\Programs\cursor\resources\app\bin;C:\Users\davi4\AppData\Local\Programs\Windsurf\bin
USERNAME=davi4
OS=Windows_NT
PROCESSOR_IDENTIFIER=AMD64 Family 23 Model 113 Stepping 0, AuthenticAMD
TMP=C:\Users\davi4\AppData\Local\Temp
TEMP=C:\Users\davi4\AppData\Local\Temp




Periodic native trim disabled

---------------  S Y S T E M  ---------------

OS:
 Windows 11 , 64 bit Build 26100 (10.0.26100.7705)
OS uptime: 0 days 3:33 hours
Hyper-V role detected

CPU: total 16 (initial active 16) (16 cores per cpu, 2 threads per core) family 23 model 113 stepping 0 microcode 0x8701013, cx8, cmov, fxsr, ht, mmx, 3dnowpref, sse, sse2, sse3, ssse3, sse4a, sse4.1, sse4.2, popcnt, lzcnt, tsc, tscinvbit, avx, avx2, aes, clmul, bmi1, bmi2, adx, sha, fma, vzeroupper, clflush, clflushopt, hv, rdtscp, rdpid, f16c
Processor Information for the first 16 processors :
  Max Mhz: 3593, Current Mhz: 3593, Mhz Limit: 3593

Memory: 4k page, system-wide physical 32719M (1407M free)
TotalPageFile size 89772M (AvailPageFile size 2M)
current process WorkingSet (physical memory assigned to process): 507M, peak: 598M
current process commit charge ("private bytes"): 587M, peak: 673M

vm_info: OpenJDK 64-Bit Server VM (21.0.10+7-LTS) for windows-amd64 JRE (21.0.10+7-LTS), built on 2026-01-20T00:00:00Z by "admin" with MS VC++ 17.12 (VS2022)

END.
