#
# There is insufficient memory for the Java Runtime Environment to continue.
# Native memory allocation (malloc) failed to allocate 1052656 bytes. Error detail: Chunk::new
# Possible reasons:
#   The system is out of physical RAM or swap space
#   This process is running with CompressedOops enabled, and the Java Heap may be blocking the growth of the native heap
# Possible solutions:
#   Reduce memory load on the system
#   Increase physical memory or swap space
#   Check if swap backing store is full
#   Decrease Java heap size (-Xmx/-Xms)
#   Decrease number of Java threads
#   Decrease Java thread stack sizes (-Xss)
#   Set larger code cache with -XX:ReservedCodeCacheSize=
#   JVM is running with Unscaled Compressed Oops mode in which the Java heap is
#     placed in the first 4GB address space. The Java Heap base address is the
#     maximum limit for the native heap growth. Please use -XX:HeapBaseMinAddress
#     to set the Java Heap base and to place the Java Heap above 4GB virtual address.
# This output file may be truncated or incomplete.
#
#  Out of Memory Error (arena.cpp:168), pid=127864, tid=111280
#
# JRE version: OpenJDK Runtime Environment Temurin-21.0.10+7 (21.0.10+7) (build 21.0.10+7-LTS)
# Java VM: OpenJDK 64-Bit Server VM Temurin-21.0.10+7 (21.0.10+7-LTS, mixed mode, sharing, tiered, compressed oops, compressed class ptrs, parallel gc, windows-amd64)
# No core dump will be written. Minidumps are not enabled by default on client versions of Windows
#

---------------  S U M M A R Y ------------

Command Line: --add-modules=ALL-SYSTEM --add-opens=java.base/java.util=ALL-UNNAMED --add-opens=java.base/java.lang=ALL-UNNAMED --add-opens=java.base/sun.nio.fs=ALL-UNNAMED -Declipse.application=org.eclipse.jdt.ls.core.id1 -Dosgi.bundles.defaultStartLevel=4 -Declipse.product=org.eclipse.jdt.ls.core.product -Djava.import.generatesMetadataFilesAtProjectRoot=false -DDetectVMInstallationsJob.disabled=true -Dfile.encoding=utf8 -XX:+UseParallelGC -XX:GCTimeRatio=4 -XX:AdaptiveSizePolicyWeight=90 -Dsun.zip.disableMemoryMapping=true -Xmx2G -Xms100m -Xlog:disable -javaagent:c:\Users\davi4\.windsurf\extensions\redhat.java-1.53.0-win32-x64\lombok\lombok-1.18.39-4050.jar -XX:+HeapDumpOnOutOfMemoryError -XX:HeapDumpPath=c:\Users\davi4\AppData\Roaming\Windsurf\User\workspaceStorage\480e1d6f9199f74cf5298c7c52811d38\redhat.java -Daether.dependencyCollector.impl=bf c:\Users\davi4\.windsurf\extensions\redhat.java-1.53.0-win32-x64\server\plugins\org.eclipse.equinox.launcher_1.7.100.v20251111-0406.jar -configuration c:\Users\davi4\AppData\Roaming\Windsurf\User\globalStorage\redhat.java\1.53.0\config_win -data c:\Users\davi4\AppData\Roaming\Windsurf\User\workspaceStorage\480e1d6f9199f74cf5298c7c52811d38\redhat.java\jdt_ws --pipe=\\.\pipe\lsp-c1814f181ca2d0d1432c0884c62eb577-sock

Host: AMD Ryzen 7 3700X 8-Core Processor             , 16 cores, 31G,  Windows 11 , 64 bit Build 26100 (10.0.26100.7705)
Time: Mon Mar  2 22:27:53 2026 SA Pacific Standard Time elapsed time: 20.885033 seconds (0d 0h 0m 20s)

---------------  T H R E A D  ---------------

Current thread (0x000001d06c9c3f40):  JavaThread "C2 CompilerThread2" daemon [_thread_in_native, id=111280, stack(0x00000097a3f00000,0x00000097a4000000) (1024K)]


Current CompileTask:
C2:20885 12006       4       org.eclipse.jdt.internal.compiler.lookup.BinaryTypeBinding::createMethod (1666 bytes)

Stack: [0x00000097a3f00000,0x00000097a4000000]
Native frames: (J=compiled Java code, j=interpreted, Vv=VM code, C=native code)
V  [jvm.dll+0x6d7a39]
V  [jvm.dll+0x8b4b26]
V  [jvm.dll+0x8b70de]
V  [jvm.dll+0x8b77c3]
V  [jvm.dll+0x284346]
V  [jvm.dll+0xc66ed]
V  [jvm.dll+0xc6c31]
V  [jvm.dll+0x2fb29e]
V  [jvm.dll+0x5fe884]
V  [jvm.dll+0x255b17]
V  [jvm.dll+0x255edd]
V  [jvm.dll+0x24e500]
V  [jvm.dll+0x24ba42]
V  [jvm.dll+0x1cb34e]
V  [jvm.dll+0x25b85d]
V  [jvm.dll+0x259dea]
V  [jvm.dll+0x3f857e]
V  [jvm.dll+0x85f59d]
V  [jvm.dll+0x6d626d]
C  [ucrtbase.dll+0x37b0]
C  [KERNEL32.DLL+0x2e8d7]
C  [ntdll.dll+0x8c40c]


---------------  P R O C E S S  ---------------

Threads class SMR info:
_java_thread_list=0x000001d07d2f97b0, length=93, elements={
0x000001d00a4dd790, 0x000001d020f8dca0, 0x000001d0635b6680, 0x000001d0635bbc70,
0x000001d0635bd6e0, 0x000001d0635be140, 0x000001d0635beba0, 0x000001d0635bf9e0,
0x000001d0635c2540, 0x000001d063717bf0, 0x000001d063847fb0, 0x000001d069046450,
0x000001d069823fa0, 0x000001d06980f800, 0x000001d069788230, 0x000001d06978d610,
0x000001d06a1feae0, 0x000001d069a4a220, 0x000001d06a0f7730, 0x000001d06a0f6380,
0x000001d06a0f5660, 0x000001d06a0f4fd0, 0x000001d06a0f6a10, 0x000001d06baa33e0,
0x000001d06baa26c0, 0x000001d06baa2d50, 0x000001d06baa3a70, 0x000001d06baa4100,
0x000001d06baa4790, 0x000001d06baa4e20, 0x000001d06baa2030, 0x000001d06baa19a0,
0x000001d06baa5b40, 0x000001d06baa61d0, 0x000001d06baa82a0, 0x000001d06baa6860,
0x000001d06baa6ef0, 0x000001d06baa7580, 0x000001d06baa7c10, 0x000001d06baa8930,
0x000001d06baa54b0, 0x000001d06baa8fc0, 0x000001d06c4eddf0, 0x000001d06c4f0550,
0x000001d06c4efec0, 0x000001d06c4eeb10, 0x000001d06c4ee480, 0x000001d06c4f0be0,
0x000001d06c4f2620, 0x000001d06c4f1900, 0x000001d06c4f1270, 0x000001d06c4ef1a0,
0x000001d06c4f5410, 0x000001d06c4f46f0, 0x000001d06c4f39d0, 0x000001d06c4f1f90,
0x000001d06c4f3340, 0x000001d06c4f2cb0, 0x000001d06c4f4060, 0x000001d06c4f4d80,
0x000001d06bb6f8c0, 0x000001d06bb6ff50, 0x000001d06bb6eba0, 0x000001d06bb6f230,
0x000001d06bb705e0, 0x000001d06bb70c70, 0x000001d06bb71990, 0x000001d06bb6e510,
0x000001d06bb740f0, 0x000001d06bb733d0, 0x000001d06bb72020, 0x000001d06bb754a0,
0x000001d06bb726b0, 0x000001d06bb73a60, 0x000001d06bb74e10, 0x000001d06bb74780,
0x000001d06bb72d40, 0x000001d06b9cb9c0, 0x000001d06b9caca0, 0x000001d06b9cd400,
0x000001d06b9ccd70, 0x000001d06b9cc6e0, 0x000001d06b9cda90, 0x000001d06b9ce120,
0x000001d06b9ce7b0, 0x000001d06b9cb330, 0x000001d06b9d1c30, 0x000001d06b9d22c0,
0x000001d06b9d0f10, 0x000001d06b9d01f0, 0x000001d06b9cf4d0, 0x000001d06b9cfb60,
0x000001d06c9c3f40
}

Java Threads: ( => current thread )
  0x000001d00a4dd790 JavaThread "main"                              [_thread_blocked, id=134452, stack(0x00000097a3200000,0x00000097a3300000) (1024K)]
  0x000001d020f8dca0 JavaThread "Reference Handler"          daemon [_thread_blocked, id=134616, stack(0x00000097a3600000,0x00000097a3700000) (1024K)]
  0x000001d0635b6680 JavaThread "Finalizer"                  daemon [_thread_blocked, id=64748, stack(0x00000097a3700000,0x00000097a3800000) (1024K)]
  0x000001d0635bbc70 JavaThread "Signal Dispatcher"          daemon [_thread_blocked, id=132592, stack(0x00000097a3800000,0x00000097a3900000) (1024K)]
  0x000001d0635bd6e0 JavaThread "Attach Listener"            daemon [_thread_blocked, id=135276, stack(0x00000097a3900000,0x00000097a3a00000) (1024K)]
  0x000001d0635be140 JavaThread "Service Thread"             daemon [_thread_blocked, id=134104, stack(0x00000097a3a00000,0x00000097a3b00000) (1024K)]
  0x000001d0635beba0 JavaThread "Monitor Deflation Thread"   daemon [_thread_blocked, id=129012, stack(0x00000097a3b00000,0x00000097a3c00000) (1024K)]
  0x000001d0635bf9e0 JavaThread "C2 CompilerThread0"         daemon [_thread_in_native, id=133292, stack(0x00000097a3c00000,0x00000097a3d00000) (1024K)]
  0x000001d0635c2540 JavaThread "C1 CompilerThread0"         daemon [_thread_blocked, id=129468, stack(0x00000097a3d00000,0x00000097a3e00000) (1024K)]
  0x000001d063717bf0 JavaThread "C2 CompilerThread1"         daemon [_thread_in_native, id=78140, stack(0x00000097a4000000,0x00000097a4100000) (1024K)]
  0x000001d063847fb0 JavaThread "Common-Cleaner"             daemon [_thread_blocked, id=131716, stack(0x00000097a4100000,0x00000097a4200000) (1024K)]
  0x000001d069046450 JavaThread "Notification Thread"        daemon [_thread_blocked, id=130776, stack(0x00000097a4300000,0x00000097a4400000) (1024K)]
  0x000001d069823fa0 JavaThread "Active Thread: Equinox Container: 287b3be7-3239-4429-830d-4f990a008465"        [_thread_blocked, id=132348, stack(0x00000097a4c00000,0x00000097a4d00000) (1024K)]
  0x000001d06980f800 JavaThread "Refresh Thread: Equinox Container: 287b3be7-3239-4429-830d-4f990a008465" daemon [_thread_blocked, id=133524, stack(0x00000097a4e00000,0x00000097a4f00000) (1024K)]
  0x000001d069788230 JavaThread "Framework Event Dispatcher: Equinox Container: 287b3be7-3239-4429-830d-4f990a008465" daemon [_thread_blocked, id=133752, stack(0x00000097a4f00000,0x00000097a5000000) (1024K)]
  0x000001d06978d610 JavaThread "Start Level: Equinox Container: 287b3be7-3239-4429-830d-4f990a008465" daemon [_thread_blocked, id=128516, stack(0x00000097a5000000,0x00000097a5100000) (1024K)]
  0x000001d06a1feae0 JavaThread "Bundle File Closer"         daemon [_thread_blocked, id=131236, stack(0x00000097a5300000,0x00000097a5400000) (1024K)]
  0x000001d069a4a220 JavaThread "SCR Component Actor"        daemon [_thread_blocked, id=127844, stack(0x00000097a4400000,0x00000097a4500000) (1024K)]
  0x000001d06a0f7730 JavaThread "Worker-JM"                         [_thread_blocked, id=131804, stack(0x00000097a5500000,0x00000097a5600000) (1024K)]
  0x000001d06a0f6380 JavaThread "JNA Cleaner"                daemon [_thread_blocked, id=130868, stack(0x00000097a5800000,0x00000097a5900000) (1024K)]
  0x000001d06a0f5660 JavaThread "Worker-0: Building"                [_thread_in_vm, id=129284, stack(0x00000097a5900000,0x00000097a5a00000) (1024K)]
  0x000001d06a0f4fd0 JavaThread "Worker-1"                          [_thread_blocked, id=132476, stack(0x00000097a5a00000,0x00000097a5b00000) (1024K)]
  0x000001d06a0f6a10 JavaThread "Worker-2"                          [_thread_blocked, id=109436, stack(0x00000097a5b00000,0x00000097a5c00000) (1024K)]
  0x000001d06baa33e0 JavaThread "Java indexing"              daemon [_thread_blocked, id=124576, stack(0x00000097a5d00000,0x00000097a5e00000) (1024K)]
  0x000001d06baa26c0 JavaThread "Worker-3"                          [_thread_blocked, id=132596, stack(0x00000097a6100000,0x00000097a6200000) (1024K)]
  0x000001d06baa2d50 JavaThread "Worker-4"                          [_thread_blocked, id=136184, stack(0x00000097a6200000,0x00000097a6300000) (1024K)]
  0x000001d06baa3a70 JavaThread "Worker-5"                          [_thread_blocked, id=136188, stack(0x00000097a6300000,0x00000097a6400000) (1024K)]
  0x000001d06baa4100 JavaThread "Thread-1"                   daemon [_thread_in_native, id=135204, stack(0x00000097a6400000,0x00000097a6500000) (1024K)]
  0x000001d06baa4790 JavaThread "Thread-2"                   daemon [_thread_in_native, id=134756, stack(0x00000097a6500000,0x00000097a6600000) (1024K)]
  0x000001d06baa4e20 JavaThread "Thread-3"                   daemon [_thread_in_native, id=135920, stack(0x00000097a6600000,0x00000097a6700000) (1024K)]
  0x000001d06baa2030 JavaThread "Thread-4"                   daemon [_thread_in_native, id=133560, stack(0x00000097a6700000,0x00000097a6800000) (1024K)]
  0x000001d06baa19a0 JavaThread "Thread-5"                   daemon [_thread_in_native, id=48976, stack(0x00000097a6800000,0x00000097a6900000) (1024K)]
  0x000001d06baa5b40 JavaThread "Thread-6"                   daemon [_thread_in_native, id=135912, stack(0x00000097a6900000,0x00000097a6a00000) (1024K)]
  0x000001d06baa61d0 JavaThread "Thread-7"                   daemon [_thread_in_native, id=131636, stack(0x00000097a6a00000,0x00000097a6b00000) (1024K)]
  0x000001d06baa82a0 JavaThread "Thread-8"                   daemon [_thread_in_native, id=132968, stack(0x00000097a6b00000,0x00000097a6c00000) (1024K)]
  0x000001d06baa6860 JavaThread "Thread-9"                   daemon [_thread_in_native, id=126636, stack(0x00000097a6c00000,0x00000097a6d00000) (1024K)]
  0x000001d06baa6ef0 JavaThread "Thread-10"                  daemon [_thread_in_native, id=131596, stack(0x00000097a6d00000,0x00000097a6e00000) (1024K)]
  0x000001d06baa7580 JavaThread "Thread-11"                  daemon [_thread_in_native, id=134188, stack(0x00000097a6e00000,0x00000097a6f00000) (1024K)]
  0x000001d06baa7c10 JavaThread "Thread-12"                  daemon [_thread_in_native, id=108492, stack(0x00000097a6f00000,0x00000097a7000000) (1024K)]
  0x000001d06baa8930 JavaThread "Thread-13"                  daemon [_thread_in_native, id=135876, stack(0x00000097a7000000,0x00000097a7100000) (1024K)]
  0x000001d06baa54b0 JavaThread "Thread-14"                  daemon [_thread_in_native, id=119708, stack(0x00000097a7100000,0x00000097a7200000) (1024K)]
  0x000001d06baa8fc0 JavaThread "Thread-15"                  daemon [_thread_in_native, id=133100, stack(0x00000097a7200000,0x00000097a7300000) (1024K)]
  0x000001d06c4eddf0 JavaThread "Thread-16"                  daemon [_thread_in_native, id=129432, stack(0x00000097a7300000,0x00000097a7400000) (1024K)]
  0x000001d06c4f0550 JavaThread "Thread-17"                  daemon [_thread_in_native, id=135208, stack(0x00000097a7400000,0x00000097a7500000) (1024K)]
  0x000001d06c4efec0 JavaThread "pool-2-thread-1"                   [_thread_blocked, id=112044, stack(0x00000097a7600000,0x00000097a7700000) (1024K)]
  0x000001d06c4eeb10 JavaThread "ForkJoinPool.commonPool-worker-1" daemon [_thread_blocked, id=133572, stack(0x00000097a7700000,0x00000097a7800000) (1024K)]
  0x000001d06c4ee480 JavaThread "ForkJoinPool.commonPool-worker-2" daemon [_thread_blocked, id=135356, stack(0x00000097a7800000,0x00000097a7900000) (1024K)]
  0x000001d06c4f0be0 JavaThread "ForkJoinPool.commonPool-worker-3" daemon [_thread_blocked, id=135468, stack(0x00000097a7900000,0x00000097a7a00000) (1024K)]
  0x000001d06c4f2620 JavaThread "ForkJoinPool.commonPool-worker-4" daemon [_thread_blocked, id=135476, stack(0x00000097a7a00000,0x00000097a7b00000) (1024K)]
  0x000001d06c4f1900 JavaThread "ForkJoinPool.commonPool-worker-5" daemon [_thread_blocked, id=135440, stack(0x00000097a7b00000,0x00000097a7c00000) (1024K)]
  0x000001d06c4f1270 JavaThread "WorkspaceEventsHandler"            [_thread_blocked, id=135504, stack(0x00000097a7c00000,0x00000097a7d00000) (1024K)]
  0x000001d06c4ef1a0 JavaThread "pool-1-thread-1"                   [_thread_blocked, id=135464, stack(0x00000097a7d00000,0x00000097a7e00000) (1024K)]
  0x000001d06c4f5410 JavaThread "ForkJoinPool.commonPool-worker-6" daemon [_thread_blocked, id=135420, stack(0x00000097a7e00000,0x00000097a7f00000) (1024K)]
  0x000001d06c4f46f0 JavaThread "ForkJoinPool.commonPool-worker-7" daemon [_thread_blocked, id=135416, stack(0x00000097a7f00000,0x00000097a8000000) (1024K)]
  0x000001d06c4f39d0 JavaThread "ForkJoinPool.commonPool-worker-9" daemon [_thread_blocked, id=133004, stack(0x00000097a8000000,0x00000097a8100000) (1024K)]
  0x000001d06c4f1f90 JavaThread "ForkJoinPool.commonPool-worker-8" daemon [_thread_blocked, id=135172, stack(0x00000097a8100000,0x00000097a8200000) (1024K)]
  0x000001d06c4f3340 JavaThread "ForkJoinPool.commonPool-worker-10" daemon [_thread_blocked, id=134620, stack(0x00000097a8200000,0x00000097a8300000) (1024K)]
  0x000001d06c4f2cb0 JavaThread "ForkJoinPool.commonPool-worker-11" daemon [_thread_blocked, id=128556, stack(0x00000097a8300000,0x00000097a8400000) (1024K)]
  0x000001d06c4f4060 JavaThread "ForkJoinPool.commonPool-worker-12" daemon [_thread_blocked, id=73044, stack(0x00000097a8400000,0x00000097a8500000) (1024K)]
  0x000001d06c4f4d80 JavaThread "ForkJoinPool.commonPool-worker-13" daemon [_thread_blocked, id=46192, stack(0x00000097a8500000,0x00000097a8600000) (1024K)]
  0x000001d06bb6f8c0 JavaThread "ForkJoinPool.commonPool-worker-14" daemon [_thread_blocked, id=134964, stack(0x00000097a8600000,0x00000097a8700000) (1024K)]
  0x000001d06bb6ff50 JavaThread "ForkJoinPool.commonPool-worker-15" daemon [_thread_blocked, id=136160, stack(0x00000097a8700000,0x00000097a8800000) (1024K)]
  0x000001d06bb6eba0 JavaThread "LocalFile Deleter"          daemon [_thread_blocked, id=131368, stack(0x00000097a8800000,0x00000097a8900000) (1024K)]
  0x000001d06bb6f230 JavaThread "LocalFile Deleter"          daemon [_thread_blocked, id=132720, stack(0x00000097a8900000,0x00000097a8a00000) (1024K)]
  0x000001d06bb705e0 JavaThread "LocalFile Deleter"          daemon [_thread_blocked, id=132876, stack(0x00000097a8a00000,0x00000097a8b00000) (1024K)]
  0x000001d06bb70c70 JavaThread "LocalFile Deleter"          daemon [_thread_blocked, id=132852, stack(0x00000097a8b00000,0x00000097a8c00000) (1024K)]
  0x000001d06bb71990 JavaThread "LocalFile Deleter"          daemon [_thread_blocked, id=132832, stack(0x00000097a8c00000,0x00000097a8d00000) (1024K)]
  0x000001d06bb6e510 JavaThread "LocalFile Deleter"          daemon [_thread_blocked, id=132888, stack(0x00000097a8d00000,0x00000097a8e00000) (1024K)]
  0x000001d06bb740f0 JavaThread "LocalFile Deleter"          daemon [_thread_blocked, id=132880, stack(0x00000097a8e00000,0x00000097a8f00000) (1024K)]
  0x000001d06bb733d0 JavaThread "LocalFile Deleter"          daemon [_thread_blocked, id=132884, stack(0x00000097a8f00000,0x00000097a9000000) (1024K)]
  0x000001d06bb72020 JavaThread "LocalFile Deleter"          daemon [_thread_blocked, id=132856, stack(0x00000097a9000000,0x00000097a9100000) (1024K)]
  0x000001d06bb754a0 JavaThread "LocalFile Deleter"          daemon [_thread_blocked, id=133620, stack(0x00000097a9100000,0x00000097a9200000) (1024K)]
  0x000001d06bb726b0 JavaThread "LocalFile Deleter"          daemon [_thread_blocked, id=132868, stack(0x00000097a9200000,0x00000097a9300000) (1024K)]
  0x000001d06bb73a60 JavaThread "LocalFile Deleter"          daemon [_thread_blocked, id=132848, stack(0x00000097a9300000,0x00000097a9400000) (1024K)]
  0x000001d06bb74e10 JavaThread "LocalFile Deleter"          daemon [_thread_blocked, id=132836, stack(0x00000097a9400000,0x00000097a9500000) (1024K)]
  0x000001d06bb74780 JavaThread "LocalFile Deleter"          daemon [_thread_blocked, id=132864, stack(0x00000097a9500000,0x00000097a9600000) (1024K)]
  0x000001d06bb72d40 JavaThread "LocalFile Deleter"          daemon [_thread_blocked, id=132860, stack(0x00000097a9600000,0x00000097a9700000) (1024K)]
  0x000001d06b9cb9c0 JavaThread "LocalFile Deleter"          daemon [_thread_blocked, id=132840, stack(0x00000097a9700000,0x00000097a9800000) (1024K)]
  0x000001d06b9caca0 JavaThread "Compiler Source File Reader" daemon [_thread_blocked, id=135804, stack(0x00000097a5c00000,0x00000097a5d00000) (1024K)]
  0x000001d06b9cd400 JavaThread "Compiler Source File Reader" daemon [_thread_blocked, id=125248, stack(0x00000097a7500000,0x00000097a7600000) (1024K)]
  0x000001d06b9ccd70 JavaThread "Compiler Source File Reader" daemon [_thread_blocked, id=131552, stack(0x00000097a9800000,0x00000097a9900000) (1024K)]
  0x000001d06b9cc6e0 JavaThread "Compiler Source File Reader" daemon [_thread_blocked, id=136068, stack(0x00000097a9900000,0x00000097a9a00000) (1024K)]
  0x000001d06b9cda90 JavaThread "Compiler Source File Reader" daemon [_thread_blocked, id=133104, stack(0x00000097a9a00000,0x00000097a9b00000) (1024K)]
  0x000001d06b9ce120 JavaThread "Compiler Source File Reader" daemon [_thread_blocked, id=135140, stack(0x00000097a9b00000,0x00000097a9c00000) (1024K)]
  0x000001d06b9ce7b0 JavaThread "Compiler Source File Reader" daemon [_thread_blocked, id=135864, stack(0x00000097a9c00000,0x00000097a9d00000) (1024K)]
  0x000001d06b9cb330 JavaThread "Compiler Source File Reader" daemon [_thread_blocked, id=110924, stack(0x00000097a9d00000,0x00000097a9e00000) (1024K)]
  0x000001d06b9d1c30 JavaThread "Compiler Source File Reader" daemon [_thread_blocked, id=130584, stack(0x00000097a9e00000,0x00000097a9f00000) (1024K)]
  0x000001d06b9d22c0 JavaThread "Compiler Source File Reader" daemon [_thread_blocked, id=124424, stack(0x00000097a9f00000,0x00000097aa000000) (1024K)]
  0x000001d06b9d0f10 JavaThread "Compiler Source File Reader" daemon [_thread_blocked, id=112180, stack(0x00000097aa000000,0x00000097aa100000) (1024K)]
  0x000001d06b9d01f0 JavaThread "Compiler Source File Reader" daemon [_thread_blocked, id=134040, stack(0x00000097aa100000,0x00000097aa200000) (1024K)]
  0x000001d06b9cf4d0 JavaThread "Compiler Source File Reader" daemon [_thread_blocked, id=134504, stack(0x00000097aa200000,0x00000097aa300000) (1024K)]
  0x000001d06b9cfb60 JavaThread "Compiler Source File Reader" daemon [_thread_blocked, id=135720, stack(0x00000097aa300000,0x00000097aa400000) (1024K)]
=>0x000001d06c9c3f40 JavaThread "C2 CompilerThread2"         daemon [_thread_in_native, id=111280, stack(0x00000097a3f00000,0x00000097a4000000) (1024K)]
Total: 93

Other Threads:
  0x000001d00a59e730 VMThread "VM Thread"                           [id=130184, stack(0x00000097a3500000,0x00000097a3600000) (1024K)]
  0x000001d020e6cb20 WatcherThread "VM Periodic Task Thread"        [id=135644, stack(0x00000097a3400000,0x00000097a3500000) (1024K)]
  0x000001d00a4fb860 WorkerThread "GC Thread#0"                     [id=133684, stack(0x00000097a3300000,0x00000097a3400000) (1024K)]
  0x000001d0698d77f0 WorkerThread "GC Thread#1"                     [id=133996, stack(0x00000097a4500000,0x00000097a4600000) (1024K)]
  0x000001d0698d7fa0 WorkerThread "GC Thread#2"                     [id=135948, stack(0x00000097a4600000,0x00000097a4700000) (1024K)]
  0x000001d069284f20 WorkerThread "GC Thread#3"                     [id=132036, stack(0x00000097a4700000,0x00000097a4800000) (1024K)]
  0x000001d0692858e0 WorkerThread "GC Thread#4"                     [id=131676, stack(0x00000097a4800000,0x00000097a4900000) (1024K)]
  0x000001d069285c90 WorkerThread "GC Thread#5"                     [id=133792, stack(0x00000097a4900000,0x00000097a4a00000) (1024K)]
  0x000001d06949bed0 WorkerThread "GC Thread#6"                     [id=134740, stack(0x00000097a4a00000,0x00000097a4b00000) (1024K)]
  0x000001d0698ac960 WorkerThread "GC Thread#7"                     [id=134160, stack(0x00000097a4d00000,0x00000097a4e00000) (1024K)]
  0x000001d069f840c0 WorkerThread "GC Thread#8"                     [id=128376, stack(0x00000097a4b00000,0x00000097a4c00000) (1024K)]
  0x000001d069f84470 WorkerThread "GC Thread#9"                     [id=129200, stack(0x00000097a5100000,0x00000097a5200000) (1024K)]
  0x000001d069f84820 WorkerThread "GC Thread#10"                    [id=132540, stack(0x00000097a5200000,0x00000097a5300000) (1024K)]
  0x000001d06a23d690 WorkerThread "GC Thread#11"                    [id=131408, stack(0x00000097a5600000,0x00000097a5700000) (1024K)]
  0x000001d06a23d2e0 WorkerThread "GC Thread#12"                    [id=126420, stack(0x00000097a5700000,0x00000097a5800000) (1024K)]
Total: 15

Threads with active compile tasks:
C2 CompilerThread0  20909 12047       4       java.lang.ClassLoader::preDefineClass (118 bytes)
C1 CompilerThread0  20909 12054       3       java.lang.StringBuilder::getChars (10 bytes)
C2 CompilerThread1  20909 12046       4       java.lang.ClassLoader::defineClass (43 bytes)
C2 CompilerThread2  20909 12006       4       org.eclipse.jdt.internal.compiler.lookup.BinaryTypeBinding::createMethod (1666 bytes)
Total: 4

VM state: not at safepoint (normal execution)

VM Mutex/Monitor currently owned by a thread: None

Heap address: 0x0000000080000000, size: 2048 MB, Compressed Oops mode: 32-bit

CDS archive(s) mapped at: [0x000001d021000000-0x000001d021ba0000-0x000001d021ba0000), size 12189696, SharedBaseAddress: 0x000001d021000000, ArchiveRelocationMode: 1.
Compressed class space mapped at: 0x000001d022000000-0x000001d062000000, reserved size: 1073741824
Narrow klass base: 0x000001d021000000, Narrow klass shift: 0, Narrow klass range: 0x100000000

GC Precious Log:
 CardTable entry size: 512
 CPUs: 16 total, 16 available
 Memory: 32719M
 Large Page Support: Disabled
 NUMA Support: Disabled
 Compressed Oops: Enabled (32-bit)
 Alignments: Space 512K, Generation 512K, Heap 2M
 Heap Min Capacity: 100M
 Heap Initial Capacity: 100M
 Heap Max Capacity: 2G
 Pre-touch: Disabled
 Parallel Workers: 13

Heap:
 PSYoungGen      total 15872K, used 13296K [0x00000000d5580000, 0x00000000d6680000, 0x0000000100000000)
  eden space 14336K, 83% used [0x00000000d5580000,0x00000000d613cc80,0x00000000d6380000)
  from space 1536K, 83% used [0x00000000d6380000,0x00000000d64bf4f8,0x00000000d6500000)
  to   space 1536K, 0% used [0x00000000d6500000,0x00000000d6500000,0x00000000d6680000)
 ParOldGen       total 93696K, used 93162K [0x0000000080000000, 0x0000000085b80000, 0x00000000d5580000)
  object space 93696K, 99% used [0x0000000080000000,0x0000000085afaa70,0x0000000085b80000)
 Metaspace       used 60943K, committed 62400K, reserved 1114112K
  class space    used 6358K, committed 7040K, reserved 1048576K

Card table byte_map: [0x000001d009eb0000,0x000001d00a2c0000] _byte_map_base: 0x000001d009ab0000

Marking Bits: (ParMarkBitMap*) 0x00007ff8576b3450
 Begin Bits: [0x000001d01c990000, 0x000001d01e990000)
 End Bits:   [0x000001d01e990000, 0x000001d020990000)

Polling page: 0x000001d009ca0000

Metaspace:

Usage:
  Non-class:     53.31 MB used.
      Class:      6.21 MB used.
       Both:     59.51 MB used.

Virtual space:
  Non-class space:       64.00 MB reserved,      54.06 MB ( 84%) committed,  1 nodes.
      Class space:        1.00 GB reserved,       6.88 MB ( <1%) committed,  1 nodes.
             Both:        1.06 GB reserved,      60.94 MB (  6%) committed. 

Chunk freelists:
   Non-Class:  9.33 MB
       Class:  8.98 MB
        Both:  18.31 MB

MaxMetaspaceSize: unlimited
CompressedClassSpaceSize: 1.00 GB
Initial GC threshold: 21.00 MB
Current GC threshold: 97.31 MB
CDS: on
 - commit_granule_bytes: 65536.
 - commit_granule_words: 8192.
 - virtual_space_node_default_size: 8388608.
 - enlarge_chunks_in_place: 1.
 - use_allocation_guard: 0.


Internal statistics:

num_allocs_failed_limit: 13.
num_arena_births: 1188.
num_arena_deaths: 14.
num_vsnodes_births: 2.
num_vsnodes_deaths: 0.
num_space_committed: 975.
num_space_uncommitted: 0.
num_chunks_returned_to_freelist: 27.
num_chunks_taken_from_freelist: 4099.
num_chunk_merges: 19.
num_chunk_splits: 2528.
num_chunks_enlarged: 1378.
num_inconsistent_stats: 0.

CodeHeap 'non-profiled nmethods': size=119168Kb used=7591Kb max_used=7591Kb free=111576Kb
 bounds [0x000001d015280000, 0x000001d0159f0000, 0x000001d01c6e0000]
CodeHeap 'profiled nmethods': size=119104Kb used=25812Kb max_used=25812Kb free=93291Kb
 bounds [0x000001d00d6e0000, 0x000001d00f020000, 0x000001d014b30000]
CodeHeap 'non-nmethods': size=7488Kb used=1411Kb max_used=3239Kb free=6076Kb
 bounds [0x000001d014b30000, 0x000001d014e70000, 0x000001d015280000]
CodeCache: size=245760Kb, used=34814Kb, max_used=36642Kb, free=210943Kb
 total_blobs=11796, nmethods=11079, adapters=622, full_count=0
Compilation: enabled, stopped_count=0, restarted_count=0

Compilation events (20 events):
Event: 19.820 Thread 0x000001d0635c2540 12031       3       org.eclipse.jdt.internal.compiler.apt.model.TypeElementImpl::getSimpleName (20 bytes)
Event: 19.820 Thread 0x000001d0635c2540 nmethod 12031 0x000001d00f00d510 code [0x000001d00f00d700, 0x000001d00f00dc10]
Event: 19.820 Thread 0x000001d0635c2540 12032       3       org.eclipse.jdt.internal.compiler.classfmt.InnerClassInfo::getName (78 bytes)
Event: 19.821 Thread 0x000001d0635c2540 nmethod 12032 0x000001d00f00de10 code [0x000001d00f00e000, 0x000001d00f00e638]
Event: 19.822 Thread 0x000001d063717bf0 nmethod 12019 0x000001d0159e4690 code [0x000001d0159e48a0, 0x000001d0159e5100]
Event: 19.823 Thread 0x000001d0635bf9e0 nmethod 11968 0x000001d0159e5590 code [0x000001d0159e57a0, 0x000001d0159e5d68]
Event: 19.823 Thread 0x000001d06c9c08c0 12033       4       java.util.Arrays::copyOf (33 bytes)
Event: 19.824 Thread 0x000001d06c9c08c0 nmethod 12033 0x000001d0159e6210 code [0x000001d0159e63c0, 0x000001d0159e67a8]
Event: 19.826 Thread 0x000001d0635bf9e0 12034       4       java.lang.invoke.MethodHandle::getApproximateCommonClassLoader (58 bytes)
Event: 19.826 Thread 0x000001d06c9c08c0 12035       4       java.lang.invoke.MethodHandle::keepsAlive (49 bytes)
Event: 19.828 Thread 0x000001d0635c2540 12036       3       java.lang.ClassLoader::getSystemClassLoader (96 bytes)
Event: 19.828 Thread 0x000001d0635c2540 nmethod 12036 0x000001d00f00e910 code [0x000001d00f00eb00, 0x000001d00f00efa0]
Event: 19.828 Thread 0x000001d063717bf0 12037       4       java.lang.invoke.MethodHandle::asTypeUncached (54 bytes)
Event: 19.829 Thread 0x000001d0635bf9e0 nmethod 12034 0x000001d0159e6910 code [0x000001d0159e6ac0, 0x000001d0159e6c70]
Event: 19.829 Thread 0x000001d0635bf9e0 12038       4       java.lang.invoke.MethodHandleImpl::makePairwiseConvert (22 bytes)
Event: 19.830 Thread 0x000001d0635bf9e0 nmethod 12038 0x000001d0159e6e90 code [0x000001d0159e7020, 0x000001d0159e70f0]
Event: 19.830 Thread 0x000001d06c9c08c0 nmethod 12035 0x000001d0159e7210 code [0x000001d0159e73e0, 0x000001d0159e7608]
Event: 19.831 Thread 0x000001d063717bf0 nmethod 12037 0x000001d0159e7890 code [0x000001d0159e7aa0, 0x000001d0159e7eb8]
Event: 19.831 Thread 0x000001d0635bf9e0 12039   !   4       java.util.concurrent.ConcurrentHashMap::transfer (849 bytes)
Event: 19.840 Thread 0x000001d0635bf9e0 nmethod 12039 0x000001d0159e8310 code [0x000001d0159e8500, 0x000001d0159e9310]

GC Heap History (20 events):
Event: 17.061 GC heap before
{Heap before GC invocations=77 (full 3):
 PSYoungGen      total 15360K, used 15136K [0x00000000d5580000, 0x00000000d6780000, 0x0000000100000000)
  eden space 14336K, 100% used [0x00000000d5580000,0x00000000d6380000,0x00000000d6380000)
  from space 1024K, 78% used [0x00000000d6600000,0x00000000d66c8000,0x00000000d6700000)
  to   space 512K, 0% used [0x00000000d6700000,0x00000000d6700000,0x00000000d6780000)
 ParOldGen       total 93696K, used 87811K [0x0000000080000000, 0x0000000085b80000, 0x00000000d5580000)
  object space 93696K, 93% used [0x0000000080000000,0x00000000855c0ee8,0x0000000085b80000)
 Metaspace       used 58991K, committed 60416K, reserved 1114112K
  class space    used 6107K, committed 6720K, reserved 1048576K
}
Event: 17.062 GC heap after
{Heap after GC invocations=77 (full 3):
 PSYoungGen      total 14848K, used 512K [0x00000000d5580000, 0x00000000d6780000, 0x0000000100000000)
  eden space 14336K, 0% used [0x00000000d5580000,0x00000000d5580000,0x00000000d6380000)
  from space 512K, 100% used [0x00000000d6700000,0x00000000d6780000,0x00000000d6780000)
  to   space 1536K, 0% used [0x00000000d6480000,0x00000000d6480000,0x00000000d6600000)
 ParOldGen       total 93696K, used 88386K [0x0000000080000000, 0x0000000085b80000, 0x00000000d5580000)
  object space 93696K, 94% used [0x0000000080000000,0x0000000085650990,0x0000000085b80000)
 Metaspace       used 58991K, committed 60416K, reserved 1114112K
  class space    used 6107K, committed 6720K, reserved 1048576K
}
Event: 17.105 GC heap before
{Heap before GC invocations=78 (full 3):
 PSYoungGen      total 14848K, used 14848K [0x00000000d5580000, 0x00000000d6780000, 0x0000000100000000)
  eden space 14336K, 100% used [0x00000000d5580000,0x00000000d6380000,0x00000000d6380000)
  from space 512K, 100% used [0x00000000d6700000,0x00000000d6780000,0x00000000d6780000)
  to   space 1536K, 0% used [0x00000000d6480000,0x00000000d6480000,0x00000000d6600000)
 ParOldGen       total 93696K, used 88386K [0x0000000080000000, 0x0000000085b80000, 0x00000000d5580000)
  object space 93696K, 94% used [0x0000000080000000,0x0000000085650990,0x0000000085b80000)
 Metaspace       used 59011K, committed 60480K, reserved 1114112K
  class space    used 6107K, committed 6720K, reserved 1048576K
}
Event: 17.106 GC heap after
{Heap after GC invocations=78 (full 3):
 PSYoungGen      total 15872K, used 704K [0x00000000d5580000, 0x00000000d6780000, 0x0000000100000000)
  eden space 14336K, 0% used [0x00000000d5580000,0x00000000d5580000,0x00000000d6380000)
  from space 1536K, 45% used [0x00000000d6480000,0x00000000d6530010,0x00000000d6600000)
  to   space 1024K, 0% used [0x00000000d6680000,0x00000000d6680000,0x00000000d6780000)
 ParOldGen       total 93696K, used 88858K [0x0000000080000000, 0x0000000085b80000, 0x00000000d5580000)
  object space 93696K, 94% used [0x0000000080000000,0x00000000856c6990,0x0000000085b80000)
 Metaspace       used 59011K, committed 60480K, reserved 1114112K
  class space    used 6107K, committed 6720K, reserved 1048576K
}
Event: 17.152 GC heap before
{Heap before GC invocations=79 (full 3):
 PSYoungGen      total 15872K, used 15040K [0x00000000d5580000, 0x00000000d6780000, 0x0000000100000000)
  eden space 14336K, 100% used [0x00000000d5580000,0x00000000d6380000,0x00000000d6380000)
  from space 1536K, 45% used [0x00000000d6480000,0x00000000d6530010,0x00000000d6600000)
  to   space 1024K, 0% used [0x00000000d6680000,0x00000000d6680000,0x00000000d6780000)
 ParOldGen       total 93696K, used 88858K [0x0000000080000000, 0x0000000085b80000, 0x00000000d5580000)
  object space 93696K, 94% used [0x0000000080000000,0x00000000856c6990,0x0000000085b80000)
 Metaspace       used 59012K, committed 60480K, reserved 1114112K
  class space    used 6107K, committed 6720K, reserved 1048576K
}
Event: 17.153 GC heap after
{Heap after GC invocations=79 (full 3):
 PSYoungGen      total 15360K, used 720K [0x00000000d5580000, 0x00000000d6780000, 0x0000000100000000)
  eden space 14336K, 0% used [0x00000000d5580000,0x00000000d5580000,0x00000000d6380000)
  from space 1024K, 70% used [0x00000000d6680000,0x00000000d6734010,0x00000000d6780000)
  to   space 1024K, 0% used [0x00000000d6580000,0x00000000d6580000,0x00000000d6680000)
 ParOldGen       total 93696K, used 89394K [0x0000000080000000, 0x0000000085b80000, 0x00000000d5580000)
  object space 93696K, 95% used [0x0000000080000000,0x000000008574c9a0,0x0000000085b80000)
 Metaspace       used 59012K, committed 60480K, reserved 1114112K
  class space    used 6107K, committed 6720K, reserved 1048576K
}
Event: 17.195 GC heap before
{Heap before GC invocations=80 (full 3):
 PSYoungGen      total 15360K, used 15056K [0x00000000d5580000, 0x00000000d6780000, 0x0000000100000000)
  eden space 14336K, 100% used [0x00000000d5580000,0x00000000d6380000,0x00000000d6380000)
  from space 1024K, 70% used [0x00000000d6680000,0x00000000d6734010,0x00000000d6780000)
  to   space 1024K, 0% used [0x00000000d6580000,0x00000000d6580000,0x00000000d6680000)
 ParOldGen       total 93696K, used 89394K [0x0000000080000000, 0x0000000085b80000, 0x00000000d5580000)
  object space 93696K, 95% used [0x0000000080000000,0x000000008574c9a0,0x0000000085b80000)
 Metaspace       used 59023K, committed 60480K, reserved 1114112K
  class space    used 6107K, committed 6720K, reserved 1048576K
}
Event: 17.197 GC heap after
{Heap after GC invocations=80 (full 3):
 PSYoungGen      total 15360K, used 800K [0x00000000d5580000, 0x00000000d6700000, 0x0000000100000000)
  eden space 14336K, 0% used [0x00000000d5580000,0x00000000d5580000,0x00000000d6380000)
  from space 1024K, 78% used [0x00000000d6580000,0x00000000d6648020,0x00000000d6680000)
  to   space 512K, 0% used [0x00000000d6680000,0x00000000d6680000,0x00000000d6700000)
 ParOldGen       total 93696K, used 89882K [0x0000000080000000, 0x0000000085b80000, 0x00000000d5580000)
  object space 93696K, 95% used [0x0000000080000000,0x00000000857c69b0,0x0000000085b80000)
 Metaspace       used 59023K, committed 60480K, reserved 1114112K
  class space    used 6107K, committed 6720K, reserved 1048576K
}
Event: 17.232 GC heap before
{Heap before GC invocations=81 (full 3):
 PSYoungGen      total 15360K, used 15136K [0x00000000d5580000, 0x00000000d6700000, 0x0000000100000000)
  eden space 14336K, 100% used [0x00000000d5580000,0x00000000d6380000,0x00000000d6380000)
  from space 1024K, 78% used [0x00000000d6580000,0x00000000d6648020,0x00000000d6680000)
  to   space 512K, 0% used [0x00000000d6680000,0x00000000d6680000,0x00000000d6700000)
 ParOldGen       total 93696K, used 89882K [0x0000000080000000, 0x0000000085b80000, 0x00000000d5580000)
  object space 93696K, 95% used [0x0000000080000000,0x00000000857c69b0,0x0000000085b80000)
 Metaspace       used 59029K, committed 60480K, reserved 1114112K
  class space    used 6107K, committed 6720K, reserved 1048576K
}
Event: 17.233 GC heap after
{Heap after GC invocations=81 (full 3):
 PSYoungGen      total 14848K, used 512K [0x00000000d5580000, 0x00000000d6700000, 0x0000000100000000)
  eden space 14336K, 0% used [0x00000000d5580000,0x00000000d5580000,0x00000000d6380000)
  from space 512K, 100% used [0x00000000d6680000,0x00000000d6700000,0x00000000d6700000)
  to   space 1536K, 0% used [0x00000000d6400000,0x00000000d6400000,0x00000000d6580000)
 ParOldGen       total 93696K, used 90490K [0x0000000080000000, 0x0000000085b80000, 0x00000000d5580000)
  object space 93696K, 96% used [0x0000000080000000,0x000000008585e9e0,0x0000000085b80000)
 Metaspace       used 59029K, committed 60480K, reserved 1114112K
  class space    used 6107K, committed 6720K, reserved 1048576K
}
Event: 17.267 GC heap before
{Heap before GC invocations=82 (full 3):
 PSYoungGen      total 14848K, used 14814K [0x00000000d5580000, 0x00000000d6700000, 0x0000000100000000)
  eden space 14336K, 99% used [0x00000000d5580000,0x00000000d6377bd8,0x00000000d6380000)
  from space 512K, 100% used [0x00000000d6680000,0x00000000d6700000,0x00000000d6700000)
  to   space 1536K, 0% used [0x00000000d6400000,0x00000000d6400000,0x00000000d6580000)
 ParOldGen       total 93696K, used 90490K [0x0000000080000000, 0x0000000085b80000, 0x00000000d5580000)
  object space 93696K, 96% used [0x0000000080000000,0x000000008585e9e0,0x0000000085b80000)
 Metaspace       used 59032K, committed 60480K, reserved 1114112K
  class space    used 6107K, committed 6720K, reserved 1048576K
}
Event: 17.268 GC heap after
{Heap after GC invocations=82 (full 3):
 PSYoungGen      total 15872K, used 784K [0x00000000d5580000, 0x00000000d6700000, 0x0000000100000000)
  eden space 14336K, 0% used [0x00000000d5580000,0x00000000d5580000,0x00000000d6380000)
  from space 1536K, 51% used [0x00000000d6400000,0x00000000d64c4070,0x00000000d6580000)
  to   space 1024K, 0% used [0x00000000d6600000,0x00000000d6600000,0x00000000d6700000)
 ParOldGen       total 93696K, used 90914K [0x0000000080000000, 0x0000000085b80000, 0x00000000d5580000)
  object space 93696K, 97% used [0x0000000080000000,0x00000000858c89e0,0x0000000085b80000)
 Metaspace       used 59032K, committed 60480K, reserved 1114112K
  class space    used 6107K, committed 6720K, reserved 1048576K
}
Event: 17.297 GC heap before
{Heap before GC invocations=83 (full 3):
 PSYoungGen      total 15872K, used 15120K [0x00000000d5580000, 0x00000000d6700000, 0x0000000100000000)
  eden space 14336K, 100% used [0x00000000d5580000,0x00000000d6380000,0x00000000d6380000)
  from space 1536K, 51% used [0x00000000d6400000,0x00000000d64c4070,0x00000000d6580000)
  to   space 1024K, 0% used [0x00000000d6600000,0x00000000d6600000,0x00000000d6700000)
 ParOldGen       total 93696K, used 90914K [0x0000000080000000, 0x0000000085b80000, 0x00000000d5580000)
  object space 93696K, 97% used [0x0000000080000000,0x00000000858c89e0,0x0000000085b80000)
 Metaspace       used 59034K, committed 60480K, reserved 1114112K
  class space    used 6107K, committed 6720K, reserved 1048576K
}
Event: 17.298 GC heap after
{Heap after GC invocations=83 (full 3):
 PSYoungGen      total 15360K, used 800K [0x00000000d5580000, 0x00000000d6700000, 0x0000000100000000)
  eden space 14336K, 0% used [0x00000000d5580000,0x00000000d5580000,0x00000000d6380000)
  from space 1024K, 78% used [0x00000000d6600000,0x00000000d66c8060,0x00000000d6700000)
  to   space 1024K, 0% used [0x00000000d6500000,0x00000000d6500000,0x00000000d6600000)
 ParOldGen       total 93696K, used 91458K [0x0000000080000000, 0x0000000085b80000, 0x00000000d5580000)
  object space 93696K, 97% used [0x0000000080000000,0x0000000085950a00,0x0000000085b80000)
 Metaspace       used 59034K, committed 60480K, reserved 1114112K
  class space    used 6107K, committed 6720K, reserved 1048576K
}
Event: 17.328 GC heap before
{Heap before GC invocations=84 (full 3):
 PSYoungGen      total 15360K, used 15136K [0x00000000d5580000, 0x00000000d6700000, 0x0000000100000000)
  eden space 14336K, 100% used [0x00000000d5580000,0x00000000d6380000,0x00000000d6380000)
  from space 1024K, 78% used [0x00000000d6600000,0x00000000d66c8060,0x00000000d6700000)
  to   space 1024K, 0% used [0x00000000d6500000,0x00000000d6500000,0x00000000d6600000)
 ParOldGen       total 93696K, used 91458K [0x0000000080000000, 0x0000000085b80000, 0x00000000d5580000)
  object space 93696K, 97% used [0x0000000080000000,0x0000000085950a00,0x0000000085b80000)
 Metaspace       used 59035K, committed 60480K, reserved 1114112K
  class space    used 6107K, committed 6720K, reserved 1048576K
}
Event: 17.329 GC heap after
{Heap after GC invocations=84 (full 3):
 PSYoungGen      total 15360K, used 704K [0x00000000d5580000, 0x00000000d6680000, 0x0000000100000000)
  eden space 14336K, 0% used [0x00000000d5580000,0x00000000d5580000,0x00000000d6380000)
  from space 1024K, 68% used [0x00000000d6500000,0x00000000d65b0000,0x00000000d6600000)
  to   space 512K, 0% used [0x00000000d6600000,0x00000000d6600000,0x00000000d6680000)
 ParOldGen       total 93696K, used 92082K [0x0000000080000000, 0x0000000085b80000, 0x00000000d5580000)
  object space 93696K, 98% used [0x0000000080000000,0x00000000859eca60,0x0000000085b80000)
 Metaspace       used 59035K, committed 60480K, reserved 1114112K
  class space    used 6107K, committed 6720K, reserved 1048576K
}
Event: 17.359 GC heap before
{Heap before GC invocations=85 (full 3):
 PSYoungGen      total 15360K, used 15040K [0x00000000d5580000, 0x00000000d6680000, 0x0000000100000000)
  eden space 14336K, 100% used [0x00000000d5580000,0x00000000d6380000,0x00000000d6380000)
  from space 1024K, 68% used [0x00000000d6500000,0x00000000d65b0000,0x00000000d6600000)
  to   space 512K, 0% used [0x00000000d6600000,0x00000000d6600000,0x00000000d6680000)
 ParOldGen       total 93696K, used 92082K [0x0000000080000000, 0x0000000085b80000, 0x00000000d5580000)
  object space 93696K, 98% used [0x0000000080000000,0x00000000859eca60,0x0000000085b80000)
 Metaspace       used 59042K, committed 60480K, reserved 1114112K
  class space    used 6107K, committed 6720K, reserved 1048576K
}
Event: 17.360 GC heap after
{Heap after GC invocations=85 (full 3):
 PSYoungGen      total 14848K, used 480K [0x00000000d5580000, 0x00000000d6680000, 0x0000000100000000)
  eden space 14336K, 0% used [0x00000000d5580000,0x00000000d5580000,0x00000000d6380000)
  from space 512K, 93% used [0x00000000d6600000,0x00000000d6678010,0x00000000d6680000)
  to   space 1536K, 0% used [0x00000000d6380000,0x00000000d6380000,0x00000000d6500000)
 ParOldGen       total 93696K, used 92658K [0x0000000080000000, 0x0000000085b80000, 0x00000000d5580000)
  object space 93696K, 98% used [0x0000000080000000,0x0000000085a7ca60,0x0000000085b80000)
 Metaspace       used 59042K, committed 60480K, reserved 1114112K
  class space    used 6107K, committed 6720K, reserved 1048576K
}
Event: 17.616 GC heap before
{Heap before GC invocations=86 (full 3):
 PSYoungGen      total 14848K, used 14816K [0x00000000d5580000, 0x00000000d6680000, 0x0000000100000000)
  eden space 14336K, 100% used [0x00000000d5580000,0x00000000d6380000,0x00000000d6380000)
  from space 512K, 93% used [0x00000000d6600000,0x00000000d6678010,0x00000000d6680000)
  to   space 1536K, 0% used [0x00000000d6380000,0x00000000d6380000,0x00000000d6500000)
 ParOldGen       total 93696K, used 92658K [0x0000000080000000, 0x0000000085b80000, 0x00000000d5580000)
  object space 93696K, 98% used [0x0000000080000000,0x0000000085a7ca60,0x0000000085b80000)
 Metaspace       used 59677K, committed 61120K, reserved 1114112K
  class space    used 6190K, committed 6848K, reserved 1048576K
}
Event: 17.618 GC heap after
{Heap after GC invocations=86 (full 3):
 PSYoungGen      total 15872K, used 1277K [0x00000000d5580000, 0x00000000d6680000, 0x0000000100000000)
  eden space 14336K, 0% used [0x00000000d5580000,0x00000000d5580000,0x00000000d6380000)
  from space 1536K, 83% used [0x00000000d6380000,0x00000000d64bf4f8,0x00000000d6500000)
  to   space 1536K, 0% used [0x00000000d6500000,0x00000000d6500000,0x00000000d6680000)
 ParOldGen       total 93696K, used 93162K [0x0000000080000000, 0x0000000085b80000, 0x00000000d5580000)
  object space 93696K, 99% used [0x0000000080000000,0x0000000085afaa70,0x0000000085b80000)
 Metaspace       used 59677K, committed 61120K, reserved 1114112K
  class space    used 6190K, committed 6848K, reserved 1048576K
}

Dll operation events (10 events):
Event: 0.025 Loaded shared library c:\Users\davi4\.windsurf\extensions\redhat.java-1.53.0-win32-x64\jre\21.0.10-win32-x86_64\bin\java.dll
Event: 0.216 Loaded shared library c:\Users\davi4\.windsurf\extensions\redhat.java-1.53.0-win32-x64\jre\21.0.10-win32-x86_64\bin\zip.dll
Event: 0.236 Loaded shared library C:\Users\davi4\.windsurf\extensions\redhat.java-1.53.0-win32-x64\jre\21.0.10-win32-x86_64\bin\instrument.dll
Event: 0.242 Loaded shared library C:\Users\davi4\.windsurf\extensions\redhat.java-1.53.0-win32-x64\jre\21.0.10-win32-x86_64\bin\net.dll
Event: 0.245 Loaded shared library C:\Users\davi4\.windsurf\extensions\redhat.java-1.53.0-win32-x64\jre\21.0.10-win32-x86_64\bin\nio.dll
Event: 0.248 Loaded shared library C:\Users\davi4\.windsurf\extensions\redhat.java-1.53.0-win32-x64\jre\21.0.10-win32-x86_64\bin\zip.dll
Event: 0.270 Loaded shared library C:\Users\davi4\.windsurf\extensions\redhat.java-1.53.0-win32-x64\jre\21.0.10-win32-x86_64\bin\jimage.dll
Event: 0.356 Loaded shared library c:\Users\davi4\.windsurf\extensions\redhat.java-1.53.0-win32-x64\jre\21.0.10-win32-x86_64\bin\verify.dll
Event: 1.588 Loaded shared library C:\Users\davi4\AppData\Roaming\Windsurf\User\globalStorage\redhat.java\1.53.0\config_win\org.eclipse.equinox.launcher\org.eclipse.equinox.launcher.win32.win32.x86_64_1.3.0.v20260203-2149\eclipse_11919.dll
Event: 3.373 Loaded shared library C:\Users\davi4\AppData\Local\Temp\jna-95358532\jna9034389638410542653.dll

Deoptimization events (20 events):
Event: 18.759 Thread 0x000001d06a0f5660 DEOPT PACKING pc=0x000001d01591c7b8 sp=0x00000097a59fdae0
Event: 18.759 Thread 0x000001d06a0f5660 DEOPT UNPACKING pc=0x000001d014b83aa2 sp=0x00000097a59fda78 mode 2
Event: 18.773 Thread 0x000001d06a0f5660 Uncommon trap: trap_request=0xfffffff4 fr.pc=0x000001d0159bb8c0 relative=0x0000000000003cc0
Event: 18.773 Thread 0x000001d06a0f5660 Uncommon trap: reason=null_check action=make_not_entrant pc=0x000001d0159bb8c0 method=org.eclipse.jdt.internal.compiler.lookup.LookupEnvironment.askForTypeFromModules(Lorg/eclipse/jdt/internal/compiler/lookup/ModuleBinding;[Lorg/eclipse/jdt/internal/compi
Event: 18.773 Thread 0x000001d06a0f5660 DEOPT PACKING pc=0x000001d0159bb8c0 sp=0x00000097a59fdd90
Event: 18.773 Thread 0x000001d06a0f5660 DEOPT UNPACKING pc=0x000001d014b83aa2 sp=0x00000097a59fdd98 mode 2
Event: 18.781 Thread 0x000001d06a0f5660 Uncommon trap: trap_request=0xffffff45 fr.pc=0x000001d01595ebf4 relative=0x00000000000004f4
Event: 18.781 Thread 0x000001d06a0f5660 Uncommon trap: reason=unstable_if action=reinterpret pc=0x000001d01595ebf4 method=org.eclipse.jdt.internal.compiler.util.SoftClassCache$ClassBytes.getBytes()[B @ 15 c2
Event: 18.781 Thread 0x000001d06a0f5660 DEOPT PACKING pc=0x000001d01595ebf4 sp=0x00000097a59fd710
Event: 18.781 Thread 0x000001d06a0f5660 DEOPT UNPACKING pc=0x000001d014b83aa2 sp=0x00000097a59fd568 mode 2
Event: 18.782 Thread 0x000001d06a0f5660 Uncommon trap: trap_request=0xffffff45 fr.pc=0x000001d01595b614 relative=0x0000000000000154
Event: 18.782 Thread 0x000001d06a0f5660 Uncommon trap: reason=unstable_if action=reinterpret pc=0x000001d01595b614 method=org.eclipse.jdt.internal.compiler.util.SoftClassCache$ClassBytes.getBytes()[B @ 15 c2
Event: 18.782 Thread 0x000001d06a0f5660 DEOPT PACKING pc=0x000001d01595b614 sp=0x00000097a59fd610
Event: 18.782 Thread 0x000001d06a0f5660 DEOPT UNPACKING pc=0x000001d014b83aa2 sp=0x00000097a59fd598 mode 2
Event: 18.786 Thread 0x000001d06a0f5660 Uncommon trap: trap_request=0xffffff45 fr.pc=0x000001d0159033f8 relative=0x0000000000001c38
Event: 18.786 Thread 0x000001d06a0f5660 Uncommon trap: reason=unstable_if action=reinterpret pc=0x000001d0159033f8 method=org.eclipse.jdt.internal.compiler.lookup.PlainPackageBinding.getIncarnation(Lorg/eclipse/jdt/internal/compiler/lookup/ModuleBinding;)Lorg/eclipse/jdt/internal/compiler/looku
Event: 18.786 Thread 0x000001d06a0f5660 DEOPT PACKING pc=0x000001d0159033f8 sp=0x00000097a59fd450
Event: 18.786 Thread 0x000001d06a0f5660 DEOPT UNPACKING pc=0x000001d014b83aa2 sp=0x00000097a59fd378 mode 2
Event: 19.831 Thread 0x000001d06a0f5660 DEOPT PACKING pc=0x000001d00e2c2735 sp=0x00000097a59f9de0
Event: 19.831 Thread 0x000001d06a0f5660 DEOPT UNPACKING pc=0x000001d014b84242 sp=0x00000097a59f92f0 mode 0

Classes loaded (20 events):
Event: 9.160 Loading class java/util/stream/ReferencePipeline$4
Event: 9.160 Loading class java/util/stream/ReferencePipeline$4 done
Event: 9.161 Loading class java/util/stream/Nodes$IntFixedNodeBuilder
Event: 9.161 Loading class java/util/stream/Node$Builder$OfInt
Event: 9.161 Loading class java/util/stream/Node$Builder$OfInt done
Event: 9.161 Loading class java/util/stream/Nodes$IntArrayNode
Event: 9.161 Loading class java/util/stream/Nodes$IntArrayNode done
Event: 9.161 Loading class java/util/stream/Nodes$IntFixedNodeBuilder done
Event: 9.162 Loading class java/util/stream/ReferencePipeline$4$1
Event: 9.162 Loading class java/util/stream/ReferencePipeline$4$1 done
Event: 13.186 Loading class java/util/stream/ReduceOps$4
Event: 13.187 Loading class java/util/stream/ReduceOps$4 done
Event: 13.187 Loading class java/util/stream/ReduceOps$4ReducingSink
Event: 13.187 Loading class java/util/stream/ReduceOps$4ReducingSink done
Event: 13.188 Loading class java/nio/file/Files$2
Event: 13.188 Loading class java/nio/file/Files$2 done
Event: 17.438 Loading class jdk/internal/module/IllegalAccessLogger
Event: 17.438 Loading class jdk/internal/module/IllegalAccessLogger done
Event: 17.464 Loading class java/util/HashMap$EntrySpliterator
Event: 17.465 Loading class java/util/HashMap$EntrySpliterator done

Classes unloaded (7 events):
Event: 3.920 Thread 0x000001d00a59e730 Unloading class 0x000001d0221ab400 'java/lang/invoke/LambdaForm$MH+0x000001d0221ab400'
Event: 3.920 Thread 0x000001d00a59e730 Unloading class 0x000001d0221ab000 'java/lang/invoke/LambdaForm$MH+0x000001d0221ab000'
Event: 3.920 Thread 0x000001d00a59e730 Unloading class 0x000001d0221aac00 'java/lang/invoke/LambdaForm$MH+0x000001d0221aac00'
Event: 3.920 Thread 0x000001d00a59e730 Unloading class 0x000001d0221aa800 'java/lang/invoke/LambdaForm$MH+0x000001d0221aa800'
Event: 3.920 Thread 0x000001d00a59e730 Unloading class 0x000001d0221aa400 'java/lang/invoke/LambdaForm$BMH+0x000001d0221aa400'
Event: 3.920 Thread 0x000001d00a59e730 Unloading class 0x000001d0221aa000 'java/lang/invoke/LambdaForm$DMH+0x000001d0221aa000'
Event: 3.920 Thread 0x000001d00a59e730 Unloading class 0x000001d0221a8c00 'java/lang/invoke/LambdaForm$DMH+0x000001d0221a8c00'

Classes redefined (0 events):
No events

Internal exceptions (20 events):
Event: 7.911 Thread 0x000001d06bb726b0 Exception <a 'sun/nio/fs/WindowsException'{0x00000000d578ade8}> (0x00000000d578ade8) 
thrown [s\src\hotspot\share\prims\jni.cpp, line 520]
Event: 7.912 Thread 0x000001d06bb72d40 Exception <a 'sun/nio/fs/WindowsException'{0x00000000d5769648}> (0x00000000d5769648) 
thrown [s\src\hotspot\share\prims\jni.cpp, line 520]
Event: 7.912 Thread 0x000001d06bb73a60 Exception <a 'sun/nio/fs/WindowsException'{0x00000000d57c6960}> (0x00000000d57c6960) 
thrown [s\src\hotspot\share\prims\jni.cpp, line 520]
Event: 7.912 Thread 0x000001d06bb72020 Exception <a 'sun/nio/fs/WindowsException'{0x00000000d57d6c48}> (0x00000000d57d6c48) 
thrown [s\src\hotspot\share\prims\jni.cpp, line 520]
Event: 9.063 Thread 0x000001d06baa26c0 Exception <a 'sun/nio/fs/WindowsException'{0x00000000d6125e18}> (0x00000000d6125e18) 
thrown [s\src\hotspot\share\prims\jni.cpp, line 520]
Event: 9.063 Thread 0x000001d06baa26c0 Exception <a 'sun/nio/fs/WindowsException'{0x00000000d6126788}> (0x00000000d6126788) 
thrown [s\src\hotspot\share\prims\jni.cpp, line 520]
Event: 9.132 Thread 0x000001d06baa26c0 Exception <a 'java/io/FileNotFoundException'{0x00000000d63ae3f0}> (0x00000000d63ae3f0) 
thrown [s\src\hotspot\share\prims\jni.cpp, line 520]
Event: 9.133 Thread 0x000001d06baa26c0 Exception <a 'java/io/FileNotFoundException'{0x00000000d63af4e0}> (0x00000000d63af4e0) 
thrown [s\src\hotspot\share\prims\jni.cpp, line 520]
Event: 9.133 Thread 0x000001d06baa26c0 Exception <a 'java/io/FileNotFoundException'{0x00000000d63b0248}> (0x00000000d63b0248) 
thrown [s\src\hotspot\share\prims\jni.cpp, line 520]
Event: 9.682 Thread 0x000001d06baa33e0 Implicit null exception at 0x000001d015549002 to 0x000001d015549d5c
Event: 9.689 Thread 0x000001d06a0f5660 Exception <a 'java/lang/NoSuchMethodError'{0x00000000d5fb0ae0}: 'java.lang.Object java.lang.invoke.DirectMethodHandle$Holder.invokeStatic(java.lang.Object, java.lang.Object, int, int)'> (0x00000000d5fb0ae0) 
thrown [s\src\hotspot\share\interpreter\linkResolver.cpp, line 773]
Event: 9.689 Thread 0x000001d06a0f5660 Exception <a 'java/lang/NoSuchMethodError'{0x00000000d5fb4df0}: 'java.lang.Object java.lang.invoke.DirectMethodHandle$Holder.invokeSpecial(java.lang.Object, java.lang.Object, java.lang.Object, int, int)'> (0x00000000d5fb4df0) 
thrown [s\src\hotspot\share\interpreter\linkResolver.cpp, line 773]
Event: 9.812 Thread 0x000001d06a0f5660 Exception <a 'java/lang/NoSuchMethodError'{0x00000000d5e6ade8}: 'void java.lang.invoke.DelegatingMethodHandle$Holder.reinvoke_L(java.lang.Object, java.lang.Object, java.lang.Object, int, java.lang.Object, int, int)'> (0x00000000d5e6ade8) 
thrown [s\src\hotspot\share\interpreter\linkResolver.cpp, line 773]
Event: 13.190 Thread 0x000001d06a0f5660 Exception <a 'java/lang/NoSuchMethodError'{0x00000000d59ea3f8}: 'int java.lang.invoke.DirectMethodHandle$Holder.invokeSpecialIFC(java.lang.Object, java.lang.Object, java.lang.Object)'> (0x00000000d59ea3f8) 
thrown [s\src\hotspot\share\interpreter\linkResolver.cpp, line 773]
Event: 13.193 Thread 0x000001d06a0f5660 Implicit null exception at 0x000001d0157f9cd3 to 0x000001d0157fb448
Event: 16.392 Thread 0x000001d06a0f5660 Implicit null exception at 0x000001d015759ad7 to 0x000001d015759b12
Event: 17.539 Thread 0x000001d06a0f5660 Implicit null exception at 0x000001d015941def to 0x000001d01594211c
Event: 17.589 Thread 0x000001d06a0f5660 Implicit null exception at 0x000001d01591c19e to 0x000001d01591c40c
Event: 17.618 Thread 0x000001d063847fb0 Implicit null exception at 0x000001d0156edaca to 0x000001d0156ee1f8
Event: 18.773 Thread 0x000001d06a0f5660 Implicit null exception at 0x000001d0159b97ab to 0x000001d0159bb8b0

ZGC Phase Switch (0 events):
No events

VM Operations (20 events):
Event: 17.233 Executing safepoint VM operation: ParallelGCFailedAllocation (Allocation Failure) done
Event: 17.267 Executing safepoint VM operation: ParallelGCFailedAllocation (Allocation Failure)
Event: 17.268 Executing safepoint VM operation: ParallelGCFailedAllocation (Allocation Failure) done
Event: 17.297 Executing safepoint VM operation: ParallelGCFailedAllocation (Allocation Failure)
Event: 17.298 Executing safepoint VM operation: ParallelGCFailedAllocation (Allocation Failure) done
Event: 17.328 Executing safepoint VM operation: ParallelGCFailedAllocation (Allocation Failure)
Event: 17.329 Executing safepoint VM operation: ParallelGCFailedAllocation (Allocation Failure) done
Event: 17.359 Executing safepoint VM operation: ParallelGCFailedAllocation (Allocation Failure)
Event: 17.360 Executing safepoint VM operation: ParallelGCFailedAllocation (Allocation Failure) done
Event: 17.377 Executing non-safepoint VM operation: HandshakeAllThreads (Deoptimize)
Event: 17.378 Executing non-safepoint VM operation: HandshakeAllThreads (Deoptimize) done
Event: 17.405 Executing non-safepoint VM operation: HandshakeAllThreads (Deoptimize)
Event: 17.405 Executing non-safepoint VM operation: HandshakeAllThreads (Deoptimize) done
Event: 17.616 Executing safepoint VM operation: ParallelGCFailedAllocation (Allocation Failure)
Event: 17.618 Executing safepoint VM operation: ParallelGCFailedAllocation (Allocation Failure) done
Event: 18.621 Executing safepoint VM operation: Cleanup
Event: 18.621 Executing safepoint VM operation: Cleanup done
Event: 19.627 Executing safepoint VM operation: Cleanup
Event: 19.810 Executing safepoint VM operation: Cleanup done
Event: 20.823 Executing safepoint VM operation: Cleanup

Memory protections (0 events):
No events

Nmethod flushes (20 events):
Event: 16.491 Thread 0x000001d00a59e730 flushing  nmethod 0x000001d00e220190
Event: 16.491 Thread 0x000001d00a59e730 flushing  nmethod 0x000001d00e235310
Event: 16.491 Thread 0x000001d00a59e730 flushing  nmethod 0x000001d00e235990
Event: 16.491 Thread 0x000001d00a59e730 flushing  nmethod 0x000001d00e248190
Event: 16.491 Thread 0x000001d00a59e730 flushing  nmethod 0x000001d00e26b690
Event: 16.491 Thread 0x000001d00a59e730 flushing  nmethod 0x000001d00e26c010
Event: 16.491 Thread 0x000001d00a59e730 flushing  nmethod 0x000001d00e286410
Event: 16.491 Thread 0x000001d00a59e730 flushing  nmethod 0x000001d00e286b10
Event: 16.491 Thread 0x000001d00a59e730 flushing  nmethod 0x000001d00e286e90
Event: 16.491 Thread 0x000001d00a59e730 flushing  nmethod 0x000001d00e289610
Event: 16.491 Thread 0x000001d00a59e730 flushing  nmethod 0x000001d00e28fe10
Event: 16.491 Thread 0x000001d00a59e730 flushing  nmethod 0x000001d00e2b1710
Event: 16.491 Thread 0x000001d00a59e730 flushing  nmethod 0x000001d00e2c6790
Event: 16.491 Thread 0x000001d00a59e730 flushing  nmethod 0x000001d00e2c7810
Event: 16.491 Thread 0x000001d00a59e730 flushing osr nmethod 0x000001d00e2e2e10
Event: 16.491 Thread 0x000001d00a59e730 flushing  nmethod 0x000001d00e2e5e10
Event: 16.491 Thread 0x000001d00a59e730 flushing  nmethod 0x000001d00e32b190
Event: 16.491 Thread 0x000001d00a59e730 flushing osr nmethod 0x000001d00e34e790
Event: 16.491 Thread 0x000001d00a59e730 flushing  nmethod 0x000001d00e357b90
Event: 16.491 Thread 0x000001d00a59e730 flushing  nmethod 0x000001d00e358e90

Events (20 events):
Event: 9.240 Thread 0x000001d0635c2540 Thread added: 0x000001d06ae81130
Event: 12.127 Thread 0x000001d063877750 Thread exited: 0x000001d063877750
Event: 13.173 Thread 0x000001d0636da790 Thread exited: 0x000001d0636da790
Event: 13.178 Thread 0x000001d0636d7c00 Thread exited: 0x000001d0636d7c00
Event: 13.194 Thread 0x000001d0635c2540 Thread added: 0x000001d06ae83a10
Event: 13.195 Thread 0x000001d0635c2540 Thread added: 0x000001d06c9c31a0
Event: 16.280 Thread 0x000001d06c9c31a0 Thread exited: 0x000001d06c9c31a0
Event: 16.285 Thread 0x000001d06ae83a10 Thread exited: 0x000001d06ae83a10
Event: 16.301 Thread 0x000001d0635c2540 Thread added: 0x000001d06ae83a10
Event: 16.341 Thread 0x000001d0635c2540 Thread added: 0x000001d06c9c08c0
Event: 16.341 Thread 0x000001d0635c2540 Thread added: 0x000001d06c9c0f90
Event: 18.716 Thread 0x000001d06c9c0f90 Thread exited: 0x000001d06c9c0f90
Event: 18.716 Thread 0x000001d06ae81130 Thread exited: 0x000001d06ae81130
Event: 18.716 Thread 0x000001d069e2d7c0 Thread exited: 0x000001d069e2d7c0
Event: 18.717 Thread 0x000001d06c9c08c0 Thread exited: 0x000001d06c9c08c0
Event: 18.717 Thread 0x000001d06ae83a10 Thread exited: 0x000001d06ae83a10
Event: 18.764 Thread 0x000001d0635c2540 Thread added: 0x000001d06c9c01f0
Event: 18.776 Thread 0x000001d06c9c01f0 Thread added: 0x000001d06c9c3f40
Event: 18.778 Thread 0x000001d06c9c01f0 Thread added: 0x000001d06c9c08c0
Event: 19.810 Thread 0x000001d06c9c01f0 Thread exited: 0x000001d06c9c01f0


Dynamic libraries:
0x00007ff748dc0000 - 0x00007ff748dce000 	c:\Users\davi4\.windsurf\extensions\redhat.java-1.53.0-win32-x64\jre\21.0.10-win32-x86_64\bin\java.exe
0x00007ff95f320000 - 0x00007ff95f588000 	C:\WINDOWS\SYSTEM32\ntdll.dll
0x00007ff95d0c0000 - 0x00007ff95d189000 	C:\WINDOWS\System32\KERNEL32.DLL
0x00007ff95c8b0000 - 0x00007ff95cca1000 	C:\WINDOWS\System32\KERNELBASE.dll
0x00007ff95c760000 - 0x00007ff95c8ab000 	C:\WINDOWS\System32\ucrtbase.dll
0x00007ff8fe670000 - 0x00007ff8fe688000 	c:\Users\davi4\.windsurf\extensions\redhat.java-1.53.0-win32-x64\jre\21.0.10-win32-x86_64\bin\jli.dll
0x00007ff92fc20000 - 0x00007ff92fc3e000 	c:\Users\davi4\.windsurf\extensions\redhat.java-1.53.0-win32-x64\jre\21.0.10-win32-x86_64\bin\VCRUNTIME140.dll
0x00007ff95f110000 - 0x00007ff95f2d6000 	C:\WINDOWS\System32\USER32.dll
0x00007ff95ad00000 - 0x00007ff95af93000 	C:\WINDOWS\WinSxS\amd64_microsoft.windows.common-controls_6595b64144ccf1df_6.0.26100.7824_none_3e0870b2e3345462\COMCTL32.dll
0x00007ff95bc00000 - 0x00007ff95bc27000 	C:\WINDOWS\System32\win32u.dll
0x00007ff95eee0000 - 0x00007ff95ef89000 	C:\WINDOWS\System32\msvcrt.dll
0x00007ff95e9c0000 - 0x00007ff95e9eb000 	C:\WINDOWS\System32\GDI32.dll
0x00007ff95cd70000 - 0x00007ff95ce9b000 	C:\WINDOWS\System32\gdi32full.dll
0x00007ff95c6b0000 - 0x00007ff95c753000 	C:\WINDOWS\System32\msvcp_win.dll
0x00007ff95d200000 - 0x00007ff95d231000 	C:\WINDOWS\System32\IMM32.DLL
0x00007ff955a60000 - 0x00007ff955a6c000 	c:\Users\davi4\.windsurf\extensions\redhat.java-1.53.0-win32-x64\jre\21.0.10-win32-x86_64\bin\vcruntime140_1.dll
0x00007ff873df0000 - 0x00007ff873e7d000 	c:\Users\davi4\.windsurf\extensions\redhat.java-1.53.0-win32-x64\jre\21.0.10-win32-x86_64\bin\msvcp140.dll
0x00007ff8569f0000 - 0x00007ff857791000 	c:\Users\davi4\.windsurf\extensions\redhat.java-1.53.0-win32-x64\jre\21.0.10-win32-x86_64\bin\server\jvm.dll
0x00007ff95d700000 - 0x00007ff95d7b4000 	C:\WINDOWS\System32\ADVAPI32.dll
0x00007ff95e7f0000 - 0x00007ff95e896000 	C:\WINDOWS\System32\sechost.dll
0x00007ff95d560000 - 0x00007ff95d678000 	C:\WINDOWS\System32\RPCRT4.dll
0x00007ff95d680000 - 0x00007ff95d6f4000 	C:\WINDOWS\System32\WS2_32.dll
0x00007ff95ba60000 - 0x00007ff95babe000 	C:\WINDOWS\SYSTEM32\POWRPROF.dll
0x00007ff9538e0000 - 0x00007ff9538eb000 	C:\WINDOWS\SYSTEM32\VERSION.dll
0x00007ff94c900000 - 0x00007ff94c935000 	C:\WINDOWS\SYSTEM32\WINMM.dll
0x00007ff95b990000 - 0x00007ff95b9a4000 	C:\WINDOWS\SYSTEM32\UMPDC.dll
0x00007ff95a030000 - 0x00007ff95a04b000 	C:\WINDOWS\SYSTEM32\kernel.appcore.dll
0x00007ff953380000 - 0x00007ff95338a000 	c:\Users\davi4\.windsurf\extensions\redhat.java-1.53.0-win32-x64\jre\21.0.10-win32-x86_64\bin\jimage.dll
0x00007ff95b3b0000 - 0x00007ff95b5f2000 	C:\WINDOWS\SYSTEM32\DBGHELP.DLL
0x00007ff95eaf0000 - 0x00007ff95ee76000 	C:\WINDOWS\System32\combase.dll
0x00007ff95d2c0000 - 0x00007ff95d397000 	C:\WINDOWS\System32\OLEAUT32.dll
0x00007ff95b2a0000 - 0x00007ff95b2db000 	C:\WINDOWS\SYSTEM32\dbgcore.DLL
0x00007ff95d010000 - 0x00007ff95d0b5000 	C:\WINDOWS\System32\bcryptPrimitives.dll
0x00007ff931510000 - 0x00007ff93151f000 	c:\Users\davi4\.windsurf\extensions\redhat.java-1.53.0-win32-x64\jre\21.0.10-win32-x86_64\bin\instrument.dll
0x00007ff8f9dd0000 - 0x00007ff8f9df0000 	c:\Users\davi4\.windsurf\extensions\redhat.java-1.53.0-win32-x64\jre\21.0.10-win32-x86_64\bin\java.dll
0x00007ff95d960000 - 0x00007ff95e0b2000 	C:\WINDOWS\System32\SHELL32.dll
0x00007ff95cea0000 - 0x00007ff95d00a000 	C:\WINDOWS\System32\wintypes.dll
0x00007ff95bdb0000 - 0x00007ff95c613000 	C:\WINDOWS\System32\windows.storage.dll
0x00007ff95ef90000 - 0x00007ff95f086000 	C:\WINDOWS\System32\SHCORE.dll
0x00007ff95d240000 - 0x00007ff95d2a7000 	C:\WINDOWS\System32\shlwapi.dll
0x00007ff95bb20000 - 0x00007ff95bb49000 	C:\WINDOWS\SYSTEM32\profapi.dll
0x00007ff8d4dc0000 - 0x00007ff8d4dd8000 	c:\Users\davi4\.windsurf\extensions\redhat.java-1.53.0-win32-x64\jre\21.0.10-win32-x86_64\bin\zip.dll
0x00007ff92fff0000 - 0x00007ff930000000 	C:\Users\davi4\.windsurf\extensions\redhat.java-1.53.0-win32-x64\jre\21.0.10-win32-x86_64\bin\net.dll
0x00007ff954e90000 - 0x00007ff954fb7000 	C:\WINDOWS\SYSTEM32\WINHTTP.dll
0x00007ff95a540000 - 0x00007ff95a5ab000 	C:\WINDOWS\system32\mswsock.dll
0x00007ff8bc9d0000 - 0x00007ff8bc9e6000 	C:\Users\davi4\.windsurf\extensions\redhat.java-1.53.0-win32-x64\jre\21.0.10-win32-x86_64\bin\nio.dll
0x00007ff92fbc0000 - 0x00007ff92fbd0000 	c:\Users\davi4\.windsurf\extensions\redhat.java-1.53.0-win32-x64\jre\21.0.10-win32-x86_64\bin\verify.dll
0x00007ff8c8e10000 - 0x00007ff8c8e55000 	C:\Users\davi4\AppData\Roaming\Windsurf\User\globalStorage\redhat.java\1.53.0\config_win\org.eclipse.equinox.launcher\org.eclipse.equinox.launcher.win32.win32.x86_64_1.3.0.v20260203-2149\eclipse_11919.dll
0x00007ff95d7c0000 - 0x00007ff95d957000 	C:\WINDOWS\System32\ole32.dll
0x00007ff95b720000 - 0x00007ff95b73b000 	C:\WINDOWS\SYSTEM32\CRYPTSP.dll
0x00007ff95a930000 - 0x00007ff95a969000 	C:\WINDOWS\system32\rsaenh.dll
0x00007ff95a5b0000 - 0x00007ff95a5db000 	C:\WINDOWS\SYSTEM32\USERENV.dll
0x00007ff95baf0000 - 0x00007ff95bb1a000 	C:\WINDOWS\SYSTEM32\bcrypt.dll
0x00007ff95a920000 - 0x00007ff95a92c000 	C:\WINDOWS\SYSTEM32\CRYPTBASE.dll
0x00007ff959a60000 - 0x00007ff959a94000 	C:\WINDOWS\SYSTEM32\IPHLPAPI.DLL
0x00007ff95d2b0000 - 0x00007ff95d2ba000 	C:\WINDOWS\System32\NSI.dll
0x00007ff92a8d0000 - 0x00007ff92a919000 	C:\Users\davi4\AppData\Local\Temp\jna-95358532\jna9034389638410542653.dll
0x00007ff95d550000 - 0x00007ff95d558000 	C:\WINDOWS\System32\PSAPI.DLL
0x00007ff953ee0000 - 0x00007ff953efe000 	C:\WINDOWS\SYSTEM32\dhcpcsvc6.DLL
0x00007ff953d00000 - 0x00007ff953d23000 	C:\WINDOWS\SYSTEM32\dhcpcsvc.DLL

JVMTI agents:
c:\Users\davi4\.windsurf\extensions\redhat.java-1.53.0-win32-x64\lombok\lombok-1.18.39-4050.jar path:c:\Users\davi4\.windsurf\extensions\redhat.java-1.53.0-win32-x64\jre\21.0.10-win32-x86_64\bin\instrument.dll, loaded, initialized, instrumentlib options:none

dbghelp: loaded successfully - version: 4.0.5 - missing functions: none
symbol engine: initialized successfully - sym options: 0x614 - pdb path: .;c:\Users\davi4\.windsurf\extensions\redhat.java-1.53.0-win32-x64\jre\21.0.10-win32-x86_64\bin;C:\WINDOWS\SYSTEM32;C:\WINDOWS\WinSxS\amd64_microsoft.windows.common-controls_6595b64144ccf1df_6.0.26100.7824_none_3e0870b2e3345462;c:\Users\davi4\.windsurf\extensions\redhat.java-1.53.0-win32-x64\jre\21.0.10-win32-x86_64\bin\server;C:\Users\davi4\AppData\Roaming\Windsurf\User\globalStorage\redhat.java\1.53.0\config_win\org.eclipse.equinox.launcher\org.eclipse.equinox.launcher.win32.win32.x86_64_1.3.0.v20260203-2149;C:\Users\davi4\AppData\Local\Temp\jna-95358532

VM Arguments:
jvm_args: --add-modules=ALL-SYSTEM --add-opens=java.base/java.util=ALL-UNNAMED --add-opens=java.base/java.lang=ALL-UNNAMED --add-opens=java.base/sun.nio.fs=ALL-UNNAMED -Declipse.application=org.eclipse.jdt.ls.core.id1 -Dosgi.bundles.defaultStartLevel=4 -Declipse.product=org.eclipse.jdt.ls.core.product -Djava.import.generatesMetadataFilesAtProjectRoot=false -DDetectVMInstallationsJob.disabled=true -Dfile.encoding=utf8 -XX:+UseParallelGC -XX:GCTimeRatio=4 -XX:AdaptiveSizePolicyWeight=90 -Dsun.zip.disableMemoryMapping=true -Xmx2G -Xms100m -Xlog:disable -javaagent:c:\Users\davi4\.windsurf\extensions\redhat.java-1.53.0-win32-x64\lombok\lombok-1.18.39-4050.jar -XX:+HeapDumpOnOutOfMemoryError -XX:HeapDumpPath=c:\Users\davi4\AppData\Roaming\Windsurf\User\workspaceStorage\480e1d6f9199f74cf5298c7c52811d38\redhat.java -Daether.dependencyCollector.impl=bf 
java_command: c:\Users\davi4\.windsurf\extensions\redhat.java-1.53.0-win32-x64\server\plugins\org.eclipse.equinox.launcher_1.7.100.v20251111-0406.jar -configuration c:\Users\davi4\AppData\Roaming\Windsurf\User\globalStorage\redhat.java\1.53.0\config_win -data c:\Users\davi4\AppData\Roaming\Windsurf\User\workspaceStorage\480e1d6f9199f74cf5298c7c52811d38\redhat.java\jdt_ws --pipe=\\.\pipe\lsp-c1814f181ca2d0d1432c0884c62eb577-sock
java_class_path (initial): c:\Users\davi4\.windsurf\extensions\redhat.java-1.53.0-win32-x64\server\plugins\org.eclipse.equinox.launcher_1.7.100.v20251111-0406.jar
Launcher Type: SUN_STANDARD

[Global flags]
    uintx AdaptiveSizePolicyWeight                 = 90                                        {product} {command line}
     intx CICompilerCount                          = 12                                        {product} {ergonomic}
    uintx GCTimeRatio                              = 4                                         {product} {command line}
     bool HeapDumpOnOutOfMemoryError               = true                                   {manageable} {command line}
    ccstr HeapDumpPath                             = c:\Users\davi4\AppData\Roaming\Windsurf\User\workspaceStorage\480e1d6f9199f74cf5298c7c52811d38\redhat.java         {manageable} {command line}
   size_t InitialHeapSize                          = 104857600                                 {product} {command line}
   size_t MaxHeapSize                              = 2147483648                                {product} {command line}
   size_t MaxNewSize                               = 715653120                                 {product} {ergonomic}
   size_t MinHeapDeltaBytes                        = 524288                                    {product} {ergonomic}
   size_t MinHeapSize                              = 104857600                                 {product} {command line}
   size_t NewSize                                  = 34603008                                  {product} {ergonomic}
    uintx NonNMethodCodeHeapSize                   = 7602480                                {pd product} {ergonomic}
    uintx NonProfiledCodeHeapSize                  = 122027880                              {pd product} {ergonomic}
   size_t OldSize                                  = 70254592                                  {product} {ergonomic}
    uintx ProfiledCodeHeapSize                     = 122027880                              {pd product} {ergonomic}
    uintx ReservedCodeCacheSize                    = 251658240                              {pd product} {ergonomic}
     bool SegmentedCodeCache                       = true                                      {product} {ergonomic}
   size_t SoftMaxHeapSize                          = 2147483648                             {manageable} {ergonomic}
     bool UseCompressedOops                        = true                           {product lp64_product} {ergonomic}
     bool UseLargePagesIndividualAllocation        = false                                  {pd product} {ergonomic}
     bool UseParallelGC                            = true                                      {product} {command line}

Logging:
Log output configuration:
 #0: stdout all=off uptime,level,tags foldmultilines=false
 #1: stderr all=off uptime,level,tags foldmultilines=false

Release file:
JAVA_VERSION="21.0.10" 
MODULES="java.base java.compiler java.datatransfer java.xml java.prefs java.desktop java.instrument java.logging java.management java.security.sasl java.naming java.rmi java.management.rmi java.net.http java.scripting java.security.jgss java.transaction.xa java.sql java.sql.rowset java.xml.crypto java.se java.smartcardio jdk.accessibility jdk.internal.jvmstat jdk.attach jdk.charsets jdk.internal.opt jdk.zipfs jdk.compiler jdk.crypto.ec jdk.crypto.cryptoki jdk.crypto.mscapi jdk.dynalink jdk.internal.ed jdk.editpad jdk.hotspot.agent jdk.httpserver jdk.internal.le jdk.internal.vm.ci jdk.internal.vm.compiler jdk.internal.vm.compiler.management jdk.jartool jdk.javadoc jdk.jcmd jdk.management jdk.management.agent jdk.jconsole jdk.jdeps jdk.jdwp.agent jdk.jdi jdk.jfr jdk.jshell jdk.jsobject jdk.jstatd jdk.localedata jdk.management.jfr jdk.naming.dns jdk.naming.rmi jdk.net jdk.nio.mapmode jdk.random jdk.sctp jdk.security.auth jdk.security.jgss jdk.unsupported jdk.unsupported.desktop jdk.xml.dom" 

Environment Variables:
JAVA_HOME=C:\Program Files\Amazon Corretto\jdk21.0.8_9
PATH=C:\Program Files\Amazon Corretto\jdk21.0.8_9\bin;C:\Program Files\Common Files\Oracle\Java\javapath;C:\Program Files (x86)\Common Files\Oracle\Java\javapath;C:\app\davi4\product\18.0.0\dbhomeXE\bin;C:\WINDOWS\system32;C:\WINDOWS;C:\WINDOWS\System32\Wbem;C:\WINDOWS\System32\WindowsPowerShell\v1.0\;C:\WINDOWS\System32\OpenSSH\;C:\Program Files (x86)\NVIDIA Corporation\PhysX\Common;C:\Program Files\Git\cmd;;C:\Program Files\Docker\Docker\resources\bin;C:\composer;C:\AppServ\php7;C:\Program Files\Java\jdk1.8.0_111\bin;C:\Program Files\nodejs\;C:\Program Files\NVIDIA Corporation\NVIDIA app\NvDLISR;C:\Users\davi4\.console-ninja\.bin;C:\Users\davi4\AppData\Local\Microsoft\WindowsApps;C:\Users\davi4\AppData\Roaming\nvm;C:\Program Files\nodejs;C:\Users\davi4\AppData\Local\Programs\Microsoft VS Code\bin;C:\Users\davi4\AppData\Local\GitHubDesktop\bin;C:\Program Files\JetBrains\IntelliJ IDEA Community Edition 2025.2.2\bin;C:\Users\davi4\AppData\Roaming\Composer\vendor\bin;C:\AppServ\Apache24\bin;C:\AppServ\php7;C:\AppServ\MySQL\bin;C:\Program Files\Java\jdk-17;C:\flutter\bin;C:\Users\davi4\AppData\Roaming\npm;C:\Users\davi4\AppData\Local\Microsoft\WindowsApps;C:\Users\davi4\AppData\Local\Programs\cursor\resources\app\bin;C:\Users\davi4\AppData\Local\Programs\Windsurf\bin
USERNAME=davi4
OS=Windows_NT
PROCESSOR_IDENTIFIER=AMD64 Family 23 Model 113 Stepping 0, AuthenticAMD
TMP=C:\Users\davi4\AppData\Local\Temp
TEMP=C:\Users\davi4\AppData\Local\Temp




Periodic native trim disabled

---------------  S Y S T E M  ---------------

OS:
 Windows 11 , 64 bit Build 26100 (10.0.26100.7705)
OS uptime: 0 days 3:34 hours
Hyper-V role detected

CPU: total 16 (initial active 16) (16 cores per cpu, 2 threads per core) family 23 model 113 stepping 0 microcode 0x8701013, cx8, cmov, fxsr, ht, mmx, 3dnowpref, sse, sse2, sse3, ssse3, sse4a, sse4.1, sse4.2, popcnt, lzcnt, tsc, tscinvbit, avx, avx2, aes, clmul, bmi1, bmi2, adx, sha, fma, vzeroupper, clflush, clflushopt, hv, rdtscp, rdpid, f16c
Processor Information for the first 16 processors :
  Max Mhz: 3593, Current Mhz: 3593, Mhz Limit: 3593

Memory: 4k page, system-wide physical 32719M (844M free)
TotalPageFile size 89772M (AvailPageFile size 5M)
current process WorkingSet (physical memory assigned to process): 474M, peak: 499M
current process commit charge ("private bytes"): 557M, peak: 589M

vm_info: OpenJDK 64-Bit Server VM (21.0.10+7-LTS) for windows-amd64 JRE (21.0.10+7-LTS), built on 2026-01-20T00:00:00Z by "admin" with MS VC++ 17.12 (VS2022)

END.
