#
# There is insufficient memory for the Java Runtime Environment to continue.
# Native memory allocation (malloc) failed to allocate 1048576 bytes. Error detail: AllocateHeap
# Possible reasons:
#   The system is out of physical RAM or swap space
#   This process is running with CompressedOops enabled, and the Java Heap may be blocking the growth of the native heap
# Possible solutions:
#   Reduce memory load on the system
#   Increase physical memory or swap space
#   Check if swap backing store is full
#   Decrease Java heap size (-Xmx/-Xms)
#   Decrease number of Java threads
#   Decrease Java thread stack sizes (-Xss)
#   Set larger code cache with -XX:ReservedCodeCacheSize=
#   JVM is running with Unscaled Compressed Oops mode in which the Java heap is
#     placed in the first 4GB address space. The Java Heap base address is the
#     maximum limit for the native heap growth. Please use -XX:HeapBaseMinAddress
#     to set the Java Heap base and to place the Java Heap above 4GB virtual address.
# This output file may be truncated or incomplete.
#
#  Out of Memory Error (allocation.cpp:44), pid=111048, tid=74068
#
# JRE version: OpenJDK Runtime Environment Temurin-21.0.10+7 (21.0.10+7) (build 21.0.10+7-LTS)
# Java VM: OpenJDK 64-Bit Server VM Temurin-21.0.10+7 (21.0.10+7-LTS, mixed mode, sharing, tiered, compressed oops, compressed class ptrs, parallel gc, windows-amd64)
# No core dump will be written. Minidumps are not enabled by default on client versions of Windows
#

---------------  S U M M A R Y ------------

Command Line: --add-modules=ALL-SYSTEM --add-opens=java.base/java.util=ALL-UNNAMED --add-opens=java.base/java.lang=ALL-UNNAMED --add-opens=java.base/sun.nio.fs=ALL-UNNAMED -Declipse.application=org.eclipse.jdt.ls.core.id1 -Dosgi.bundles.defaultStartLevel=4 -Declipse.product=org.eclipse.jdt.ls.core.product -Djava.import.generatesMetadataFilesAtProjectRoot=false -DDetectVMInstallationsJob.disabled=true -Dfile.encoding=utf8 -XX:+UseParallelGC -XX:GCTimeRatio=4 -XX:AdaptiveSizePolicyWeight=90 -Dsun.zip.disableMemoryMapping=true -Xmx2G -Xms100m -Xlog:disable -javaagent:c:\Users\davi4\.windsurf\extensions\redhat.java-1.53.0-win32-x64\lombok\lombok-1.18.39-4050.jar -XX:+HeapDumpOnOutOfMemoryError -XX:HeapDumpPath=c:\Users\davi4\AppData\Roaming\Windsurf\User\workspaceStorage\480e1d6f9199f74cf5298c7c52811d38\redhat.java -Daether.dependencyCollector.impl=bf c:\Users\davi4\.windsurf\extensions\redhat.java-1.53.0-win32-x64\server\plugins\org.eclipse.equinox.launcher_1.7.100.v20251111-0406.jar -configuration c:\Users\davi4\AppData\Roaming\Windsurf\User\globalStorage\redhat.java\1.53.0\config_win -data c:\Users\davi4\AppData\Roaming\Windsurf\User\workspaceStorage\480e1d6f9199f74cf5298c7c52811d38\redhat.java\jdt_ws --pipe=\\.\pipe\lsp-1767491ecf51955b98e441d31a9b9236-sock

Host: AMD Ryzen 7 3700X 8-Core Processor             , 16 cores, 31G,  Windows 11 , 64 bit Build 26100 (10.0.26100.7705)
Time: Mon Mar  2 22:22:34 2026 SA Pacific Standard Time elapsed time: 1799.164247 seconds (0d 0h 29m 59s)

---------------  T H R E A D  ---------------

Current thread (0x0000020bd62a2320):  JavaThread "Attach Listener" daemon [_thread_in_vm, id=74068, stack(0x000000720bb00000,0x000000720bc00000) (1024K)]

Stack: [0x000000720bb00000,0x000000720bc00000]
Native frames: (J=compiled Java code, j=interpreted, Vv=VM code, C=native code)
V  [jvm.dll+0x6d7a39]
V  [jvm.dll+0x8b4b26]
V  [jvm.dll+0x8b70de]
V  [jvm.dll+0x8b77c3]
V  [jvm.dll+0x284346]
V  [jvm.dll+0xc1277]
V  [jvm.dll+0x6d82e9]
V  [jvm.dll+0x1334a6]
V  [jvm.dll+0x3f857e]
V  [jvm.dll+0x85f59d]
V  [jvm.dll+0x6d626d]
C  [ucrtbase.dll+0x37b0]
C  [KERNEL32.DLL+0x2e8d7]
C  [ntdll.dll+0x8c40c]


---------------  P R O C E S S  ---------------

Threads class SMR info:
_java_thread_list=0x0000020bfc136d60, length=58, elements={
0x0000020bd61eb2e0, 0x0000020bd62943b0, 0x0000020bee97e300, 0x0000020bd62a3040,
0x0000020bd62a2320, 0x0000020bd62a29b0, 0x0000020bd62a0f70, 0x0000020bd62ae5b0,
0x0000020befe48b10, 0x0000020bd62a1c90, 0x0000020bd62a36d0, 0x0000020bd62a08e0,
0x0000020bd62a1600, 0x0000020bf61b6920, 0x0000020bf61b7cd0, 0x0000020bf61b4850,
0x0000020bf61b6fb0, 0x0000020bf61b6290, 0x0000020bf61b7640, 0x0000020bf61b8360,
0x0000020bf61b5570, 0x0000020bf61ba430, 0x0000020bf61bbe70, 0x0000020bf61baac0,
0x0000020bf61bb150, 0x0000020bf61bb7e0, 0x0000020bf61b9080, 0x0000020bf61b9710,
0x0000020bf6cca340, 0x0000020bf6ccbd80, 0x0000020bf6cc9620, 0x0000020bf6cc8900,
0x0000020bf6cc8f90, 0x0000020bf6ccb6f0, 0x0000020bf6ccc410, 0x0000020bf6ccd130,
0x0000020bf6cca9d0, 0x0000020bf6cccaa0, 0x0000020bf6ccde50, 0x0000020bf6ccff20,
0x0000020bf6ccd7c0, 0x0000020bf01b5640, 0x0000020bf01b3570, 0x0000020bf00b5740,
0x0000020bf00b7180, 0x0000020bf00b5dd0, 0x0000020bf00b7810, 0x0000020bf00b6460,
0x0000020bf00b50b0, 0x0000020bf00bb320, 0x0000020bf00b98e0, 0x0000020bf00b9f70,
0x0000020bcc945d60, 0x0000020bcc9463f0, 0x0000020bcc94a590, 0x0000020bcc9484c0,
0x0000020bcc949870, 0x0000020bcc94bfd0
}

Java Threads: ( => current thread )
  0x0000020bd61eb2e0 JavaThread "main"                              [_thread_blocked, id=68700, stack(0x000000720b400000,0x000000720b500000) (1024K)]
  0x0000020bd62943b0 JavaThread "Reference Handler"          daemon [_thread_blocked, id=117448, stack(0x000000720b800000,0x000000720b900000) (1024K)]
  0x0000020bee97e300 JavaThread "Finalizer"                  daemon [_thread_blocked, id=118060, stack(0x000000720b900000,0x000000720ba00000) (1024K)]
  0x0000020bd62a3040 JavaThread "Signal Dispatcher"          daemon [_thread_blocked, id=111684, stack(0x000000720ba00000,0x000000720bb00000) (1024K)]
=>0x0000020bd62a2320 JavaThread "Attach Listener"            daemon [_thread_in_vm, id=74068, stack(0x000000720bb00000,0x000000720bc00000) (1024K)]
  0x0000020bd62a29b0 JavaThread "Service Thread"             daemon [_thread_blocked, id=114344, stack(0x000000720bc00000,0x000000720bd00000) (1024K)]
  0x0000020bd62a0f70 JavaThread "Monitor Deflation Thread"   daemon [_thread_blocked, id=24168, stack(0x000000720bd00000,0x000000720be00000) (1024K)]
  0x0000020bd62ae5b0 JavaThread "C2 CompilerThread0"         daemon [_thread_blocked, id=118304, stack(0x000000720be00000,0x000000720bf00000) (1024K)]
  0x0000020befe48b10 JavaThread "C1 CompilerThread0"         daemon [_thread_blocked, id=113080, stack(0x000000720bf00000,0x000000720c000000) (1024K)]
  0x0000020bd62a1c90 JavaThread "Common-Cleaner"             daemon [_thread_blocked, id=23872, stack(0x000000720c200000,0x000000720c300000) (1024K)]
  0x0000020bd62a36d0 JavaThread "Notification Thread"        daemon [_thread_blocked, id=109436, stack(0x000000720c500000,0x000000720c600000) (1024K)]
  0x0000020bd62a08e0 JavaThread "Active Thread: Equinox Container: a3d327cd-e650-4d22-824c-5bf87de8c78b"        [_thread_blocked, id=118120, stack(0x000000720ce00000,0x000000720cf00000) (1024K)]
  0x0000020bd62a1600 JavaThread "Refresh Thread: Equinox Container: a3d327cd-e650-4d22-824c-5bf87de8c78b" daemon [_thread_blocked, id=111736, stack(0x000000720cf00000,0x000000720d000000) (1024K)]
  0x0000020bf61b6920 JavaThread "Framework Event Dispatcher: Equinox Container: a3d327cd-e650-4d22-824c-5bf87de8c78b" daemon [_thread_blocked, id=110520, stack(0x000000720d000000,0x000000720d100000) (1024K)]
  0x0000020bf61b7cd0 JavaThread "Start Level: Equinox Container: a3d327cd-e650-4d22-824c-5bf87de8c78b" daemon [_thread_blocked, id=112728, stack(0x000000720d100000,0x000000720d200000) (1024K)]
  0x0000020bf61b4850 JavaThread "Bundle File Closer"         daemon [_thread_blocked, id=107692, stack(0x000000720d500000,0x000000720d600000) (1024K)]
  0x0000020bf61b6fb0 JavaThread "SCR Component Actor"        daemon [_thread_blocked, id=119564, stack(0x000000720d600000,0x000000720d700000) (1024K)]
  0x0000020bf61b6290 JavaThread "Worker-JM"                         [_thread_blocked, id=12516, stack(0x000000720d800000,0x000000720d900000) (1024K)]
  0x0000020bf61b7640 JavaThread "Worker-0"                          [_thread_blocked, id=78140, stack(0x000000720da00000,0x000000720db00000) (1024K)]
  0x0000020bf61b8360 JavaThread "Java indexing"              daemon [_thread_blocked, id=115084, stack(0x000000720dc00000,0x000000720dd00000) (1024K)]
  0x0000020bf61b5570 JavaThread "JNA Cleaner"                daemon [_thread_blocked, id=116576, stack(0x000000720dd00000,0x000000720de00000) (1024K)]
  0x0000020bf61ba430 JavaThread "Thread-1"                   daemon [_thread_in_native, id=53284, stack(0x000000720e300000,0x000000720e400000) (1024K)]
  0x0000020bf61bbe70 JavaThread "Thread-2"                   daemon [_thread_in_native, id=112180, stack(0x000000720e400000,0x000000720e500000) (1024K)]
  0x0000020bf61baac0 JavaThread "Thread-3"                   daemon [_thread_in_native, id=54344, stack(0x000000720e500000,0x000000720e600000) (1024K)]
  0x0000020bf61bb150 JavaThread "Thread-4"                   daemon [_thread_in_native, id=105972, stack(0x000000720e600000,0x000000720e700000) (1024K)]
  0x0000020bf61bb7e0 JavaThread "Thread-5"                   daemon [_thread_in_native, id=24476, stack(0x000000720e700000,0x000000720e800000) (1024K)]
  0x0000020bf61b9080 JavaThread "Thread-6"                   daemon [_thread_in_native, id=24072, stack(0x000000720e800000,0x000000720e900000) (1024K)]
  0x0000020bf61b9710 JavaThread "Thread-7"                   daemon [_thread_in_native, id=116724, stack(0x000000720e900000,0x000000720ea00000) (1024K)]
  0x0000020bf6cca340 JavaThread "Thread-8"                   daemon [_thread_in_native, id=115844, stack(0x000000720ea00000,0x000000720eb00000) (1024K)]
  0x0000020bf6ccbd80 JavaThread "Thread-9"                   daemon [_thread_in_native, id=54420, stack(0x000000720eb00000,0x000000720ec00000) (1024K)]
  0x0000020bf6cc9620 JavaThread "Thread-10"                  daemon [_thread_in_native, id=48976, stack(0x000000720ec00000,0x000000720ed00000) (1024K)]
  0x0000020bf6cc8900 JavaThread "Thread-11"                  daemon [_thread_in_native, id=73520, stack(0x000000720ed00000,0x000000720ee00000) (1024K)]
  0x0000020bf6cc8f90 JavaThread "Thread-12"                  daemon [_thread_in_native, id=113784, stack(0x000000720ee00000,0x000000720ef00000) (1024K)]
  0x0000020bf6ccb6f0 JavaThread "Thread-13"                  daemon [_thread_in_native, id=110048, stack(0x000000720ef00000,0x000000720f000000) (1024K)]
  0x0000020bf6ccc410 JavaThread "Thread-14"                  daemon [_thread_in_native, id=104096, stack(0x000000720f000000,0x000000720f100000) (1024K)]
  0x0000020bf6ccd130 JavaThread "Thread-15"                  daemon [_thread_in_native, id=23568, stack(0x000000720f100000,0x000000720f200000) (1024K)]
  0x0000020bf6cca9d0 JavaThread "Thread-16"                  daemon [_thread_in_native, id=23660, stack(0x000000720f200000,0x000000720f300000) (1024K)]
  0x0000020bf6cccaa0 JavaThread "Thread-17"                  daemon [_thread_in_native, id=118584, stack(0x000000720f300000,0x000000720f400000) (1024K)]
  0x0000020bf6ccde50 JavaThread "pool-2-thread-1"                   [_thread_blocked, id=102440, stack(0x000000720f800000,0x000000720f900000) (1024K)]
  0x0000020bf6ccff20 JavaThread "WorkspaceEventsHandler"            [_thread_blocked, id=115244, stack(0x000000720fb00000,0x000000720fc00000) (1024K)]
  0x0000020bf6ccd7c0 JavaThread "pool-1-thread-1"                   [_thread_blocked, id=23576, stack(0x000000720fc00000,0x000000720fd00000) (1024K)]
  0x0000020bf01b5640 JavaThread "ForkJoinPool.commonPool-worker-17" daemon [_thread_blocked, id=127100, stack(0x000000720c100000,0x000000720c200000) (1024K)]
  0x0000020bf01b3570 JavaThread "Cleaner-0"                  daemon [_thread_blocked, id=127140, stack(0x000000720df00000,0x000000720e000000) (1024K)]
  0x0000020bf00b5740 JavaThread "ForkJoinPool.commonPool-worker-21" daemon [_thread_blocked, id=128904, stack(0x000000720db00000,0x000000720dc00000) (1024K)]
  0x0000020bf00b7180 JavaThread "ForkJoinPool.commonPool-worker-23" daemon [_thread_blocked, id=124472, stack(0x000000720de00000,0x000000720df00000) (1024K)]
  0x0000020bf00b5dd0 JavaThread "ForkJoinPool.commonPool-worker-22" daemon [_thread_blocked, id=125248, stack(0x000000720e000000,0x000000720e100000) (1024K)]
  0x0000020bf00b7810 JavaThread "ForkJoinPool.commonPool-worker-24" daemon [_thread_blocked, id=126092, stack(0x000000720e100000,0x000000720e200000) (1024K)]
  0x0000020bf00b6460 JavaThread "ForkJoinPool.commonPool-worker-26" daemon [_thread_blocked, id=128380, stack(0x000000720e200000,0x000000720e300000) (1024K)]
  0x0000020bf00b50b0 JavaThread "ForkJoinPool.commonPool-worker-27" daemon [_thread_blocked, id=124404, stack(0x000000720f500000,0x000000720f600000) (1024K)]
  0x0000020bf00bb320 JavaThread "ForkJoinPool.commonPool-worker-30" daemon [_thread_blocked, id=125552, stack(0x000000720f900000,0x000000720fa00000) (1024K)]
  0x0000020bf00b98e0 JavaThread "ForkJoinPool.commonPool-worker-31" daemon [_thread_blocked, id=128652, stack(0x000000720fa00000,0x000000720fb00000) (1024K)]
  0x0000020bf00b9f70 JavaThread "ForkJoinPool.commonPool-worker-32" daemon [_thread_blocked, id=129012, stack(0x000000720fd00000,0x000000720fe00000) (1024K)]
  0x0000020bcc945d60 JavaThread "Compiler Source File Reader" daemon [_thread_blocked, id=125824, stack(0x0000007210100000,0x0000007210200000) (1024K)]
  0x0000020bcc9463f0 JavaThread "Compiler Source File Reader" daemon [_thread_blocked, id=128680, stack(0x000000720b200000,0x000000720b300000) (1024K)]
  0x0000020bcc94a590 JavaThread "Compiler Source File Reader" daemon [_thread_blocked, id=128308, stack(0x000000720b300000,0x000000720b400000) (1024K)]
  0x0000020bcc9484c0 JavaThread "Worker-13"                         [_thread_blocked, id=124156, stack(0x000000720c600000,0x000000720c700000) (1024K)]
  0x0000020bcc949870 JavaThread "Compiler Source File Reader" daemon [_thread_blocked, id=130712, stack(0x000000720f600000,0x000000720f700000) (1024K)]
  0x0000020bcc94bfd0 JavaThread "Compiler Source File Reader" daemon [_thread_blocked, id=128884, stack(0x000000720f700000,0x000000720f800000) (1024K)]
Total: 58

Other Threads:
  0x0000020bd628fad0 VMThread "VM Thread"                           [id=104224, stack(0x000000720b700000,0x000000720b800000) (1024K)] _threads_hazard_ptr=0x0000020bfc136d60
  0x0000020bee85cb20 WatcherThread "VM Periodic Task Thread"        [id=108492, stack(0x000000720b600000,0x000000720b700000) (1024K)]
  0x0000020bd6208cb0 WorkerThread "GC Thread#0"                     [id=113432, stack(0x000000720b500000,0x000000720b600000) (1024K)]
  0x0000020bf1957d70 WorkerThread "GC Thread#1"                     [id=112372, stack(0x000000720c700000,0x000000720c800000) (1024K)]
  0x0000020bf1958120 WorkerThread "GC Thread#2"                     [id=118264, stack(0x000000720c800000,0x000000720c900000) (1024K)]
  0x0000020bf19584d0 WorkerThread "GC Thread#3"                     [id=110316, stack(0x000000720c900000,0x000000720ca00000) (1024K)]
  0x0000020bf6063040 WorkerThread "GC Thread#4"                     [id=110924, stack(0x000000720ca00000,0x000000720cb00000) (1024K)]
  0x0000020bf1c9c300 WorkerThread "GC Thread#5"                     [id=21560, stack(0x000000720cb00000,0x000000720cc00000) (1024K)]
  0x0000020bf1c9a930 WorkerThread "GC Thread#6"                     [id=108552, stack(0x000000720cc00000,0x000000720cd00000) (1024K)]
  0x0000020bf1c9bf50 WorkerThread "GC Thread#7"                     [id=111460, stack(0x000000720cd00000,0x000000720ce00000) (1024K)]
  0x0000020bf1c9bba0 WorkerThread "GC Thread#8"                     [id=111264, stack(0x000000720d200000,0x000000720d300000) (1024K)]
  0x0000020bf1c9b440 WorkerThread "GC Thread#9"                     [id=104904, stack(0x000000720d300000,0x000000720d400000) (1024K)]
  0x0000020bf1c9ace0 WorkerThread "GC Thread#10"                    [id=111148, stack(0x000000720d400000,0x000000720d500000) (1024K)]
  0x0000020bf6b56910 WorkerThread "GC Thread#11"                    [id=118696, stack(0x000000720d700000,0x000000720d800000) (1024K)]
  0x0000020bf6b56cc0 WorkerThread "GC Thread#12"                    [id=115008, stack(0x000000720d900000,0x000000720da00000) (1024K)]
Total: 15

Threads with active compile tasks:
Total: 0

VM state: synchronizing (normal execution)

VM Mutex/Monitor currently owned by a thread:  ([mutex/lock_event])
[0x00007ff8576ae560] Threads_lock - owner thread: 0x0000020bd628fad0
[0x00007ff8576ae660] Heap_lock - owner thread: 0x0000020bf6ccd7c0

Heap address: 0x0000000080000000, size: 2048 MB, Compressed Oops mode: 32-bit

CDS archive(s) mapped at: [0x0000020b80000000-0x0000020b80ba0000-0x0000020b80ba0000), size 12189696, SharedBaseAddress: 0x0000020b80000000, ArchiveRelocationMode: 1.
Compressed class space mapped at: 0x0000020b81000000-0x0000020bc1000000, reserved size: 1073741824
Narrow klass base: 0x0000020b80000000, Narrow klass shift: 0, Narrow klass range: 0x100000000

GC Precious Log:
 CardTable entry size: 512
 CPUs: 16 total, 16 available
 Memory: 32719M
 Large Page Support: Disabled
 NUMA Support: Disabled
 Compressed Oops: Enabled (32-bit)
 Alignments: Space 512K, Generation 512K, Heap 2M
 Heap Min Capacity: 100M
 Heap Initial Capacity: 100M
 Heap Max Capacity: 2G
 Pre-touch: Disabled
 Parallel Workers: 13

Heap:
 PSYoungGen      total 4096K, used 3711K [0x00000000d5580000, 0x00000000d5b80000, 0x0000000100000000)
  eden space 3072K, 99% used [0x00000000d5580000,0x00000000d587ff88,0x00000000d5880000)
  from space 1024K, 62% used [0x00000000d5880000,0x00000000d5920000,0x00000000d5980000)
  to   space 1024K, 0% used [0x00000000d5a80000,0x00000000d5a80000,0x00000000d5b80000)
 ParOldGen       total 1209856K, used 1209415K [0x0000000080000000, 0x00000000c9d80000, 0x00000000d5580000)
  object space 1209856K, 99% used [0x0000000080000000,0x00000000c9d11c90,0x00000000c9d80000)
 Metaspace       used 91093K, committed 92928K, reserved 1179648K
  class space    used 9200K, committed 10048K, reserved 1048576K

Card table byte_map: [0x0000020be9c90000,0x0000020bea0a0000] _byte_map_base: 0x0000020be9890000

Marking Bits: (ParMarkBitMap*) 0x00007ff8576b3450
 Begin Bits: [0x0000020bea350000, 0x0000020bec350000)
 End Bits:   [0x0000020bec350000, 0x0000020bee350000)

Polling page: 0x0000020bd5f00000

Metaspace:

Usage:
  Non-class:     79.97 MB used.
      Class:      8.98 MB used.
       Both:     88.96 MB used.

Virtual space:
  Non-class space:      128.00 MB reserved,      80.94 MB ( 63%) committed,  2 nodes.
      Class space:        1.00 GB reserved,       9.81 MB ( <1%) committed,  1 nodes.
             Both:        1.12 GB reserved,      90.75 MB (  8%) committed. 

Chunk freelists:
   Non-Class:  14.76 MB
       Class:  6.08 MB
        Both:  20.84 MB

MaxMetaspaceSize: unlimited
CompressedClassSpaceSize: 1.00 GB
Initial GC threshold: 21.00 MB
Current GC threshold: 151.19 MB
CDS: on
 - commit_granule_bytes: 65536.
 - commit_granule_words: 8192.
 - virtual_space_node_default_size: 8388608.
 - enlarge_chunks_in_place: 1.
 - use_allocation_guard: 0.


Internal statistics:

num_allocs_failed_limit: 9.
num_arena_births: 1668.
num_arena_deaths: 22.
num_vsnodes_births: 3.
num_vsnodes_deaths: 0.
num_space_committed: 1451.
num_space_uncommitted: 0.
num_chunks_returned_to_freelist: 35.
num_chunks_taken_from_freelist: 5993.
num_chunk_merges: 19.
num_chunk_splits: 3643.
num_chunks_enlarged: 2057.
num_inconsistent_stats: 0.

CodeHeap 'non-profiled nmethods': size=119168Kb used=22410Kb max_used=25418Kb free=96757Kb
 bounds [0x0000020be2650000, 0x0000020be3f30000, 0x0000020be9ab0000]
CodeHeap 'profiled nmethods': size=119104Kb used=39855Kb max_used=52465Kb free=79248Kb
 bounds [0x0000020bdaab0000, 0x0000020bdddf0000, 0x0000020be1f00000]
CodeHeap 'non-nmethods': size=7488Kb used=1547Kb max_used=3326Kb free=5940Kb
 bounds [0x0000020be1f00000, 0x0000020be2260000, 0x0000020be2650000]
CodeCache: size=245760Kb, used=63812Kb, max_used=81209Kb, free=181945Kb
 total_blobs=17927, nmethods=17055, adapters=774, full_count=0
Compilation: enabled, stopped_count=0, restarted_count=0

Compilation events (20 events):
Event: 1732.378 Thread 0x0000020befe48b10 25152       3       org.eclipse.jdt.internal.compiler.lookup.ModuleBinding$UnNamedModule::<init> (6 bytes)
Event: 1732.378 Thread 0x0000020befe48b10 nmethod 25152 0x0000020bdaea9890 code [0x0000020bdaea9a40, 0x0000020bdaea9b78]
Event: 1732.378 Thread 0x0000020befe48b10 25153       3       org.eclipse.jdt.internal.compiler.lookup.ModuleBinding::<init> (94 bytes)
Event: 1732.379 Thread 0x0000020befe48b10 nmethod 25153 0x0000020bdac3fb90 code [0x0000020bdac3fda0, 0x0000020bdac40310]
Event: 1732.390 Thread 0x0000020bd62ae5b0 25154       4       lombok.core.AST::setAndGetAsHandled (18 bytes)
Event: 1732.398 Thread 0x0000020bd62ae5b0 nmethod 25154 0x0000020be2900510 code [0x0000020be2900700, 0x0000020be2900bb0]
Event: 1732.398 Thread 0x0000020befe48b10 25155  s    3       org.eclipse.jdt.internal.core.JavaModelManager::peekAtInfo (39 bytes)
Event: 1732.398 Thread 0x0000020befe48b10 nmethod 25155 0x0000020bdb708d90 code [0x0000020bdb708fa0, 0x0000020bdb709638]
Event: 1732.398 Thread 0x0000020befe48b10 25156       3       org.eclipse.jdt.internal.compiler.util.HashtableOfModule::<init> (6 bytes)
Event: 1732.399 Thread 0x0000020befe48b10 nmethod 25156 0x0000020bdaf35010 code [0x0000020bdaf351c0, 0x0000020bdaf35300]
Event: 1732.403 Thread 0x0000020befe48b10 25157       3       org.eclipse.jdt.internal.compiler.lookup.TypeSystem$HashedParameterizedTypes::<init> (24 bytes)
Event: 1732.403 Thread 0x0000020befe48b10 nmethod 25157 0x0000020bdb05b910 code [0x0000020bdb05bb00, 0x0000020bdb05bdc0]
Event: 1732.411 Thread 0x0000020befe48b10 25158       3       org.eclipse.jdt.core.compiler.CharOperation::concat (71 bytes)
Event: 1732.411 Thread 0x0000020befe48b10 nmethod 25158 0x0000020bdac97310 code [0x0000020bdac97500, 0x0000020bdac97980]
Event: 1732.414 Thread 0x0000020befe48b10 25159       3       java.util.IdentityHashMap::keySet (25 bytes)
Event: 1732.414 Thread 0x0000020befe48b10 nmethod 25159 0x0000020bdaed3e10 code [0x0000020bdaed3fe0, 0x0000020bdaed4328]
Event: 1732.432 Thread 0x0000020bd62ae5b0 25160       4       com.google.gson.stream.JsonWriter::closeScope (95 bytes)
Event: 1732.437 Thread 0x0000020bd62ae5b0 nmethod 25160 0x0000020be2716410 code [0x0000020be2716620, 0x0000020be2716cf0]
Event: 1766.411 Thread 0x0000020befe48b10 25161   !   3       java.util.concurrent.locks.AbstractQueuedSynchronizer::reacquire (64 bytes)
Event: 1766.411 Thread 0x0000020befe48b10 nmethod 25161 0x0000020bdae87b10 code [0x0000020bdae87ce0, 0x0000020bdae88050]

GC Heap History (20 events):
Event: 1732.154 GC heap before
{Heap before GC invocations=2713 (full 6):
 PSYoungGen      total 5120K, used 4312K [0x00000000d5580000, 0x00000000d5c80000, 0x0000000100000000)
  eden space 2560K, 100% used [0x00000000d5580000,0x00000000d5800000,0x00000000d5800000)
  from space 2560K, 68% used [0x00000000d5800000,0x00000000d59b6000,0x00000000d5a80000)
  to   space 2048K, 0% used [0x00000000d5a80000,0x00000000d5a80000,0x00000000d5c80000)
 ParOldGen       total 1204736K, used 1204387K [0x0000000080000000, 0x00000000c9880000, 0x00000000d5580000)
  object space 1204736K, 99% used [0x0000000080000000,0x00000000c9828c48,0x00000000c9880000)
 Metaspace       used 91089K, committed 92928K, reserved 1179648K
  class space    used 9200K, committed 10048K, reserved 1048576K
}
Event: 1732.159 GC heap after
{Heap after GC invocations=2713 (full 6):
 PSYoungGen      total 5120K, used 1888K [0x00000000d5580000, 0x00000000d5c80000, 0x0000000100000000)
  eden space 3072K, 0% used [0x00000000d5580000,0x00000000d5580000,0x00000000d5880000)
  from space 2048K, 92% used [0x00000000d5a80000,0x00000000d5c58000,0x00000000d5c80000)
  to   space 2048K, 0% used [0x00000000d5880000,0x00000000d5880000,0x00000000d5a80000)
 ParOldGen       total 1205760K, used 1205643K [0x0000000080000000, 0x00000000c9980000, 0x00000000d5580000)
  object space 1205760K, 99% used [0x0000000080000000,0x00000000c9962c48,0x00000000c9980000)
 Metaspace       used 91089K, committed 92928K, reserved 1179648K
  class space    used 9200K, committed 10048K, reserved 1048576K
}
Event: 1732.201 GC heap before
{Heap before GC invocations=2714 (full 6):
 PSYoungGen      total 5120K, used 4960K [0x00000000d5580000, 0x00000000d5c80000, 0x0000000100000000)
  eden space 3072K, 100% used [0x00000000d5580000,0x00000000d5880000,0x00000000d5880000)
  from space 2048K, 92% used [0x00000000d5a80000,0x00000000d5c58000,0x00000000d5c80000)
  to   space 2048K, 0% used [0x00000000d5880000,0x00000000d5880000,0x00000000d5a80000)
 ParOldGen       total 1205760K, used 1205643K [0x0000000080000000, 0x00000000c9980000, 0x00000000d5580000)
  object space 1205760K, 99% used [0x0000000080000000,0x00000000c9962c48,0x00000000c9980000)
 Metaspace       used 91090K, committed 92928K, reserved 1179648K
  class space    used 9200K, committed 10048K, reserved 1048576K
}
Event: 1732.205 GC heap after
{Heap after GC invocations=2714 (full 6):
 PSYoungGen      total 5120K, used 416K [0x00000000d5580000, 0x00000000d5b80000, 0x0000000100000000)
  eden space 3072K, 0% used [0x00000000d5580000,0x00000000d5580000,0x00000000d5880000)
  from space 2048K, 20% used [0x00000000d5880000,0x00000000d58e8000,0x00000000d5a80000)
  to   space 1024K, 0% used [0x00000000d5a80000,0x00000000d5a80000,0x00000000d5b80000)
 ParOldGen       total 1207808K, used 1207427K [0x0000000080000000, 0x00000000c9b80000, 0x00000000d5580000)
  object space 1207808K, 99% used [0x0000000080000000,0x00000000c9b20c48,0x00000000c9b80000)
 Metaspace       used 91090K, committed 92928K, reserved 1179648K
  class space    used 9200K, committed 10048K, reserved 1048576K
}
Event: 1732.233 GC heap before
{Heap before GC invocations=2715 (full 6):
 PSYoungGen      total 5120K, used 3488K [0x00000000d5580000, 0x00000000d5b80000, 0x0000000100000000)
  eden space 3072K, 100% used [0x00000000d5580000,0x00000000d5880000,0x00000000d5880000)
  from space 2048K, 20% used [0x00000000d5880000,0x00000000d58e8000,0x00000000d5a80000)
  to   space 1024K, 0% used [0x00000000d5a80000,0x00000000d5a80000,0x00000000d5b80000)
 ParOldGen       total 1207808K, used 1207427K [0x0000000080000000, 0x00000000c9b80000, 0x00000000d5580000)
  object space 1207808K, 99% used [0x0000000080000000,0x00000000c9b20c48,0x00000000c9b80000)
 Metaspace       used 91090K, committed 92928K, reserved 1179648K
  class space    used 9200K, committed 10048K, reserved 1048576K
}
Event: 1732.236 GC heap after
{Heap after GC invocations=2715 (full 6):
 PSYoungGen      total 3584K, used 416K [0x00000000d5580000, 0x00000000d5b00000, 0x0000000100000000)
  eden space 3072K, 0% used [0x00000000d5580000,0x00000000d5580000,0x00000000d5880000)
  from space 512K, 81% used [0x00000000d5a80000,0x00000000d5ae8000,0x00000000d5b00000)
  to   space 512K, 0% used [0x00000000d5a00000,0x00000000d5a00000,0x00000000d5a80000)
 ParOldGen       total 1207808K, used 1207731K [0x0000000080000000, 0x00000000c9b80000, 0x00000000d5580000)
  object space 1207808K, 99% used [0x0000000080000000,0x00000000c9b6cc48,0x00000000c9b80000)
 Metaspace       used 91090K, committed 92928K, reserved 1179648K
  class space    used 9200K, committed 10048K, reserved 1048576K
}
Event: 1732.282 GC heap before
{Heap before GC invocations=2716 (full 6):
 PSYoungGen      total 3584K, used 3488K [0x00000000d5580000, 0x00000000d5b00000, 0x0000000100000000)
  eden space 3072K, 100% used [0x00000000d5580000,0x00000000d5880000,0x00000000d5880000)
  from space 512K, 81% used [0x00000000d5a80000,0x00000000d5ae8000,0x00000000d5b00000)
  to   space 512K, 0% used [0x00000000d5a00000,0x00000000d5a00000,0x00000000d5a80000)
 ParOldGen       total 1207808K, used 1207731K [0x0000000080000000, 0x00000000c9b80000, 0x00000000d5580000)
  object space 1207808K, 99% used [0x0000000080000000,0x00000000c9b6cc48,0x00000000c9b80000)
 Metaspace       used 91090K, committed 92928K, reserved 1179648K
  class space    used 9200K, committed 10048K, reserved 1048576K
}
Event: 1732.283 GC heap after
{Heap after GC invocations=2716 (full 6):
 PSYoungGen      total 3584K, used 448K [0x00000000d5580000, 0x00000000d5b00000, 0x0000000100000000)
  eden space 3072K, 0% used [0x00000000d5580000,0x00000000d5580000,0x00000000d5880000)
  from space 512K, 87% used [0x00000000d5a00000,0x00000000d5a70000,0x00000000d5a80000)
  to   space 512K, 0% used [0x00000000d5a80000,0x00000000d5a80000,0x00000000d5b00000)
 ParOldGen       total 1208320K, used 1208054K [0x0000000080000000, 0x00000000c9c00000, 0x00000000d5580000)
  object space 1208320K, 99% used [0x0000000080000000,0x00000000c9bbd860,0x00000000c9c00000)
 Metaspace       used 91090K, committed 92928K, reserved 1179648K
  class space    used 9200K, committed 10048K, reserved 1048576K
}
Event: 1732.329 GC heap before
{Heap before GC invocations=2717 (full 6):
 PSYoungGen      total 3584K, used 3520K [0x00000000d5580000, 0x00000000d5b00000, 0x0000000100000000)
  eden space 3072K, 100% used [0x00000000d5580000,0x00000000d5880000,0x00000000d5880000)
  from space 512K, 87% used [0x00000000d5a00000,0x00000000d5a70000,0x00000000d5a80000)
  to   space 512K, 0% used [0x00000000d5a80000,0x00000000d5a80000,0x00000000d5b00000)
 ParOldGen       total 1208320K, used 1208054K [0x0000000080000000, 0x00000000c9c00000, 0x00000000d5580000)
  object space 1208320K, 99% used [0x0000000080000000,0x00000000c9bbd860,0x00000000c9c00000)
 Metaspace       used 91090K, committed 92928K, reserved 1179648K
  class space    used 9200K, committed 10048K, reserved 1048576K
}
Event: 1732.331 GC heap after
{Heap after GC invocations=2717 (full 6):
 PSYoungGen      total 3584K, used 416K [0x00000000d5580000, 0x00000000d5b00000, 0x0000000100000000)
  eden space 3072K, 0% used [0x00000000d5580000,0x00000000d5580000,0x00000000d5880000)
  from space 512K, 81% used [0x00000000d5a80000,0x00000000d5ae8000,0x00000000d5b00000)
  to   space 512K, 0% used [0x00000000d5a00000,0x00000000d5a00000,0x00000000d5a80000)
 ParOldGen       total 1208320K, used 1208222K [0x0000000080000000, 0x00000000c9c00000, 0x00000000d5580000)
  object space 1208320K, 99% used [0x0000000080000000,0x00000000c9be7860,0x00000000c9c00000)
 Metaspace       used 91090K, committed 92928K, reserved 1179648K
  class space    used 9200K, committed 10048K, reserved 1048576K
}
Event: 1732.375 GC heap before
{Heap before GC invocations=2718 (full 6):
 PSYoungGen      total 3584K, used 3487K [0x00000000d5580000, 0x00000000d5b00000, 0x0000000100000000)
  eden space 3072K, 99% used [0x00000000d5580000,0x00000000d587ffa0,0x00000000d5880000)
  from space 512K, 81% used [0x00000000d5a80000,0x00000000d5ae8000,0x00000000d5b00000)
  to   space 512K, 0% used [0x00000000d5a00000,0x00000000d5a00000,0x00000000d5a80000)
 ParOldGen       total 1208320K, used 1208222K [0x0000000080000000, 0x00000000c9c00000, 0x00000000d5580000)
  object space 1208320K, 99% used [0x0000000080000000,0x00000000c9be7860,0x00000000c9c00000)
 Metaspace       used 91090K, committed 92928K, reserved 1179648K
  class space    used 9200K, committed 10048K, reserved 1048576K
}
Event: 1732.377 GC heap after
{Heap after GC invocations=2718 (full 6):
 PSYoungGen      total 3584K, used 500K [0x00000000d5580000, 0x00000000d5b00000, 0x0000000100000000)
  eden space 3072K, 0% used [0x00000000d5580000,0x00000000d5580000,0x00000000d5880000)
  from space 512K, 97% used [0x00000000d5a00000,0x00000000d5a7d200,0x00000000d5a80000)
  to   space 512K, 0% used [0x00000000d5a80000,0x00000000d5a80000,0x00000000d5b00000)
 ParOldGen       total 1208832K, used 1208358K [0x0000000080000000, 0x00000000c9c80000, 0x00000000d5580000)
  object space 1208832K, 99% used [0x0000000080000000,0x00000000c9c09860,0x00000000c9c80000)
 Metaspace       used 91090K, committed 92928K, reserved 1179648K
  class space    used 9200K, committed 10048K, reserved 1048576K
}
Event: 1732.383 GC heap before
{Heap before GC invocations=2719 (full 6):
 PSYoungGen      total 3584K, used 3572K [0x00000000d5580000, 0x00000000d5b00000, 0x0000000100000000)
  eden space 3072K, 100% used [0x00000000d5580000,0x00000000d5880000,0x00000000d5880000)
  from space 512K, 97% used [0x00000000d5a00000,0x00000000d5a7d200,0x00000000d5a80000)
  to   space 512K, 0% used [0x00000000d5a80000,0x00000000d5a80000,0x00000000d5b00000)
 ParOldGen       total 1208832K, used 1208358K [0x0000000080000000, 0x00000000c9c80000, 0x00000000d5580000)
  object space 1208832K, 99% used [0x0000000080000000,0x00000000c9c09860,0x00000000c9c80000)
 Metaspace       used 91091K, committed 92928K, reserved 1179648K
  class space    used 9200K, committed 10048K, reserved 1048576K
}
Event: 1732.385 GC heap after
{Heap after GC invocations=2719 (full 6):
 PSYoungGen      total 3584K, used 496K [0x00000000d5580000, 0x00000000d5b00000, 0x0000000100000000)
  eden space 3072K, 0% used [0x00000000d5580000,0x00000000d5580000,0x00000000d5880000)
  from space 512K, 96% used [0x00000000d5a80000,0x00000000d5afc010,0x00000000d5b00000)
  to   space 1024K, 0% used [0x00000000d5900000,0x00000000d5900000,0x00000000d5a00000)
 ParOldGen       total 1208832K, used 1208602K [0x0000000080000000, 0x00000000c9c80000, 0x00000000d5580000)
  object space 1208832K, 99% used [0x0000000080000000,0x00000000c9c46a60,0x00000000c9c80000)
 Metaspace       used 91091K, committed 92928K, reserved 1179648K
  class space    used 9200K, committed 10048K, reserved 1048576K
}
Event: 1732.391 GC heap before
{Heap before GC invocations=2720 (full 6):
 PSYoungGen      total 3584K, used 3568K [0x00000000d5580000, 0x00000000d5b00000, 0x0000000100000000)
  eden space 3072K, 100% used [0x00000000d5580000,0x00000000d5880000,0x00000000d5880000)
  from space 512K, 96% used [0x00000000d5a80000,0x00000000d5afc010,0x00000000d5b00000)
  to   space 1024K, 0% used [0x00000000d5900000,0x00000000d5900000,0x00000000d5a00000)
 ParOldGen       total 1208832K, used 1208602K [0x0000000080000000, 0x00000000c9c80000, 0x00000000d5580000)
  object space 1208832K, 99% used [0x0000000080000000,0x00000000c9c46a60,0x00000000c9c80000)
 Metaspace       used 91091K, committed 92928K, reserved 1179648K
  class space    used 9200K, committed 10048K, reserved 1048576K
}
Event: 1732.394 GC heap after
{Heap after GC invocations=2720 (full 6):
 PSYoungGen      total 4096K, used 448K [0x00000000d5580000, 0x00000000d5b00000, 0x0000000100000000)
  eden space 3072K, 0% used [0x00000000d5580000,0x00000000d5580000,0x00000000d5880000)
  from space 1024K, 43% used [0x00000000d5900000,0x00000000d5970000,0x00000000d5a00000)
  to   space 1024K, 0% used [0x00000000d5a00000,0x00000000d5a00000,0x00000000d5b00000)
 ParOldGen       total 1209344K, used 1208962K [0x0000000080000000, 0x00000000c9d00000, 0x00000000d5580000)
  object space 1209344K, 99% used [0x0000000080000000,0x00000000c9ca0a70,0x00000000c9d00000)
 Metaspace       used 91091K, committed 92928K, reserved 1179648K
  class space    used 9200K, committed 10048K, reserved 1048576K
}
Event: 1732.400 GC heap before
{Heap before GC invocations=2721 (full 6):
 PSYoungGen      total 4096K, used 3520K [0x00000000d5580000, 0x00000000d5b00000, 0x0000000100000000)
  eden space 3072K, 100% used [0x00000000d5580000,0x00000000d5880000,0x00000000d5880000)
  from space 1024K, 43% used [0x00000000d5900000,0x00000000d5970000,0x00000000d5a00000)
  to   space 1024K, 0% used [0x00000000d5a00000,0x00000000d5a00000,0x00000000d5b00000)
 ParOldGen       total 1209344K, used 1208962K [0x0000000080000000, 0x00000000c9d00000, 0x00000000d5580000)
  object space 1209344K, 99% used [0x0000000080000000,0x00000000c9ca0a70,0x00000000c9d00000)
 Metaspace       used 91092K, committed 92928K, reserved 1179648K
  class space    used 9200K, committed 10048K, reserved 1048576K
}
Event: 1732.402 GC heap after
{Heap after GC invocations=2721 (full 6):
 PSYoungGen      total 3584K, used 500K [0x00000000d5580000, 0x00000000d5a80000, 0x0000000100000000)
  eden space 3072K, 0% used [0x00000000d5580000,0x00000000d5580000,0x00000000d5880000)
  from space 512K, 97% used [0x00000000d5a00000,0x00000000d5a7d200,0x00000000d5a80000)
  to   space 1024K, 0% used [0x00000000d5880000,0x00000000d5880000,0x00000000d5980000)
 ParOldGen       total 1209344K, used 1209082K [0x0000000080000000, 0x00000000c9d00000, 0x00000000d5580000)
  object space 1209344K, 99% used [0x0000000080000000,0x00000000c9cbea70,0x00000000c9d00000)
 Metaspace       used 91092K, committed 92928K, reserved 1179648K
  class space    used 9200K, committed 10048K, reserved 1048576K
}
Event: 1732.407 GC heap before
{Heap before GC invocations=2722 (full 6):
 PSYoungGen      total 3584K, used 3572K [0x00000000d5580000, 0x00000000d5a80000, 0x0000000100000000)
  eden space 3072K, 100% used [0x00000000d5580000,0x00000000d5880000,0x00000000d5880000)
  from space 512K, 97% used [0x00000000d5a00000,0x00000000d5a7d200,0x00000000d5a80000)
  to   space 1024K, 0% used [0x00000000d5880000,0x00000000d5880000,0x00000000d5980000)
 ParOldGen       total 1209344K, used 1209082K [0x0000000080000000, 0x00000000c9d00000, 0x00000000d5580000)
  object space 1209344K, 99% used [0x0000000080000000,0x00000000c9cbea70,0x00000000c9d00000)
 Metaspace       used 91093K, committed 92928K, reserved 1179648K
  class space    used 9200K, committed 10048K, reserved 1048576K
}
Event: 1732.409 GC heap after
{Heap after GC invocations=2722 (full 6):
 PSYoungGen      total 4096K, used 640K [0x00000000d5580000, 0x00000000d5b80000, 0x0000000100000000)
  eden space 3072K, 0% used [0x00000000d5580000,0x00000000d5580000,0x00000000d5880000)
  from space 1024K, 62% used [0x00000000d5880000,0x00000000d5920000,0x00000000d5980000)
  to   space 1024K, 0% used [0x00000000d5a80000,0x00000000d5a80000,0x00000000d5b80000)
 ParOldGen       total 1209856K, used 1209415K [0x0000000080000000, 0x00000000c9d80000, 0x00000000d5580000)
  object space 1209856K, 99% used [0x0000000080000000,0x00000000c9d11c90,0x00000000c9d80000)
 Metaspace       used 91093K, committed 92928K, reserved 1179648K
  class space    used 9200K, committed 10048K, reserved 1048576K
}

Dll operation events (14 events):
Event: 0.012 Loaded shared library c:\Users\davi4\.windsurf\extensions\redhat.java-1.53.0-win32-x64\jre\21.0.10-win32-x86_64\bin\java.dll
Event: 0.097 Loaded shared library c:\Users\davi4\.windsurf\extensions\redhat.java-1.53.0-win32-x64\jre\21.0.10-win32-x86_64\bin\zip.dll
Event: 0.122 Loaded shared library C:\Users\davi4\.windsurf\extensions\redhat.java-1.53.0-win32-x64\jre\21.0.10-win32-x86_64\bin\instrument.dll
Event: 0.129 Loaded shared library C:\Users\davi4\.windsurf\extensions\redhat.java-1.53.0-win32-x64\jre\21.0.10-win32-x86_64\bin\net.dll
Event: 0.132 Loaded shared library C:\Users\davi4\.windsurf\extensions\redhat.java-1.53.0-win32-x64\jre\21.0.10-win32-x86_64\bin\nio.dll
Event: 0.137 Loaded shared library C:\Users\davi4\.windsurf\extensions\redhat.java-1.53.0-win32-x64\jre\21.0.10-win32-x86_64\bin\zip.dll
Event: 0.162 Loaded shared library C:\Users\davi4\.windsurf\extensions\redhat.java-1.53.0-win32-x64\jre\21.0.10-win32-x86_64\bin\jimage.dll
Event: 0.256 Loaded shared library c:\Users\davi4\.windsurf\extensions\redhat.java-1.53.0-win32-x64\jre\21.0.10-win32-x86_64\bin\verify.dll
Event: 1.860 Loaded shared library C:\Users\davi4\AppData\Roaming\Windsurf\User\globalStorage\redhat.java\1.53.0\config_win\org.eclipse.equinox.launcher\org.eclipse.equinox.launcher.win32.win32.x86_64_1.3.0.v20260203-2149\eclipse_11919.dll
Event: 3.085 Loaded shared library C:\Users\davi4\.windsurf\extensions\redhat.java-1.53.0-win32-x64\jre\21.0.10-win32-x86_64\bin\management.dll
Event: 3.090 Loaded shared library C:\Users\davi4\.windsurf\extensions\redhat.java-1.53.0-win32-x64\jre\21.0.10-win32-x86_64\bin\management_ext.dll
Event: 4.472 Loaded shared library C:\Users\davi4\AppData\Local\Temp\jna-95358532\jna17318931103392548708.dll
Event: 4.590 Loaded shared library C:\Users\davi4\.windsurf\extensions\redhat.java-1.53.0-win32-x64\jre\21.0.10-win32-x86_64\bin\sunmscapi.dll
Event: 5.109 Loaded shared library C:\Users\davi4\.windsurf\extensions\redhat.java-1.53.0-win32-x64\jre\21.0.10-win32-x86_64\bin\extnet.dll

Deoptimization events (20 events):
Event: 1576.517 Thread 0x0000020bf00b8bc0 DEOPT PACKING pc=0x0000020be3f03724 sp=0x000000720c3fe420
Event: 1576.517 Thread 0x0000020bf00b8bc0 DEOPT UNPACKING pc=0x0000020be1f53aa2 sp=0x000000720c3fe3a8 mode 2
Event: 1689.366 Thread 0x0000020bf61b7640 DEOPT PACKING pc=0x0000020bdba49c8a sp=0x000000720dafccb0
Event: 1689.366 Thread 0x0000020bf61b7640 DEOPT UNPACKING pc=0x0000020be1f54242 sp=0x000000720dafc130 mode 0
Event: 1689.651 Thread 0x0000020bcc947e30 DEOPT PACKING pc=0x0000020bdd0ff6f8 sp=0x000000720b1fe8b0
Event: 1689.651 Thread 0x0000020bcc947e30 DEOPT UNPACKING pc=0x0000020be1f54242 sp=0x000000720b1fdd38 mode 0
Event: 1707.939 Thread 0x0000020bcc947e30 Uncommon trap: trap_request=0xffffff6e fr.pc=0x0000020be38aa264 relative=0x0000000000000ea4
Event: 1707.939 Thread 0x0000020bcc947e30 Uncommon trap: reason=loop_limit_check action=maybe_recompile pc=0x0000020be38aa264 method=org.codehaus.plexus.util.SelectorUtils.match([C[CZ)Z @ 498 c2
Event: 1707.939 Thread 0x0000020bcc947e30 DEOPT PACKING pc=0x0000020be38aa264 sp=0x000000720b1fda80
Event: 1707.940 Thread 0x0000020bcc947e30 DEOPT UNPACKING pc=0x0000020be1f53aa2 sp=0x000000720b1fda20 mode 2
Event: 1708.330 Thread 0x0000020bf00b8bc0 Uncommon trap: trap_request=0xffffff6e fr.pc=0x0000020be2d1d7e8 relative=0x0000000000000dc8
Event: 1708.330 Thread 0x0000020bf00b8bc0 Uncommon trap: reason=loop_limit_check action=maybe_recompile pc=0x0000020be2d1d7e8 method=org.eclipse.jdt.internal.compiler.lookup.SourceTypeBinding.getExactMethod([C[Lorg/eclipse/jdt/internal/compiler/lookup/TypeBinding;Lorg/eclipse/jdt/internal/compile
Event: 1708.330 Thread 0x0000020bf00b8bc0 DEOPT PACKING pc=0x0000020be2d1d7e8 sp=0x000000720c3fe7d0
Event: 1708.330 Thread 0x0000020bf00b8bc0 DEOPT UNPACKING pc=0x0000020be1f53aa2 sp=0x000000720c3fe750 mode 2
Event: 1731.977 Thread 0x0000020bf61b7640 Uncommon trap: trap_request=0xffffffde fr.pc=0x0000020be3480c88 relative=0x0000000000004da8
Event: 1731.977 Thread 0x0000020bf61b7640 Uncommon trap: reason=class_check action=maybe_recompile pc=0x0000020be3480c88 method=org.eclipse.jdt.internal.compiler.lookup.LookupEnvironment.computePackageFrom([[CZ)Lorg/eclipse/jdt/internal/compiler/lookup/PackageBinding; @ 51 c2
Event: 1731.977 Thread 0x0000020bf61b7640 DEOPT PACKING pc=0x0000020be3480c88 sp=0x000000720dafd180
Event: 1731.977 Thread 0x0000020bf61b7640 DEOPT UNPACKING pc=0x0000020be1f53aa2 sp=0x000000720dafd158 mode 2
Event: 1732.118 Thread 0x0000020bf61b7640 DEOPT PACKING pc=0x0000020bdb750769 sp=0x000000720dafd620
Event: 1732.118 Thread 0x0000020bf61b7640 DEOPT UNPACKING pc=0x0000020be1f54242 sp=0x000000720dafcb08 mode 0

Classes loaded (20 events):
Event: 1272.322 Loading class java/util/stream/ReduceOps$CountingSink done
Event: 1272.322 Loading class java/util/stream/ReduceOps$CountingSink$OfRef done
Event: 1303.028 Loading class jdk/internal/ref/CleanerImpl$InnocuousThreadFactory
Event: 1303.030 Loading class jdk/internal/ref/CleanerImpl$InnocuousThreadFactory done
Event: 1459.801 Loading class java/util/function/IntPredicate
Event: 1459.807 Loading class java/util/function/IntPredicate done
Event: 1459.849 Loading class java/util/regex/Pattern$Bound
Event: 1459.850 Loading class java/util/regex/Pattern$Bound done
Event: 1488.440 Loading class jdk/internal/module/IllegalAccessLogger
Event: 1488.440 Loading class jdk/internal/module/IllegalAccessLogger done
Event: 1510.950 Loading class jdk/internal/module/IllegalAccessLogger
Event: 1510.950 Loading class jdk/internal/module/IllegalAccessLogger done
Event: 1576.105 Loading class jdk/internal/module/IllegalAccessLogger
Event: 1576.105 Loading class jdk/internal/module/IllegalAccessLogger done
Event: 1689.303 Loading class jdk/internal/module/IllegalAccessLogger
Event: 1689.303 Loading class jdk/internal/module/IllegalAccessLogger done
Event: 1707.905 Loading class jdk/internal/module/IllegalAccessLogger
Event: 1707.905 Loading class jdk/internal/module/IllegalAccessLogger done
Event: 1731.977 Loading class jdk/internal/module/IllegalAccessLogger
Event: 1731.977 Loading class jdk/internal/module/IllegalAccessLogger done

Classes unloaded (11 events):
Event: 3.754 Thread 0x0000020bd628fad0 Unloading class 0x0000020b811ab400 'java/lang/invoke/LambdaForm$MH+0x0000020b811ab400'
Event: 3.754 Thread 0x0000020bd628fad0 Unloading class 0x0000020b811ab000 'java/lang/invoke/LambdaForm$MH+0x0000020b811ab000'
Event: 3.754 Thread 0x0000020bd628fad0 Unloading class 0x0000020b811aac00 'java/lang/invoke/LambdaForm$MH+0x0000020b811aac00'
Event: 3.754 Thread 0x0000020bd628fad0 Unloading class 0x0000020b811aa800 'java/lang/invoke/LambdaForm$MH+0x0000020b811aa800'
Event: 3.754 Thread 0x0000020bd628fad0 Unloading class 0x0000020b811aa400 'java/lang/invoke/LambdaForm$BMH+0x0000020b811aa400'
Event: 3.754 Thread 0x0000020bd628fad0 Unloading class 0x0000020b811aa000 'java/lang/invoke/LambdaForm$DMH+0x0000020b811aa000'
Event: 3.754 Thread 0x0000020bd628fad0 Unloading class 0x0000020b811a8c00 'java/lang/invoke/LambdaForm$DMH+0x0000020b811a8c00'
Event: 26.254 Thread 0x0000020bd628fad0 Unloading class 0x0000020b8164d000 'java/lang/invoke/LambdaForm$DMH+0x0000020b8164d000'
Event: 26.254 Thread 0x0000020bd628fad0 Unloading class 0x0000020b8164d400 'java/lang/invoke/LambdaForm$DMH+0x0000020b8164d400'
Event: 26.254 Thread 0x0000020bd628fad0 Unloading class 0x0000020b8164d800 'java/lang/invoke/LambdaForm$DMH+0x0000020b8164d800'
Event: 26.254 Thread 0x0000020bd628fad0 Unloading class 0x0000020b8164cc00 'java/lang/invoke/LambdaForm$DMH+0x0000020b8164cc00'

Classes redefined (0 events):
No events

Internal exceptions (20 events):
Event: 1459.369 Thread 0x0000020bf6ccd7c0 Exception <a 'java/lang/IncompatibleClassChangeError'{0x00000000d5680388}: Found class java.lang.Object, but interface was expected> (0x00000000d5680388) 
thrown [s\src\hotspot\share\interpreter\linkResolver.cpp, line 840]
Event: 1459.407 Thread 0x0000020bf01b5640 Implicit null exception at 0x0000020be3ab47ef to 0x0000020be3ab4bc4
Event: 1459.407 Thread 0x0000020bf00b7ea0 Implicit null exception at 0x0000020be3ab47ef to 0x0000020be3ab4bc4
Event: 1459.437 Thread 0x0000020bf6ccd7c0 Exception <a 'java/lang/IncompatibleClassChangeError'{0x00000000d5607f78}: Found class java.lang.Object, but interface was expected> (0x00000000d5607f78) 
thrown [s\src\hotspot\share\interpreter\linkResolver.cpp, line 840]
Event: 1459.816 Thread 0x0000020bf01b5640 Exception <a 'java/lang/NoSuchMethodError'{0x00000000d592ebc0}: 'int java.lang.invoke.DirectMethodHandle$Holder.invokeStaticInit(java.lang.Object, int)'> (0x00000000d592ebc0) 
thrown [s\src\hotspot\share\interpreter\linkResolver.cpp, line 773]
Event: 1478.631 Thread 0x0000020bf01b5640 Implicit null exception at 0x0000020be32976c3 to 0x0000020be329784c
Event: 1487.949 Thread 0x0000020bf61b8360 Exception <a 'sun/nio/fs/WindowsException'{0x00000000d5787d98}> (0x00000000d5787d98) 
thrown [s\src\hotspot\share\prims\jni.cpp, line 520]
Event: 1490.419 Thread 0x0000020bf61b8360 Exception <a 'sun/nio/fs/WindowsException'{0x00000000d56a3ea8}> (0x00000000d56a3ea8) 
thrown [s\src\hotspot\share\prims\jni.cpp, line 520]
Event: 1510.723 Thread 0x0000020bf61b8360 Exception <a 'sun/nio/fs/WindowsException'{0x00000000d55ba108}> (0x00000000d55ba108) 
thrown [s\src\hotspot\share\prims\jni.cpp, line 520]
Event: 1511.380 Thread 0x0000020bf61b8360 Exception <a 'sun/nio/fs/WindowsException'{0x00000000d5608b38}> (0x00000000d5608b38) 
thrown [s\src\hotspot\share\prims\jni.cpp, line 520]
Event: 1570.871 Thread 0x0000020bcc947110 Exception <a 'sun/nio/fs/WindowsException'{0x00000000d57818c0}> (0x00000000d57818c0) 
thrown [s\src\hotspot\share\prims\jni.cpp, line 520]
Event: 1570.871 Thread 0x0000020bcc947110 Exception <a 'sun/nio/fs/WindowsException'{0x00000000d5782238}> (0x00000000d5782238) 
thrown [s\src\hotspot\share\prims\jni.cpp, line 520]
Event: 1575.928 Thread 0x0000020bf61b8360 Exception <a 'sun/nio/fs/WindowsException'{0x00000000d568be70}> (0x00000000d568be70) 
thrown [s\src\hotspot\share\prims\jni.cpp, line 520]
Event: 1576.386 Thread 0x0000020bf61b8360 Exception <a 'sun/nio/fs/WindowsException'{0x00000000d55ca448}> (0x00000000d55ca448) 
thrown [s\src\hotspot\share\prims\jni.cpp, line 520]
Event: 1689.071 Thread 0x0000020bf61b8360 Exception <a 'sun/nio/fs/WindowsException'{0x00000000d55e4ba8}> (0x00000000d55e4ba8) 
thrown [s\src\hotspot\share\prims\jni.cpp, line 520]
Event: 1689.734 Thread 0x0000020bf61b8360 Exception <a 'sun/nio/fs/WindowsException'{0x00000000d56279a8}> (0x00000000d56279a8) 
thrown [s\src\hotspot\share\prims\jni.cpp, line 520]
Event: 1707.740 Thread 0x0000020bf61b8360 Exception <a 'sun/nio/fs/WindowsException'{0x00000000d571dee0}> (0x00000000d571dee0) 
thrown [s\src\hotspot\share\prims\jni.cpp, line 520]
Event: 1708.083 Thread 0x0000020bf61b8360 Exception <a 'sun/nio/fs/WindowsException'{0x00000000d55807a0}> (0x00000000d55807a0) 
thrown [s\src\hotspot\share\prims\jni.cpp, line 520]
Event: 1731.804 Thread 0x0000020bf61b8360 Exception <a 'sun/nio/fs/WindowsException'{0x00000000d58bbd08}> (0x00000000d58bbd08) 
thrown [s\src\hotspot\share\prims\jni.cpp, line 520]
Event: 1732.210 Thread 0x0000020bf61b8360 Exception <a 'sun/nio/fs/WindowsException'{0x00000000d55807a0}> (0x00000000d55807a0) 
thrown [s\src\hotspot\share\prims\jni.cpp, line 520]

ZGC Phase Switch (0 events):
No events

VM Operations (20 events):
Event: 1732.282 Executing safepoint VM operation: ParallelGCFailedAllocation (Allocation Failure)
Event: 1732.283 Executing safepoint VM operation: ParallelGCFailedAllocation (Allocation Failure) done
Event: 1732.329 Executing safepoint VM operation: ParallelGCFailedAllocation (Allocation Failure)
Event: 1732.331 Executing safepoint VM operation: ParallelGCFailedAllocation (Allocation Failure) done
Event: 1732.375 Executing safepoint VM operation: ParallelGCFailedAllocation (Allocation Failure)
Event: 1732.377 Executing safepoint VM operation: ParallelGCFailedAllocation (Allocation Failure) done
Event: 1732.383 Executing safepoint VM operation: ParallelGCFailedAllocation (Allocation Failure)
Event: 1732.385 Executing safepoint VM operation: ParallelGCFailedAllocation (Allocation Failure) done
Event: 1732.391 Executing safepoint VM operation: ParallelGCFailedAllocation (Allocation Failure)
Event: 1732.394 Executing safepoint VM operation: ParallelGCFailedAllocation (Allocation Failure) done
Event: 1732.400 Executing safepoint VM operation: ParallelGCFailedAllocation (Allocation Failure)
Event: 1732.402 Executing safepoint VM operation: ParallelGCFailedAllocation (Allocation Failure) done
Event: 1732.407 Executing safepoint VM operation: ParallelGCFailedAllocation (Allocation Failure)
Event: 1732.410 Executing safepoint VM operation: ParallelGCFailedAllocation (Allocation Failure) done
Event: 1743.871 Executing non-safepoint VM operation: HandshakeAllThreads (HandshakeForDeflation)
Event: 1743.871 Executing non-safepoint VM operation: HandshakeAllThreads (HandshakeForDeflation) done
Event: 1743.871 Executing non-safepoint VM operation: RendezvousGCThreads
Event: 1743.871 Executing non-safepoint VM operation: RendezvousGCThreads done
Event: 1792.259 Executing safepoint VM operation: Cleanup
Event: 1792.259 Executing safepoint VM operation: Cleanup done

Memory protections (0 events):
No events

Nmethod flushes (20 events):
Event: 1489.741 Thread 0x0000020bd628fad0 flushing  nmethod 0x0000020bddcfb290
Event: 1489.741 Thread 0x0000020bd628fad0 flushing  nmethod 0x0000020bddd19b10
Event: 1489.741 Thread 0x0000020bd628fad0 flushing  nmethod 0x0000020bddd1c110
Event: 1489.741 Thread 0x0000020bd628fad0 flushing  nmethod 0x0000020bddd1c710
Event: 1489.741 Thread 0x0000020bd628fad0 flushing  nmethod 0x0000020bddd20c10
Event: 1489.741 Thread 0x0000020bd628fad0 flushing  nmethod 0x0000020bddd29710
Event: 1489.741 Thread 0x0000020bd628fad0 flushing  nmethod 0x0000020bddd29d90
Event: 1489.741 Thread 0x0000020bd628fad0 flushing  nmethod 0x0000020bddd2a610
Event: 1489.741 Thread 0x0000020bd628fad0 flushing  nmethod 0x0000020bddd2b790
Event: 1489.741 Thread 0x0000020bd628fad0 flushing  nmethod 0x0000020bddd2da10
Event: 1489.741 Thread 0x0000020bd628fad0 flushing  nmethod 0x0000020bddd2e490
Event: 1489.741 Thread 0x0000020bd628fad0 flushing  nmethod 0x0000020bddd2ec10
Event: 1489.741 Thread 0x0000020bd628fad0 flushing  nmethod 0x0000020bddd2f490
Event: 1489.741 Thread 0x0000020bd628fad0 flushing  nmethod 0x0000020bddd31e10
Event: 1489.741 Thread 0x0000020bd628fad0 flushing  nmethod 0x0000020bddd49f10
Event: 1489.741 Thread 0x0000020bd628fad0 flushing  nmethod 0x0000020bddd4cb10
Event: 1489.741 Thread 0x0000020bd628fad0 flushing  nmethod 0x0000020bddd6d110
Event: 1489.741 Thread 0x0000020bd628fad0 flushing  nmethod 0x0000020bddd6de90
Event: 1489.741 Thread 0x0000020bd628fad0 flushing  nmethod 0x0000020bddd8af10
Event: 1489.741 Thread 0x0000020bd628fad0 flushing  nmethod 0x0000020bddd8b790

Events (20 events):
Event: 1599.346 Thread 0x0000020bf00b7ea0 Thread exited: 0x0000020bf00b7ea0
Event: 1636.118 Thread 0x0000020bcc94ac20 Thread exited: 0x0000020bcc94ac20
Event: 1637.534 Thread 0x0000020bcc947110 Thread exited: 0x0000020bcc947110
Event: 1659.360 Thread 0x0000020bf00b6af0 Thread exited: 0x0000020bf00b6af0
Event: 1689.180 Thread 0x0000020bf00b8bc0 Thread added: 0x0000020bcc947e30
Event: 1689.246 Thread 0x0000020bf61b7640 Thread added: 0x0000020bcc94a590
Event: 1689.304 Thread 0x0000020bf61b7640 Thread added: 0x0000020bcc949f00
Event: 1689.671 Thread 0x0000020befe48b10 Thread added: 0x0000020bcbdc4930
Event: 1690.068 Thread 0x0000020bcbdc4930 Thread exited: 0x0000020bcbdc4930
Event: 1707.802 Thread 0x0000020bcc947e30 Thread added: 0x0000020bcc9484c0
Event: 1707.866 Thread 0x0000020bcc947e30 Thread added: 0x0000020bcc949870
Event: 1708.356 Thread 0x0000020bd62ae5b0 Thread added: 0x0000020bcbdc4930
Event: 1711.717 Thread 0x0000020bcbdc4930 Thread exited: 0x0000020bcbdc4930
Event: 1719.361 Thread 0x0000020bf00b9250 Thread exited: 0x0000020bf00b9250
Event: 1731.952 Thread 0x0000020bf61b7640 Thread added: 0x0000020bcc94bfd0
Event: 1779.363 Thread 0x0000020bf00b4a20 Thread exited: 0x0000020bf00b4a20
Event: 1788.379 Thread 0x0000020bcc9477a0 Thread exited: 0x0000020bcc9477a0
Event: 1791.994 Thread 0x0000020bcc949f00 Thread exited: 0x0000020bcc949f00
Event: 1792.433 Thread 0x0000020bf00b8bc0 Thread exited: 0x0000020bf00b8bc0
Event: 1793.432 Thread 0x0000020bcc947e30 Thread exited: 0x0000020bcc947e30


Dynamic libraries:
0x00007ff748dc0000 - 0x00007ff748dce000 	c:\Users\davi4\.windsurf\extensions\redhat.java-1.53.0-win32-x64\jre\21.0.10-win32-x86_64\bin\java.exe
0x00007ff95f320000 - 0x00007ff95f588000 	C:\WINDOWS\SYSTEM32\ntdll.dll
0x00007ff95d0c0000 - 0x00007ff95d189000 	C:\WINDOWS\System32\KERNEL32.DLL
0x00007ff95c8b0000 - 0x00007ff95cca1000 	C:\WINDOWS\System32\KERNELBASE.dll
0x00007ff95c760000 - 0x00007ff95c8ab000 	C:\WINDOWS\System32\ucrtbase.dll
0x00007ff8fe670000 - 0x00007ff8fe688000 	c:\Users\davi4\.windsurf\extensions\redhat.java-1.53.0-win32-x64\jre\21.0.10-win32-x86_64\bin\jli.dll
0x00007ff92fc20000 - 0x00007ff92fc3e000 	c:\Users\davi4\.windsurf\extensions\redhat.java-1.53.0-win32-x64\jre\21.0.10-win32-x86_64\bin\VCRUNTIME140.dll
0x00007ff95f110000 - 0x00007ff95f2d6000 	C:\WINDOWS\System32\USER32.dll
0x00007ff95ad00000 - 0x00007ff95af93000 	C:\WINDOWS\WinSxS\amd64_microsoft.windows.common-controls_6595b64144ccf1df_6.0.26100.7824_none_3e0870b2e3345462\COMCTL32.dll
0x00007ff95bc00000 - 0x00007ff95bc27000 	C:\WINDOWS\System32\win32u.dll
0x00007ff95eee0000 - 0x00007ff95ef89000 	C:\WINDOWS\System32\msvcrt.dll
0x00007ff95e9c0000 - 0x00007ff95e9eb000 	C:\WINDOWS\System32\GDI32.dll
0x00007ff95cd70000 - 0x00007ff95ce9b000 	C:\WINDOWS\System32\gdi32full.dll
0x00007ff95c6b0000 - 0x00007ff95c753000 	C:\WINDOWS\System32\msvcp_win.dll
0x00007ff95d200000 - 0x00007ff95d231000 	C:\WINDOWS\System32\IMM32.DLL
0x00007ff955a60000 - 0x00007ff955a6c000 	c:\Users\davi4\.windsurf\extensions\redhat.java-1.53.0-win32-x64\jre\21.0.10-win32-x86_64\bin\vcruntime140_1.dll
0x00007ff873df0000 - 0x00007ff873e7d000 	c:\Users\davi4\.windsurf\extensions\redhat.java-1.53.0-win32-x64\jre\21.0.10-win32-x86_64\bin\msvcp140.dll
0x00007ff8569f0000 - 0x00007ff857791000 	c:\Users\davi4\.windsurf\extensions\redhat.java-1.53.0-win32-x64\jre\21.0.10-win32-x86_64\bin\server\jvm.dll
0x00007ff95d700000 - 0x00007ff95d7b4000 	C:\WINDOWS\System32\ADVAPI32.dll
0x00007ff95e7f0000 - 0x00007ff95e896000 	C:\WINDOWS\System32\sechost.dll
0x00007ff95d560000 - 0x00007ff95d678000 	C:\WINDOWS\System32\RPCRT4.dll
0x00007ff95d680000 - 0x00007ff95d6f4000 	C:\WINDOWS\System32\WS2_32.dll
0x00007ff95ba60000 - 0x00007ff95babe000 	C:\WINDOWS\SYSTEM32\POWRPROF.dll
0x00007ff94c900000 - 0x00007ff94c935000 	C:\WINDOWS\SYSTEM32\WINMM.dll
0x00007ff9538e0000 - 0x00007ff9538eb000 	C:\WINDOWS\SYSTEM32\VERSION.dll
0x00007ff95b990000 - 0x00007ff95b9a4000 	C:\WINDOWS\SYSTEM32\UMPDC.dll
0x00007ff95a030000 - 0x00007ff95a04b000 	C:\WINDOWS\SYSTEM32\kernel.appcore.dll
0x00007ff953380000 - 0x00007ff95338a000 	c:\Users\davi4\.windsurf\extensions\redhat.java-1.53.0-win32-x64\jre\21.0.10-win32-x86_64\bin\jimage.dll
0x00007ff95b3b0000 - 0x00007ff95b5f2000 	C:\WINDOWS\SYSTEM32\DBGHELP.DLL
0x00007ff95eaf0000 - 0x00007ff95ee76000 	C:\WINDOWS\System32\combase.dll
0x00007ff95d2c0000 - 0x00007ff95d397000 	C:\WINDOWS\System32\OLEAUT32.dll
0x00007ff95b2a0000 - 0x00007ff95b2db000 	C:\WINDOWS\SYSTEM32\dbgcore.DLL
0x00007ff95d010000 - 0x00007ff95d0b5000 	C:\WINDOWS\System32\bcryptPrimitives.dll
0x00007ff931510000 - 0x00007ff93151f000 	c:\Users\davi4\.windsurf\extensions\redhat.java-1.53.0-win32-x64\jre\21.0.10-win32-x86_64\bin\instrument.dll
0x00007ff8f9dd0000 - 0x00007ff8f9df0000 	c:\Users\davi4\.windsurf\extensions\redhat.java-1.53.0-win32-x64\jre\21.0.10-win32-x86_64\bin\java.dll
0x00007ff95d960000 - 0x00007ff95e0b2000 	C:\WINDOWS\System32\SHELL32.dll
0x00007ff95cea0000 - 0x00007ff95d00a000 	C:\WINDOWS\System32\wintypes.dll
0x00007ff95bdb0000 - 0x00007ff95c613000 	C:\WINDOWS\System32\windows.storage.dll
0x00007ff95ef90000 - 0x00007ff95f086000 	C:\WINDOWS\System32\SHCORE.dll
0x00007ff95d240000 - 0x00007ff95d2a7000 	C:\WINDOWS\System32\shlwapi.dll
0x00007ff95bb20000 - 0x00007ff95bb49000 	C:\WINDOWS\SYSTEM32\profapi.dll
0x00007ff8d4dc0000 - 0x00007ff8d4dd8000 	c:\Users\davi4\.windsurf\extensions\redhat.java-1.53.0-win32-x64\jre\21.0.10-win32-x86_64\bin\zip.dll
0x00007ff92fff0000 - 0x00007ff930000000 	C:\Users\davi4\.windsurf\extensions\redhat.java-1.53.0-win32-x64\jre\21.0.10-win32-x86_64\bin\net.dll
0x00007ff954e90000 - 0x00007ff954fb7000 	C:\WINDOWS\SYSTEM32\WINHTTP.dll
0x00007ff95a540000 - 0x00007ff95a5ab000 	C:\WINDOWS\system32\mswsock.dll
0x00007ff8bc9d0000 - 0x00007ff8bc9e6000 	C:\Users\davi4\.windsurf\extensions\redhat.java-1.53.0-win32-x64\jre\21.0.10-win32-x86_64\bin\nio.dll
0x00007ff92fbc0000 - 0x00007ff92fbd0000 	c:\Users\davi4\.windsurf\extensions\redhat.java-1.53.0-win32-x64\jre\21.0.10-win32-x86_64\bin\verify.dll
0x00007ff8c8e10000 - 0x00007ff8c8e55000 	C:\Users\davi4\AppData\Roaming\Windsurf\User\globalStorage\redhat.java\1.53.0\config_win\org.eclipse.equinox.launcher\org.eclipse.equinox.launcher.win32.win32.x86_64_1.3.0.v20260203-2149\eclipse_11919.dll
0x00007ff95d7c0000 - 0x00007ff95d957000 	C:\WINDOWS\System32\ole32.dll
0x00007ff92f290000 - 0x00007ff92f29a000 	C:\Users\davi4\.windsurf\extensions\redhat.java-1.53.0-win32-x64\jre\21.0.10-win32-x86_64\bin\management.dll
0x00007ff92e5c0000 - 0x00007ff92e5cc000 	C:\Users\davi4\.windsurf\extensions\redhat.java-1.53.0-win32-x64\jre\21.0.10-win32-x86_64\bin\management_ext.dll
0x00007ff95d550000 - 0x00007ff95d558000 	C:\WINDOWS\System32\PSAPI.DLL
0x00007ff95b720000 - 0x00007ff95b73b000 	C:\WINDOWS\SYSTEM32\CRYPTSP.dll
0x00007ff95a930000 - 0x00007ff95a969000 	C:\WINDOWS\system32\rsaenh.dll
0x00007ff95a5b0000 - 0x00007ff95a5db000 	C:\WINDOWS\SYSTEM32\USERENV.dll
0x00007ff95baf0000 - 0x00007ff95bb1a000 	C:\WINDOWS\SYSTEM32\bcrypt.dll
0x00007ff95a920000 - 0x00007ff95a92c000 	C:\WINDOWS\SYSTEM32\CRYPTBASE.dll
0x00007ff959a60000 - 0x00007ff959a94000 	C:\WINDOWS\SYSTEM32\IPHLPAPI.DLL
0x00007ff95d2b0000 - 0x00007ff95d2ba000 	C:\WINDOWS\System32\NSI.dll
0x00007ff9292b0000 - 0x00007ff9292f9000 	C:\Users\davi4\AppData\Local\Temp\jna-95358532\jna17318931103392548708.dll
0x00007ff953ee0000 - 0x00007ff953efe000 	C:\WINDOWS\SYSTEM32\dhcpcsvc6.DLL
0x00007ff953d00000 - 0x00007ff953d23000 	C:\WINDOWS\SYSTEM32\dhcpcsvc.DLL
0x00007ff9566e0000 - 0x00007ff9566ee000 	C:\Users\davi4\.windsurf\extensions\redhat.java-1.53.0-win32-x64\jre\21.0.10-win32-x86_64\bin\sunmscapi.dll
0x00007ff95bc30000 - 0x00007ff95bda7000 	C:\WINDOWS\System32\CRYPT32.dll
0x00007ff95acc0000 - 0x00007ff95acf0000 	C:\WINDOWS\SYSTEM32\ncrypt.dll
0x00007ff95ac70000 - 0x00007ff95acaf000 	C:\WINDOWS\SYSTEM32\NTASN1.dll
0x00007ff959aa0000 - 0x00007ff959bcc000 	C:\WINDOWS\SYSTEM32\DNSAPI.dll
0x00007ff94e950000 - 0x00007ff94e95b000 	C:\Windows\System32\rasadhlp.dll
0x00007ff954980000 - 0x00007ff954a06000 	C:\WINDOWS\System32\fwpuclnt.dll
0x00007ff92a750000 - 0x00007ff92a759000 	C:\Users\davi4\.windsurf\extensions\redhat.java-1.53.0-win32-x64\jre\21.0.10-win32-x86_64\bin\extnet.dll

JVMTI agents:
c:\Users\davi4\.windsurf\extensions\redhat.java-1.53.0-win32-x64\lombok\lombok-1.18.39-4050.jar path:c:\Users\davi4\.windsurf\extensions\redhat.java-1.53.0-win32-x64\jre\21.0.10-win32-x86_64\bin\instrument.dll, loaded, initialized, instrumentlib options:none

dbghelp: loaded successfully - version: 4.0.5 - missing functions: none
symbol engine: initialized successfully - sym options: 0x614 - pdb path: .;c:\Users\davi4\.windsurf\extensions\redhat.java-1.53.0-win32-x64\jre\21.0.10-win32-x86_64\bin;C:\WINDOWS\SYSTEM32;C:\WINDOWS\WinSxS\amd64_microsoft.windows.common-controls_6595b64144ccf1df_6.0.26100.7824_none_3e0870b2e3345462;c:\Users\davi4\.windsurf\extensions\redhat.java-1.53.0-win32-x64\jre\21.0.10-win32-x86_64\bin\server;C:\Users\davi4\AppData\Roaming\Windsurf\User\globalStorage\redhat.java\1.53.0\config_win\org.eclipse.equinox.launcher\org.eclipse.equinox.launcher.win32.win32.x86_64_1.3.0.v20260203-2149;C:\Users\davi4\AppData\Local\Temp\jna-95358532

VM Arguments:
jvm_args: --add-modules=ALL-SYSTEM --add-opens=java.base/java.util=ALL-UNNAMED --add-opens=java.base/java.lang=ALL-UNNAMED --add-opens=java.base/sun.nio.fs=ALL-UNNAMED -Declipse.application=org.eclipse.jdt.ls.core.id1 -Dosgi.bundles.defaultStartLevel=4 -Declipse.product=org.eclipse.jdt.ls.core.product -Djava.import.generatesMetadataFilesAtProjectRoot=false -DDetectVMInstallationsJob.disabled=true -Dfile.encoding=utf8 -XX:+UseParallelGC -XX:GCTimeRatio=4 -XX:AdaptiveSizePolicyWeight=90 -Dsun.zip.disableMemoryMapping=true -Xmx2G -Xms100m -Xlog:disable -javaagent:c:\Users\davi4\.windsurf\extensions\redhat.java-1.53.0-win32-x64\lombok\lombok-1.18.39-4050.jar -XX:+HeapDumpOnOutOfMemoryError -XX:HeapDumpPath=c:\Users\davi4\AppData\Roaming\Windsurf\User\workspaceStorage\480e1d6f9199f74cf5298c7c52811d38\redhat.java -Daether.dependencyCollector.impl=bf 
java_command: c:\Users\davi4\.windsurf\extensions\redhat.java-1.53.0-win32-x64\server\plugins\org.eclipse.equinox.launcher_1.7.100.v20251111-0406.jar -configuration c:\Users\davi4\AppData\Roaming\Windsurf\User\globalStorage\redhat.java\1.53.0\config_win -data c:\Users\davi4\AppData\Roaming\Windsurf\User\workspaceStorage\480e1d6f9199f74cf5298c7c52811d38\redhat.java\jdt_ws --pipe=\\.\pipe\lsp-1767491ecf51955b98e441d31a9b9236-sock
java_class_path (initial): c:\Users\davi4\.windsurf\extensions\redhat.java-1.53.0-win32-x64\server\plugins\org.eclipse.equinox.launcher_1.7.100.v20251111-0406.jar
Launcher Type: SUN_STANDARD

[Global flags]
    uintx AdaptiveSizePolicyWeight                 = 90                                        {product} {command line}
     intx CICompilerCount                          = 12                                        {product} {ergonomic}
    uintx GCTimeRatio                              = 4                                         {product} {command line}
     bool HeapDumpOnOutOfMemoryError               = true                                   {manageable} {command line}
    ccstr HeapDumpPath                             = c:\Users\davi4\AppData\Roaming\Windsurf\User\workspaceStorage\480e1d6f9199f74cf5298c7c52811d38\redhat.java         {manageable} {command line}
   size_t InitialHeapSize                          = 104857600                                 {product} {command line}
   size_t MaxHeapSize                              = 2147483648                                {product} {command line}
   size_t MaxNewSize                               = 715653120                                 {product} {ergonomic}
   size_t MinHeapDeltaBytes                        = 524288                                    {product} {ergonomic}
   size_t MinHeapSize                              = 104857600                                 {product} {command line}
   size_t NewSize                                  = 34603008                                  {product} {ergonomic}
    uintx NonNMethodCodeHeapSize                   = 7602480                                {pd product} {ergonomic}
    uintx NonProfiledCodeHeapSize                  = 122027880                              {pd product} {ergonomic}
   size_t OldSize                                  = 70254592                                  {product} {ergonomic}
    uintx ProfiledCodeHeapSize                     = 122027880                              {pd product} {ergonomic}
    uintx ReservedCodeCacheSize                    = 251658240                              {pd product} {ergonomic}
     bool SegmentedCodeCache                       = true                                      {product} {ergonomic}
   size_t SoftMaxHeapSize                          = 2147483648                             {manageable} {ergonomic}
     bool UseCompressedOops                        = true                           {product lp64_product} {ergonomic}
     bool UseLargePagesIndividualAllocation        = false                                  {pd product} {ergonomic}
     bool UseParallelGC                            = true                                      {product} {command line}

Logging:
Log output configuration:
 #0: stdout all=off uptime,level,tags foldmultilines=false
 #1: stderr all=off uptime,level,tags foldmultilines=false

Release file:
JAVA_VERSION="21.0.10" 
MODULES="java.base java.compiler java.datatransfer java.xml java.prefs java.desktop java.instrument java.logging java.management java.security.sasl java.naming java.rmi java.management.rmi java.net.http java.scripting java.security.jgss java.transaction.xa java.sql java.sql.rowset java.xml.crypto java.se java.smartcardio jdk.accessibility jdk.internal.jvmstat jdk.attach jdk.charsets jdk.internal.opt jdk.zipfs jdk.compiler jdk.crypto.ec jdk.crypto.cryptoki jdk.crypto.mscapi jdk.dynalink jdk.internal.ed jdk.editpad jdk.hotspot.agent jdk.httpserver jdk.internal.le jdk.internal.vm.ci jdk.internal.vm.compiler jdk.internal.vm.compiler.management jdk.jartool jdk.javadoc jdk.jcmd jdk.management jdk.management.agent jdk.jconsole jdk.jdeps jdk.jdwp.agent jdk.jdi jdk.jfr jdk.jshell jdk.jsobject jdk.jstatd jdk.localedata jdk.management.jfr jdk.naming.dns jdk.naming.rmi jdk.net jdk.nio.mapmode jdk.random jdk.sctp jdk.security.auth jdk.security.jgss jdk.unsupported jdk.unsupported.desktop jdk.xml.dom" 

Environment Variables:
JAVA_HOME=C:\Program Files\Amazon Corretto\jdk21.0.8_9
PATH=C:\Program Files\Amazon Corretto\jdk21.0.8_9\bin;C:\Program Files\Common Files\Oracle\Java\javapath;C:\Program Files (x86)\Common Files\Oracle\Java\javapath;C:\app\davi4\product\18.0.0\dbhomeXE\bin;C:\WINDOWS\system32;C:\WINDOWS;C:\WINDOWS\System32\Wbem;C:\WINDOWS\System32\WindowsPowerShell\v1.0\;C:\WINDOWS\System32\OpenSSH\;C:\Program Files (x86)\NVIDIA Corporation\PhysX\Common;C:\Program Files\Git\cmd;;C:\Program Files\Docker\Docker\resources\bin;C:\composer;C:\AppServ\php7;C:\Program Files\Java\jdk1.8.0_111\bin;C:\Program Files\nodejs\;C:\Program Files\NVIDIA Corporation\NVIDIA app\NvDLISR;C:\Users\davi4\.console-ninja\.bin;C:\Users\davi4\AppData\Local\Microsoft\WindowsApps;C:\Users\davi4\AppData\Roaming\nvm;C:\Program Files\nodejs;C:\Users\davi4\AppData\Local\Programs\Microsoft VS Code\bin;C:\Users\davi4\AppData\Local\GitHubDesktop\bin;C:\Program Files\JetBrains\IntelliJ IDEA Community Edition 2025.2.2\bin;C:\Users\davi4\AppData\Roaming\Composer\vendor\bin;C:\AppServ\Apache24\bin;C:\AppServ\php7;C:\AppServ\MySQL\bin;C:\Program Files\Java\jdk-17;C:\flutter\bin;C:\Users\davi4\AppData\Roaming\npm;C:\Users\davi4\AppData\Local\Microsoft\WindowsApps;C:\Users\davi4\AppData\Local\Programs\cursor\resources\app\bin;C:\Users\davi4\AppData\Local\Programs\Windsurf\bin
USERNAME=davi4
OS=Windows_NT
PROCESSOR_IDENTIFIER=AMD64 Family 23 Model 113 Stepping 0, AuthenticAMD
TMP=C:\Users\davi4\AppData\Local\Temp
TEMP=C:\Users\davi4\AppData\Local\Temp




Periodic native trim disabled

---------------  S Y S T E M  ---------------

OS:
 Windows 11 , 64 bit Build 26100 (10.0.26100.7705)
OS uptime: 0 days 3:29 hours
Hyper-V role detected

CPU: total 16 (initial active 16) (16 cores per cpu, 2 threads per core) family 23 model 113 stepping 0 microcode 0x8701013, cx8, cmov, fxsr, ht, mmx, 3dnowpref, sse, sse2, sse3, ssse3, sse4a, sse4.1, sse4.2, popcnt, lzcnt, tsc, tscinvbit, avx, avx2, aes, clmul, bmi1, bmi2, adx, sha, fma, vzeroupper, clflush, clflushopt, hv, rdtscp, rdpid, f16c
Processor Information for the first 16 processors :
  Max Mhz: 3593, Current Mhz: 3593, Mhz Limit: 3593

Memory: 4k page, system-wide physical 32719M (1233M free)
TotalPageFile size 89772M (AvailPageFile size 111M)
current process WorkingSet (physical memory assigned to process): 565M, peak: 1474M
current process commit charge ("private bytes"): 1574M, peak: 1855M

vm_info: OpenJDK 64-Bit Server VM (21.0.10+7-LTS) for windows-amd64 JRE (21.0.10+7-LTS), built on 2026-01-20T00:00:00Z by "admin" with MS VC++ 17.12 (VS2022)

END.
