#
# There is insufficient memory for the Java Runtime Environment to continue.
# Native memory allocation (malloc) failed to allocate 1248016 bytes. Error detail: Chunk::new
# Possible reasons:
#   The system is out of physical RAM or swap space
#   This process is running with CompressedOops enabled, and the Java Heap may be blocking the growth of the native heap
# Possible solutions:
#   Reduce memory load on the system
#   Increase physical memory or swap space
#   Check if swap backing store is full
#   Decrease Java heap size (-Xmx/-Xms)
#   Decrease number of Java threads
#   Decrease Java thread stack sizes (-Xss)
#   Set larger code cache with -XX:ReservedCodeCacheSize=
#   JVM is running with Unscaled Compressed Oops mode in which the Java heap is
#     placed in the first 4GB address space. The Java Heap base address is the
#     maximum limit for the native heap growth. Please use -XX:HeapBaseMinAddress
#     to set the Java Heap base and to place the Java Heap above 4GB virtual address.
# This output file may be truncated or incomplete.
#
#  Out of Memory Error (arena.cpp:168), pid=132544, tid=133712
#
# JRE version: OpenJDK Runtime Environment Temurin-21.0.10+7 (21.0.10+7) (build 21.0.10+7-LTS)
# Java VM: OpenJDK 64-Bit Server VM Temurin-21.0.10+7 (21.0.10+7-LTS, mixed mode, sharing, tiered, compressed oops, compressed class ptrs, parallel gc, windows-amd64)
# No core dump will be written. Minidumps are not enabled by default on client versions of Windows
#

---------------  S U M M A R Y ------------

Command Line: --add-modules=ALL-SYSTEM --add-opens=java.base/java.util=ALL-UNNAMED --add-opens=java.base/java.lang=ALL-UNNAMED --add-opens=java.base/sun.nio.fs=ALL-UNNAMED -Declipse.application=org.eclipse.jdt.ls.core.id1 -Dosgi.bundles.defaultStartLevel=4 -Declipse.product=org.eclipse.jdt.ls.core.product -Djava.import.generatesMetadataFilesAtProjectRoot=false -DDetectVMInstallationsJob.disabled=true -Dfile.encoding=utf8 -XX:+UseParallelGC -XX:GCTimeRatio=4 -XX:AdaptiveSizePolicyWeight=90 -Dsun.zip.disableMemoryMapping=true -Xmx2G -Xms100m -Xlog:disable -javaagent:c:\Users\davi4\.windsurf\extensions\redhat.java-1.53.0-win32-x64\lombok\lombok-1.18.39-4050.jar -XX:+HeapDumpOnOutOfMemoryError -XX:HeapDumpPath=c:\Users\davi4\AppData\Roaming\Windsurf\User\workspaceStorage\480e1d6f9199f74cf5298c7c52811d38\redhat.java -Daether.dependencyCollector.impl=bf c:\Users\davi4\.windsurf\extensions\redhat.java-1.53.0-win32-x64\server\plugins\org.eclipse.equinox.launcher_1.7.100.v20251111-0406.jar -configuration c:\Users\davi4\AppData\Roaming\Windsurf\User\globalStorage\redhat.java\1.53.0\config_win -data c:\Users\davi4\AppData\Roaming\Windsurf\User\workspaceStorage\480e1d6f9199f74cf5298c7c52811d38\redhat.java\jdt_ws --pipe=\\.\pipe\lsp-eb1ad58e6788a5972d76a770adc667dc-sock

Host: AMD Ryzen 7 3700X 8-Core Processor             , 16 cores, 31G,  Windows 11 , 64 bit Build 26100 (10.0.26100.7705)
Time: Mon Mar  2 22:24:42 2026 SA Pacific Standard Time elapsed time: 127.461458 seconds (0d 0h 2m 7s)

---------------  T H R E A D  ---------------

Current thread (0x000002aa1810b7c0):  JavaThread "C2 CompilerThread2" daemon [_thread_in_native, id=133712, stack(0x000000f687c00000,0x000000f687d00000) (1024K)]


Current CompileTask:
C2:127461 21484       4       org.eclipse.jdt.internal.core.builder.NameEnvironment::getModulesDeclaringPackage (336 bytes)

Stack: [0x000000f687c00000,0x000000f687d00000]
Native frames: (J=compiled Java code, j=interpreted, Vv=VM code, C=native code)
V  [jvm.dll+0x6d7a39]
V  [jvm.dll+0x8b4b26]
V  [jvm.dll+0x8b70de]
V  [jvm.dll+0x8b77c3]
V  [jvm.dll+0x284346]
V  [jvm.dll+0xc66ed]
V  [jvm.dll+0xc6c31]
V  [jvm.dll+0x3bec01]
V  [jvm.dll+0x1e3f69]
V  [jvm.dll+0x24c6b3]
V  [jvm.dll+0x24bb40]
V  [jvm.dll+0x1cb34e]
V  [jvm.dll+0x25b85d]
V  [jvm.dll+0x259dea]
V  [jvm.dll+0x3f857e]
V  [jvm.dll+0x85f59d]
V  [jvm.dll+0x6d626d]
C  [ucrtbase.dll+0x37b0]
C  [KERNEL32.DLL+0x2e8d7]
C  [ntdll.dll+0x8c40c]


---------------  P R O C E S S  ---------------

Threads class SMR info:
_java_thread_list=0x000002aa00884d40, length=103, elements={
0x000002aa1d9ad2e0, 0x000002aa771fd780, 0x000002aa771fe6a0, 0x000002aa1da592e0,
0x000002aa1da5cfe0, 0x000002aa1da60fb0, 0x000002aa1da65590, 0x000002aa785d5b80,
0x000002aa785d8cf0, 0x000002aa787ff600, 0x000002aa7e0174e0, 0x000002aa7e8e66b0,
0x000002aa7e9d5d20, 0x000002aa7e9d5690, 0x000002aa7e9d4970, 0x000002aa7e9d63b0,
0x000002aa7e9d3c50, 0x000002aa7e9d6a40, 0x000002aa7e9d42e0, 0x000002aa7f2139d0,
0x000002aa7f2146f0, 0x000002aa7f212cb0, 0x000002aa7f211900, 0x000002aa7f217b70,
0x000002aa7f218890, 0x000002aa7f216130, 0x000002aa7f218200, 0x000002aa7f215410,
0x000002aa7f215aa0, 0x000002aa7f216e50, 0x000002aa7f2174e0, 0x000002aa01398510,
0x000002aa0139c020, 0x000002aa01399f50, 0x000002aa01398ba0, 0x000002aa0139c6b0,
0x000002aa0139a5e0, 0x000002aa0139b300, 0x000002aa01399230, 0x000002aa0139ac70,
0x000002aa0139d3d0, 0x000002aa0139da60, 0x000002aa0139ee10, 0x000002aa0139b990,
0x000002aa0139f4a0, 0x000002aa01b4ec10, 0x000002aa01b50650, 0x000002aa01b4f2a0,
0x000002aa01b4d1d0, 0x000002aa01b4d860, 0x000002aa01b51370, 0x000002aa01b4f930,
0x000002aa01b4ffc0, 0x000002aa01b50ce0, 0x000002aa01b4def0, 0x000002aa01b51a00,
0x000002aa01b52720, 0x000002aa01b52090, 0x000002aa01b52db0, 0x000002aa01b53440,
0x000002aa01b53ad0, 0x000002aa01b54160, 0x000002aa01b547f0, 0x000002aa7f3ae4a0,
0x000002aa7f3aca60, 0x000002aa7f3af1c0, 0x000002aa7f3ad0f0, 0x000002aa7f3ad780,
0x000002aa7f3aeb30, 0x000002aa7f3ade10, 0x000002aa7f3b2640, 0x000002aa7f211f90,
0x000002aa03670590, 0x000002aa0366e4c0, 0x000002aa036712b0, 0x000002aa0366de30,
0x000002aa03671940, 0x000002aa03671fd0, 0x000002aa0366ff00, 0x000002aa0366eb50,
0x000002aa03670c20, 0x000002aa03672660, 0x000002aa0366f1e0, 0x000002aa0366f870,
0x000002aa03674730, 0x000002aa03675450, 0x000002aa003c06c0, 0x000002aa003c2100,
0x000002aa003c1a70, 0x000002aa003c13e0, 0x000002aa003c2790, 0x000002aa003c0d50,
0x000002aa003c2e20, 0x000002aa003bf9a0, 0x000002aa003c5c10, 0x000002aa003c41d0,
0x000002aa003c5580, 0x000002aa003c34b0, 0x000002aa003c4860, 0x000002aa1810d9d0,
0x000002aa1810b7c0, 0x000002aa177beb80, 0x000002aa177c2690
}

Java Threads: ( => current thread )
  0x000002aa1d9ad2e0 JavaThread "main"                              [_thread_blocked, id=128952, stack(0x000000f687e00000,0x000000f687f00000) (1024K)]
  0x000002aa771fd780 JavaThread "Reference Handler"          daemon [_thread_blocked, id=131636, stack(0x000000f688200000,0x000000f688300000) (1024K)]
  0x000002aa771fe6a0 JavaThread "Finalizer"                  daemon [_thread_blocked, id=126260, stack(0x000000f688300000,0x000000f688400000) (1024K)]
  0x000002aa1da592e0 JavaThread "Signal Dispatcher"          daemon [_thread_blocked, id=128804, stack(0x000000f688400000,0x000000f688500000) (1024K)]
  0x000002aa1da5cfe0 JavaThread "Attach Listener"            daemon [_thread_blocked, id=109528, stack(0x000000f688500000,0x000000f688600000) (1024K)]
  0x000002aa1da60fb0 JavaThread "Service Thread"             daemon [_thread_blocked, id=132056, stack(0x000000f688600000,0x000000f688700000) (1024K)]
  0x000002aa1da65590 JavaThread "Monitor Deflation Thread"   daemon [_thread_blocked, id=126636, stack(0x000000f688700000,0x000000f688800000) (1024K)]
  0x000002aa785d5b80 JavaThread "C2 CompilerThread0"         daemon [_thread_blocked, id=126420, stack(0x000000f688800000,0x000000f688900000) (1024K)]
  0x000002aa785d8cf0 JavaThread "C1 CompilerThread0"         daemon [_thread_blocked, id=131700, stack(0x000000f688900000,0x000000f688a00000) (1024K)]
  0x000002aa787ff600 JavaThread "Common-Cleaner"             daemon [_thread_blocked, id=132404, stack(0x000000f688d00000,0x000000f688e00000) (1024K)]
  0x000002aa7e0174e0 JavaThread "Notification Thread"        daemon [_thread_blocked, id=123036, stack(0x000000f688f00000,0x000000f689000000) (1024K)]
  0x000002aa7e8e66b0 JavaThread "Active Thread: Equinox Container: 99d1ecb4-b7eb-4955-aafc-e6a6c8940f40"        [_thread_blocked, id=131872, stack(0x000000f689700000,0x000000f689800000) (1024K)]
  0x000002aa7e9d5d20 JavaThread "Refresh Thread: Equinox Container: 99d1ecb4-b7eb-4955-aafc-e6a6c8940f40" daemon [_thread_blocked, id=127032, stack(0x000000f688b00000,0x000000f688c00000) (1024K)]
  0x000002aa7e9d5690 JavaThread "Framework Event Dispatcher: Equinox Container: 99d1ecb4-b7eb-4955-aafc-e6a6c8940f40" daemon [_thread_blocked, id=115844, stack(0x000000f688c00000,0x000000f688d00000) (1024K)]
  0x000002aa7e9d4970 JavaThread "Start Level: Equinox Container: 99d1ecb4-b7eb-4955-aafc-e6a6c8940f40" daemon [_thread_blocked, id=129868, stack(0x000000f688e00000,0x000000f688f00000) (1024K)]
  0x000002aa7e9d63b0 JavaThread "Bundle File Closer"         daemon [_thread_blocked, id=125552, stack(0x000000f689c00000,0x000000f689d00000) (1024K)]
  0x000002aa7e9d3c50 JavaThread "SCR Component Actor"        daemon [_thread_blocked, id=25488, stack(0x000000f689b00000,0x000000f689c00000) (1024K)]
  0x000002aa7e9d6a40 JavaThread "Worker-JM"                         [_thread_blocked, id=131620, stack(0x000000f68a000000,0x000000f68a100000) (1024K)]
  0x000002aa7e9d42e0 JavaThread "JNA Cleaner"                daemon [_thread_blocked, id=129972, stack(0x000000f689600000,0x000000f689700000) (1024K)]
  0x000002aa7f2139d0 JavaThread "Worker-2: Building"                [_thread_in_vm, id=125824, stack(0x000000f68a500000,0x000000f68a600000) (1024K)]
  0x000002aa7f2146f0 JavaThread "Java indexing"              daemon [_thread_blocked, id=127580, stack(0x000000f68a700000,0x000000f68a800000) (1024K)]
  0x000002aa7f212cb0 JavaThread "Worker-3"                          [_thread_blocked, id=130500, stack(0x000000f68ac00000,0x000000f68ad00000) (1024K)]
  0x000002aa7f211900 JavaThread "Thread-1"                   daemon [_thread_in_native, id=132400, stack(0x000000f68af00000,0x000000f68b000000) (1024K)]
  0x000002aa7f217b70 JavaThread "Thread-2"                   daemon [_thread_in_native, id=111736, stack(0x000000f68b000000,0x000000f68b100000) (1024K)]
  0x000002aa7f218890 JavaThread "Thread-3"                   daemon [_thread_in_native, id=130536, stack(0x000000f68b100000,0x000000f68b200000) (1024K)]
  0x000002aa7f216130 JavaThread "Thread-4"                   daemon [_thread_in_native, id=131440, stack(0x000000f68b200000,0x000000f68b300000) (1024K)]
  0x000002aa7f218200 JavaThread "Thread-5"                   daemon [_thread_in_native, id=123796, stack(0x000000f68b300000,0x000000f68b400000) (1024K)]
  0x000002aa7f215410 JavaThread "Thread-6"                   daemon [_thread_in_native, id=97208, stack(0x000000f68b400000,0x000000f68b500000) (1024K)]
  0x000002aa7f215aa0 JavaThread "Thread-7"                   daemon [_thread_in_native, id=131624, stack(0x000000f68b500000,0x000000f68b600000) (1024K)]
  0x000002aa7f216e50 JavaThread "Thread-8"                   daemon [_thread_in_native, id=131744, stack(0x000000f68b700000,0x000000f68b800000) (1024K)]
  0x000002aa7f2174e0 JavaThread "Thread-9"                   daemon [_thread_in_native, id=126508, stack(0x000000f68b800000,0x000000f68b900000) (1024K)]
  0x000002aa01398510 JavaThread "Thread-10"                  daemon [_thread_in_native, id=131688, stack(0x000000f68b900000,0x000000f68ba00000) (1024K)]
  0x000002aa0139c020 JavaThread "Thread-11"                  daemon [_thread_in_native, id=132352, stack(0x000000f68ba00000,0x000000f68bb00000) (1024K)]
  0x000002aa01399f50 JavaThread "Thread-12"                  daemon [_thread_in_native, id=132368, stack(0x000000f68bb00000,0x000000f68bc00000) (1024K)]
  0x000002aa01398ba0 JavaThread "Thread-13"                  daemon [_thread_in_native, id=132700, stack(0x000000f68bc00000,0x000000f68bd00000) (1024K)]
  0x000002aa0139c6b0 JavaThread "Thread-14"                  daemon [_thread_in_native, id=129220, stack(0x000000f68bd00000,0x000000f68be00000) (1024K)]
  0x000002aa0139a5e0 JavaThread "Thread-15"                  daemon [_thread_in_native, id=132680, stack(0x000000f68be00000,0x000000f68bf00000) (1024K)]
  0x000002aa0139b300 JavaThread "Thread-16"                  daemon [_thread_in_native, id=111684, stack(0x000000f68bf00000,0x000000f68c000000) (1024K)]
  0x000002aa01399230 JavaThread "Thread-17"                  daemon [_thread_in_native, id=131408, stack(0x000000f68c000000,0x000000f68c100000) (1024K)]
  0x000002aa0139ac70 JavaThread "pool-2-thread-1"                   [_thread_blocked, id=130996, stack(0x000000f68c400000,0x000000f68c500000) (1024K)]
  0x000002aa0139d3d0 JavaThread "WorkspaceEventsHandler"            [_thread_blocked, id=133036, stack(0x000000f68c600000,0x000000f68c700000) (1024K)]
  0x000002aa0139da60 JavaThread "pool-1-thread-1"                   [_thread_blocked, id=132532, stack(0x000000f68c700000,0x000000f68c800000) (1024K)]
  0x000002aa0139ee10 JavaThread "LocalFile Deleter"          daemon [_thread_blocked, id=132476, stack(0x000000f68c900000,0x000000f68ca00000) (1024K)]
  0x000002aa0139b990 JavaThread "LocalFile Deleter"          daemon [_thread_blocked, id=119244, stack(0x000000f68ca00000,0x000000f68cb00000) (1024K)]
  0x000002aa0139f4a0 JavaThread "LocalFile Deleter"          daemon [_thread_blocked, id=19144, stack(0x000000f68cb00000,0x000000f68cc00000) (1024K)]
  0x000002aa01b4ec10 JavaThread "LocalFile Deleter"          daemon [_thread_blocked, id=124860, stack(0x000000f68cd00000,0x000000f68ce00000) (1024K)]
  0x000002aa01b50650 JavaThread "LocalFile Deleter"          daemon [_thread_blocked, id=131460, stack(0x000000f68ce00000,0x000000f68cf00000) (1024K)]
  0x000002aa01b4f2a0 JavaThread "LocalFile Deleter"          daemon [_thread_blocked, id=132320, stack(0x000000f68cf00000,0x000000f68d000000) (1024K)]
  0x000002aa01b4d1d0 JavaThread "LocalFile Deleter"          daemon [_thread_blocked, id=105244, stack(0x000000f68d000000,0x000000f68d100000) (1024K)]
  0x000002aa01b4d860 JavaThread "LocalFile Deleter"          daemon [_thread_blocked, id=132376, stack(0x000000f68d100000,0x000000f68d200000) (1024K)]
  0x000002aa01b51370 JavaThread "LocalFile Deleter"          daemon [_thread_blocked, id=130984, stack(0x000000f68d200000,0x000000f68d300000) (1024K)]
  0x000002aa01b4f930 JavaThread "LocalFile Deleter"          daemon [_thread_blocked, id=132976, stack(0x000000f68d300000,0x000000f68d400000) (1024K)]
  0x000002aa01b4ffc0 JavaThread "LocalFile Deleter"          daemon [_thread_blocked, id=133008, stack(0x000000f68d400000,0x000000f68d500000) (1024K)]
  0x000002aa01b50ce0 JavaThread "LocalFile Deleter"          daemon [_thread_blocked, id=124576, stack(0x000000f68d500000,0x000000f68d600000) (1024K)]
  0x000002aa01b4def0 JavaThread "LocalFile Deleter"          daemon [_thread_blocked, id=131676, stack(0x000000f68d600000,0x000000f68d700000) (1024K)]
  0x000002aa01b51a00 JavaThread "LocalFile Deleter"          daemon [_thread_blocked, id=132444, stack(0x000000f68d700000,0x000000f68d800000) (1024K)]
  0x000002aa01b52720 JavaThread "Compiler Source File Reader" daemon [_thread_blocked, id=130448, stack(0x000000f68d800000,0x000000f68d900000) (1024K)]
  0x000002aa01b52090 JavaThread "Compiler Source File Reader" daemon [_thread_blocked, id=133124, stack(0x000000f68d900000,0x000000f68da00000) (1024K)]
  0x000002aa01b52db0 JavaThread "Compiler Source File Reader" daemon [_thread_blocked, id=133128, stack(0x000000f68da00000,0x000000f68db00000) (1024K)]
  0x000002aa01b53440 JavaThread "Compiler Source File Reader" daemon [_thread_blocked, id=133132, stack(0x000000f68db00000,0x000000f68dc00000) (1024K)]
  0x000002aa01b53ad0 JavaThread "Compiler Source File Reader" daemon [_thread_blocked, id=133136, stack(0x000000f68dc00000,0x000000f68dd00000) (1024K)]
  0x000002aa01b54160 JavaThread "Compiler Source File Reader" daemon [_thread_blocked, id=133140, stack(0x000000f68dd00000,0x000000f68de00000) (1024K)]
  0x000002aa01b547f0 JavaThread "Compiler Source File Reader" daemon [_thread_blocked, id=133144, stack(0x000000f68de00000,0x000000f68df00000) (1024K)]
  0x000002aa7f3ae4a0 JavaThread "Compiler Source File Reader" daemon [_thread_blocked, id=133148, stack(0x000000f68df00000,0x000000f68e000000) (1024K)]
  0x000002aa7f3aca60 JavaThread "Compiler Source File Reader" daemon [_thread_blocked, id=133152, stack(0x000000f68e000000,0x000000f68e100000) (1024K)]
  0x000002aa7f3af1c0 JavaThread "Compiler Source File Reader" daemon [_thread_blocked, id=133156, stack(0x000000f68e100000,0x000000f68e200000) (1024K)]
  0x000002aa7f3ad0f0 JavaThread "Compiler Source File Reader" daemon [_thread_blocked, id=133160, stack(0x000000f68e200000,0x000000f68e300000) (1024K)]
  0x000002aa7f3ad780 JavaThread "Compiler Source File Reader" daemon [_thread_blocked, id=133164, stack(0x000000f68e300000,0x000000f68e400000) (1024K)]
  0x000002aa7f3aeb30 JavaThread "Compiler Source File Reader" daemon [_thread_blocked, id=133168, stack(0x000000f68e400000,0x000000f68e500000) (1024K)]
  0x000002aa7f3ade10 JavaThread "Compiler Source File Reader" daemon [_thread_blocked, id=133172, stack(0x000000f68e500000,0x000000f68e600000) (1024K)]
  0x000002aa7f3b2640 JavaThread "Compiler Class File Writer" daemon [_thread_blocked, id=131528, stack(0x000000f68e600000,0x000000f68e700000) (1024K)]
  0x000002aa7f211f90 JavaThread "Compiler Class File Writer" daemon [_thread_blocked, id=130960, stack(0x000000f68e700000,0x000000f68e800000) (1024K)]
  0x000002aa03670590 JavaThread "Compiler Class File Writer" daemon [_thread_blocked, id=64748, stack(0x000000f68e800000,0x000000f68e900000) (1024K)]
  0x000002aa0366e4c0 JavaThread "Compiler Class File Writer" daemon [_thread_blocked, id=123588, stack(0x000000f68e900000,0x000000f68ea00000) (1024K)]
  0x000002aa036712b0 JavaThread "Compiler Class File Writer" daemon [_thread_blocked, id=132584, stack(0x000000f68ea00000,0x000000f68eb00000) (1024K)]
  0x000002aa0366de30 JavaThread "Compiler Class File Writer" daemon [_thread_blocked, id=132592, stack(0x000000f68eb00000,0x000000f68ec00000) (1024K)]
  0x000002aa03671940 JavaThread "Compiler Class File Writer" daemon [_thread_blocked, id=130776, stack(0x000000f68ec00000,0x000000f68ed00000) (1024K)]
  0x000002aa03671fd0 JavaThread "Compiler Class File Writer" daemon [_thread_blocked, id=131756, stack(0x000000f68ed00000,0x000000f68ee00000) (1024K)]
  0x000002aa0366ff00 JavaThread "Compiler Class File Writer" daemon [_thread_blocked, id=132604, stack(0x000000f68ee00000,0x000000f68ef00000) (1024K)]
  0x000002aa0366eb50 JavaThread "Compiler Class File Writer" daemon [_thread_blocked, id=129340, stack(0x000000f68ef00000,0x000000f68f000000) (1024K)]
  0x000002aa03670c20 JavaThread "Compiler Class File Writer" daemon [_thread_blocked, id=131184, stack(0x000000f68f000000,0x000000f68f100000) (1024K)]
  0x000002aa03672660 JavaThread "Compiler Class File Writer" daemon [_thread_blocked, id=125532, stack(0x000000f68f100000,0x000000f68f200000) (1024K)]
  0x000002aa0366f1e0 JavaThread "Compiler Class File Writer" daemon [_thread_blocked, id=107692, stack(0x000000f68f200000,0x000000f68f300000) (1024K)]
  0x000002aa0366f870 JavaThread "Compiler Class File Writer" daemon [_thread_blocked, id=118824, stack(0x000000f68f300000,0x000000f68f400000) (1024K)]
  0x000002aa03674730 JavaThread "ForkJoinPool.commonPool-worker-1" daemon [_thread_blocked, id=134044, stack(0x000000f68f400000,0x000000f68f500000) (1024K)]
  0x000002aa03675450 JavaThread "ForkJoinPool.commonPool-worker-2" daemon [_thread_blocked, id=134040, stack(0x000000f68f500000,0x000000f68f600000) (1024K)]
  0x000002aa003c06c0 JavaThread "ForkJoinPool.commonPool-worker-3" daemon [_thread_blocked, id=133948, stack(0x000000f68f600000,0x000000f68f700000) (1024K)]
  0x000002aa003c2100 JavaThread "ForkJoinPool.commonPool-worker-4" daemon [_thread_blocked, id=134000, stack(0x000000f68f700000,0x000000f68f800000) (1024K)]
  0x000002aa003c1a70 JavaThread "ForkJoinPool.commonPool-worker-5" daemon [_thread_blocked, id=133996, stack(0x000000f68f800000,0x000000f68f900000) (1024K)]
  0x000002aa003c13e0 JavaThread "ForkJoinPool.commonPool-worker-6" daemon [_thread_blocked, id=133992, stack(0x000000f68f900000,0x000000f68fa00000) (1024K)]
  0x000002aa003c2790 JavaThread "ForkJoinPool.commonPool-worker-7" daemon [_thread_blocked, id=133960, stack(0x000000f68fa00000,0x000000f68fb00000) (1024K)]
  0x000002aa003c0d50 JavaThread "ForkJoinPool.commonPool-worker-8" daemon [_thread_blocked, id=133944, stack(0x000000f68fb00000,0x000000f68fc00000) (1024K)]
  0x000002aa003c2e20 JavaThread "ForkJoinPool.commonPool-worker-9" daemon [_thread_blocked, id=132488, stack(0x000000f68fc00000,0x000000f68fd00000) (1024K)]
  0x000002aa003bf9a0 JavaThread "ForkJoinPool.commonPool-worker-10" daemon [_thread_blocked, id=132636, stack(0x000000f68fd00000,0x000000f68fe00000) (1024K)]
  0x000002aa003c5c10 JavaThread "ForkJoinPool.commonPool-worker-12" daemon [_thread_blocked, id=134104, stack(0x000000f68ff00000,0x000000f690000000) (1024K)]
  0x000002aa003c41d0 JavaThread "ForkJoinPool.commonPool-worker-13" daemon [_thread_blocked, id=134100, stack(0x000000f690000000,0x000000f690100000) (1024K)]
  0x000002aa003c5580 JavaThread "ForkJoinPool.commonPool-worker-14" daemon [_thread_blocked, id=134096, stack(0x000000f690100000,0x000000f690200000) (1024K)]
  0x000002aa003c34b0 JavaThread "ForkJoinPool.commonPool-worker-15" daemon [_thread_blocked, id=24476, stack(0x000000f690200000,0x000000f690300000) (1024K)]
  0x000002aa003c4860 JavaThread "Cleaner-0"                  daemon [_thread_blocked, id=132788, stack(0x000000f68ad00000,0x000000f68ae00000) (1024K)]
  0x000002aa1810d9d0 JavaThread "C2 CompilerThread1"         daemon [_thread_blocked, id=4952, stack(0x000000f687b00000,0x000000f687c00000) (1024K)]
=>0x000002aa1810b7c0 JavaThread "C2 CompilerThread2"         daemon [_thread_in_native, id=133712, stack(0x000000f687c00000,0x000000f687d00000) (1024K)]
  0x000002aa177beb80 JavaThread "Worker-6"                          [_thread_blocked, id=132036, stack(0x000000f687d00000,0x000000f687e00000) (1024K)]
  0x000002aa177c2690 JavaThread "Compiler Processing Task"   daemon [_thread_blocked, id=131104, stack(0x000000f689d00000,0x000000f689e00000) (1024K)]
Total: 103

Other Threads:
  0x000002aa1da4fa80 VMThread "VM Thread"                           [id=131596, stack(0x000000f688100000,0x000000f688200000) (1024K)]
  0x000002aa770dbb20 WatcherThread "VM Periodic Task Thread"        [id=98344, stack(0x000000f688000000,0x000000f688100000) (1024K)]
  0x000002aa1d9cb3b0 WorkerThread "GC Thread#0"                     [id=123100, stack(0x000000f687f00000,0x000000f688000000) (1024K)]
  0x000002aa7e772b00 WorkerThread "GC Thread#1"                     [id=128904, stack(0x000000f689000000,0x000000f689100000) (1024K)]
  0x000002aa7e776b50 WorkerThread "GC Thread#2"                     [id=130712, stack(0x000000f689100000,0x000000f689200000) (1024K)]
  0x000002aa7e776f00 WorkerThread "GC Thread#3"                     [id=131632, stack(0x000000f689200000,0x000000f689300000) (1024K)]
  0x000002aa7e7778c0 WorkerThread "GC Thread#4"                     [id=74068, stack(0x000000f689300000,0x000000f689400000) (1024K)]
  0x000002aa7e3952b0 WorkerThread "GC Thread#5"                     [id=130156, stack(0x000000f689400000,0x000000f689500000) (1024K)]
  0x000002aa7e3ac920 WorkerThread "GC Thread#6"                     [id=132460, stack(0x000000f689500000,0x000000f689600000) (1024K)]
  0x000002aa7e3ab6b0 WorkerThread "GC Thread#7"                     [id=116724, stack(0x000000f689800000,0x000000f689900000) (1024K)]
  0x000002aa7e3ac1c0 WorkerThread "GC Thread#8"                     [id=23576, stack(0x000000f688a00000,0x000000f688b00000) (1024K)]
  0x000002aa7e3ab300 WorkerThread "GC Thread#9"                     [id=112728, stack(0x000000f689900000,0x000000f689a00000) (1024K)]
  0x000002aa7e3aba60 WorkerThread "GC Thread#10"                    [id=115008, stack(0x000000f689a00000,0x000000f689b00000) (1024K)]
  0x000002aa7e3ac570 WorkerThread "GC Thread#11"                    [id=23568, stack(0x000000f689f00000,0x000000f68a000000) (1024K)]
  0x000002aa7e3accd0 WorkerThread "GC Thread#12"                    [id=131716, stack(0x000000f68a100000,0x000000f68a200000) (1024K)]
Total: 15

Threads with active compile tasks:
C2 CompilerThread2  127496 21484       4       org.eclipse.jdt.internal.core.builder.NameEnvironment::getModulesDeclaringPackage (336 bytes)
Total: 1

VM state: not at safepoint (normal execution)

VM Mutex/Monitor currently owned by a thread:  ([mutex/lock_event])
[0x00007ff8576ae660] Heap_lock - owner thread: 0x000002aa7f2139d0
[0x00007ff8576aeae0] PSOldGenExpand_lock - owner thread: 0x000002aa7f2139d0

Heap address: 0x0000000080000000, size: 2048 MB, Compressed Oops mode: 32-bit

CDS archive(s) mapped at: [0x000002aa36000000-0x000002aa36ba0000-0x000002aa36ba0000), size 12189696, SharedBaseAddress: 0x000002aa36000000, ArchiveRelocationMode: 1.
Compressed class space mapped at: 0x000002aa37000000-0x000002aa77000000, reserved size: 1073741824
Narrow klass base: 0x000002aa36000000, Narrow klass shift: 0, Narrow klass range: 0x100000000

GC Precious Log:
 CardTable entry size: 512
 CPUs: 16 total, 16 available
 Memory: 32719M
 Large Page Support: Disabled
 NUMA Support: Disabled
 Compressed Oops: Enabled (32-bit)
 Alignments: Space 512K, Generation 512K, Heap 2M
 Heap Min Capacity: 100M
 Heap Initial Capacity: 100M
 Heap Max Capacity: 2G
 Pre-touch: Disabled
 Parallel Workers: 13

Heap:
 PSYoungGen      total 3584K, used 468K [0x00000000d5580000, 0x00000000d5c00000, 0x0000000100000000)
  eden space 3072K, 1% used [0x00000000d5580000,0x00000000d558d3d0,0x00000000d5880000)
  from space 512K, 81% used [0x00000000d5b80000,0x00000000d5be8000,0x00000000d5c00000)
  to   space 1024K, 0% used [0x00000000d5a00000,0x00000000d5a00000,0x00000000d5b00000)
 ParOldGen       total 239104K, used 234692K [0x0000000080000000, 0x000000008e980000, 0x00000000d5580000)
  object space 239104K, 98% used [0x0000000080000000,0x000000008e531358,0x000000008e980000)
 Metaspace       used 81255K, committed 83008K, reserved 1179648K
  class space    used 8121K, committed 8896K, reserved 1048576K

Card table byte_map: [0x000002aa313b0000,0x000002aa317c0000] _byte_map_base: 0x000002aa30fb0000

Marking Bits: (ParMarkBitMap*) 0x00007ff8576b3450
 Begin Bits: [0x000002aa31a70000, 0x000002aa33a70000)
 End Bits:   [0x000002aa33a70000, 0x000002aa35a70000)

Polling page: 0x000002aa1d730000

Metaspace:

Usage:
  Non-class:     71.42 MB used.
      Class:      7.93 MB used.
       Both:     79.35 MB used.

Virtual space:
  Non-class space:      128.00 MB reserved,      72.38 MB ( 57%) committed,  2 nodes.
      Class space:        1.00 GB reserved,       8.69 MB ( <1%) committed,  1 nodes.
             Both:        1.12 GB reserved,      81.06 MB (  7%) committed. 

Chunk freelists:
   Non-Class:  7.57 MB
       Class:  7.22 MB
        Both:  14.79 MB

MaxMetaspaceSize: unlimited
CompressedClassSpaceSize: 1.00 GB
Initial GC threshold: 21.00 MB
Current GC threshold: 118.38 MB
CDS: on
 - commit_granule_bytes: 65536.
 - commit_granule_words: 8192.
 - virtual_space_node_default_size: 8388608.
 - enlarge_chunks_in_place: 1.
 - use_allocation_guard: 0.


Internal statistics:

num_allocs_failed_limit: 9.
num_arena_births: 1608.
num_arena_deaths: 26.
num_vsnodes_births: 3.
num_vsnodes_deaths: 0.
num_space_committed: 1296.
num_space_uncommitted: 0.
num_chunks_returned_to_freelist: 40.
num_chunks_taken_from_freelist: 5684.
num_chunk_merges: 15.
num_chunk_splits: 3406.
num_chunks_enlarged: 1836.
num_inconsistent_stats: 0.

CodeHeap 'non-profiled nmethods': size=119168Kb used=19252Kb max_used=19252Kb free=99915Kb
 bounds [0x000002aa29d70000, 0x000002aa2b040000, 0x000002aa311d0000]
CodeHeap 'profiled nmethods': size=119104Kb used=48166Kb max_used=48166Kb free=70938Kb
 bounds [0x000002aa221d0000, 0x000002aa250e0000, 0x000002aa29620000]
CodeHeap 'non-nmethods': size=7488Kb used=1499Kb max_used=3296Kb free=5988Kb
 bounds [0x000002aa29620000, 0x000002aa29990000, 0x000002aa29d70000]
CodeCache: size=245760Kb, used=68917Kb, max_used=70714Kb, free=176841Kb
 total_blobs=20068, nmethods=19247, adapters=723, full_count=0
Compilation: enabled, stopped_count=0, restarted_count=0

Compilation events (20 events):
Event: 126.299 Thread 0x000002aa785d5b80 21487       4       org.eclipse.jdt.internal.compiler.env.ITypeAnnotationWalker$1::toTypeParameterBounds (2 bytes)
Event: 126.299 Thread 0x000002aa785d5b80 nmethod 21487 0x000002aa2b038910 code [0x000002aa2b038aa0, 0x000002aa2b038b28]
Event: 126.301 Thread 0x000002aa1810d9d0 nmethod 21489 0x000002aa2b038c10 code [0x000002aa2b038e20, 0x000002aa2b039630]
Event: 126.355 Thread 0x000002aa785d8cf0 21490       3       java.lang.invoke.LambdaForm$MH/0x000002aa374d9c00::reinvoke (24 bytes)
Event: 126.355 Thread 0x000002aa785d8cf0 nmethod 21490 0x000002aa250ce010 code [0x000002aa250ce200, 0x000002aa250ce6d8]
Event: 126.355 Thread 0x000002aa785d8cf0 21491       3       java.lang.invoke.MethodHandleImpl$CountingWrapper::maybeStopCounting (25 bytes)
Event: 126.355 Thread 0x000002aa785d8cf0 nmethod 21491 0x000002aa250ce810 code [0x000002aa250ce9e0, 0x000002aa250cee28]
Event: 126.355 Thread 0x000002aa785d8cf0 21492       3       java.lang.invoke.MethodHandleImpl$CountingWrapper::countDown (42 bytes)
Event: 126.356 Thread 0x000002aa785d8cf0 nmethod 21492 0x000002aa250cef90 code [0x000002aa250cf160, 0x000002aa250cf418]
Event: 126.362 Thread 0x000002aa785d8cf0 21494       1       org.eclipse.aether.artifact.DefaultArtifactType::getId (5 bytes)
Event: 126.362 Thread 0x000002aa785d8cf0 nmethod 21494 0x000002aa2b039d90 code [0x000002aa2b039f20, 0x000002aa2b039fe8]
Event: 126.362 Thread 0x000002aa785d8cf0 21495       3       org.eclipse.m2e.core.internal.embedder.EclipseLogger::isDebugEnabled (10 bytes)
Event: 126.363 Thread 0x000002aa785d8cf0 nmethod 21495 0x000002aa250cf510 code [0x000002aa250cf700, 0x000002aa250cfad0]
Event: 126.363 Thread 0x000002aa785d8cf0 21496       3       org.eclipse.m2e.core.internal.preferences.MavenConfigurationImpl::isDebugOutput (7 bytes)
Event: 126.363 Thread 0x000002aa785d8cf0 nmethod 21496 0x000002aa250cfd10 code [0x000002aa250cfee0, 0x000002aa250d01f8]
Event: 126.363 Thread 0x000002aa785d8cf0 21497       1       org.apache.maven.artifact.repository.MavenArtifactRepository::getId (5 bytes)
Event: 126.363 Thread 0x000002aa785d8cf0 nmethod 21497 0x000002aa2b03a090 code [0x000002aa2b03a220, 0x000002aa2b03a2e8]
Event: 126.365 Thread 0x000002aa1810d9d0 21498   !   4       java.util.concurrent.ConcurrentHashMap::putVal (432 bytes)
Event: 126.378 Thread 0x000002aa1810d9d0 nmethod 21498 0x000002aa2b03a390 code [0x000002aa2b03a600, 0x000002aa2b03b368]
Event: 126.922 Thread 0x000002aa785d8cf0 21499       3       java.util.concurrent.ScheduledThreadPoolExecutor::canRunInCurrentRunState (61 bytes)

GC Heap History (20 events):
Event: 126.080 GC heap before
{Heap before GC invocations=702 (full 4):
 PSYoungGen      total 1536K, used 1472K [0x00000000d5580000, 0x00000000d6000000, 0x0000000100000000)
  eden space 1024K, 100% used [0x00000000d5580000,0x00000000d5680000,0x00000000d5680000)
  from space 512K, 87% used [0x00000000d5f00000,0x00000000d5f70000,0x00000000d5f80000)
  to   space 512K, 0% used [0x00000000d5f80000,0x00000000d5f80000,0x00000000d6000000)
 ParOldGen       total 227328K, used 187760K [0x0000000080000000, 0x000000008de00000, 0x00000000d5580000)
  object space 227328K, 82% used [0x0000000080000000,0x000000008b75c3f8,0x000000008de00000)
 Metaspace       used 81100K, committed 82880K, reserved 1179648K
  class space    used 8100K, committed 8896K, reserved 1048576K
}
Event: 126.081 GC heap after
{Heap after GC invocations=702 (full 4):
 PSYoungGen      total 1536K, used 496K [0x00000000d5580000, 0x00000000d6000000, 0x0000000100000000)
  eden space 1024K, 0% used [0x00000000d5580000,0x00000000d5580000,0x00000000d5680000)
  from space 512K, 96% used [0x00000000d5f80000,0x00000000d5ffc010,0x00000000d6000000)
  to   space 1024K, 0% used [0x00000000d5e00000,0x00000000d5e00000,0x00000000d5f00000)
 ParOldGen       total 227328K, used 188017K [0x0000000080000000, 0x000000008de00000, 0x00000000d5580000)
  object space 227328K, 82% used [0x0000000080000000,0x000000008b79c418,0x000000008de00000)
 Metaspace       used 81100K, committed 82880K, reserved 1179648K
  class space    used 8100K, committed 8896K, reserved 1048576K
}
Event: 126.134 GC heap before
{Heap before GC invocations=703 (full 4):
 PSYoungGen      total 1536K, used 1435K [0x00000000d5580000, 0x00000000d6000000, 0x0000000100000000)
  eden space 1024K, 91% used [0x00000000d5580000,0x00000000d566ad08,0x00000000d5680000)
  from space 512K, 96% used [0x00000000d5f80000,0x00000000d5ffc010,0x00000000d6000000)
  to   space 1024K, 0% used [0x00000000d5e00000,0x00000000d5e00000,0x00000000d5f00000)
 ParOldGen       total 227328K, used 188899K [0x0000000080000000, 0x000000008de00000, 0x00000000d5580000)
  object space 227328K, 83% used [0x0000000080000000,0x000000008b878ce8,0x000000008de00000)
 Metaspace       used 81109K, committed 82880K, reserved 1179648K
  class space    used 8100K, committed 8896K, reserved 1048576K
}
Event: 126.135 GC heap after
{Heap after GC invocations=703 (full 4):
 PSYoungGen      total 2048K, used 812K [0x00000000d5580000, 0x00000000d6000000, 0x0000000100000000)
  eden space 1024K, 0% used [0x00000000d5580000,0x00000000d5580000,0x00000000d5680000)
  from space 1024K, 79% used [0x00000000d5e00000,0x00000000d5ecb0b0,0x00000000d5f00000)
  to   space 1024K, 0% used [0x00000000d5f00000,0x00000000d5f00000,0x00000000d6000000)
 ParOldGen       total 227328K, used 189355K [0x0000000080000000, 0x000000008de00000, 0x00000000d5580000)
  object space 227328K, 83% used [0x0000000080000000,0x000000008b8ead08,0x000000008de00000)
 Metaspace       used 81109K, committed 82880K, reserved 1179648K
  class space    used 8100K, committed 8896K, reserved 1048576K
}
Event: 126.136 GC heap before
{Heap before GC invocations=704 (full 4):
 PSYoungGen      total 2048K, used 1836K [0x00000000d5580000, 0x00000000d6000000, 0x0000000100000000)
  eden space 1024K, 100% used [0x00000000d5580000,0x00000000d5680000,0x00000000d5680000)
  from space 1024K, 79% used [0x00000000d5e00000,0x00000000d5ecb0b0,0x00000000d5f00000)
  to   space 1024K, 0% used [0x00000000d5f00000,0x00000000d5f00000,0x00000000d6000000)
 ParOldGen       total 227328K, used 189355K [0x0000000080000000, 0x000000008de00000, 0x00000000d5580000)
  object space 227328K, 83% used [0x0000000080000000,0x000000008b8ead08,0x000000008de00000)
 Metaspace       used 81110K, committed 82880K, reserved 1179648K
  class space    used 8100K, committed 8896K, reserved 1048576K
}
Event: 126.137 GC heap after
{Heap after GC invocations=704 (full 4):
 PSYoungGen      total 2560K, used 994K [0x00000000d5580000, 0x00000000d6000000, 0x0000000100000000)
  eden space 1536K, 0% used [0x00000000d5580000,0x00000000d5580000,0x00000000d5700000)
  from space 1024K, 97% used [0x00000000d5f00000,0x00000000d5ff8940,0x00000000d6000000)
  to   space 2048K, 0% used [0x00000000d5c00000,0x00000000d5c00000,0x00000000d5e00000)
 ParOldGen       total 227328K, used 190091K [0x0000000080000000, 0x000000008de00000, 0x00000000d5580000)
  object space 227328K, 83% used [0x0000000080000000,0x000000008b9a2e80,0x000000008de00000)
 Metaspace       used 81110K, committed 82880K, reserved 1179648K
  class space    used 8100K, committed 8896K, reserved 1048576K
}
Event: 126.151 GC heap before
{Heap before GC invocations=705 (full 4):
 PSYoungGen      total 2560K, used 2530K [0x00000000d5580000, 0x00000000d6000000, 0x0000000100000000)
  eden space 1536K, 100% used [0x00000000d5580000,0x00000000d5700000,0x00000000d5700000)
  from space 1024K, 97% used [0x00000000d5f00000,0x00000000d5ff8940,0x00000000d6000000)
  to   space 2048K, 0% used [0x00000000d5c00000,0x00000000d5c00000,0x00000000d5e00000)
 ParOldGen       total 227328K, used 190091K [0x0000000080000000, 0x000000008de00000, 0x00000000d5580000)
  object space 227328K, 83% used [0x0000000080000000,0x000000008b9a2e80,0x000000008de00000)
 Metaspace       used 81112K, committed 82880K, reserved 1179648K
  class space    used 8100K, committed 8896K, reserved 1048576K
}
Event: 126.153 GC heap after
{Heap after GC invocations=705 (full 4):
 PSYoungGen      total 4096K, used 1778K [0x00000000d5580000, 0x00000000d5f80000, 0x0000000100000000)
  eden space 2048K, 0% used [0x00000000d5580000,0x00000000d5580000,0x00000000d5780000)
  from space 2048K, 86% used [0x00000000d5c00000,0x00000000d5dbc920,0x00000000d5e00000)
  to   space 1536K, 0% used [0x00000000d5e00000,0x00000000d5e00000,0x00000000d5f80000)
 ParOldGen       total 227328K, used 191077K [0x0000000080000000, 0x000000008de00000, 0x00000000d5580000)
  object space 227328K, 84% used [0x0000000080000000,0x000000008ba997c0,0x000000008de00000)
 Metaspace       used 81112K, committed 82880K, reserved 1179648K
  class space    used 8100K, committed 8896K, reserved 1048576K
}
Event: 126.160 GC heap before
{Heap before GC invocations=706 (full 4):
 PSYoungGen      total 4096K, used 3826K [0x00000000d5580000, 0x00000000d5f80000, 0x0000000100000000)
  eden space 2048K, 100% used [0x00000000d5580000,0x00000000d5780000,0x00000000d5780000)
  from space 2048K, 86% used [0x00000000d5c00000,0x00000000d5dbc920,0x00000000d5e00000)
  to   space 1536K, 0% used [0x00000000d5e00000,0x00000000d5e00000,0x00000000d5f80000)
 ParOldGen       total 227328K, used 191077K [0x0000000080000000, 0x000000008de00000, 0x00000000d5580000)
  object space 227328K, 84% used [0x0000000080000000,0x000000008ba997c0,0x000000008de00000)
 Metaspace       used 81112K, committed 82880K, reserved 1179648K
  class space    used 8100K, committed 8896K, reserved 1048576K
}
Event: 126.161 GC heap after
{Heap after GC invocations=706 (full 4):
 PSYoungGen      total 4096K, used 1536K [0x00000000d5580000, 0x00000000d6000000, 0x0000000100000000)
  eden space 2560K, 0% used [0x00000000d5580000,0x00000000d5580000,0x00000000d5800000)
  from space 1536K, 100% used [0x00000000d5e00000,0x00000000d5f80000,0x00000000d5f80000)
  to   space 4096K, 0% used [0x00000000d5800000,0x00000000d5800000,0x00000000d5c00000)
 ParOldGen       total 227328K, used 193098K [0x0000000080000000, 0x000000008de00000, 0x00000000d5580000)
  object space 227328K, 84% used [0x0000000080000000,0x000000008bc92910,0x000000008de00000)
 Metaspace       used 81112K, committed 82880K, reserved 1179648K
  class space    used 8100K, committed 8896K, reserved 1048576K
}
Event: 126.170 GC heap before
{Heap before GC invocations=707 (full 4):
 PSYoungGen      total 4096K, used 4096K [0x00000000d5580000, 0x00000000d6000000, 0x0000000100000000)
  eden space 2560K, 100% used [0x00000000d5580000,0x00000000d5800000,0x00000000d5800000)
  from space 1536K, 100% used [0x00000000d5e00000,0x00000000d5f80000,0x00000000d5f80000)
  to   space 4096K, 0% used [0x00000000d5800000,0x00000000d5800000,0x00000000d5c00000)
 ParOldGen       total 227328K, used 193098K [0x0000000080000000, 0x000000008de00000, 0x00000000d5580000)
  object space 227328K, 84% used [0x0000000080000000,0x000000008bc92910,0x000000008de00000)
 Metaspace       used 81112K, committed 82880K, reserved 1179648K
  class space    used 8100K, committed 8896K, reserved 1048576K
}
Event: 126.172 GC heap after
{Heap after GC invocations=707 (full 4):
 PSYoungGen      total 5632K, used 2729K [0x00000000d5580000, 0x00000000d5e80000, 0x0000000100000000)
  eden space 2560K, 0% used [0x00000000d5580000,0x00000000d5580000,0x00000000d5800000)
  from space 3072K, 88% used [0x00000000d5800000,0x00000000d5aaa730,0x00000000d5b00000)
  to   space 3072K, 0% used [0x00000000d5b80000,0x00000000d5b80000,0x00000000d5e80000)
 ParOldGen       total 227328K, used 194682K [0x0000000080000000, 0x000000008de00000, 0x00000000d5580000)
  object space 227328K, 85% used [0x0000000080000000,0x000000008be1e910,0x000000008de00000)
 Metaspace       used 81112K, committed 82880K, reserved 1179648K
  class space    used 8100K, committed 8896K, reserved 1048576K
}
Event: 126.180 GC heap before
{Heap before GC invocations=708 (full 4):
 PSYoungGen      total 5632K, used 5192K [0x00000000d5580000, 0x00000000d5e80000, 0x0000000100000000)
  eden space 2560K, 96% used [0x00000000d5580000,0x00000000d57e7bd0,0x00000000d5800000)
  from space 3072K, 88% used [0x00000000d5800000,0x00000000d5aaa730,0x00000000d5b00000)
  to   space 3072K, 0% used [0x00000000d5b80000,0x00000000d5b80000,0x00000000d5e80000)
 ParOldGen       total 227328K, used 194682K [0x0000000080000000, 0x000000008de00000, 0x00000000d5580000)
  object space 227328K, 85% used [0x0000000080000000,0x000000008be1e910,0x000000008de00000)
 Metaspace       used 81112K, committed 82880K, reserved 1179648K
  class space    used 8100K, committed 8896K, reserved 1048576K
}
Event: 126.182 GC heap after
{Heap after GC invocations=708 (full 4):
 PSYoungGen      total 6144K, used 2555K [0x00000000d5580000, 0x00000000d5e80000, 0x0000000100000000)
  eden space 3072K, 0% used [0x00000000d5580000,0x00000000d5580000,0x00000000d5880000)
  from space 3072K, 83% used [0x00000000d5b80000,0x00000000d5dfec08,0x00000000d5e80000)
  to   space 3072K, 0% used [0x00000000d5880000,0x00000000d5880000,0x00000000d5b80000)
 ParOldGen       total 227328K, used 197265K [0x0000000080000000, 0x000000008de00000, 0x00000000d5580000)
  object space 227328K, 86% used [0x0000000080000000,0x000000008c0a47d0,0x000000008de00000)
 Metaspace       used 81112K, committed 82880K, reserved 1179648K
  class space    used 8100K, committed 8896K, reserved 1048576K
}
Event: 126.190 GC heap before
{Heap before GC invocations=709 (full 4):
 PSYoungGen      total 6144K, used 5270K [0x00000000d5580000, 0x00000000d5e80000, 0x0000000100000000)
  eden space 3072K, 88% used [0x00000000d5580000,0x00000000d5826ea8,0x00000000d5880000)
  from space 3072K, 83% used [0x00000000d5b80000,0x00000000d5dfec08,0x00000000d5e80000)
  to   space 3072K, 0% used [0x00000000d5880000,0x00000000d5880000,0x00000000d5b80000)
 ParOldGen       total 227328K, used 197265K [0x0000000080000000, 0x000000008de00000, 0x00000000d5580000)
  object space 227328K, 86% used [0x0000000080000000,0x000000008c0a47d0,0x000000008de00000)
 Metaspace       used 81112K, committed 82880K, reserved 1179648K
  class space    used 8100K, committed 8896K, reserved 1048576K
}
Event: 126.192 GC heap after
{Heap after GC invocations=709 (full 4):
 PSYoungGen      total 6144K, used 2528K [0x00000000d5580000, 0x00000000d5e80000, 0x0000000100000000)
  eden space 3072K, 0% used [0x00000000d5580000,0x00000000d5580000,0x00000000d5880000)
  from space 3072K, 82% used [0x00000000d5880000,0x00000000d5af8358,0x00000000d5b80000)
  to   space 2560K, 0% used [0x00000000d5c00000,0x00000000d5c00000,0x00000000d5e80000)
 ParOldGen       total 227328K, used 199620K [0x0000000080000000, 0x000000008de00000, 0x00000000d5580000)
  object space 227328K, 87% used [0x0000000080000000,0x000000008c2f1140,0x000000008de00000)
 Metaspace       used 81112K, committed 82880K, reserved 1179648K
  class space    used 8100K, committed 8896K, reserved 1048576K
}
Event: 126.237 GC heap before
{Heap before GC invocations=710 (full 4):
 PSYoungGen      total 6144K, used 5600K [0x00000000d5580000, 0x00000000d5e80000, 0x0000000100000000)
  eden space 3072K, 100% used [0x00000000d5580000,0x00000000d5880000,0x00000000d5880000)
  from space 3072K, 82% used [0x00000000d5880000,0x00000000d5af8358,0x00000000d5b80000)
  to   space 2560K, 0% used [0x00000000d5c00000,0x00000000d5c00000,0x00000000d5e80000)
 ParOldGen       total 227328K, used 199620K [0x0000000080000000, 0x000000008de00000, 0x00000000d5580000)
  object space 227328K, 87% used [0x0000000080000000,0x000000008c2f1140,0x000000008de00000)
 Metaspace       used 81127K, committed 82944K, reserved 1179648K
  class space    used 8103K, committed 8896K, reserved 1048576K
}
Event: 126.240 GC heap after
{Heap after GC invocations=710 (full 4):
 PSYoungGen      total 5632K, used 2475K [0x00000000d5580000, 0x00000000d5e80000, 0x0000000100000000)
  eden space 3072K, 0% used [0x00000000d5580000,0x00000000d5580000,0x00000000d5880000)
  from space 2560K, 96% used [0x00000000d5c00000,0x00000000d5e6afe0,0x00000000d5e80000)
  to   space 2560K, 0% used [0x00000000d5980000,0x00000000d5980000,0x00000000d5c00000)
 ParOldGen       total 227328K, used 201356K [0x0000000080000000, 0x000000008de00000, 0x00000000d5580000)
  object space 227328K, 88% used [0x0000000080000000,0x000000008c4a3198,0x000000008de00000)
 Metaspace       used 81127K, committed 82944K, reserved 1179648K
  class space    used 8103K, committed 8896K, reserved 1048576K
}
Event: 126.305 GC heap before
{Heap before GC invocations=711 (full 4):
 PSYoungGen      total 5632K, used 5518K [0x00000000d5580000, 0x00000000d5e80000, 0x0000000100000000)
  eden space 3072K, 99% used [0x00000000d5580000,0x00000000d5878a70,0x00000000d5880000)
  from space 2560K, 96% used [0x00000000d5c00000,0x00000000d5e6afe0,0x00000000d5e80000)
  to   space 2560K, 0% used [0x00000000d5980000,0x00000000d5980000,0x00000000d5c00000)
 ParOldGen       total 227328K, used 201356K [0x0000000080000000, 0x000000008de00000, 0x00000000d5580000)
  object space 227328K, 88% used [0x0000000080000000,0x000000008c4a3198,0x000000008de00000)
 Metaspace       used 81136K, committed 82944K, reserved 1179648K
  class space    used 8105K, committed 8896K, reserved 1048576K
}
Event: 126.307 GC heap after
{Heap after GC invocations=711 (full 4):
 PSYoungGen      total 5120K, used 1637K [0x00000000d5580000, 0x00000000d5c80000, 0x0000000100000000)
  eden space 3072K, 0% used [0x00000000d5580000,0x00000000d5580000,0x00000000d5880000)
  from space 2048K, 79% used [0x00000000d5980000,0x00000000d5b194f0,0x00000000d5b80000)
  to   space 1024K, 0% used [0x00000000d5b80000,0x00000000d5b80000,0x00000000d5c80000)
 ParOldGen       total 227328K, used 203414K [0x0000000080000000, 0x000000008de00000, 0x00000000d5580000)
  object space 227328K, 89% used [0x0000000080000000,0x000000008c6a5918,0x000000008de00000)
 Metaspace       used 81136K, committed 82944K, reserved 1179648K
  class space    used 8105K, committed 8896K, reserved 1048576K
}

Dll operation events (10 events):
Event: 0.017 Loaded shared library c:\Users\davi4\.windsurf\extensions\redhat.java-1.53.0-win32-x64\jre\21.0.10-win32-x86_64\bin\java.dll
Event: 0.082 Loaded shared library c:\Users\davi4\.windsurf\extensions\redhat.java-1.53.0-win32-x64\jre\21.0.10-win32-x86_64\bin\zip.dll
Event: 0.103 Loaded shared library C:\Users\davi4\.windsurf\extensions\redhat.java-1.53.0-win32-x64\jre\21.0.10-win32-x86_64\bin\instrument.dll
Event: 0.108 Loaded shared library C:\Users\davi4\.windsurf\extensions\redhat.java-1.53.0-win32-x64\jre\21.0.10-win32-x86_64\bin\net.dll
Event: 0.111 Loaded shared library C:\Users\davi4\.windsurf\extensions\redhat.java-1.53.0-win32-x64\jre\21.0.10-win32-x86_64\bin\nio.dll
Event: 0.114 Loaded shared library C:\Users\davi4\.windsurf\extensions\redhat.java-1.53.0-win32-x64\jre\21.0.10-win32-x86_64\bin\zip.dll
Event: 0.221 Loaded shared library C:\Users\davi4\.windsurf\extensions\redhat.java-1.53.0-win32-x64\jre\21.0.10-win32-x86_64\bin\jimage.dll
Event: 0.307 Loaded shared library c:\Users\davi4\.windsurf\extensions\redhat.java-1.53.0-win32-x64\jre\21.0.10-win32-x86_64\bin\verify.dll
Event: 8.980 Loaded shared library C:\Users\davi4\AppData\Roaming\Windsurf\User\globalStorage\redhat.java\1.53.0\config_win\org.eclipse.equinox.launcher\org.eclipse.equinox.launcher.win32.win32.x86_64_1.3.0.v20260203-2149\eclipse_11919.dll
Event: 14.800 Loaded shared library C:\Users\davi4\AppData\Local\Temp\jna-95358532\jna3624937451562634596.dll

Deoptimization events (20 events):
Event: 126.292 Thread 0x000002aa7f2139d0 Uncommon trap: trap_request=0xffffffde fr.pc=0x000002aa29fb1848 relative=0x0000000000000748
Event: 126.292 Thread 0x000002aa7f2139d0 Uncommon trap: reason=class_check action=maybe_recompile pc=0x000002aa29fb1848 method=java.util.stream.Collectors.lambda$uniqKeysMapAccumulator$1(Ljava/util/function/Function;Ljava/util/function/Function;Ljava/util/Map;Ljava/lang/Object;)V @ 2 c2
Event: 126.292 Thread 0x000002aa7f2139d0 DEOPT PACKING pc=0x000002aa29fb1848 sp=0x000000f68a5fe230
Event: 126.292 Thread 0x000002aa7f2139d0 DEOPT UNPACKING pc=0x000002aa29673aa2 sp=0x000000f68a5fe160 mode 2
Event: 126.292 Thread 0x000002aa7f2139d0 Uncommon trap: trap_request=0xffffffde fr.pc=0x000002aa29fb1848 relative=0x0000000000000748
Event: 126.292 Thread 0x000002aa7f2139d0 Uncommon trap: reason=class_check action=maybe_recompile pc=0x000002aa29fb1848 method=java.util.stream.Collectors.lambda$uniqKeysMapAccumulator$1(Ljava/util/function/Function;Ljava/util/function/Function;Ljava/util/Map;Ljava/lang/Object;)V @ 2 c2
Event: 126.292 Thread 0x000002aa7f2139d0 DEOPT PACKING pc=0x000002aa29fb1848 sp=0x000000f68a5fe230
Event: 126.292 Thread 0x000002aa7f2139d0 DEOPT UNPACKING pc=0x000002aa29673aa2 sp=0x000000f68a5fe160 mode 2
Event: 126.292 Thread 0x000002aa7f2139d0 Uncommon trap: trap_request=0xffffffde fr.pc=0x000002aa29fb1848 relative=0x0000000000000748
Event: 126.292 Thread 0x000002aa7f2139d0 Uncommon trap: reason=class_check action=maybe_recompile pc=0x000002aa29fb1848 method=java.util.stream.Collectors.lambda$uniqKeysMapAccumulator$1(Ljava/util/function/Function;Ljava/util/function/Function;Ljava/util/Map;Ljava/lang/Object;)V @ 2 c2
Event: 126.292 Thread 0x000002aa7f2139d0 DEOPT PACKING pc=0x000002aa29fb1848 sp=0x000000f68a5fe230
Event: 126.292 Thread 0x000002aa7f2139d0 DEOPT UNPACKING pc=0x000002aa29673aa2 sp=0x000000f68a5fe160 mode 2
Event: 126.292 Thread 0x000002aa7f2139d0 Uncommon trap: trap_request=0xffffffde fr.pc=0x000002aa2a1286cc relative=0x00000000000006ec
Event: 126.292 Thread 0x000002aa7f2139d0 Uncommon trap: reason=class_check action=maybe_recompile pc=0x000002aa2a1286cc method=java.util.stream.Collectors.lambda$uniqKeysMapAccumulator$1(Ljava/util/function/Function;Ljava/util/function/Function;Ljava/util/Map;Ljava/lang/Object;)V @ 2 c2
Event: 126.292 Thread 0x000002aa7f2139d0 DEOPT PACKING pc=0x000002aa2a1286cc sp=0x000000f68a5fe180
Event: 126.292 Thread 0x000002aa7f2139d0 DEOPT UNPACKING pc=0x000002aa29673aa2 sp=0x000000f68a5fe150 mode 2
Event: 126.292 Thread 0x000002aa7f2139d0 Uncommon trap: trap_request=0xffffffde fr.pc=0x000002aa29e2a21c relative=0x000000000000007c
Event: 126.292 Thread 0x000002aa7f2139d0 Uncommon trap: reason=class_check action=maybe_recompile pc=0x000002aa29e2a21c method=java.util.Collections$UnmodifiableMap.isEmpty()Z @ 4 c2
Event: 126.292 Thread 0x000002aa7f2139d0 DEOPT PACKING pc=0x000002aa29e2a21c sp=0x000000f68a5fe6a0
Event: 126.292 Thread 0x000002aa7f2139d0 DEOPT UNPACKING pc=0x000002aa29673aa2 sp=0x000000f68a5fe630 mode 2

Classes loaded (20 events):
Event: 34.734 Loading class java/util/Hashtable$KeySet
Event: 34.734 Loading class java/util/Hashtable$KeySet done
Event: 34.972 Loading class java/lang/UnsupportedClassVersionError
Event: 34.972 Loading class java/lang/UnsupportedClassVersionError done
Event: 35.012 Loading class java/lang/invoke/MethodHandleImpl$CountingWrapper$1
Event: 35.013 Loading class java/lang/invoke/MethodHandleImpl$CountingWrapper$1 done
Event: 36.890 Loading class jdk/internal/ref/CleanerImpl$InnocuousThreadFactory
Event: 36.890 Loading class jdk/internal/ref/CleanerImpl$InnocuousThreadFactory done
Event: 125.836 Loading class org/xml/sax/SAXNotRecognizedException
Event: 125.836 Loading class org/xml/sax/SAXNotRecognizedException done
Event: 125.836 Loading class org/xml/sax/SAXNotSupportedException
Event: 125.836 Loading class org/xml/sax/SAXNotSupportedException done
Event: 125.836 Loading class com/sun/org/apache/xerces/internal/util/URI
Event: 125.839 Loading class com/sun/org/apache/xerces/internal/util/URI done
Event: 125.840 Loading class com/sun/org/apache/xerces/internal/xni/XNIException
Event: 125.840 Loading class com/sun/org/apache/xerces/internal/xni/XNIException done
Event: 125.847 Loading class com/sun/org/apache/xerces/internal/xni/parser/XMLParseException
Event: 125.847 Loading class com/sun/org/apache/xerces/internal/xni/parser/XMLParseException done
Event: 126.291 Loading class jdk/internal/module/IllegalAccessLogger
Event: 126.291 Loading class jdk/internal/module/IllegalAccessLogger done

Classes unloaded (13 events):
Event: 15.178 Thread 0x000002aa1da4fa80 Unloading class 0x000002aa371ad400 'java/lang/invoke/LambdaForm$MH+0x000002aa371ad400'
Event: 15.178 Thread 0x000002aa1da4fa80 Unloading class 0x000002aa371ad000 'java/lang/invoke/LambdaForm$MH+0x000002aa371ad000'
Event: 15.178 Thread 0x000002aa1da4fa80 Unloading class 0x000002aa371acc00 'java/lang/invoke/LambdaForm$MH+0x000002aa371acc00'
Event: 15.178 Thread 0x000002aa1da4fa80 Unloading class 0x000002aa371ac800 'java/lang/invoke/LambdaForm$MH+0x000002aa371ac800'
Event: 15.178 Thread 0x000002aa1da4fa80 Unloading class 0x000002aa371ac400 'java/lang/invoke/LambdaForm$BMH+0x000002aa371ac400'
Event: 15.178 Thread 0x000002aa1da4fa80 Unloading class 0x000002aa371ac000 'java/lang/invoke/LambdaForm$DMH+0x000002aa371ac000'
Event: 15.178 Thread 0x000002aa1da4fa80 Unloading class 0x000002aa371aac00 'java/lang/invoke/LambdaForm$DMH+0x000002aa371aac00'
Event: 23.338 Thread 0x000002aa1da4fa80 Unloading class 0x000002aa37630c00 'java/lang/invoke/LambdaForm$MH+0x000002aa37630c00'
Event: 23.338 Thread 0x000002aa1da4fa80 Unloading class 0x000002aa37630400 'java/lang/invoke/LambdaForm$MH+0x000002aa37630400'
Event: 23.338 Thread 0x000002aa1da4fa80 Unloading class 0x000002aa37401800 'jdk/internal/reflect/GeneratedSerializationConstructorAccessor31'
Event: 23.338 Thread 0x000002aa1da4fa80 Unloading class 0x000002aa37401400 'jdk/internal/reflect/GeneratedSerializationConstructorAccessor29'
Event: 23.338 Thread 0x000002aa1da4fa80 Unloading class 0x000002aa37400800 'jdk/internal/reflect/GeneratedSerializationConstructorAccessor27'
Event: 23.338 Thread 0x000002aa1da4fa80 Unloading class 0x000002aa37400400 'jdk/internal/reflect/GeneratedSerializationConstructorAccessor25'

Classes redefined (0 events):
No events

Internal exceptions (20 events):
Event: 36.624 Thread 0x000002aa003c1a70 Exception <a 'java/lang/LinkageError'{0x00000000d5d8c788}: loader lombok.launch.ShadowClassLoader @6c11a3c attempted duplicate class definition for lombok.eclipse.agent.PatchDiagnostics. (lombok.eclipse.agent.PatchDiagnostics is in unnamed module of loader lombok.launch.ShadowClassLoader @6c11a3c, parent loader org.eclipse.osgi.internal.loader.EquinoxClassLoader @663163d0)> (0x00000000d5d8c788) 
thrown [s\src\hotspot\share\classfile\systemDictionary.cpp, line 1672]
Event: 36.624 Thread 0x000002aa03674730 Exception <a 'java/lang/LinkageError'{0x00000000d5d67cb8}: loader lombok.launch.ShadowClassLoader @6c11a3c attempted duplicate class definition for lombok.eclipse.agent.PatchDiagnostics. (lombok.eclipse.agent.PatchDiagnostics is in unnamed module of loader lombok.launch.ShadowClassLoader @6c11a3c, parent loader org.eclipse.osgi.internal.loader.EquinoxClassLoader @663163d0)> (0x00000000d5d67cb8) 
thrown [s\src\hotspot\share\classfile\systemDictionary.cpp, line 1672]
Event: 36.627 Thread 0x000002aa003c1a70 Exception <a 'java/lang/LinkageError'{0x00000000d5d95d00}: loader lombok.launch.ShadowClassLoader @6c11a3c attempted duplicate class definition for lombok.eclipse.EcjAugments. (lombok.eclipse.EcjAugments is in unnamed module of loader lombok.launch.ShadowClassLoader @6c11a3c, parent loader org.eclipse.osgi.internal.loader.EquinoxClassLoader @663163d0)> (0x00000000d5d95d00) 
thrown [s\src\hotspot\share\classfile\systemDictionary.cpp, line 1672]
Event: 36.628 Thread 0x000002aa03674730 Exception <a 'java/lang/LinkageError'{0x00000000d5d71230}: loader lombok.launch.ShadowClassLoader @6c11a3c attempted duplicate class definition for lombok.eclipse.EcjAugments. (lombok.eclipse.EcjAugments is in unnamed module of loader lombok.launch.ShadowClassLoader @6c11a3c, parent loader org.eclipse.osgi.internal.loader.EquinoxClassLoader @663163d0)> (0x00000000d5d71230) 
thrown [s\src\hotspot\share\classfile\systemDictionary.cpp, line 1672]
Event: 36.647 Thread 0x000002aa03674730 Exception <a 'java/lang/LinkageError'{0x00000000d62544e0}: loader lombok.launch.ShadowClassLoader @6c11a3c attempted duplicate class definition for lombok.launch.PatchFixesHider$PatchFixes. (lombok.launch.PatchFixesHider$PatchFixes is in unnamed module of loader lombok.launch.ShadowClassLoader @6c11a3c, parent loader org.eclipse.osgi.internal.loader.EquinoxClassLoader @663163d0)> (0x00000000d62544e0) 
thrown [s\src\hotspot\share\classfile\systemDictionary.cpp, line 1672]
Event: 36.647 Thread 0x000002aa003c1a70 Exception <a 'java/lang/LinkageError'{0x00000000d6281df8}: loader lombok.launch.ShadowClassLoader @6c11a3c attempted duplicate class definition for lombok.launch.PatchFixesHider$PatchFixes. (lombok.launch.PatchFixesHider$PatchFixes is in unnamed module of loader lombok.launch.ShadowClassLoader @6c11a3c, parent loader org.eclipse.osgi.internal.loader.EquinoxClassLoader @663163d0)> (0x00000000d6281df8) 
thrown [s\src\hotspot\share\classfile\systemDictionary.cpp, line 1672]
Event: 36.680 Thread 0x000002aa03675450 Exception <a 'java/lang/LinkageError'{0x00000000d59d0d90}: loader lombok.launch.ShadowClassLoader @6c11a3c attempted duplicate class definition for lombok.launch.PatchFixesHider$ValPortal. (lombok.launch.PatchFixesHider$ValPortal is in unnamed module of loader lombok.launch.ShadowClassLoader @6c11a3c, parent loader org.eclipse.osgi.internal.loader.EquinoxClassLoader @663163d0)> (0x00000000d59d0d90) 
thrown [s\src\hotspot\share\classfile\systemDictionary.cpp, line 1672]
Event: 36.680 Thread 0x000002aa003c1a70 Exception <a 'java/lang/LinkageError'{0x00000000d5946da8}: loader lombok.launch.ShadowClassLoader @6c11a3c attempted duplicate class definition for lombok.launch.PatchFixesHider$ValPortal. (lombok.launch.PatchFixesHider$ValPortal is in unnamed module of loader lombok.launch.ShadowClassLoader @6c11a3c, parent loader org.eclipse.osgi.internal.loader.EquinoxClassLoader @663163d0)> (0x00000000d5946da8) 
thrown [s\src\hotspot\share\classfile\systemDictionary.cpp, line 1672]
Event: 37.630 Thread 0x000002aa003c0030 Exception <a 'sun/nio/fs/WindowsException'{0x00000000d6449570}> (0x00000000d6449570) 
thrown [s\src\hotspot\share\prims\jni.cpp, line 520]
Event: 37.630 Thread 0x000002aa003c0030 Exception <a 'sun/nio/fs/WindowsException'{0x00000000d6449f00}> (0x00000000d6449f00) 
thrown [s\src\hotspot\share\prims\jni.cpp, line 520]
Event: 37.631 Thread 0x000002aa003c0030 Exception <a 'sun/nio/fs/WindowsException'{0x00000000d644ae10}> (0x00000000d644ae10) 
thrown [s\src\hotspot\share\prims\jni.cpp, line 520]
Event: 37.631 Thread 0x000002aa003c0030 Exception <a 'sun/nio/fs/WindowsException'{0x00000000d644b780}> (0x00000000d644b780) 
thrown [s\src\hotspot\share\prims\jni.cpp, line 520]
Event: 37.631 Thread 0x000002aa003c0030 Exception <a 'sun/nio/fs/WindowsException'{0x00000000d644d0c0}> (0x00000000d644d0c0) 
thrown [s\src\hotspot\share\prims\jni.cpp, line 520]
Event: 37.631 Thread 0x000002aa003c0030 Exception <a 'sun/nio/fs/WindowsException'{0x00000000d644da30}> (0x00000000d644da30) 
thrown [s\src\hotspot\share\prims\jni.cpp, line 520]
Event: 37.636 Thread 0x000002aa003c0030 Exception <a 'sun/nio/fs/WindowsException'{0x00000000d569c018}> (0x00000000d569c018) 
thrown [s\src\hotspot\share\prims\jni.cpp, line 520]
Event: 37.637 Thread 0x000002aa003c0030 Exception <a 'sun/nio/fs/WindowsException'{0x00000000d569c988}> (0x00000000d569c988) 
thrown [s\src\hotspot\share\prims\jni.cpp, line 520]
Event: 38.413 Thread 0x000002aa7f212cb0 Implicit null exception at 0x000002aa2a3e044b to 0x000002aa2a3e049b
Event: 125.881 Thread 0x000002aa7f2146f0 Exception <a 'sun/nio/fs/WindowsException'{0x00000000d55ddf10}> (0x00000000d55ddf10) 
thrown [s\src\hotspot\share\prims\jni.cpp, line 520]
Event: 126.232 Thread 0x000002aa7f2146f0 Exception <a 'sun/nio/fs/WindowsException'{0x00000000d5687b88}> (0x00000000d5687b88) 
thrown [s\src\hotspot\share\prims\jni.cpp, line 520]
Event: 126.358 Thread 0x000002aa7f2139d0 Exception <a 'java/lang/NoSuchMethodError'{0x00000000d5750718}: 'int java.lang.invoke.DirectMethodHandle$Holder.invokeStatic(java.lang.Object, java.lang.Object, java.lang.Object, java.lang.Object, java.lang.Object, java.lang.Object)'> (0x00000000d5750718) 
thrown [s\src\hotspot\share\interpreter\linkResolver.cpp, line 773]

ZGC Phase Switch (0 events):
No events

VM Operations (20 events):
Event: 126.081 Executing safepoint VM operation: ParallelGCFailedAllocation (Allocation Failure) done
Event: 126.134 Executing safepoint VM operation: ParallelGCFailedAllocation (Allocation Failure)
Event: 126.135 Executing safepoint VM operation: ParallelGCFailedAllocation (Allocation Failure) done
Event: 126.136 Executing safepoint VM operation: ParallelGCFailedAllocation (Allocation Failure)
Event: 126.137 Executing safepoint VM operation: ParallelGCFailedAllocation (Allocation Failure) done
Event: 126.151 Executing safepoint VM operation: ParallelGCFailedAllocation (Allocation Failure)
Event: 126.153 Executing safepoint VM operation: ParallelGCFailedAllocation (Allocation Failure) done
Event: 126.160 Executing safepoint VM operation: ParallelGCFailedAllocation (Allocation Failure)
Event: 126.162 Executing safepoint VM operation: ParallelGCFailedAllocation (Allocation Failure) done
Event: 126.170 Executing safepoint VM operation: ParallelGCFailedAllocation (Allocation Failure)
Event: 126.172 Executing safepoint VM operation: ParallelGCFailedAllocation (Allocation Failure) done
Event: 126.180 Executing safepoint VM operation: ParallelGCFailedAllocation (Allocation Failure)
Event: 126.182 Executing safepoint VM operation: ParallelGCFailedAllocation (Allocation Failure) done
Event: 126.190 Executing safepoint VM operation: ParallelGCFailedAllocation (Allocation Failure)
Event: 126.192 Executing safepoint VM operation: ParallelGCFailedAllocation (Allocation Failure) done
Event: 126.237 Executing safepoint VM operation: ParallelGCFailedAllocation (Allocation Failure)
Event: 126.240 Executing safepoint VM operation: ParallelGCFailedAllocation (Allocation Failure) done
Event: 126.305 Executing safepoint VM operation: ParallelGCFailedAllocation (Allocation Failure)
Event: 126.307 Executing safepoint VM operation: ParallelGCFailedAllocation (Allocation Failure) done
Event: 127.320 Executing safepoint VM operation: Cleanup

Memory protections (0 events):
No events

Nmethod flushes (20 events):
Event: 32.423 Thread 0x000002aa1da4fa80 flushing  nmethod 0x000002aa23a0f890
Event: 32.423 Thread 0x000002aa1da4fa80 flushing  nmethod 0x000002aa23a1e090
Event: 32.423 Thread 0x000002aa1da4fa80 flushing  nmethod 0x000002aa23a20390
Event: 32.423 Thread 0x000002aa1da4fa80 flushing  nmethod 0x000002aa23a4ef90
Event: 32.423 Thread 0x000002aa1da4fa80 flushing  nmethod 0x000002aa23a54e90
Event: 32.423 Thread 0x000002aa1da4fa80 flushing  nmethod 0x000002aa23a55890
Event: 32.423 Thread 0x000002aa1da4fa80 flushing  nmethod 0x000002aa23a56610
Event: 32.423 Thread 0x000002aa1da4fa80 flushing  nmethod 0x000002aa23a56990
Event: 32.423 Thread 0x000002aa1da4fa80 flushing  nmethod 0x000002aa23a59890
Event: 32.423 Thread 0x000002aa1da4fa80 flushing  nmethod 0x000002aa23a92d90
Event: 32.423 Thread 0x000002aa1da4fa80 flushing  nmethod 0x000002aa23aaea90
Event: 32.423 Thread 0x000002aa1da4fa80 flushing  nmethod 0x000002aa23aaf710
Event: 32.423 Thread 0x000002aa1da4fa80 flushing  nmethod 0x000002aa23ab0790
Event: 32.423 Thread 0x000002aa1da4fa80 flushing  nmethod 0x000002aa23ab9690
Event: 32.423 Thread 0x000002aa1da4fa80 flushing  nmethod 0x000002aa23aba790
Event: 32.423 Thread 0x000002aa1da4fa80 flushing  nmethod 0x000002aa23ac6790
Event: 32.423 Thread 0x000002aa1da4fa80 flushing  nmethod 0x000002aa23ad5a90
Event: 32.423 Thread 0x000002aa1da4fa80 flushing  nmethod 0x000002aa23ad7e10
Event: 32.423 Thread 0x000002aa1da4fa80 flushing  nmethod 0x000002aa23aed910
Event: 32.423 Thread 0x000002aa1da4fa80 flushing  nmethod 0x000002aa23afd190

Events (20 events):
Event: 38.434 Thread 0x000002aa78797ab0 Thread added: 0x000002aa161e1c00
Event: 39.121 Thread 0x000002aa787b8d70 Thread added: 0x000002aa178dcce0
Event: 44.798 Thread 0x000002aa7f04a160 Thread exited: 0x000002aa7f04a160
Event: 44.798 Thread 0x000002aa787b8d70 Thread exited: 0x000002aa787b8d70
Event: 44.798 Thread 0x000002aa178dcce0 Thread exited: 0x000002aa178dcce0
Event: 46.327 Thread 0x000002aa78797ab0 Thread exited: 0x000002aa78797ab0
Event: 46.327 Thread 0x000002aa161e1c00 Thread exited: 0x000002aa161e1c00
Event: 51.340 Thread 0x000002aa14ce5b40 Thread exited: 0x000002aa14ce5b40
Event: 91.189 Thread 0x000002aa0139e780 Thread exited: 0x000002aa0139e780
Event: 91.189 Thread 0x000002aa0139fb30 Thread exited: 0x000002aa0139fb30
Event: 91.285 Thread 0x000002aa7f3b1fb0 Thread exited: 0x000002aa7f3b1fb0
Event: 97.698 Thread 0x000002aa7f213340 Thread exited: 0x000002aa7f213340
Event: 97.743 Thread 0x000002aa7f214d80 Thread exited: 0x000002aa7f214d80
Event: 98.402 Thread 0x000002aa003c0030 Thread exited: 0x000002aa003c0030
Event: 98.402 Thread 0x000002aa7f2167c0 Thread exited: 0x000002aa7f2167c0
Event: 98.402 Thread 0x000002aa7f214060 Thread exited: 0x000002aa7f214060
Event: 126.008 Thread 0x000002aa785d5b80 Thread added: 0x000002aa1810d9d0
Event: 126.008 Thread 0x000002aa785d5b80 Thread added: 0x000002aa1810b7c0
Event: 126.233 Thread 0x000002aa7f212cb0 Thread added: 0x000002aa177beb80
Event: 126.293 Thread 0x000002aa7f2139d0 Thread added: 0x000002aa177c2690


Dynamic libraries:
0x00007ff748dc0000 - 0x00007ff748dce000 	c:\Users\davi4\.windsurf\extensions\redhat.java-1.53.0-win32-x64\jre\21.0.10-win32-x86_64\bin\java.exe
0x00007ff95f320000 - 0x00007ff95f588000 	C:\WINDOWS\SYSTEM32\ntdll.dll
0x00007ff95d0c0000 - 0x00007ff95d189000 	C:\WINDOWS\System32\KERNEL32.DLL
0x00007ff95c8b0000 - 0x00007ff95cca1000 	C:\WINDOWS\System32\KERNELBASE.dll
0x00007ff95c760000 - 0x00007ff95c8ab000 	C:\WINDOWS\System32\ucrtbase.dll
0x00007ff92fc20000 - 0x00007ff92fc3e000 	c:\Users\davi4\.windsurf\extensions\redhat.java-1.53.0-win32-x64\jre\21.0.10-win32-x86_64\bin\VCRUNTIME140.dll
0x00007ff8fe670000 - 0x00007ff8fe688000 	c:\Users\davi4\.windsurf\extensions\redhat.java-1.53.0-win32-x64\jre\21.0.10-win32-x86_64\bin\jli.dll
0x00007ff95f110000 - 0x00007ff95f2d6000 	C:\WINDOWS\System32\USER32.dll
0x00007ff95bc00000 - 0x00007ff95bc27000 	C:\WINDOWS\System32\win32u.dll
0x00007ff95ad00000 - 0x00007ff95af93000 	C:\WINDOWS\WinSxS\amd64_microsoft.windows.common-controls_6595b64144ccf1df_6.0.26100.7824_none_3e0870b2e3345462\COMCTL32.dll
0x00007ff95eee0000 - 0x00007ff95ef89000 	C:\WINDOWS\System32\msvcrt.dll
0x00007ff95e9c0000 - 0x00007ff95e9eb000 	C:\WINDOWS\System32\GDI32.dll
0x00007ff95cd70000 - 0x00007ff95ce9b000 	C:\WINDOWS\System32\gdi32full.dll
0x00007ff95c6b0000 - 0x00007ff95c753000 	C:\WINDOWS\System32\msvcp_win.dll
0x00007ff95d200000 - 0x00007ff95d231000 	C:\WINDOWS\System32\IMM32.DLL
0x00007ff955a60000 - 0x00007ff955a6c000 	c:\Users\davi4\.windsurf\extensions\redhat.java-1.53.0-win32-x64\jre\21.0.10-win32-x86_64\bin\vcruntime140_1.dll
0x00007ff873df0000 - 0x00007ff873e7d000 	c:\Users\davi4\.windsurf\extensions\redhat.java-1.53.0-win32-x64\jre\21.0.10-win32-x86_64\bin\msvcp140.dll
0x00007ff8569f0000 - 0x00007ff857791000 	c:\Users\davi4\.windsurf\extensions\redhat.java-1.53.0-win32-x64\jre\21.0.10-win32-x86_64\bin\server\jvm.dll
0x00007ff95d700000 - 0x00007ff95d7b4000 	C:\WINDOWS\System32\ADVAPI32.dll
0x00007ff95e7f0000 - 0x00007ff95e896000 	C:\WINDOWS\System32\sechost.dll
0x00007ff95d560000 - 0x00007ff95d678000 	C:\WINDOWS\System32\RPCRT4.dll
0x00007ff95d680000 - 0x00007ff95d6f4000 	C:\WINDOWS\System32\WS2_32.dll
0x00007ff95ba60000 - 0x00007ff95babe000 	C:\WINDOWS\SYSTEM32\POWRPROF.dll
0x00007ff9538e0000 - 0x00007ff9538eb000 	C:\WINDOWS\SYSTEM32\VERSION.dll
0x00007ff94c900000 - 0x00007ff94c935000 	C:\WINDOWS\SYSTEM32\WINMM.dll
0x00007ff95b990000 - 0x00007ff95b9a4000 	C:\WINDOWS\SYSTEM32\UMPDC.dll
0x00007ff95a030000 - 0x00007ff95a04b000 	C:\WINDOWS\SYSTEM32\kernel.appcore.dll
0x00007ff953380000 - 0x00007ff95338a000 	c:\Users\davi4\.windsurf\extensions\redhat.java-1.53.0-win32-x64\jre\21.0.10-win32-x86_64\bin\jimage.dll
0x00007ff95b3b0000 - 0x00007ff95b5f2000 	C:\WINDOWS\SYSTEM32\DBGHELP.DLL
0x00007ff95eaf0000 - 0x00007ff95ee76000 	C:\WINDOWS\System32\combase.dll
0x00007ff95d2c0000 - 0x00007ff95d397000 	C:\WINDOWS\System32\OLEAUT32.dll
0x00007ff95b2a0000 - 0x00007ff95b2db000 	C:\WINDOWS\SYSTEM32\dbgcore.DLL
0x00007ff95d010000 - 0x00007ff95d0b5000 	C:\WINDOWS\System32\bcryptPrimitives.dll
0x00007ff931510000 - 0x00007ff93151f000 	c:\Users\davi4\.windsurf\extensions\redhat.java-1.53.0-win32-x64\jre\21.0.10-win32-x86_64\bin\instrument.dll
0x00007ff8f9dd0000 - 0x00007ff8f9df0000 	c:\Users\davi4\.windsurf\extensions\redhat.java-1.53.0-win32-x64\jre\21.0.10-win32-x86_64\bin\java.dll
0x00007ff95d960000 - 0x00007ff95e0b2000 	C:\WINDOWS\System32\SHELL32.dll
0x00007ff95cea0000 - 0x00007ff95d00a000 	C:\WINDOWS\System32\wintypes.dll
0x00007ff95bdb0000 - 0x00007ff95c613000 	C:\WINDOWS\System32\windows.storage.dll
0x00007ff95ef90000 - 0x00007ff95f086000 	C:\WINDOWS\System32\SHCORE.dll
0x00007ff95d240000 - 0x00007ff95d2a7000 	C:\WINDOWS\System32\shlwapi.dll
0x00007ff95bb20000 - 0x00007ff95bb49000 	C:\WINDOWS\SYSTEM32\profapi.dll
0x00007ff8d4dc0000 - 0x00007ff8d4dd8000 	c:\Users\davi4\.windsurf\extensions\redhat.java-1.53.0-win32-x64\jre\21.0.10-win32-x86_64\bin\zip.dll
0x00007ff92fff0000 - 0x00007ff930000000 	C:\Users\davi4\.windsurf\extensions\redhat.java-1.53.0-win32-x64\jre\21.0.10-win32-x86_64\bin\net.dll
0x00007ff954e90000 - 0x00007ff954fb7000 	C:\WINDOWS\SYSTEM32\WINHTTP.dll
0x00007ff95a540000 - 0x00007ff95a5ab000 	C:\WINDOWS\system32\mswsock.dll
0x00007ff8bc9d0000 - 0x00007ff8bc9e6000 	C:\Users\davi4\.windsurf\extensions\redhat.java-1.53.0-win32-x64\jre\21.0.10-win32-x86_64\bin\nio.dll
0x00007ff92fbc0000 - 0x00007ff92fbd0000 	c:\Users\davi4\.windsurf\extensions\redhat.java-1.53.0-win32-x64\jre\21.0.10-win32-x86_64\bin\verify.dll
0x00007ff8c8e10000 - 0x00007ff8c8e55000 	C:\Users\davi4\AppData\Roaming\Windsurf\User\globalStorage\redhat.java\1.53.0\config_win\org.eclipse.equinox.launcher\org.eclipse.equinox.launcher.win32.win32.x86_64_1.3.0.v20260203-2149\eclipse_11919.dll
0x00007ff95d7c0000 - 0x00007ff95d957000 	C:\WINDOWS\System32\ole32.dll
0x00007ff95b720000 - 0x00007ff95b73b000 	C:\WINDOWS\SYSTEM32\CRYPTSP.dll
0x00007ff95a930000 - 0x00007ff95a969000 	C:\WINDOWS\system32\rsaenh.dll
0x00007ff95a5b0000 - 0x00007ff95a5db000 	C:\WINDOWS\SYSTEM32\USERENV.dll
0x00007ff95baf0000 - 0x00007ff95bb1a000 	C:\WINDOWS\SYSTEM32\bcrypt.dll
0x00007ff95a920000 - 0x00007ff95a92c000 	C:\WINDOWS\SYSTEM32\CRYPTBASE.dll
0x00007ff959a60000 - 0x00007ff959a94000 	C:\WINDOWS\SYSTEM32\IPHLPAPI.DLL
0x00007ff95d2b0000 - 0x00007ff95d2ba000 	C:\WINDOWS\System32\NSI.dll
0x00007ff92a8d0000 - 0x00007ff92a919000 	C:\Users\davi4\AppData\Local\Temp\jna-95358532\jna3624937451562634596.dll
0x00007ff95d550000 - 0x00007ff95d558000 	C:\WINDOWS\System32\PSAPI.DLL
0x00007ff953ee0000 - 0x00007ff953efe000 	C:\WINDOWS\SYSTEM32\dhcpcsvc6.DLL
0x00007ff953d00000 - 0x00007ff953d23000 	C:\WINDOWS\SYSTEM32\dhcpcsvc.DLL

JVMTI agents:
c:\Users\davi4\.windsurf\extensions\redhat.java-1.53.0-win32-x64\lombok\lombok-1.18.39-4050.jar path:c:\Users\davi4\.windsurf\extensions\redhat.java-1.53.0-win32-x64\jre\21.0.10-win32-x86_64\bin\instrument.dll, loaded, initialized, instrumentlib options:none

dbghelp: loaded successfully - version: 4.0.5 - missing functions: none
symbol engine: initialized successfully - sym options: 0x614 - pdb path: .;c:\Users\davi4\.windsurf\extensions\redhat.java-1.53.0-win32-x64\jre\21.0.10-win32-x86_64\bin;C:\WINDOWS\SYSTEM32;C:\WINDOWS\WinSxS\amd64_microsoft.windows.common-controls_6595b64144ccf1df_6.0.26100.7824_none_3e0870b2e3345462;c:\Users\davi4\.windsurf\extensions\redhat.java-1.53.0-win32-x64\jre\21.0.10-win32-x86_64\bin\server;C:\Users\davi4\AppData\Roaming\Windsurf\User\globalStorage\redhat.java\1.53.0\config_win\org.eclipse.equinox.launcher\org.eclipse.equinox.launcher.win32.win32.x86_64_1.3.0.v20260203-2149;C:\Users\davi4\AppData\Local\Temp\jna-95358532

VM Arguments:
jvm_args: --add-modules=ALL-SYSTEM --add-opens=java.base/java.util=ALL-UNNAMED --add-opens=java.base/java.lang=ALL-UNNAMED --add-opens=java.base/sun.nio.fs=ALL-UNNAMED -Declipse.application=org.eclipse.jdt.ls.core.id1 -Dosgi.bundles.defaultStartLevel=4 -Declipse.product=org.eclipse.jdt.ls.core.product -Djava.import.generatesMetadataFilesAtProjectRoot=false -DDetectVMInstallationsJob.disabled=true -Dfile.encoding=utf8 -XX:+UseParallelGC -XX:GCTimeRatio=4 -XX:AdaptiveSizePolicyWeight=90 -Dsun.zip.disableMemoryMapping=true -Xmx2G -Xms100m -Xlog:disable -javaagent:c:\Users\davi4\.windsurf\extensions\redhat.java-1.53.0-win32-x64\lombok\lombok-1.18.39-4050.jar -XX:+HeapDumpOnOutOfMemoryError -XX:HeapDumpPath=c:\Users\davi4\AppData\Roaming\Windsurf\User\workspaceStorage\480e1d6f9199f74cf5298c7c52811d38\redhat.java -Daether.dependencyCollector.impl=bf 
java_command: c:\Users\davi4\.windsurf\extensions\redhat.java-1.53.0-win32-x64\server\plugins\org.eclipse.equinox.launcher_1.7.100.v20251111-0406.jar -configuration c:\Users\davi4\AppData\Roaming\Windsurf\User\globalStorage\redhat.java\1.53.0\config_win -data c:\Users\davi4\AppData\Roaming\Windsurf\User\workspaceStorage\480e1d6f9199f74cf5298c7c52811d38\redhat.java\jdt_ws --pipe=\\.\pipe\lsp-eb1ad58e6788a5972d76a770adc667dc-sock
java_class_path (initial): c:\Users\davi4\.windsurf\extensions\redhat.java-1.53.0-win32-x64\server\plugins\org.eclipse.equinox.launcher_1.7.100.v20251111-0406.jar
Launcher Type: SUN_STANDARD

[Global flags]
    uintx AdaptiveSizePolicyWeight                 = 90                                        {product} {command line}
     intx CICompilerCount                          = 12                                        {product} {ergonomic}
    uintx GCTimeRatio                              = 4                                         {product} {command line}
     bool HeapDumpOnOutOfMemoryError               = true                                   {manageable} {command line}
    ccstr HeapDumpPath                             = c:\Users\davi4\AppData\Roaming\Windsurf\User\workspaceStorage\480e1d6f9199f74cf5298c7c52811d38\redhat.java         {manageable} {command line}
   size_t InitialHeapSize                          = 104857600                                 {product} {command line}
   size_t MaxHeapSize                              = 2147483648                                {product} {command line}
   size_t MaxNewSize                               = 715653120                                 {product} {ergonomic}
   size_t MinHeapDeltaBytes                        = 524288                                    {product} {ergonomic}
   size_t MinHeapSize                              = 104857600                                 {product} {command line}
   size_t NewSize                                  = 34603008                                  {product} {ergonomic}
    uintx NonNMethodCodeHeapSize                   = 7602480                                {pd product} {ergonomic}
    uintx NonProfiledCodeHeapSize                  = 122027880                              {pd product} {ergonomic}
   size_t OldSize                                  = 70254592                                  {product} {ergonomic}
    uintx ProfiledCodeHeapSize                     = 122027880                              {pd product} {ergonomic}
    uintx ReservedCodeCacheSize                    = 251658240                              {pd product} {ergonomic}
     bool SegmentedCodeCache                       = true                                      {product} {ergonomic}
   size_t SoftMaxHeapSize                          = 2147483648                             {manageable} {ergonomic}
     bool UseCompressedOops                        = true                           {product lp64_product} {ergonomic}
     bool UseLargePagesIndividualAllocation        = false                                  {pd product} {ergonomic}
     bool UseParallelGC                            = true                                      {product} {command line}

Logging:
Log output configuration:
 #0: stdout all=off uptime,level,tags foldmultilines=false
 #1: stderr all=off uptime,level,tags foldmultilines=false

Release file:
JAVA_VERSION="21.0.10" 
MODULES="java.base java.compiler java.datatransfer java.xml java.prefs java.desktop java.instrument java.logging java.management java.security.sasl java.naming java.rmi java.management.rmi java.net.http java.scripting java.security.jgss java.transaction.xa java.sql java.sql.rowset java.xml.crypto java.se java.smartcardio jdk.accessibility jdk.internal.jvmstat jdk.attach jdk.charsets jdk.internal.opt jdk.zipfs jdk.compiler jdk.crypto.ec jdk.crypto.cryptoki jdk.crypto.mscapi jdk.dynalink jdk.internal.ed jdk.editpad jdk.hotspot.agent jdk.httpserver jdk.internal.le jdk.internal.vm.ci jdk.internal.vm.compiler jdk.internal.vm.compiler.management jdk.jartool jdk.javadoc jdk.jcmd jdk.management jdk.management.agent jdk.jconsole jdk.jdeps jdk.jdwp.agent jdk.jdi jdk.jfr jdk.jshell jdk.jsobject jdk.jstatd jdk.localedata jdk.management.jfr jdk.naming.dns jdk.naming.rmi jdk.net jdk.nio.mapmode jdk.random jdk.sctp jdk.security.auth jdk.security.jgss jdk.unsupported jdk.unsupported.desktop jdk.xml.dom" 

Environment Variables:
JAVA_HOME=C:\Program Files\Amazon Corretto\jdk21.0.8_9
PATH=C:\Program Files\Amazon Corretto\jdk21.0.8_9\bin;C:\Program Files\Common Files\Oracle\Java\javapath;C:\Program Files (x86)\Common Files\Oracle\Java\javapath;C:\app\davi4\product\18.0.0\dbhomeXE\bin;C:\WINDOWS\system32;C:\WINDOWS;C:\WINDOWS\System32\Wbem;C:\WINDOWS\System32\WindowsPowerShell\v1.0\;C:\WINDOWS\System32\OpenSSH\;C:\Program Files (x86)\NVIDIA Corporation\PhysX\Common;C:\Program Files\Git\cmd;;C:\Program Files\Docker\Docker\resources\bin;C:\composer;C:\AppServ\php7;C:\Program Files\Java\jdk1.8.0_111\bin;C:\Program Files\nodejs\;C:\Program Files\NVIDIA Corporation\NVIDIA app\NvDLISR;C:\Users\davi4\.console-ninja\.bin;C:\Users\davi4\AppData\Local\Microsoft\WindowsApps;C:\Users\davi4\AppData\Roaming\nvm;C:\Program Files\nodejs;C:\Users\davi4\AppData\Local\Programs\Microsoft VS Code\bin;C:\Users\davi4\AppData\Local\GitHubDesktop\bin;C:\Program Files\JetBrains\IntelliJ IDEA Community Edition 2025.2.2\bin;C:\Users\davi4\AppData\Roaming\Composer\vendor\bin;C:\AppServ\Apache24\bin;C:\AppServ\php7;C:\AppServ\MySQL\bin;C:\Program Files\Java\jdk-17;C:\flutter\bin;C:\Users\davi4\AppData\Roaming\npm;C:\Users\davi4\AppData\Local\Microsoft\WindowsApps;C:\Users\davi4\AppData\Local\Programs\cursor\resources\app\bin;C:\Users\davi4\AppData\Local\Programs\Windsurf\bin
USERNAME=davi4
OS=Windows_NT
PROCESSOR_IDENTIFIER=AMD64 Family 23 Model 113 Stepping 0, AuthenticAMD
TMP=C:\Users\davi4\AppData\Local\Temp
TEMP=C:\Users\davi4\AppData\Local\Temp




Periodic native trim disabled

---------------  S Y S T E M  ---------------

OS:
 Windows 11 , 64 bit Build 26100 (10.0.26100.7705)
OS uptime: 0 days 3:31 hours
Hyper-V role detected

CPU: total 16 (initial active 16) (16 cores per cpu, 2 threads per core) family 23 model 113 stepping 0 microcode 0x8701013, cx8, cmov, fxsr, ht, mmx, 3dnowpref, sse, sse2, sse3, ssse3, sse4a, sse4.1, sse4.2, popcnt, lzcnt, tsc, tscinvbit, avx, avx2, aes, clmul, bmi1, bmi2, adx, sha, fma, vzeroupper, clflush, clflushopt, hv, rdtscp, rdpid, f16c
Processor Information for the first 16 processors :
  Max Mhz: 3593, Current Mhz: 3593, Mhz Limit: 3593

Memory: 4k page, system-wide physical 32719M (712M free)
TotalPageFile size 89772M (AvailPageFile size 5M)
current process WorkingSet (physical memory assigned to process): 570M, peak: 662M
current process commit charge ("private bytes"): 660M, peak: 743M

vm_info: OpenJDK 64-Bit Server VM (21.0.10+7-LTS) for windows-amd64 JRE (21.0.10+7-LTS), built on 2026-01-20T00:00:00Z by "admin" with MS VC++ 17.12 (VS2022)

END.
