#
# There is insufficient memory for the Java Runtime Environment to continue.
# Native memory allocation (malloc) failed to allocate 2845760 bytes. Error detail: Chunk::new
# Possible reasons:
#   The system is out of physical RAM or swap space
#   This process is running with CompressedOops enabled, and the Java Heap may be blocking the growth of the native heap
# Possible solutions:
#   Reduce memory load on the system
#   Increase physical memory or swap space
#   Check if swap backing store is full
#   Decrease Java heap size (-Xmx/-Xms)
#   Decrease number of Java threads
#   Decrease Java thread stack sizes (-Xss)
#   Set larger code cache with -XX:ReservedCodeCacheSize=
#   JVM is running with Unscaled Compressed Oops mode in which the Java heap is
#     placed in the first 4GB address space. The Java Heap base address is the
#     maximum limit for the native heap growth. Please use -XX:HeapBaseMinAddress
#     to set the Java Heap base and to place the Java Heap above 4GB virtual address.
# This output file may be truncated or incomplete.
#
#  Out of Memory Error (arena.cpp:168), pid=132384, tid=136108
#
# JRE version: OpenJDK Runtime Environment Temurin-21.0.10+7 (21.0.10+7) (build 21.0.10+7-LTS)
# Java VM: OpenJDK 64-Bit Server VM Temurin-21.0.10+7 (21.0.10+7-LTS, mixed mode, sharing, tiered, compressed oops, compressed class ptrs, parallel gc, windows-amd64)
# No core dump will be written. Minidumps are not enabled by default on client versions of Windows
#

---------------  S U M M A R Y ------------

Command Line: --add-modules=ALL-SYSTEM --add-opens=java.base/java.util=ALL-UNNAMED --add-opens=java.base/java.lang=ALL-UNNAMED --add-opens=java.base/sun.nio.fs=ALL-UNNAMED -Declipse.application=org.eclipse.jdt.ls.core.id1 -Dosgi.bundles.defaultStartLevel=4 -Declipse.product=org.eclipse.jdt.ls.core.product -Djava.import.generatesMetadataFilesAtProjectRoot=false -DDetectVMInstallationsJob.disabled=true -Dfile.encoding=utf8 -XX:+UseParallelGC -XX:GCTimeRatio=4 -XX:AdaptiveSizePolicyWeight=90 -Dsun.zip.disableMemoryMapping=true -Xmx2G -Xms100m -Xlog:disable -javaagent:c:\Users\davi4\.windsurf\extensions\redhat.java-1.53.0-win32-x64\lombok\lombok-1.18.39-4050.jar -XX:+HeapDumpOnOutOfMemoryError -XX:HeapDumpPath=c:\Users\davi4\AppData\Roaming\Windsurf\User\workspaceStorage\480e1d6f9199f74cf5298c7c52811d38\redhat.java -Daether.dependencyCollector.impl=bf c:\Users\davi4\.windsurf\extensions\redhat.java-1.53.0-win32-x64\server\plugins\org.eclipse.equinox.launcher_1.7.100.v20251111-0406.jar -configuration c:\Users\davi4\AppData\Roaming\Windsurf\User\globalStorage\redhat.java\1.53.0\config_win -data c:\Users\davi4\AppData\Roaming\Windsurf\User\workspaceStorage\480e1d6f9199f74cf5298c7c52811d38\redhat.java\jdt_ws --pipe=\\.\pipe\lsp-a35e28aa8d23ec9035d02b1f41181e34-sock

Host: AMD Ryzen 7 3700X 8-Core Processor             , 16 cores, 31G,  Windows 11 , 64 bit Build 26100 (10.0.26100.7705)
Time: Mon Mar  2 22:27:31 2026 SA Pacific Standard Time elapsed time: 14.933912 seconds (0d 0h 0m 14s)

---------------  T H R E A D  ---------------

Current thread (0x000002170b9f85a0):  JavaThread "C2 CompilerThread3" daemon [_thread_in_native, id=136108, stack(0x000000f42c700000,0x000000f42c800000) (1024K)]


Current CompileTask:
C2:14934 11228       4       org.eclipse.jdt.internal.compiler.lookup.BinaryTypeBinding::createMethod (1666 bytes)

Stack: [0x000000f42c700000,0x000000f42c800000]
Native frames: (J=compiled Java code, j=interpreted, Vv=VM code, C=native code)
V  [jvm.dll+0x6d7a39]
V  [jvm.dll+0x8b4b26]
V  [jvm.dll+0x8b70de]
V  [jvm.dll+0x8b77c3]
V  [jvm.dll+0x284346]
V  [jvm.dll+0xc66ed]
V  [jvm.dll+0xc6c31]
V  [jvm.dll+0x3bec3b]
V  [jvm.dll+0x1e3f69]
V  [jvm.dll+0x24c6b3]
V  [jvm.dll+0x24bb40]
V  [jvm.dll+0x1cb34e]
V  [jvm.dll+0x25b85d]
V  [jvm.dll+0x259dea]
V  [jvm.dll+0x3f857e]
V  [jvm.dll+0x85f59d]
V  [jvm.dll+0x6d626d]
C  [ucrtbase.dll+0x37b0]
C  [KERNEL32.DLL+0x2e8d7]
C  [ntdll.dll+0x8c40c]


---------------  P R O C E S S  ---------------

Threads class SMR info:
_java_thread_list=0x000002170d5741c0, length=84, elements={
0x00000216a9a1d270, 0x00000216a99ce2c0, 0x00000216a9ac3e70, 0x00000216a9ac68c0,
0x00000216a9ac8860, 0x00000216a9ace130, 0x00000216a9ad61e0, 0x00000216a9adb6f0,
0x00000216a9add440, 0x0000021702902670, 0x00000217029078a0, 0x0000021702a7be00,
0x0000021702b10dc0, 0x00000217040d8380, 0x00000217092caef0, 0x000002170900ab90,
0x000002170932e090, 0x00000217093555b0, 0x0000021709679ba0, 0x000002170973ed70,
0x00000217099e6dd0, 0x00000217099e8180, 0x00000217099e7af0, 0x00000217099e4d00,
0x00000217099e6740, 0x0000021709f63860, 0x0000021709f631d0, 0x0000021709f61790,
0x0000021709f61e20, 0x0000021709f62b40, 0x0000021709f63ef0, 0x0000021709f624b0,
0x0000021709f64580, 0x0000021709f61100, 0x0000021709f64c10, 0x0000021709f65fc0,
0x0000021709f68090, 0x0000021709f652a0, 0x0000021709f66ce0, 0x0000021709f68720,
0x0000021709f65930, 0x0000021709f67a00, 0x0000021709f67370, 0x0000021709f66650,
0x000002170bab1b40, 0x000002170bab0e20, 0x000002170bab14b0, 0x000002170bab21d0,
0x000002170baaed50, 0x000002170bab0790, 0x000002170bab2ef0, 0x000002170bab2860,
0x000002170baafa70, 0x000002170bab3580, 0x000002170bab0100, 0x000002170bab6370,
0x000002170bab5ce0, 0x000002170bab4fc0, 0x000002170bab3c10, 0x000002170bab42a0,
0x000002170bab4930, 0x000002170bab5650, 0x0000021717fc09d0, 0x0000021717fc1060,
0x0000021717fbf620, 0x0000021717fc1d80, 0x0000021717fbfcb0, 0x0000021717fc2410,
0x0000021717fbef90, 0x0000021717fc5890, 0x0000021717fc4b70, 0x0000021717fc5200,
0x0000021717fc37c0, 0x0000021717fc5f20, 0x0000021717fc2aa0, 0x0000021717fc65b0,
0x0000021717fc3130, 0x0000021717fc3e50, 0x0000021717fc44e0, 0x000002170b9f6a60,
0x000002170b9f8c70, 0x000002170b9f85a0, 0x000002170b9f5cc0, 0x000002170b9f6390
}

Java Threads: ( => current thread )
  0x00000216a9a1d270 JavaThread "main"                              [_thread_blocked, id=135076, stack(0x000000f426400000,0x000000f426500000) (1024K)]
  0x00000216a99ce2c0 JavaThread "Reference Handler"          daemon [_thread_blocked, id=131184, stack(0x000000f426800000,0x000000f426900000) (1024K)]
  0x00000216a9ac3e70 JavaThread "Finalizer"                  daemon [_thread_blocked, id=128224, stack(0x000000f426900000,0x000000f426a00000) (1024K)]
  0x00000216a9ac68c0 JavaThread "Signal Dispatcher"          daemon [_thread_blocked, id=134064, stack(0x000000f426a00000,0x000000f426b00000) (1024K)]
  0x00000216a9ac8860 JavaThread "Attach Listener"            daemon [_thread_blocked, id=135400, stack(0x000000f426b00000,0x000000f426c00000) (1024K)]
  0x00000216a9ace130 JavaThread "Service Thread"             daemon [_thread_blocked, id=135388, stack(0x000000f426c00000,0x000000f426d00000) (1024K)]
  0x00000216a9ad61e0 JavaThread "Monitor Deflation Thread"   daemon [_thread_blocked, id=114876, stack(0x000000f426d00000,0x000000f426e00000) (1024K)]
  0x00000216a9adb6f0 JavaThread "C2 CompilerThread0"         daemon [_thread_blocked, id=133876, stack(0x000000f426e00000,0x000000f426f00000) (1024K)]
  0x00000216a9add440 JavaThread "C1 CompilerThread0"         daemon [_thread_blocked, id=133008, stack(0x000000f426f00000,0x000000f427000000) (1024K)]
  0x0000021702902670 JavaThread "C1 CompilerThread1"         daemon [_thread_in_vm, id=124472, stack(0x000000f427000000,0x000000f427100000) (1024K)]
  0x00000217029078a0 JavaThread "C1 CompilerThread2"         daemon [_thread_blocked, id=129220, stack(0x000000f427100000,0x000000f427200000) (1024K)]
  0x0000021702a7be00 JavaThread "Common-Cleaner"             daemon [_thread_blocked, id=133408, stack(0x000000f427300000,0x000000f427400000) (1024K)]
  0x0000021702b10dc0 JavaThread "C1 CompilerThread3"         daemon [_thread_blocked, id=133052, stack(0x000000f427400000,0x000000f427500000) (1024K)]
  0x00000217040d8380 JavaThread "Notification Thread"        daemon [_thread_blocked, id=126940, stack(0x000000f427500000,0x000000f427600000) (1024K)]
  0x00000217092caef0 JavaThread "Active Thread: Equinox Container: ecbd0055-6463-4079-982f-7c1903af4943"        [_thread_blocked, id=131400, stack(0x000000f427f00000,0x000000f428000000) (1024K)]
  0x000002170900ab90 JavaThread "Refresh Thread: Equinox Container: ecbd0055-6463-4079-982f-7c1903af4943" daemon [_thread_blocked, id=134092, stack(0x000000f428100000,0x000000f428200000) (1024K)]
  0x000002170932e090 JavaThread "Framework Event Dispatcher: Equinox Container: ecbd0055-6463-4079-982f-7c1903af4943" daemon [_thread_blocked, id=133856, stack(0x000000f428200000,0x000000f428300000) (1024K)]
  0x00000217093555b0 JavaThread "Start Level: Equinox Container: ecbd0055-6463-4079-982f-7c1903af4943" daemon [_thread_blocked, id=132684, stack(0x000000f428300000,0x000000f428400000) (1024K)]
  0x0000021709679ba0 JavaThread "Bundle File Closer"         daemon [_thread_blocked, id=132636, stack(0x000000f428700000,0x000000f428800000) (1024K)]
  0x000002170973ed70 JavaThread "SCR Component Actor"        daemon [_thread_blocked, id=121092, stack(0x000000f427600000,0x000000f427700000) (1024K)]
  0x00000217099e6dd0 JavaThread "Worker-JM"                         [_thread_blocked, id=135832, stack(0x000000f428900000,0x000000f428a00000) (1024K)]
  0x00000217099e8180 JavaThread "JNA Cleaner"                daemon [_thread_blocked, id=133112, stack(0x000000f428800000,0x000000f428900000) (1024K)]
  0x00000217099e7af0 JavaThread "Worker-0: Initialize After Load"        [_thread_blocked, id=135108, stack(0x000000f428a00000,0x000000f428b00000) (1024K)]
  0x00000217099e4d00 JavaThread "Worker-1"                          [_thread_blocked, id=135748, stack(0x000000f428b00000,0x000000f428c00000) (1024K)]
  0x00000217099e6740 JavaThread "Worker-2: Building"                [_thread_blocked, id=135556, stack(0x000000f428c00000,0x000000f428d00000) (1024K)]
  0x0000021709f63860 JavaThread "Java indexing"              daemon [_thread_blocked, id=132712, stack(0x000000f428f00000,0x000000f429000000) (1024K)]
  0x0000021709f631d0 JavaThread "Worker-3"                          [_thread_blocked, id=135244, stack(0x000000f429300000,0x000000f429400000) (1024K)]
  0x0000021709f61790 JavaThread "Worker-4"                          [_thread_blocked, id=135156, stack(0x000000f429400000,0x000000f429500000) (1024K)]
  0x0000021709f61e20 JavaThread "Thread-1"                   daemon [_thread_in_native, id=135492, stack(0x000000f429500000,0x000000f429600000) (1024K)]
  0x0000021709f62b40 JavaThread "Thread-2"                   daemon [_thread_in_native, id=135324, stack(0x000000f429600000,0x000000f429700000) (1024K)]
  0x0000021709f63ef0 JavaThread "Thread-3"                   daemon [_thread_in_native, id=131292, stack(0x000000f429700000,0x000000f429800000) (1024K)]
  0x0000021709f624b0 JavaThread "Thread-4"                   daemon [_thread_in_native, id=133036, stack(0x000000f429800000,0x000000f429900000) (1024K)]
  0x0000021709f64580 JavaThread "Thread-5"                   daemon [_thread_in_native, id=134784, stack(0x000000f429900000,0x000000f429a00000) (1024K)]
  0x0000021709f61100 JavaThread "Thread-6"                   daemon [_thread_in_native, id=134732, stack(0x000000f429a00000,0x000000f429b00000) (1024K)]
  0x0000021709f64c10 JavaThread "Thread-7"                   daemon [_thread_in_native, id=135280, stack(0x000000f429b00000,0x000000f429c00000) (1024K)]
  0x0000021709f65fc0 JavaThread "Thread-8"                   daemon [_thread_in_native, id=135780, stack(0x000000f429c00000,0x000000f429d00000) (1024K)]
  0x0000021709f68090 JavaThread "Thread-9"                   daemon [_thread_in_native, id=135800, stack(0x000000f429d00000,0x000000f429e00000) (1024K)]
  0x0000021709f652a0 JavaThread "Thread-10"                  daemon [_thread_in_native, id=135952, stack(0x000000f429e00000,0x000000f429f00000) (1024K)]
  0x0000021709f66ce0 JavaThread "Thread-11"                  daemon [_thread_in_native, id=126488, stack(0x000000f429f00000,0x000000f42a000000) (1024K)]
  0x0000021709f68720 JavaThread "Thread-12"                  daemon [_thread_in_native, id=133612, stack(0x000000f42a000000,0x000000f42a100000) (1024K)]
  0x0000021709f65930 JavaThread "Thread-13"                  daemon [_thread_in_native, id=134156, stack(0x000000f42a100000,0x000000f42a200000) (1024K)]
  0x0000021709f67a00 JavaThread "Thread-14"                  daemon [_thread_in_native, id=128708, stack(0x000000f42a200000,0x000000f42a300000) (1024K)]
  0x0000021709f67370 JavaThread "Thread-15"                  daemon [_thread_in_native, id=129228, stack(0x000000f42a300000,0x000000f42a400000) (1024K)]
  0x0000021709f66650 JavaThread "Thread-16"                  daemon [_thread_in_native, id=129452, stack(0x000000f42a400000,0x000000f42a500000) (1024K)]
  0x000002170bab1b40 JavaThread "Thread-17"                  daemon [_thread_in_native, id=134608, stack(0x000000f42a500000,0x000000f42a600000) (1024K)]
  0x000002170bab0e20 JavaThread "Worker-5"                          [_thread_blocked, id=136084, stack(0x000000f42a600000,0x000000f42a700000) (1024K)]
  0x000002170bab14b0 JavaThread "pool-2-thread-1"                   [_thread_blocked, id=116872, stack(0x000000f42aa00000,0x000000f42ab00000) (1024K)]
  0x000002170bab21d0 JavaThread "WorkspaceEventsHandler"            [_thread_blocked, id=134708, stack(0x000000f42ab00000,0x000000f42ac00000) (1024K)]
  0x000002170baaed50 JavaThread "pool-1-thread-1"                   [_thread_blocked, id=135332, stack(0x000000f42ac00000,0x000000f42ad00000) (1024K)]
  0x000002170bab0790 JavaThread "LocalFile Deleter"          daemon [_thread_blocked, id=121492, stack(0x000000f42ad00000,0x000000f42ae00000) (1024K)]
  0x000002170bab2ef0 JavaThread "LocalFile Deleter"          daemon [_thread_blocked, id=133992, stack(0x000000f42ae00000,0x000000f42af00000) (1024K)]
  0x000002170bab2860 JavaThread "LocalFile Deleter"          daemon [_thread_blocked, id=129396, stack(0x000000f42af00000,0x000000f42b000000) (1024K)]
  0x000002170baafa70 JavaThread "LocalFile Deleter"          daemon [_thread_blocked, id=128796, stack(0x000000f42b000000,0x000000f42b100000) (1024K)]
  0x000002170bab3580 JavaThread "LocalFile Deleter"          daemon [_thread_blocked, id=132464, stack(0x000000f42b100000,0x000000f42b200000) (1024K)]
  0x000002170bab0100 JavaThread "LocalFile Deleter"          daemon [_thread_blocked, id=134544, stack(0x000000f42b200000,0x000000f42b300000) (1024K)]
  0x000002170bab6370 JavaThread "LocalFile Deleter"          daemon [_thread_blocked, id=126988, stack(0x000000f42b300000,0x000000f42b400000) (1024K)]
  0x000002170bab5ce0 JavaThread "LocalFile Deleter"          daemon [_thread_blocked, id=132584, stack(0x000000f42b400000,0x000000f42b500000) (1024K)]
  0x000002170bab4fc0 JavaThread "LocalFile Deleter"          daemon [_thread_blocked, id=136092, stack(0x000000f42b500000,0x000000f42b600000) (1024K)]
  0x000002170bab3c10 JavaThread "LocalFile Deleter"          daemon [_thread_blocked, id=131788, stack(0x000000f42b600000,0x000000f42b700000) (1024K)]
  0x000002170bab42a0 JavaThread "LocalFile Deleter"          daemon [_thread_blocked, id=136148, stack(0x000000f42b700000,0x000000f42b800000) (1024K)]
  0x000002170bab4930 JavaThread "LocalFile Deleter"          daemon [_thread_blocked, id=130356, stack(0x000000f42b800000,0x000000f42b900000) (1024K)]
  0x000002170bab5650 JavaThread "LocalFile Deleter"          daemon [_thread_blocked, id=136100, stack(0x000000f42b900000,0x000000f42ba00000) (1024K)]
  0x0000021717fc09d0 JavaThread "LocalFile Deleter"          daemon [_thread_blocked, id=136076, stack(0x000000f42ba00000,0x000000f42bb00000) (1024K)]
  0x0000021717fc1060 JavaThread "LocalFile Deleter"          daemon [_thread_blocked, id=128336, stack(0x000000f42bb00000,0x000000f42bc00000) (1024K)]
  0x0000021717fbf620 JavaThread "LocalFile Deleter"          daemon [_thread_blocked, id=133540, stack(0x000000f42bc00000,0x000000f42bd00000) (1024K)]
  0x0000021717fc1d80 JavaThread "Compiler Source File Reader" daemon [_thread_blocked, id=134584, stack(0x000000f427200000,0x000000f427300000) (1024K)]
  0x0000021717fbfcb0 JavaThread "Compiler Source File Reader" daemon [_thread_blocked, id=131188, stack(0x000000f428d00000,0x000000f428e00000) (1024K)]
  0x0000021717fc2410 JavaThread "Compiler Source File Reader" daemon [_thread_blocked, id=132360, stack(0x000000f428e00000,0x000000f428f00000) (1024K)]
  0x0000021717fbef90 JavaThread "Compiler Source File Reader" daemon [_thread_blocked, id=134916, stack(0x000000f42a700000,0x000000f42a800000) (1024K)]
  0x0000021717fc5890 JavaThread "Compiler Source File Reader" daemon [_thread_blocked, id=135132, stack(0x000000f42a800000,0x000000f42a900000) (1024K)]
  0x0000021717fc4b70 JavaThread "Compiler Source File Reader" daemon [_thread_blocked, id=122048, stack(0x000000f42a900000,0x000000f42aa00000) (1024K)]
  0x0000021717fc5200 JavaThread "Compiler Source File Reader" daemon [_thread_blocked, id=134436, stack(0x000000f42bd00000,0x000000f42be00000) (1024K)]
  0x0000021717fc37c0 JavaThread "Compiler Source File Reader" daemon [_thread_blocked, id=136112, stack(0x000000f42be00000,0x000000f42bf00000) (1024K)]
  0x0000021717fc5f20 JavaThread "Compiler Source File Reader" daemon [_thread_blocked, id=133372, stack(0x000000f42bf00000,0x000000f42c000000) (1024K)]
  0x0000021717fc2aa0 JavaThread "Compiler Source File Reader" daemon [_thread_blocked, id=109476, stack(0x000000f42c000000,0x000000f42c100000) (1024K)]
  0x0000021717fc65b0 JavaThread "Compiler Source File Reader" daemon [_thread_blocked, id=124456, stack(0x000000f42c100000,0x000000f42c200000) (1024K)]
  0x0000021717fc3130 JavaThread "Compiler Source File Reader" daemon [_thread_blocked, id=125996, stack(0x000000f42c200000,0x000000f42c300000) (1024K)]
  0x0000021717fc3e50 JavaThread "Compiler Source File Reader" daemon [_thread_blocked, id=134600, stack(0x000000f42c300000,0x000000f42c400000) (1024K)]
  0x0000021717fc44e0 JavaThread "Compiler Source File Reader" daemon [_thread_blocked, id=136136, stack(0x000000f42c400000,0x000000f42c500000) (1024K)]
  0x000002170b9f6a60 JavaThread "C2 CompilerThread1"         daemon [_thread_blocked, id=135328, stack(0x000000f42c500000,0x000000f42c600000) (1024K)]
  0x000002170b9f8c70 JavaThread "C2 CompilerThread2"         daemon [_thread_blocked, id=133084, stack(0x000000f42c600000,0x000000f42c700000) (1024K)]
=>0x000002170b9f85a0 JavaThread "C2 CompilerThread3"         daemon [_thread_in_native, id=136108, stack(0x000000f42c700000,0x000000f42c800000) (1024K)]
  0x000002170b9f5cc0 JavaThread "C2 CompilerThread4"         daemon [_thread_blocked, id=125984, stack(0x000000f42c800000,0x000000f42c900000) (1024K)]
  0x000002170b9f6390 JavaThread "C2 CompilerThread5"         daemon [_thread_in_vm, id=133016, stack(0x000000f42c900000,0x000000f42ca00000) (1024K)]
Total: 84

Other Threads:
  0x00000216a9abf950 VMThread "VM Thread"                           [id=133732, stack(0x000000f426700000,0x000000f426800000) (1024K)]
  0x00000216a98aca00 WatcherThread "VM Periodic Task Thread"        [id=113336, stack(0x000000f426600000,0x000000f426700000) (1024K)]
  0x00000216a9a3b6c0 WorkerThread "GC Thread#0"                     [id=135900, stack(0x000000f426500000,0x000000f426600000) (1024K)]
  0x0000021709055720 WorkerThread "GC Thread#1"                     [id=134044, stack(0x000000f427700000,0x000000f427800000) (1024K)]
  0x0000021709055ce0 WorkerThread "GC Thread#2"                     [id=126072, stack(0x000000f427800000,0x000000f427900000) (1024K)]
  0x000002170911e600 WorkerThread "GC Thread#3"                     [id=133604, stack(0x000000f427900000,0x000000f427a00000) (1024K)]
  0x00000217047b5450 WorkerThread "GC Thread#4"                     [id=133716, stack(0x000000f427a00000,0x000000f427b00000) (1024K)]
  0x00000217047b5800 WorkerThread "GC Thread#5"                     [id=132604, stack(0x000000f427b00000,0x000000f427c00000) (1024K)]
  0x00000217047af090 WorkerThread "GC Thread#6"                     [id=134948, stack(0x000000f427c00000,0x000000f427d00000) (1024K)]
  0x000002170920f6e0 WorkerThread "GC Thread#7"                     [id=125352, stack(0x000000f428000000,0x000000f428100000) (1024K)]
  0x0000021709162eb0 WorkerThread "GC Thread#8"                     [id=129056, stack(0x000000f428400000,0x000000f428500000) (1024K)]
  0x00000217090b48b0 WorkerThread "GC Thread#9"                     [id=132488, stack(0x000000f428500000,0x000000f428600000) (1024K)]
  0x00000217090b4c60 WorkerThread "GC Thread#10"                    [id=135404, stack(0x000000f428600000,0x000000f428700000) (1024K)]
  0x0000021709b18c70 WorkerThread "GC Thread#11"                    [id=134432, stack(0x000000f427d00000,0x000000f427e00000) (1024K)]
  0x0000021709b18160 WorkerThread "GC Thread#12"                    [id=128308, stack(0x000000f427e00000,0x000000f427f00000) (1024K)]
Total: 15

Threads with active compile tasks:
C2 CompilerThread0  14963 11517       4       org.eclipse.jdt.internal.compiler.ast.QualifiedTypeReference::getTypeBinding (660 bytes)
C1 CompilerThread1  14963 11526       3       org.eclipse.jdt.internal.compiler.lookup.TypeSystem$HashedParameterizedTypes$PTBKey::hashCode (96 bytes)
C2 CompilerThread1  14963 11520       4       org.eclipse.jdt.internal.compiler.apt.model.Factory::getPackedAnnotationBindings (378 bytes)
C2 CompilerThread2  14963 11505       4       org.eclipse.jdt.internal.compiler.lookup.ModuleBinding::combineWithPackagesFromOtherRelevantModules (71 bytes)
C2 CompilerThread3  14964 11228       4       org.eclipse.jdt.internal.compiler.lookup.BinaryTypeBinding::createMethod (1666 bytes)
C2 CompilerThread4  14964 11504       4       org.eclipse.jdt.internal.compiler.ast.ASTNode::resolveAnnotations (1058 bytes)
C2 CompilerThread5  14964 11501       4       org.eclipse.jdt.internal.core.builder.ClasspathJrt::getModulesDeclaringPackage (15 bytes)
Total: 7

VM state: not at safepoint (normal execution)

VM Mutex/Monitor currently owned by a thread:  ([mutex/lock_event])
[0x00007ff8576ad060] MethodCompileQueue_lock - owner thread: 0x0000021702902670
[0x00007ff8576ae460] CodeCache_lock - owner thread: 0x0000021702902670
[0x00007ff8576ae5e0] Compile_lock - owner thread: 0x0000021702902670

Heap address: 0x0000000080000000, size: 2048 MB, Compressed Oops mode: 32-bit

CDS archive(s) mapped at: [0x00000216c1000000-0x00000216c1ba0000-0x00000216c1ba0000), size 12189696, SharedBaseAddress: 0x00000216c1000000, ArchiveRelocationMode: 1.
Compressed class space mapped at: 0x00000216c2000000-0x0000021702000000, reserved size: 1073741824
Narrow klass base: 0x00000216c1000000, Narrow klass shift: 0, Narrow klass range: 0x100000000

GC Precious Log:
 CardTable entry size: 512
 CPUs: 16 total, 16 available
 Memory: 32719M
 Large Page Support: Disabled
 NUMA Support: Disabled
 Compressed Oops: Enabled (32-bit)
 Alignments: Space 512K, Generation 512K, Heap 2M
 Heap Min Capacity: 100M
 Heap Initial Capacity: 100M
 Heap Max Capacity: 2G
 Pre-touch: Disabled
 Parallel Workers: 13

Heap:
 PSYoungGen      total 14336K, used 3882K [0x00000000d5580000, 0x00000000d6780000, 0x0000000100000000)
  eden space 13312K, 24% used [0x00000000d5580000,0x00000000d58a2b28,0x00000000d6280000)
  from space 1024K, 65% used [0x00000000d6380000,0x00000000d6428010,0x00000000d6480000)
  to   space 1024K, 0% used [0x00000000d6280000,0x00000000d6280000,0x00000000d6380000)
 ParOldGen       total 94720K, used 94499K [0x0000000080000000, 0x0000000085c80000, 0x00000000d5580000)
  object space 94720K, 99% used [0x0000000080000000,0x0000000085c48e18,0x0000000085c80000)
 Metaspace       used 58193K, committed 59712K, reserved 1114112K
  class space    used 6014K, committed 6720K, reserved 1048576K

Card table byte_map: [0x00000216a93c0000,0x00000216a97d0000] _byte_map_base: 0x00000216a8fc0000

Marking Bits: (ParMarkBitMap*) 0x00007ff8576b3450
 Begin Bits: [0x00000216bbed0000, 0x00000216bded0000)
 End Bits:   [0x00000216bded0000, 0x00000216bfed0000)

Polling page: 0x00000216a77f0000

Metaspace:

Usage:
  Non-class:     50.96 MB used.
      Class:      5.87 MB used.
       Both:     56.83 MB used.

Virtual space:
  Non-class space:       64.00 MB reserved,      51.75 MB ( 81%) committed,  1 nodes.
      Class space:        1.00 GB reserved,       6.56 MB ( <1%) committed,  1 nodes.
             Both:        1.06 GB reserved,      58.31 MB (  5%) committed. 

Chunk freelists:
   Non-Class:  11.48 MB
       Class:  9.30 MB
        Both:  20.78 MB

MaxMetaspaceSize: unlimited
CompressedClassSpaceSize: 1.00 GB
Initial GC threshold: 21.00 MB
Current GC threshold: 58.38 MB
CDS: on
 - commit_granule_bytes: 65536.
 - commit_granule_words: 8192.
 - virtual_space_node_default_size: 8388608.
 - enlarge_chunks_in_place: 1.
 - use_allocation_guard: 0.


Internal statistics:

num_allocs_failed_limit: 8.
num_arena_births: 1190.
num_arena_deaths: 18.
num_vsnodes_births: 2.
num_vsnodes_deaths: 0.
num_space_committed: 933.
num_space_uncommitted: 0.
num_chunks_returned_to_freelist: 28.
num_chunks_taken_from_freelist: 4025.
num_chunk_merges: 14.
num_chunk_splits: 2408.
num_chunks_enlarged: 1276.
num_inconsistent_stats: 0.

CodeHeap 'non-profiled nmethods': size=119168Kb used=8009Kb max_used=8009Kb free=111158Kb
 bounds [0x00000216b47c0000, 0x00000216b4fa0000, 0x00000216bbc20000]
CodeHeap 'profiled nmethods': size=119104Kb used=25980Kb max_used=25980Kb free=93123Kb
 bounds [0x00000216acc20000, 0x00000216ae580000, 0x00000216b4070000]
CodeHeap 'non-nmethods': size=7488Kb used=3097Kb max_used=3248Kb free=4390Kb
 bounds [0x00000216b4070000, 0x00000216b43c0000, 0x00000216b47c0000]
CodeCache: size=245760Kb, used=37086Kb, max_used=37237Kb, free=208671Kb
 total_blobs=11600, nmethods=10882, adapters=620, full_count=0
Compilation: enabled, stopped_count=0, restarted_count=0

Compilation events (20 events):
Event: 12.837 Thread 0x000002170b9f6a60 nmethod 11492 0x00000216b4f7c090 code [0x00000216b4f7c260, 0x00000216b4f7c700]
Event: 12.837 Thread 0x000002170b9f6a60 11473       4       java.util.stream.ReduceOps$3ReducingSink::begin (14 bytes)
Event: 12.839 Thread 0x000002170b9f6a60 nmethod 11473 0x00000216b4f7c990 code [0x00000216b4f7cb20, 0x00000216b4f7cc78]
Event: 12.839 Thread 0x000002170b9f6a60 11479       4       java.util.stream.Collectors$CollectorImpl::<init> (13 bytes)
Event: 12.840 Thread 0x000002170b9f6a60 nmethod 11479 0x00000216b4f7ce10 code [0x00000216b4f7cfa0, 0x00000216b4f7d060]
Event: 12.840 Thread 0x000002170b9f6a60 11481       4       java.util.stream.Collectors::toList (26 bytes)
Event: 12.842 Thread 0x000002170b9f6a60 nmethod 11481 0x00000216b4f7d110 code [0x00000216b4f7d2a0, 0x00000216b4f7d388]
Event: 12.842 Thread 0x000002170b9f6a60 11482       4       java.util.stream.Collectors$$Lambda/0x00000216c20cfa00::get (8 bytes)
Event: 12.843 Thread 0x0000021702902670 11502       3       org.eclipse.jdt.internal.compiler.lookup.TypeBinding::capture (2 bytes)
Event: 12.843 Thread 0x0000021702902670 nmethod 11502 0x00000216ae577390 code [0x00000216ae577520, 0x00000216ae577630]
Event: 12.845 Thread 0x000002170b9f6a60 nmethod 11482 0x00000216b4f7d490 code [0x00000216b4f7d620, 0x00000216b4f7d710]
Event: 12.845 Thread 0x000002170b9f6a60 11472       4       java.util.stream.ReduceOps$3::getOpFlags (28 bytes)
Event: 12.846 Thread 0x000002170b9f5cc0 nmethod 11490 0x00000216b4f7d810 code [0x00000216b4f7da40, 0x00000216b4f7e100]
Event: 12.847 Thread 0x000002170b9f5cc0 11483       4       org.eclipse.jdt.internal.compiler.lookup.Scope::getBaseType (442 bytes)
Event: 12.849 Thread 0x000002170b9f5cc0 nmethod 11483 0x00000216b4f7e710 code [0x00000216b4f7e8e0, 0x00000216b4f7ec60]
Event: 12.849 Thread 0x000002170b9f5cc0 11471       4       java.util.stream.ReduceOps::makeRef (42 bytes)
Event: 12.852 Thread 0x00000216a9add440 11510       3       org.eclipse.jdt.internal.compiler.lookup.WildcardBinding::initialize (101 bytes)
Event: 12.859 Thread 0x0000021702b10dc0 11512       3       org.eclipse.jdt.internal.compiler.ast.QualifiedTypeReference::traverse (99 bytes)
Event: 12.859 Thread 0x00000217029078a0 11513       3       org.eclipse.jdt.internal.compiler.ASTVisitor::endVisit (1 bytes)
Event: 12.869 Thread 0x0000021702902670 11514       3       org.eclipse.jdt.internal.compiler.apt.dispatch.AnnotationDiscoveryVisitor::visit (35 bytes)

GC Heap History (20 events):
Event: 11.522 GC heap after
{Heap after GC invocations=78 (full 2):
 PSYoungGen      total 11776K, used 608K [0x00000000d5580000, 0x00000000d6280000, 0x0000000100000000)
  eden space 10752K, 0% used [0x00000000d5580000,0x00000000d5580000,0x00000000d6000000)
  from space 1024K, 59% used [0x00000000d6180000,0x00000000d6218000,0x00000000d6280000)
  to   space 1024K, 0% used [0x00000000d6080000,0x00000000d6080000,0x00000000d6180000)
 ParOldGen       total 90624K, used 90228K [0x0000000080000000, 0x0000000085880000, 0x00000000d5580000)
  object space 90624K, 99% used [0x0000000080000000,0x000000008581d340,0x0000000085880000)
 Metaspace       used 58116K, committed 59584K, reserved 1114112K
  class space    used 6013K, committed 6720K, reserved 1048576K
}
Event: 11.556 GC heap before
{Heap before GC invocations=79 (full 2):
 PSYoungGen      total 11776K, used 11360K [0x00000000d5580000, 0x00000000d6280000, 0x0000000100000000)
  eden space 10752K, 100% used [0x00000000d5580000,0x00000000d6000000,0x00000000d6000000)
  from space 1024K, 59% used [0x00000000d6180000,0x00000000d6218000,0x00000000d6280000)
  to   space 1024K, 0% used [0x00000000d6080000,0x00000000d6080000,0x00000000d6180000)
 ParOldGen       total 90624K, used 90228K [0x0000000080000000, 0x0000000085880000, 0x00000000d5580000)
  object space 90624K, 99% used [0x0000000080000000,0x000000008581d340,0x0000000085880000)
 Metaspace       used 58140K, committed 59648K, reserved 1114112K
  class space    used 6013K, committed 6720K, reserved 1048576K
}
Event: 11.558 GC heap after
{Heap after GC invocations=79 (full 2):
 PSYoungGen      total 11776K, used 544K [0x00000000d5580000, 0x00000000d6200000, 0x0000000100000000)
  eden space 10752K, 0% used [0x00000000d5580000,0x00000000d5580000,0x00000000d6000000)
  from space 1024K, 53% used [0x00000000d6080000,0x00000000d6108010,0x00000000d6180000)
  to   space 512K, 0% used [0x00000000d6180000,0x00000000d6180000,0x00000000d6200000)
 ParOldGen       total 91136K, used 90684K [0x0000000080000000, 0x0000000085900000, 0x00000000d5580000)
  object space 91136K, 99% used [0x0000000080000000,0x000000008588f340,0x0000000085900000)
 Metaspace       used 58140K, committed 59648K, reserved 1114112K
  class space    used 6013K, committed 6720K, reserved 1048576K
}
Event: 11.597 GC heap before
{Heap before GC invocations=80 (full 2):
 PSYoungGen      total 11776K, used 11296K [0x00000000d5580000, 0x00000000d6200000, 0x0000000100000000)
  eden space 10752K, 100% used [0x00000000d5580000,0x00000000d6000000,0x00000000d6000000)
  from space 1024K, 53% used [0x00000000d6080000,0x00000000d6108010,0x00000000d6180000)
  to   space 512K, 0% used [0x00000000d6180000,0x00000000d6180000,0x00000000d6200000)
 ParOldGen       total 91136K, used 90684K [0x0000000080000000, 0x0000000085900000, 0x00000000d5580000)
  object space 91136K, 99% used [0x0000000080000000,0x000000008588f340,0x0000000085900000)
 Metaspace       used 58145K, committed 59648K, reserved 1114112K
  class space    used 6013K, committed 6720K, reserved 1048576K
}
Event: 11.599 GC heap after
{Heap after GC invocations=80 (full 2):
 PSYoungGen      total 11264K, used 496K [0x00000000d5580000, 0x00000000d6200000, 0x0000000100000000)
  eden space 10752K, 0% used [0x00000000d5580000,0x00000000d5580000,0x00000000d6000000)
  from space 512K, 96% used [0x00000000d6180000,0x00000000d61fc010,0x00000000d6200000)
  to   space 1024K, 0% used [0x00000000d6000000,0x00000000d6000000,0x00000000d6100000)
 ParOldGen       total 91136K, used 91084K [0x0000000080000000, 0x0000000085900000, 0x00000000d5580000)
  object space 91136K, 99% used [0x0000000080000000,0x00000000858f3350,0x0000000085900000)
 Metaspace       used 58145K, committed 59648K, reserved 1114112K
  class space    used 6013K, committed 6720K, reserved 1048576K
}
Event: 11.655 GC heap before
{Heap before GC invocations=81 (full 2):
 PSYoungGen      total 11264K, used 11248K [0x00000000d5580000, 0x00000000d6200000, 0x0000000100000000)
  eden space 10752K, 100% used [0x00000000d5580000,0x00000000d6000000,0x00000000d6000000)
  from space 512K, 96% used [0x00000000d6180000,0x00000000d61fc010,0x00000000d6200000)
  to   space 1024K, 0% used [0x00000000d6000000,0x00000000d6000000,0x00000000d6100000)
 ParOldGen       total 91136K, used 91084K [0x0000000080000000, 0x0000000085900000, 0x00000000d5580000)
  object space 91136K, 99% used [0x0000000080000000,0x00000000858f3350,0x0000000085900000)
 Metaspace       used 58153K, committed 59648K, reserved 1114112K
  class space    used 6013K, committed 6720K, reserved 1048576K
}
Event: 11.657 GC heap after
{Heap after GC invocations=81 (full 2):
 PSYoungGen      total 11776K, used 672K [0x00000000d5580000, 0x00000000d6200000, 0x0000000100000000)
  eden space 10752K, 0% used [0x00000000d5580000,0x00000000d5580000,0x00000000d6000000)
  from space 1024K, 65% used [0x00000000d6000000,0x00000000d60a8000,0x00000000d6100000)
  to   space 1024K, 0% used [0x00000000d6100000,0x00000000d6100000,0x00000000d6200000)
 ParOldGen       total 91648K, used 91492K [0x0000000080000000, 0x0000000085980000, 0x00000000d5580000)
  object space 91648K, 99% used [0x0000000080000000,0x0000000085959360,0x0000000085980000)
 Metaspace       used 58153K, committed 59648K, reserved 1114112K
  class space    used 6013K, committed 6720K, reserved 1048576K
}
Event: 11.688 GC heap before
{Heap before GC invocations=82 (full 2):
 PSYoungGen      total 11776K, used 11424K [0x00000000d5580000, 0x00000000d6200000, 0x0000000100000000)
  eden space 10752K, 100% used [0x00000000d5580000,0x00000000d6000000,0x00000000d6000000)
  from space 1024K, 65% used [0x00000000d6000000,0x00000000d60a8000,0x00000000d6100000)
  to   space 1024K, 0% used [0x00000000d6100000,0x00000000d6100000,0x00000000d6200000)
 ParOldGen       total 91648K, used 91492K [0x0000000080000000, 0x0000000085980000, 0x00000000d5580000)
  object space 91648K, 99% used [0x0000000080000000,0x0000000085959360,0x0000000085980000)
 Metaspace       used 58160K, committed 59648K, reserved 1114112K
  class space    used 6013K, committed 6720K, reserved 1048576K
}
Event: 11.690 GC heap after
{Heap after GC invocations=82 (full 2):
 PSYoungGen      total 11776K, used 512K [0x00000000d5580000, 0x00000000d6200000, 0x0000000100000000)
  eden space 10752K, 0% used [0x00000000d5580000,0x00000000d5580000,0x00000000d6000000)
  from space 1024K, 50% used [0x00000000d6100000,0x00000000d6180020,0x00000000d6200000)
  to   space 1024K, 0% used [0x00000000d6000000,0x00000000d6000000,0x00000000d6100000)
 ParOldGen       total 92160K, used 91915K [0x0000000080000000, 0x0000000085a00000, 0x00000000d5580000)
  object space 92160K, 99% used [0x0000000080000000,0x00000000859c2d78,0x0000000085a00000)
 Metaspace       used 58160K, committed 59648K, reserved 1114112K
  class space    used 6013K, committed 6720K, reserved 1048576K
}
Event: 11.727 GC heap before
{Heap before GC invocations=83 (full 2):
 PSYoungGen      total 11776K, used 11264K [0x00000000d5580000, 0x00000000d6200000, 0x0000000100000000)
  eden space 10752K, 100% used [0x00000000d5580000,0x00000000d6000000,0x00000000d6000000)
  from space 1024K, 50% used [0x00000000d6100000,0x00000000d6180020,0x00000000d6200000)
  to   space 1024K, 0% used [0x00000000d6000000,0x00000000d6000000,0x00000000d6100000)
 ParOldGen       total 92160K, used 91915K [0x0000000080000000, 0x0000000085a00000, 0x00000000d5580000)
  object space 92160K, 99% used [0x0000000080000000,0x00000000859c2d78,0x0000000085a00000)
 Metaspace       used 58174K, committed 59648K, reserved 1114112K
  class space    used 6014K, committed 6720K, reserved 1048576K
}
Event: 11.728 GC heap after
{Heap after GC invocations=83 (full 2):
 PSYoungGen      total 11776K, used 512K [0x00000000d5580000, 0x00000000d6200000, 0x0000000100000000)
  eden space 10752K, 0% used [0x00000000d5580000,0x00000000d5580000,0x00000000d6000000)
  from space 1024K, 50% used [0x00000000d6000000,0x00000000d6080000,0x00000000d6100000)
  to   space 1024K, 0% used [0x00000000d6100000,0x00000000d6100000,0x00000000d6200000)
 ParOldGen       total 92672K, used 92307K [0x0000000080000000, 0x0000000085a80000, 0x00000000d5580000)
  object space 92672K, 99% used [0x0000000080000000,0x0000000085a24d98,0x0000000085a80000)
 Metaspace       used 58174K, committed 59648K, reserved 1114112K
  class space    used 6014K, committed 6720K, reserved 1048576K
}
Event: 11.776 GC heap before
{Heap before GC invocations=84 (full 2):
 PSYoungGen      total 11776K, used 11264K [0x00000000d5580000, 0x00000000d6200000, 0x0000000100000000)
  eden space 10752K, 100% used [0x00000000d5580000,0x00000000d6000000,0x00000000d6000000)
  from space 1024K, 50% used [0x00000000d6000000,0x00000000d6080000,0x00000000d6100000)
  to   space 1024K, 0% used [0x00000000d6100000,0x00000000d6100000,0x00000000d6200000)
 ParOldGen       total 92672K, used 92307K [0x0000000080000000, 0x0000000085a80000, 0x00000000d5580000)
  object space 92672K, 99% used [0x0000000080000000,0x0000000085a24d98,0x0000000085a80000)
 Metaspace       used 58184K, committed 59712K, reserved 1114112K
  class space    used 6014K, committed 6720K, reserved 1048576K
}
Event: 11.778 GC heap after
{Heap after GC invocations=84 (full 2):
 PSYoungGen      total 11776K, used 560K [0x00000000d5580000, 0x00000000d6200000, 0x0000000100000000)
  eden space 10752K, 0% used [0x00000000d5580000,0x00000000d5580000,0x00000000d6000000)
  from space 1024K, 54% used [0x00000000d6100000,0x00000000d618c010,0x00000000d6200000)
  to   space 1024K, 0% used [0x00000000d6000000,0x00000000d6000000,0x00000000d6100000)
 ParOldGen       total 93184K, used 92683K [0x0000000080000000, 0x0000000085b00000, 0x00000000d5580000)
  object space 93184K, 99% used [0x0000000080000000,0x0000000085a82d98,0x0000000085b00000)
 Metaspace       used 58184K, committed 59712K, reserved 1114112K
  class space    used 6014K, committed 6720K, reserved 1048576K
}
Event: 11.822 GC heap before
{Heap before GC invocations=85 (full 2):
 PSYoungGen      total 11776K, used 11312K [0x00000000d5580000, 0x00000000d6200000, 0x0000000100000000)
  eden space 10752K, 100% used [0x00000000d5580000,0x00000000d6000000,0x00000000d6000000)
  from space 1024K, 54% used [0x00000000d6100000,0x00000000d618c010,0x00000000d6200000)
  to   space 1024K, 0% used [0x00000000d6000000,0x00000000d6000000,0x00000000d6100000)
 ParOldGen       total 93184K, used 92683K [0x0000000080000000, 0x0000000085b00000, 0x00000000d5580000)
  object space 93184K, 99% used [0x0000000080000000,0x0000000085a82d98,0x0000000085b00000)
 Metaspace       used 58184K, committed 59712K, reserved 1114112K
  class space    used 6014K, committed 6720K, reserved 1048576K
}
Event: 12.824 GC heap after
{Heap after GC invocations=85 (full 2):
 PSYoungGen      total 11776K, used 704K [0x00000000d5580000, 0x00000000d6480000, 0x0000000100000000)
  eden space 10752K, 0% used [0x00000000d5580000,0x00000000d5580000,0x00000000d6000000)
  from space 1024K, 68% used [0x00000000d6000000,0x00000000d60b0060,0x00000000d6100000)
  to   space 1024K, 0% used [0x00000000d6380000,0x00000000d6380000,0x00000000d6480000)
 ParOldGen       total 93184K, used 93131K [0x0000000080000000, 0x0000000085b00000, 0x00000000d5580000)
  object space 93184K, 99% used [0x0000000080000000,0x0000000085af2db8,0x0000000085b00000)
 Metaspace       used 58184K, committed 59712K, reserved 1114112K
  class space    used 6014K, committed 6720K, reserved 1048576K
}
Event: 12.843 GC heap before
{Heap before GC invocations=86 (full 2):
 PSYoungGen      total 11776K, used 11456K [0x00000000d5580000, 0x00000000d6480000, 0x0000000100000000)
  eden space 10752K, 100% used [0x00000000d5580000,0x00000000d6000000,0x00000000d6000000)
  from space 1024K, 68% used [0x00000000d6000000,0x00000000d60b0060,0x00000000d6100000)
  to   space 1024K, 0% used [0x00000000d6380000,0x00000000d6380000,0x00000000d6480000)
 ParOldGen       total 93184K, used 93131K [0x0000000080000000, 0x0000000085b00000, 0x00000000d5580000)
  object space 93184K, 99% used [0x0000000080000000,0x0000000085af2db8,0x0000000085b00000)
 Metaspace       used 58186K, committed 59712K, reserved 1114112K
  class space    used 6014K, committed 6720K, reserved 1048576K
}
Event: 12.845 GC heap after
{Heap after GC invocations=86 (full 2):
 PSYoungGen      total 14336K, used 576K [0x00000000d5580000, 0x00000000d6480000, 0x0000000100000000)
  eden space 13312K, 0% used [0x00000000d5580000,0x00000000d5580000,0x00000000d6280000)
  from space 1024K, 56% used [0x00000000d6380000,0x00000000d6410000,0x00000000d6480000)
  to   space 1024K, 0% used [0x00000000d6280000,0x00000000d6280000,0x00000000d6380000)
 ParOldGen       total 93696K, used 93667K [0x0000000080000000, 0x0000000085b80000, 0x00000000d5580000)
  object space 93696K, 99% used [0x0000000080000000,0x0000000085b78e18,0x0000000085b80000)
 Metaspace       used 58186K, committed 59712K, reserved 1114112K
  class space    used 6014K, committed 6720K, reserved 1048576K
}
Event: 12.862 GC heap before
{Heap before GC invocations=87 (full 2):
 PSYoungGen      total 14336K, used 13888K [0x00000000d5580000, 0x00000000d6480000, 0x0000000100000000)
  eden space 13312K, 100% used [0x00000000d5580000,0x00000000d6280000,0x00000000d6280000)
  from space 1024K, 56% used [0x00000000d6380000,0x00000000d6410000,0x00000000d6480000)
  to   space 1024K, 0% used [0x00000000d6280000,0x00000000d6280000,0x00000000d6380000)
 ParOldGen       total 93696K, used 93667K [0x0000000080000000, 0x0000000085b80000, 0x00000000d5580000)
  object space 93696K, 99% used [0x0000000080000000,0x0000000085b78e18,0x0000000085b80000)
 Metaspace       used 58186K, committed 59712K, reserved 1114112K
  class space    used 6014K, committed 6720K, reserved 1048576K
}
Event: 12.863 GC heap after
{Heap after GC invocations=87 (full 2):
 PSYoungGen      total 14336K, used 544K [0x00000000d5580000, 0x00000000d6480000, 0x0000000100000000)
  eden space 13312K, 0% used [0x00000000d5580000,0x00000000d5580000,0x00000000d6280000)
  from space 1024K, 53% used [0x00000000d6280000,0x00000000d6308000,0x00000000d6380000)
  to   space 1024K, 0% used [0x00000000d6380000,0x00000000d6380000,0x00000000d6480000)
 ParOldGen       total 94208K, used 94035K [0x0000000080000000, 0x0000000085c00000, 0x00000000d5580000)
  object space 94208K, 99% used [0x0000000080000000,0x0000000085bd4e18,0x0000000085c00000)
 Metaspace       used 58186K, committed 59712K, reserved 1114112K
  class space    used 6014K, committed 6720K, reserved 1048576K
}
Event: 12.878 GC heap before
{Heap before GC invocations=88 (full 2):
 PSYoungGen      total 14336K, used 13856K [0x00000000d5580000, 0x00000000d6480000, 0x0000000100000000)
  eden space 13312K, 100% used [0x00000000d5580000,0x00000000d6280000,0x00000000d6280000)
  from space 1024K, 53% used [0x00000000d6280000,0x00000000d6308000,0x00000000d6380000)
  to   space 1024K, 0% used [0x00000000d6380000,0x00000000d6380000,0x00000000d6480000)
 ParOldGen       total 94208K, used 94035K [0x0000000080000000, 0x0000000085c00000, 0x00000000d5580000)
  object space 94208K, 99% used [0x0000000080000000,0x0000000085bd4e18,0x0000000085c00000)
 Metaspace       used 58186K, committed 59712K, reserved 1114112K
  class space    used 6014K, committed 6720K, reserved 1048576K
}

Dll operation events (10 events):
Event: 0.015 Loaded shared library c:\Users\davi4\.windsurf\extensions\redhat.java-1.53.0-win32-x64\jre\21.0.10-win32-x86_64\bin\java.dll
Event: 0.135 Loaded shared library c:\Users\davi4\.windsurf\extensions\redhat.java-1.53.0-win32-x64\jre\21.0.10-win32-x86_64\bin\zip.dll
Event: 0.152 Loaded shared library C:\Users\davi4\.windsurf\extensions\redhat.java-1.53.0-win32-x64\jre\21.0.10-win32-x86_64\bin\instrument.dll
Event: 0.157 Loaded shared library C:\Users\davi4\.windsurf\extensions\redhat.java-1.53.0-win32-x64\jre\21.0.10-win32-x86_64\bin\net.dll
Event: 0.159 Loaded shared library C:\Users\davi4\.windsurf\extensions\redhat.java-1.53.0-win32-x64\jre\21.0.10-win32-x86_64\bin\nio.dll
Event: 0.161 Loaded shared library C:\Users\davi4\.windsurf\extensions\redhat.java-1.53.0-win32-x64\jre\21.0.10-win32-x86_64\bin\zip.dll
Event: 0.175 Loaded shared library C:\Users\davi4\.windsurf\extensions\redhat.java-1.53.0-win32-x64\jre\21.0.10-win32-x86_64\bin\jimage.dll
Event: 0.239 Loaded shared library c:\Users\davi4\.windsurf\extensions\redhat.java-1.53.0-win32-x64\jre\21.0.10-win32-x86_64\bin\verify.dll
Event: 1.183 Loaded shared library C:\Users\davi4\AppData\Roaming\Windsurf\User\globalStorage\redhat.java\1.53.0\config_win\org.eclipse.equinox.launcher\org.eclipse.equinox.launcher.win32.win32.x86_64_1.3.0.v20260203-2149\eclipse_11919.dll
Event: 2.904 Loaded shared library C:\Users\davi4\AppData\Local\Temp\jna-95358532\jna10590809586434385174.dll

Deoptimization events (20 events):
Event: 11.506 Thread 0x00000217099e6740 DEOPT PACKING pc=0x00000216b4e82128 sp=0x000000f428cfd630
Event: 11.506 Thread 0x00000217099e6740 DEOPT UNPACKING pc=0x00000216b40c3aa2 sp=0x000000f428cfd568 mode 2
Event: 11.506 Thread 0x00000217099e6740 Uncommon trap: trap_request=0xffffff45 fr.pc=0x00000216b4e5c390 relative=0x0000000000000070
Event: 11.506 Thread 0x00000217099e6740 Uncommon trap: reason=unstable_if action=reinterpret pc=0x00000216b4e5c390 method=org.eclipse.jdt.internal.compiler.lookup.SourceTypeBinding.isPrototype()Z @ 5 c2
Event: 11.506 Thread 0x00000217099e6740 DEOPT PACKING pc=0x00000216b4e5c390 sp=0x000000f428cfd5d0
Event: 11.506 Thread 0x00000217099e6740 DEOPT UNPACKING pc=0x00000216b40c3aa2 sp=0x000000f428cfd568 mode 2
Event: 11.511 Thread 0x00000217099e6740 Uncommon trap: trap_request=0xffffff45 fr.pc=0x00000216b4e3febc relative=0x000000000000027c
Event: 11.511 Thread 0x00000217099e6740 Uncommon trap: reason=unstable_if action=reinterpret pc=0x00000216b4e3febc method=org.eclipse.jdt.internal.compiler.classfmt.ClassFileStruct.utf8At(II)[C @ 46 c2
Event: 11.511 Thread 0x00000217099e6740 DEOPT PACKING pc=0x00000216b4e3febc sp=0x000000f428cfcc80
Event: 11.511 Thread 0x00000217099e6740 DEOPT UNPACKING pc=0x00000216b40c3aa2 sp=0x000000f428cfcc00 mode 2
Event: 11.633 Thread 0x00000217099e6740 Uncommon trap: trap_request=0xffffff45 fr.pc=0x00000216b4f32878 relative=0x0000000000007458
Event: 11.633 Thread 0x00000217099e6740 Uncommon trap: reason=unstable_if action=reinterpret pc=0x00000216b4f32878 method=org.eclipse.jdt.internal.compiler.lookup.Scope.getTypeOrPackage([CIZ)Lorg/eclipse/jdt/internal/compiler/lookup/Binding; @ 1249 c2
Event: 11.633 Thread 0x00000217099e6740 DEOPT PACKING pc=0x00000216b4f32878 sp=0x000000f428cfd2f0
Event: 11.633 Thread 0x00000217099e6740 DEOPT UNPACKING pc=0x00000216b40c3aa2 sp=0x000000f428cfd318 mode 2
Event: 11.638 Thread 0x00000217099e6740 DEOPT PACKING pc=0x00000216ae493870 sp=0x000000f428cfdbb0
Event: 11.638 Thread 0x00000217099e6740 DEOPT UNPACKING pc=0x00000216b40c4242 sp=0x000000f428cfd110 mode 0
Event: 12.849 Thread 0x00000217099e6740 Uncommon trap: trap_request=0xffffffe4 fr.pc=0x00000216b4f7ea2c relative=0x000000000000014c
Event: 12.849 Thread 0x00000217099e6740 Uncommon trap: reason=range_check action=make_not_entrant pc=0x00000216b4f7ea2c method=org.eclipse.jdt.internal.compiler.lookup.Scope.getBaseType([C)Lorg/eclipse/jdt/internal/compiler/lookup/TypeBinding; @ 16 c2
Event: 12.849 Thread 0x00000217099e6740 DEOPT PACKING pc=0x00000216b4f7ea2c sp=0x000000f428cfdb50
Event: 12.849 Thread 0x00000217099e6740 DEOPT UNPACKING pc=0x00000216b40c3aa2 sp=0x000000f428cfdad8 mode 2

Classes loaded (20 events):
Event: 8.580 Loading class java/util/WeakHashMap$KeyIterator
Event: 8.581 Loading class java/util/WeakHashMap$KeyIterator done
Event: 8.707 Loading class java/util/stream/ReferencePipeline$4
Event: 8.707 Loading class java/util/stream/ReferencePipeline$4 done
Event: 8.708 Loading class java/util/stream/Nodes$IntFixedNodeBuilder
Event: 8.708 Loading class java/util/stream/Node$Builder$OfInt
Event: 8.708 Loading class java/util/stream/Node$Builder$OfInt done
Event: 8.708 Loading class java/util/stream/Nodes$IntArrayNode
Event: 8.708 Loading class java/util/stream/Nodes$IntArrayNode done
Event: 8.708 Loading class java/util/stream/Nodes$IntFixedNodeBuilder done
Event: 8.708 Loading class java/util/stream/ReferencePipeline$4$1
Event: 8.708 Loading class java/util/stream/ReferencePipeline$4$1 done
Event: 9.540 Loading class sun/nio/fs/WindowsFileCopy
Event: 9.541 Loading class sun/nio/fs/WindowsFileCopy done
Event: 10.381 Loading class java/util/stream/ReduceOps$4
Event: 10.381 Loading class java/util/stream/ReduceOps$4 done
Event: 10.381 Loading class java/util/stream/ReduceOps$4ReducingSink
Event: 10.381 Loading class java/util/stream/ReduceOps$4ReducingSink done
Event: 10.383 Loading class java/nio/file/Files$2
Event: 10.383 Loading class java/nio/file/Files$2 done

Classes unloaded (9 events):
Event: 3.331 Thread 0x00000216a9abf950 Unloading class 0x00000216c21aac00 'java/lang/invoke/LambdaForm$MH+0x00000216c21aac00'
Event: 3.331 Thread 0x00000216a9abf950 Unloading class 0x00000216c21aa800 'java/lang/invoke/LambdaForm$MH+0x00000216c21aa800'
Event: 3.331 Thread 0x00000216a9abf950 Unloading class 0x00000216c21aa400 'java/lang/invoke/LambdaForm$MH+0x00000216c21aa400'
Event: 3.331 Thread 0x00000216a9abf950 Unloading class 0x00000216c21aa000 'java/lang/invoke/LambdaForm$MH+0x00000216c21aa000'
Event: 3.331 Thread 0x00000216a9abf950 Unloading class 0x00000216c21a9c00 'java/lang/invoke/LambdaForm$BMH+0x00000216c21a9c00'
Event: 3.331 Thread 0x00000216a9abf950 Unloading class 0x00000216c21a9800 'java/lang/invoke/LambdaForm$DMH+0x00000216c21a9800'
Event: 3.331 Thread 0x00000216a9abf950 Unloading class 0x00000216c21a8400 'java/lang/invoke/LambdaForm$DMH+0x00000216c21a8400'
Event: 4.743 Thread 0x00000216a9abf950 Unloading class 0x00000216c23ed400 'jdk/internal/reflect/GeneratedSerializationConstructorAccessor27'
Event: 4.743 Thread 0x00000216a9abf950 Unloading class 0x00000216c23ec800 'jdk/internal/reflect/GeneratedSerializationConstructorAccessor25'

Classes redefined (0 events):
No events

Internal exceptions (20 events):
Event: 7.405 Thread 0x0000021717fc1060 Exception <a 'sun/nio/fs/WindowsException'{0x00000000d5902500}> (0x00000000d5902500) 
thrown [s\src\hotspot\share\prims\jni.cpp, line 520]
Event: 7.406 Thread 0x000002170bab0100 Exception <a 'sun/nio/fs/WindowsException'{0x00000000d591c300}> (0x00000000d591c300) 
thrown [s\src\hotspot\share\prims\jni.cpp, line 520]
Event: 7.406 Thread 0x000002170bab42a0 Exception <a 'sun/nio/fs/WindowsException'{0x00000000d5964118}> (0x00000000d5964118) 
thrown [s\src\hotspot\share\prims\jni.cpp, line 520]
Event: 7.406 Thread 0x000002170bab5ce0 Exception <a 'sun/nio/fs/WindowsException'{0x00000000d5944bf0}> (0x00000000d5944bf0) 
thrown [s\src\hotspot\share\prims\jni.cpp, line 520]
Event: 7.407 Thread 0x000002170bab42a0 Exception <a 'sun/nio/fs/WindowsException'{0x00000000d5965548}> (0x00000000d5965548) 
thrown [s\src\hotspot\share\prims\jni.cpp, line 520]
Event: 8.519 Thread 0x000002170bab0e20 Exception <a 'sun/nio/fs/WindowsException'{0x00000000d5d514f0}> (0x00000000d5d514f0) 
thrown [s\src\hotspot\share\prims\jni.cpp, line 520]
Event: 8.519 Thread 0x000002170bab0e20 Exception <a 'sun/nio/fs/WindowsException'{0x00000000d5d520c0}> (0x00000000d5d520c0) 
thrown [s\src\hotspot\share\prims\jni.cpp, line 520]
Event: 8.576 Thread 0x000002170bab0e20 Exception <a 'sun/nio/fs/WindowsException'{0x00000000d55d4b00}> (0x00000000d55d4b00) 
thrown [s\src\hotspot\share\prims\jni.cpp, line 520]
Event: 8.583 Thread 0x000002170bab0e20 Exception <a 'java/io/FileNotFoundException'{0x00000000d56c2070}> (0x00000000d56c2070) 
thrown [s\src\hotspot\share\prims\jni.cpp, line 520]
Event: 8.583 Thread 0x000002170bab0e20 Exception <a 'java/io/FileNotFoundException'{0x00000000d56c3090}> (0x00000000d56c3090) 
thrown [s\src\hotspot\share\prims\jni.cpp, line 520]
Event: 8.584 Thread 0x000002170bab0e20 Exception <a 'java/io/FileNotFoundException'{0x00000000d56c3df8}> (0x00000000d56c3df8) 
thrown [s\src\hotspot\share\prims\jni.cpp, line 520]
Event: 8.592 Thread 0x00000217099e6740 Exception <a 'java/lang/NoSuchMethodError'{0x00000000d580a628}: 'java.lang.Object java.lang.invoke.DirectMethodHandle$Holder.invokeStatic(java.lang.Object, java.lang.Object, int, int)'> (0x00000000d580a628) 
thrown [s\src\hotspot\share\interpreter\linkResolver.cpp, line 773]
Event: 8.593 Thread 0x00000217099e6740 Exception <a 'java/lang/NoSuchMethodError'{0x00000000d580e938}: 'java.lang.Object java.lang.invoke.DirectMethodHandle$Holder.invokeSpecial(java.lang.Object, java.lang.Object, java.lang.Object, int, int)'> (0x00000000d580e938) 
thrown [s\src\hotspot\share\interpreter\linkResolver.cpp, line 773]
Event: 8.672 Thread 0x00000217099e6740 Implicit null exception at 0x00000216b4cae5e5 to 0x00000216b4cae7a9
Event: 8.672 Thread 0x00000217099e6740 Implicit null exception at 0x00000216b4cad794 to 0x00000216b4cad92d
Event: 8.704 Thread 0x00000217099e6740 Exception <a 'java/lang/NoSuchMethodError'{0x00000000d5f8ce30}: 'void java.lang.invoke.DelegatingMethodHandle$Holder.reinvoke_L(java.lang.Object, java.lang.Object, java.lang.Object, int, java.lang.Object, int, int)'> (0x00000000d5f8ce30) 
thrown [s\src\hotspot\share\interpreter\linkResolver.cpp, line 773]
Event: 9.542 Thread 0x0000021709f63860 Exception <a 'sun/nio/fs/WindowsException'{0x00000000d5b96348}> (0x00000000d5b96348) 
thrown [s\src\hotspot\share\prims\jni.cpp, line 520]
Event: 10.387 Thread 0x00000217099e6740 Exception <a 'java/lang/NoSuchMethodError'{0x00000000d59a2cf8}: 'int java.lang.invoke.DirectMethodHandle$Holder.invokeSpecialIFC(java.lang.Object, java.lang.Object, java.lang.Object)'> (0x00000000d59a2cf8) 
thrown [s\src\hotspot\share\interpreter\linkResolver.cpp, line 773]
Event: 10.392 Thread 0x00000217099e6740 Implicit null exception at 0x00000216b4d06653 to 0x00000216b4d07dcc
Event: 10.705 Thread 0x00000217099e6740 Implicit null exception at 0x00000216b4d60ec6 to 0x00000216b4d60f0f

ZGC Phase Switch (0 events):
No events

VM Operations (20 events):
Event: 11.558 Executing safepoint VM operation: ParallelGCFailedAllocation (Allocation Failure) done
Event: 11.597 Executing safepoint VM operation: ParallelGCFailedAllocation (Allocation Failure)
Event: 11.599 Executing safepoint VM operation: ParallelGCFailedAllocation (Allocation Failure) done
Event: 11.638 Executing non-safepoint VM operation: HandshakeAllThreads (Deoptimize)
Event: 11.638 Executing non-safepoint VM operation: HandshakeAllThreads (Deoptimize) done
Event: 11.655 Executing safepoint VM operation: ParallelGCFailedAllocation (Allocation Failure)
Event: 11.657 Executing safepoint VM operation: ParallelGCFailedAllocation (Allocation Failure) done
Event: 11.688 Executing safepoint VM operation: ParallelGCFailedAllocation (Allocation Failure)
Event: 11.690 Executing safepoint VM operation: ParallelGCFailedAllocation (Allocation Failure) done
Event: 11.726 Executing safepoint VM operation: ParallelGCFailedAllocation (Allocation Failure)
Event: 11.728 Executing safepoint VM operation: ParallelGCFailedAllocation (Allocation Failure) done
Event: 11.776 Executing safepoint VM operation: ParallelGCFailedAllocation (Allocation Failure)
Event: 11.778 Executing safepoint VM operation: ParallelGCFailedAllocation (Allocation Failure) done
Event: 11.822 Executing safepoint VM operation: ParallelGCFailedAllocation (Allocation Failure)
Event: 12.824 Executing safepoint VM operation: ParallelGCFailedAllocation (Allocation Failure) done
Event: 12.843 Executing safepoint VM operation: ParallelGCFailedAllocation (Allocation Failure)
Event: 12.845 Executing safepoint VM operation: ParallelGCFailedAllocation (Allocation Failure) done
Event: 12.862 Executing safepoint VM operation: ParallelGCFailedAllocation (Allocation Failure)
Event: 12.863 Executing safepoint VM operation: ParallelGCFailedAllocation (Allocation Failure) done
Event: 12.878 Executing safepoint VM operation: ParallelGCFailedAllocation (Allocation Failure)

Memory protections (0 events):
No events

Nmethod flushes (20 events):
Event: 4.759 Thread 0x00000216a9abf950 flushing  nmethod 0x00000216ad32f390
Event: 4.759 Thread 0x00000216a9abf950 flushing  nmethod 0x00000216ad32f690
Event: 4.759 Thread 0x00000216a9abf950 flushing  nmethod 0x00000216ad363c90
Event: 4.759 Thread 0x00000216a9abf950 flushing  nmethod 0x00000216ad364090
Event: 4.759 Thread 0x00000216a9abf950 flushing  nmethod 0x00000216ad364990
Event: 4.759 Thread 0x00000216a9abf950 flushing  nmethod 0x00000216ad365b90
Event: 4.759 Thread 0x00000216a9abf950 flushing  nmethod 0x00000216ad368510
Event: 4.759 Thread 0x00000216a9abf950 flushing  nmethod 0x00000216ad36a210
Event: 4.759 Thread 0x00000216a9abf950 flushing  nmethod 0x00000216ad36a710
Event: 4.759 Thread 0x00000216a9abf950 flushing  nmethod 0x00000216ad36b010
Event: 4.759 Thread 0x00000216a9abf950 flushing  nmethod 0x00000216ad36cc10
Event: 4.759 Thread 0x00000216a9abf950 flushing  nmethod 0x00000216ad36f190
Event: 4.759 Thread 0x00000216a9abf950 flushing  nmethod 0x00000216ad36f490
Event: 4.759 Thread 0x00000216a9abf950 flushing  nmethod 0x00000216ad3b5490
Event: 4.759 Thread 0x00000216a9abf950 flushing  nmethod 0x00000216ad3b5f90
Event: 4.759 Thread 0x00000216a9abf950 flushing  nmethod 0x00000216ad3bbd10
Event: 4.759 Thread 0x00000216a9abf950 flushing  nmethod 0x00000216ad3dda10
Event: 4.759 Thread 0x00000216a9abf950 flushing  nmethod 0x00000216ad3e2c10
Event: 4.759 Thread 0x00000216a9abf950 flushing  nmethod 0x00000216ad486390
Event: 4.759 Thread 0x00000216a9abf950 flushing  nmethod 0x00000216ad486810

Events (20 events):
Event: 7.826 Thread 0x0000021702935050 Thread exited: 0x0000021702935050
Event: 7.830 Thread 0x00000217099e6740 Thread added: 0x0000021717fc1d80
Event: 7.830 Thread 0x00000217099e6740 Thread added: 0x0000021717fbfcb0
Event: 7.830 Thread 0x00000217099e6740 Thread added: 0x0000021717fc2410
Event: 7.830 Thread 0x00000217099e6740 Thread added: 0x0000021717fbef90
Event: 7.830 Thread 0x00000217099e6740 Thread added: 0x0000021717fc5890
Event: 7.830 Thread 0x00000217099e6740 Thread added: 0x0000021717fc4b70
Event: 7.830 Thread 0x00000217099e6740 Thread added: 0x0000021717fc5200
Event: 7.831 Thread 0x0000021717fbef90 Thread added: 0x0000021717fc37c0
Event: 7.831 Thread 0x0000021717fc5200 Thread added: 0x0000021717fc5f20
Event: 7.831 Thread 0x0000021717fc37c0 Thread added: 0x0000021717fc2aa0
Event: 7.831 Thread 0x0000021717fc5f20 Thread added: 0x0000021717fc65b0
Event: 7.831 Thread 0x0000021717fc2aa0 Thread added: 0x0000021717fc3130
Event: 7.831 Thread 0x0000021717fc1d80 Thread added: 0x0000021717fc3e50
Event: 7.832 Thread 0x0000021717fc3130 Thread added: 0x0000021717fc44e0
Event: 7.949 Thread 0x00000216a9adb6f0 Thread added: 0x000002170b9f6a60
Event: 8.563 Thread 0x000002170b9f6a60 Thread added: 0x000002170b9f8c70
Event: 8.644 Thread 0x00000216a9add440 Thread added: 0x000002170b9f85a0
Event: 8.758 Thread 0x0000021702b10dc0 Thread added: 0x000002170b9f5cc0
Event: 8.764 Thread 0x0000021702902670 Thread added: 0x000002170b9f6390


Dynamic libraries:
0x00007ff748dc0000 - 0x00007ff748dce000 	c:\Users\davi4\.windsurf\extensions\redhat.java-1.53.0-win32-x64\jre\21.0.10-win32-x86_64\bin\java.exe
0x00007ff95f320000 - 0x00007ff95f588000 	C:\WINDOWS\SYSTEM32\ntdll.dll
0x00007ff95d0c0000 - 0x00007ff95d189000 	C:\WINDOWS\System32\KERNEL32.DLL
0x00007ff95c8b0000 - 0x00007ff95cca1000 	C:\WINDOWS\System32\KERNELBASE.dll
0x00007ff95c760000 - 0x00007ff95c8ab000 	C:\WINDOWS\System32\ucrtbase.dll
0x00007ff8fe670000 - 0x00007ff8fe688000 	c:\Users\davi4\.windsurf\extensions\redhat.java-1.53.0-win32-x64\jre\21.0.10-win32-x86_64\bin\jli.dll
0x00007ff92fc20000 - 0x00007ff92fc3e000 	c:\Users\davi4\.windsurf\extensions\redhat.java-1.53.0-win32-x64\jre\21.0.10-win32-x86_64\bin\VCRUNTIME140.dll
0x00007ff95f110000 - 0x00007ff95f2d6000 	C:\WINDOWS\System32\USER32.dll
0x00007ff95ad00000 - 0x00007ff95af93000 	C:\WINDOWS\WinSxS\amd64_microsoft.windows.common-controls_6595b64144ccf1df_6.0.26100.7824_none_3e0870b2e3345462\COMCTL32.dll
0x00007ff95bc00000 - 0x00007ff95bc27000 	C:\WINDOWS\System32\win32u.dll
0x00007ff95eee0000 - 0x00007ff95ef89000 	C:\WINDOWS\System32\msvcrt.dll
0x00007ff95e9c0000 - 0x00007ff95e9eb000 	C:\WINDOWS\System32\GDI32.dll
0x00007ff95cd70000 - 0x00007ff95ce9b000 	C:\WINDOWS\System32\gdi32full.dll
0x00007ff95c6b0000 - 0x00007ff95c753000 	C:\WINDOWS\System32\msvcp_win.dll
0x00007ff95d200000 - 0x00007ff95d231000 	C:\WINDOWS\System32\IMM32.DLL
0x00007ff955a60000 - 0x00007ff955a6c000 	c:\Users\davi4\.windsurf\extensions\redhat.java-1.53.0-win32-x64\jre\21.0.10-win32-x86_64\bin\vcruntime140_1.dll
0x00007ff873df0000 - 0x00007ff873e7d000 	c:\Users\davi4\.windsurf\extensions\redhat.java-1.53.0-win32-x64\jre\21.0.10-win32-x86_64\bin\msvcp140.dll
0x00007ff8569f0000 - 0x00007ff857791000 	c:\Users\davi4\.windsurf\extensions\redhat.java-1.53.0-win32-x64\jre\21.0.10-win32-x86_64\bin\server\jvm.dll
0x00007ff95d700000 - 0x00007ff95d7b4000 	C:\WINDOWS\System32\ADVAPI32.dll
0x00007ff95e7f0000 - 0x00007ff95e896000 	C:\WINDOWS\System32\sechost.dll
0x00007ff95d560000 - 0x00007ff95d678000 	C:\WINDOWS\System32\RPCRT4.dll
0x00007ff95d680000 - 0x00007ff95d6f4000 	C:\WINDOWS\System32\WS2_32.dll
0x00007ff95ba60000 - 0x00007ff95babe000 	C:\WINDOWS\SYSTEM32\POWRPROF.dll
0x00007ff94c900000 - 0x00007ff94c935000 	C:\WINDOWS\SYSTEM32\WINMM.dll
0x00007ff9538e0000 - 0x00007ff9538eb000 	C:\WINDOWS\SYSTEM32\VERSION.dll
0x00007ff95b990000 - 0x00007ff95b9a4000 	C:\WINDOWS\SYSTEM32\UMPDC.dll
0x00007ff95a030000 - 0x00007ff95a04b000 	C:\WINDOWS\SYSTEM32\kernel.appcore.dll
0x00007ff953380000 - 0x00007ff95338a000 	c:\Users\davi4\.windsurf\extensions\redhat.java-1.53.0-win32-x64\jre\21.0.10-win32-x86_64\bin\jimage.dll
0x00007ff95b3b0000 - 0x00007ff95b5f2000 	C:\WINDOWS\SYSTEM32\DBGHELP.DLL
0x00007ff95eaf0000 - 0x00007ff95ee76000 	C:\WINDOWS\System32\combase.dll
0x00007ff95d2c0000 - 0x00007ff95d397000 	C:\WINDOWS\System32\OLEAUT32.dll
0x00007ff95b2a0000 - 0x00007ff95b2db000 	C:\WINDOWS\SYSTEM32\dbgcore.DLL
0x00007ff95d010000 - 0x00007ff95d0b5000 	C:\WINDOWS\System32\bcryptPrimitives.dll
0x00007ff931510000 - 0x00007ff93151f000 	c:\Users\davi4\.windsurf\extensions\redhat.java-1.53.0-win32-x64\jre\21.0.10-win32-x86_64\bin\instrument.dll
0x00007ff8f9dd0000 - 0x00007ff8f9df0000 	c:\Users\davi4\.windsurf\extensions\redhat.java-1.53.0-win32-x64\jre\21.0.10-win32-x86_64\bin\java.dll
0x00007ff95d960000 - 0x00007ff95e0b2000 	C:\WINDOWS\System32\SHELL32.dll
0x00007ff95cea0000 - 0x00007ff95d00a000 	C:\WINDOWS\System32\wintypes.dll
0x00007ff95bdb0000 - 0x00007ff95c613000 	C:\WINDOWS\System32\windows.storage.dll
0x00007ff95ef90000 - 0x00007ff95f086000 	C:\WINDOWS\System32\SHCORE.dll
0x00007ff95d240000 - 0x00007ff95d2a7000 	C:\WINDOWS\System32\shlwapi.dll
0x00007ff95bb20000 - 0x00007ff95bb49000 	C:\WINDOWS\SYSTEM32\profapi.dll
0x00007ff8d4dc0000 - 0x00007ff8d4dd8000 	c:\Users\davi4\.windsurf\extensions\redhat.java-1.53.0-win32-x64\jre\21.0.10-win32-x86_64\bin\zip.dll
0x00007ff92fff0000 - 0x00007ff930000000 	C:\Users\davi4\.windsurf\extensions\redhat.java-1.53.0-win32-x64\jre\21.0.10-win32-x86_64\bin\net.dll
0x00007ff954e90000 - 0x00007ff954fb7000 	C:\WINDOWS\SYSTEM32\WINHTTP.dll
0x00007ff95a540000 - 0x00007ff95a5ab000 	C:\WINDOWS\system32\mswsock.dll
0x00007ff8bc9d0000 - 0x00007ff8bc9e6000 	C:\Users\davi4\.windsurf\extensions\redhat.java-1.53.0-win32-x64\jre\21.0.10-win32-x86_64\bin\nio.dll
0x00007ff92fbc0000 - 0x00007ff92fbd0000 	c:\Users\davi4\.windsurf\extensions\redhat.java-1.53.0-win32-x64\jre\21.0.10-win32-x86_64\bin\verify.dll
0x00007ff8c8e10000 - 0x00007ff8c8e55000 	C:\Users\davi4\AppData\Roaming\Windsurf\User\globalStorage\redhat.java\1.53.0\config_win\org.eclipse.equinox.launcher\org.eclipse.equinox.launcher.win32.win32.x86_64_1.3.0.v20260203-2149\eclipse_11919.dll
0x00007ff95d7c0000 - 0x00007ff95d957000 	C:\WINDOWS\System32\ole32.dll
0x00007ff95b720000 - 0x00007ff95b73b000 	C:\WINDOWS\SYSTEM32\CRYPTSP.dll
0x00007ff95a930000 - 0x00007ff95a969000 	C:\WINDOWS\system32\rsaenh.dll
0x00007ff95a5b0000 - 0x00007ff95a5db000 	C:\WINDOWS\SYSTEM32\USERENV.dll
0x00007ff95baf0000 - 0x00007ff95bb1a000 	C:\WINDOWS\SYSTEM32\bcrypt.dll
0x00007ff95a920000 - 0x00007ff95a92c000 	C:\WINDOWS\SYSTEM32\CRYPTBASE.dll
0x00007ff959a60000 - 0x00007ff959a94000 	C:\WINDOWS\SYSTEM32\IPHLPAPI.DLL
0x00007ff95d2b0000 - 0x00007ff95d2ba000 	C:\WINDOWS\System32\NSI.dll
0x00007ff92a8d0000 - 0x00007ff92a919000 	C:\Users\davi4\AppData\Local\Temp\jna-95358532\jna10590809586434385174.dll
0x00007ff95d550000 - 0x00007ff95d558000 	C:\WINDOWS\System32\PSAPI.DLL
0x00007ff953ee0000 - 0x00007ff953efe000 	C:\WINDOWS\SYSTEM32\dhcpcsvc6.DLL
0x00007ff953d00000 - 0x00007ff953d23000 	C:\WINDOWS\SYSTEM32\dhcpcsvc.DLL

JVMTI agents:
c:\Users\davi4\.windsurf\extensions\redhat.java-1.53.0-win32-x64\lombok\lombok-1.18.39-4050.jar path:c:\Users\davi4\.windsurf\extensions\redhat.java-1.53.0-win32-x64\jre\21.0.10-win32-x86_64\bin\instrument.dll, loaded, initialized, instrumentlib options:none

dbghelp: loaded successfully - version: 4.0.5 - missing functions: none
symbol engine: initialized successfully - sym options: 0x614 - pdb path: .;c:\Users\davi4\.windsurf\extensions\redhat.java-1.53.0-win32-x64\jre\21.0.10-win32-x86_64\bin;C:\WINDOWS\SYSTEM32;C:\WINDOWS\WinSxS\amd64_microsoft.windows.common-controls_6595b64144ccf1df_6.0.26100.7824_none_3e0870b2e3345462;c:\Users\davi4\.windsurf\extensions\redhat.java-1.53.0-win32-x64\jre\21.0.10-win32-x86_64\bin\server;C:\Users\davi4\AppData\Roaming\Windsurf\User\globalStorage\redhat.java\1.53.0\config_win\org.eclipse.equinox.launcher\org.eclipse.equinox.launcher.win32.win32.x86_64_1.3.0.v20260203-2149;C:\Users\davi4\AppData\Local\Temp\jna-95358532

VM Arguments:
jvm_args: --add-modules=ALL-SYSTEM --add-opens=java.base/java.util=ALL-UNNAMED --add-opens=java.base/java.lang=ALL-UNNAMED --add-opens=java.base/sun.nio.fs=ALL-UNNAMED -Declipse.application=org.eclipse.jdt.ls.core.id1 -Dosgi.bundles.defaultStartLevel=4 -Declipse.product=org.eclipse.jdt.ls.core.product -Djava.import.generatesMetadataFilesAtProjectRoot=false -DDetectVMInstallationsJob.disabled=true -Dfile.encoding=utf8 -XX:+UseParallelGC -XX:GCTimeRatio=4 -XX:AdaptiveSizePolicyWeight=90 -Dsun.zip.disableMemoryMapping=true -Xmx2G -Xms100m -Xlog:disable -javaagent:c:\Users\davi4\.windsurf\extensions\redhat.java-1.53.0-win32-x64\lombok\lombok-1.18.39-4050.jar -XX:+HeapDumpOnOutOfMemoryError -XX:HeapDumpPath=c:\Users\davi4\AppData\Roaming\Windsurf\User\workspaceStorage\480e1d6f9199f74cf5298c7c52811d38\redhat.java -Daether.dependencyCollector.impl=bf 
java_command: c:\Users\davi4\.windsurf\extensions\redhat.java-1.53.0-win32-x64\server\plugins\org.eclipse.equinox.launcher_1.7.100.v20251111-0406.jar -configuration c:\Users\davi4\AppData\Roaming\Windsurf\User\globalStorage\redhat.java\1.53.0\config_win -data c:\Users\davi4\AppData\Roaming\Windsurf\User\workspaceStorage\480e1d6f9199f74cf5298c7c52811d38\redhat.java\jdt_ws --pipe=\\.\pipe\lsp-a35e28aa8d23ec9035d02b1f41181e34-sock
java_class_path (initial): c:\Users\davi4\.windsurf\extensions\redhat.java-1.53.0-win32-x64\server\plugins\org.eclipse.equinox.launcher_1.7.100.v20251111-0406.jar
Launcher Type: SUN_STANDARD

[Global flags]
    uintx AdaptiveSizePolicyWeight                 = 90                                        {product} {command line}
     intx CICompilerCount                          = 12                                        {product} {ergonomic}
    uintx GCTimeRatio                              = 4                                         {product} {command line}
     bool HeapDumpOnOutOfMemoryError               = true                                   {manageable} {command line}
    ccstr HeapDumpPath                             = c:\Users\davi4\AppData\Roaming\Windsurf\User\workspaceStorage\480e1d6f9199f74cf5298c7c52811d38\redhat.java         {manageable} {command line}
   size_t InitialHeapSize                          = 104857600                                 {product} {command line}
   size_t MaxHeapSize                              = 2147483648                                {product} {command line}
   size_t MaxNewSize                               = 715653120                                 {product} {ergonomic}
   size_t MinHeapDeltaBytes                        = 524288                                    {product} {ergonomic}
   size_t MinHeapSize                              = 104857600                                 {product} {command line}
   size_t NewSize                                  = 34603008                                  {product} {ergonomic}
    uintx NonNMethodCodeHeapSize                   = 7602480                                {pd product} {ergonomic}
    uintx NonProfiledCodeHeapSize                  = 122027880                              {pd product} {ergonomic}
   size_t OldSize                                  = 70254592                                  {product} {ergonomic}
    uintx ProfiledCodeHeapSize                     = 122027880                              {pd product} {ergonomic}
    uintx ReservedCodeCacheSize                    = 251658240                              {pd product} {ergonomic}
     bool SegmentedCodeCache                       = true                                      {product} {ergonomic}
   size_t SoftMaxHeapSize                          = 2147483648                             {manageable} {ergonomic}
     bool UseCompressedOops                        = true                           {product lp64_product} {ergonomic}
     bool UseLargePagesIndividualAllocation        = false                                  {pd product} {ergonomic}
     bool UseParallelGC                            = true                                      {product} {command line}

Logging:
Log output configuration:
 #0: stdout all=off uptime,level,tags foldmultilines=false
 #1: stderr all=off uptime,level,tags foldmultilines=false

Release file:
JAVA_VERSION="21.0.10" 
MODULES="java.base java.compiler java.datatransfer java.xml java.prefs java.desktop java.instrument java.logging java.management java.security.sasl java.naming java.rmi java.management.rmi java.net.http java.scripting java.security.jgss java.transaction.xa java.sql java.sql.rowset java.xml.crypto java.se java.smartcardio jdk.accessibility jdk.internal.jvmstat jdk.attach jdk.charsets jdk.internal.opt jdk.zipfs jdk.compiler jdk.crypto.ec jdk.crypto.cryptoki jdk.crypto.mscapi jdk.dynalink jdk.internal.ed jdk.editpad jdk.hotspot.agent jdk.httpserver jdk.internal.le jdk.internal.vm.ci jdk.internal.vm.compiler jdk.internal.vm.compiler.management jdk.jartool jdk.javadoc jdk.jcmd jdk.management jdk.management.agent jdk.jconsole jdk.jdeps jdk.jdwp.agent jdk.jdi jdk.jfr jdk.jshell jdk.jsobject jdk.jstatd jdk.localedata jdk.management.jfr jdk.naming.dns jdk.naming.rmi jdk.net jdk.nio.mapmode jdk.random jdk.sctp jdk.security.auth jdk.security.jgss jdk.unsupported jdk.unsupported.desktop jdk.xml.dom" 

Environment Variables:
JAVA_HOME=C:\Program Files\Amazon Corretto\jdk21.0.8_9
PATH=C:\Program Files\Amazon Corretto\jdk21.0.8_9\bin;C:\Program Files\Common Files\Oracle\Java\javapath;C:\Program Files (x86)\Common Files\Oracle\Java\javapath;C:\app\davi4\product\18.0.0\dbhomeXE\bin;C:\WINDOWS\system32;C:\WINDOWS;C:\WINDOWS\System32\Wbem;C:\WINDOWS\System32\WindowsPowerShell\v1.0\;C:\WINDOWS\System32\OpenSSH\;C:\Program Files (x86)\NVIDIA Corporation\PhysX\Common;C:\Program Files\Git\cmd;;C:\Program Files\Docker\Docker\resources\bin;C:\composer;C:\AppServ\php7;C:\Program Files\Java\jdk1.8.0_111\bin;C:\Program Files\nodejs\;C:\Program Files\NVIDIA Corporation\NVIDIA app\NvDLISR;C:\Users\davi4\.console-ninja\.bin;C:\Users\davi4\AppData\Local\Microsoft\WindowsApps;C:\Users\davi4\AppData\Roaming\nvm;C:\Program Files\nodejs;C:\Users\davi4\AppData\Local\Programs\Microsoft VS Code\bin;C:\Users\davi4\AppData\Local\GitHubDesktop\bin;C:\Program Files\JetBrains\IntelliJ IDEA Community Edition 2025.2.2\bin;C:\Users\davi4\AppData\Roaming\Composer\vendor\bin;C:\AppServ\Apache24\bin;C:\AppServ\php7;C:\AppServ\MySQL\bin;C:\Program Files\Java\jdk-17;C:\flutter\bin;C:\Users\davi4\AppData\Roaming\npm;C:\Users\davi4\AppData\Local\Microsoft\WindowsApps;C:\Users\davi4\AppData\Local\Programs\cursor\resources\app\bin;C:\Users\davi4\AppData\Local\Programs\Windsurf\bin
USERNAME=davi4
OS=Windows_NT
PROCESSOR_IDENTIFIER=AMD64 Family 23 Model 113 Stepping 0, AuthenticAMD
TMP=C:\Users\davi4\AppData\Local\Temp
TEMP=C:\Users\davi4\AppData\Local\Temp




Periodic native trim disabled

---------------  S Y S T E M  ---------------

OS:
 Windows 11 , 64 bit Build 26100 (10.0.26100.7705)
OS uptime: 0 days 3:34 hours
Hyper-V role detected

CPU: total 16 (initial active 16) (16 cores per cpu, 2 threads per core) family 23 model 113 stepping 0 microcode 0x8701013, cx8, cmov, fxsr, ht, mmx, 3dnowpref, sse, sse2, sse3, ssse3, sse4a, sse4.1, sse4.2, popcnt, lzcnt, tsc, tscinvbit, avx, avx2, aes, clmul, bmi1, bmi2, adx, sha, fma, vzeroupper, clflush, clflushopt, hv, rdtscp, rdpid, f16c
Processor Information for the first 16 processors :
  Max Mhz: 3593, Current Mhz: 3593, Mhz Limit: 3593

Memory: 4k page, system-wide physical 32719M (1126M free)
TotalPageFile size 89772M (AvailPageFile size 6M)
current process WorkingSet (physical memory assigned to process): 404M, peak: 447M
current process commit charge ("private bytes"): 499M, peak: 538M

vm_info: OpenJDK 64-Bit Server VM (21.0.10+7-LTS) for windows-amd64 JRE (21.0.10+7-LTS), built on 2026-01-20T00:00:00Z by "admin" with MS VC++ 17.12 (VS2022)

END.
