#
# There is insufficient memory for the Java Runtime Environment to continue.
# Native memory allocation (malloc) failed to allocate 1587056 bytes. Error detail: Chunk::new
# Possible reasons:
#   The system is out of physical RAM or swap space
#   This process is running with CompressedOops enabled, and the Java Heap may be blocking the growth of the native heap
# Possible solutions:
#   Reduce memory load on the system
#   Increase physical memory or swap space
#   Check if swap backing store is full
#   Decrease Java heap size (-Xmx/-Xms)
#   Decrease number of Java threads
#   Decrease Java thread stack sizes (-Xss)
#   Set larger code cache with -XX:ReservedCodeCacheSize=
#   JVM is running with Unscaled Compressed Oops mode in which the Java heap is
#     placed in the first 4GB address space. The Java Heap base address is the
#     maximum limit for the native heap growth. Please use -XX:HeapBaseMinAddress
#     to set the Java Heap base and to place the Java Heap above 4GB virtual address.
# This output file may be truncated or incomplete.
#
#  Out of Memory Error (arena.cpp:168), pid=126468, tid=126328
#
# JRE version: OpenJDK Runtime Environment Temurin-21.0.10+7 (21.0.10+7) (build 21.0.10+7-LTS)
# Java VM: OpenJDK 64-Bit Server VM Temurin-21.0.10+7 (21.0.10+7-LTS, mixed mode, sharing, tiered, compressed oops, compressed class ptrs, parallel gc, windows-amd64)
# No core dump will be written. Minidumps are not enabled by default on client versions of Windows
#

---------------  S U M M A R Y ------------

Command Line: --add-modules=ALL-SYSTEM --add-opens=java.base/java.util=ALL-UNNAMED --add-opens=java.base/java.lang=ALL-UNNAMED --add-opens=java.base/sun.nio.fs=ALL-UNNAMED -Declipse.application=org.eclipse.jdt.ls.core.id1 -Dosgi.bundles.defaultStartLevel=4 -Declipse.product=org.eclipse.jdt.ls.core.product -Djava.import.generatesMetadataFilesAtProjectRoot=false -DDetectVMInstallationsJob.disabled=true -Dfile.encoding=utf8 -XX:+UseParallelGC -XX:GCTimeRatio=4 -XX:AdaptiveSizePolicyWeight=90 -Dsun.zip.disableMemoryMapping=true -Xmx2G -Xms100m -Xlog:disable -javaagent:c:\Users\davi4\.windsurf\extensions\redhat.java-1.53.0-win32-x64\lombok\lombok-1.18.39-4050.jar -XX:+HeapDumpOnOutOfMemoryError -XX:HeapDumpPath=c:\Users\davi4\AppData\Roaming\Windsurf\User\workspaceStorage\480e1d6f9199f74cf5298c7c52811d38\redhat.java -Daether.dependencyCollector.impl=bf c:\Users\davi4\.windsurf\extensions\redhat.java-1.53.0-win32-x64\server\plugins\org.eclipse.equinox.launcher_1.7.100.v20251111-0406.jar -configuration c:\Users\davi4\AppData\Roaming\Windsurf\User\globalStorage\redhat.java\1.53.0\config_win -data c:\Users\davi4\AppData\Roaming\Windsurf\User\workspaceStorage\480e1d6f9199f74cf5298c7c52811d38\redhat.java\jdt_ws --pipe=\\.\pipe\lsp-4f08591cfa30e0dfbfd37ddf581a8645-sock

Host: AMD Ryzen 7 3700X 8-Core Processor             , 16 cores, 31G,  Windows 11 , 64 bit Build 26100 (10.0.26100.7705)
Time: Mon Mar  2 22:28:00 2026 SA Pacific Standard Time elapsed time: 6.994960 seconds (0d 0h 0m 6s)

---------------  T H R E A D  ---------------

Current thread (0x00000153874cb270):  JavaThread "C2 CompilerThread0" daemon [_thread_in_native, id=126328, stack(0x0000004aa1800000,0x0000004aa1900000) (1024K)]


Current CompileTask:
C2:6995 5747       4       org.eclipse.osgi.internal.loader.BundleLoader::addExportedProvidersFor (167 bytes)

Stack: [0x0000004aa1800000,0x0000004aa1900000]
Native frames: (J=compiled Java code, j=interpreted, Vv=VM code, C=native code)
V  [jvm.dll+0x6d7a39]
V  [jvm.dll+0x8b4b26]
V  [jvm.dll+0x8b70de]
V  [jvm.dll+0x8b77c3]
V  [jvm.dll+0x284346]
V  [jvm.dll+0xc66ed]
V  [jvm.dll+0xc6c31]
V  [jvm.dll+0x3bec01]
V  [jvm.dll+0x38b162]
V  [jvm.dll+0x38a5aa]
V  [jvm.dll+0x24c560]
V  [jvm.dll+0x24bb40]
V  [jvm.dll+0x1cb34e]
V  [jvm.dll+0x25b85d]
V  [jvm.dll+0x259dea]
V  [jvm.dll+0x3f857e]
V  [jvm.dll+0x85f59d]
V  [jvm.dll+0x6d626d]
C  [ucrtbase.dll+0x37b0]
C  [KERNEL32.DLL+0x2e8d7]
C  [ntdll.dll+0x8c40c]


---------------  P R O C E S S  ---------------

Threads class SMR info:
_java_thread_list=0x000001538e4b39c0, length=51, elements={
0x000001532e4d8d80, 0x00000153874a83a0, 0x000001532e48e240, 0x00000153874abba0,
0x00000153874b1370, 0x00000153874b2ee0, 0x00000153874b9870, 0x00000153874cb270,
0x00000153874cc500, 0x00000153875cfed0, 0x00000153875f0740, 0x00000153877281b0,
0x00000153878214f0, 0x000001538d031b80, 0x000001538d916800, 0x000001538dcd46c0,
0x000001538da76e80, 0x000001538da746a0, 0x000001538d720520, 0x000001538dbb4a90,
0x000001538de6c6d0, 0x000001538df02010, 0x000001538e043640, 0x000001538e042290,
0x000001538e041c00, 0x000001538e040ee0, 0x000001538e041570, 0x000001538f883ae0,
0x000001538eb5d840, 0x000001538dd23ff0, 0x000001538f882dc0, 0x000001538f880660,
0x000001538f883450, 0x000001538f884170, 0x000001538f881a10, 0x000001538f880cf0,
0x000001538f884800, 0x000001538f881380, 0x000001538f884e90, 0x000001538f885bb0,
0x000001538f885520, 0x000001538f882730, 0x000001538f886240, 0x000001538f8875f0,
0x000001538f8868d0, 0x000001538f886f60, 0x000001538f887c80, 0x000001538ec6f940,
0x000001538ec6ffd0, 0x000001538ec70660, 0x000001538ec70cf0
}

Java Threads: ( => current thread )
  0x000001532e4d8d80 JavaThread "main"                              [_thread_in_native, id=131948, stack(0x0000004aa0e00000,0x0000004aa0f00000) (1024K)]
  0x00000153874a83a0 JavaThread "Reference Handler"          daemon [_thread_blocked, id=134888, stack(0x0000004aa1200000,0x0000004aa1300000) (1024K)]
  0x000001532e48e240 JavaThread "Finalizer"                  daemon [_thread_blocked, id=135648, stack(0x0000004aa1300000,0x0000004aa1400000) (1024K)]
  0x00000153874abba0 JavaThread "Signal Dispatcher"          daemon [_thread_blocked, id=135656, stack(0x0000004aa1400000,0x0000004aa1500000) (1024K)]
  0x00000153874b1370 JavaThread "Attach Listener"            daemon [_thread_blocked, id=134604, stack(0x0000004aa1500000,0x0000004aa1600000) (1024K)]
  0x00000153874b2ee0 JavaThread "Service Thread"             daemon [_thread_blocked, id=123492, stack(0x0000004aa1600000,0x0000004aa1700000) (1024K)]
  0x00000153874b9870 JavaThread "Monitor Deflation Thread"   daemon [_thread_blocked, id=133644, stack(0x0000004aa1700000,0x0000004aa1800000) (1024K)]
=>0x00000153874cb270 JavaThread "C2 CompilerThread0"         daemon [_thread_in_native, id=126328, stack(0x0000004aa1800000,0x0000004aa1900000) (1024K)]
  0x00000153874cc500 JavaThread "C1 CompilerThread0"         daemon [_thread_blocked, id=132120, stack(0x0000004aa1900000,0x0000004aa1a00000) (1024K)]
  0x00000153875cfed0 JavaThread "C1 CompilerThread1"         daemon [_thread_in_native, id=135544, stack(0x0000004aa1a00000,0x0000004aa1b00000) (1024K)]
  0x00000153875f0740 JavaThread "C1 CompilerThread2"         daemon [_thread_in_native, id=135628, stack(0x0000004aa1b00000,0x0000004aa1c00000) (1024K)]
  0x00000153877281b0 JavaThread "Common-Cleaner"             daemon [_thread_blocked, id=133288, stack(0x0000004aa1d00000,0x0000004aa1e00000) (1024K)]
  0x00000153878214f0 JavaThread "C1 CompilerThread3"         daemon [_thread_blocked, id=130252, stack(0x0000004aa1e00000,0x0000004aa1f00000) (1024K)]
  0x000001538d031b80 JavaThread "Notification Thread"        daemon [_thread_blocked, id=130768, stack(0x0000004aa1f00000,0x0000004aa2000000) (1024K)]
  0x000001538d916800 JavaThread "Active Thread: Equinox Container: e53311fa-a171-4f43-bcc4-d26702496d7e"        [_thread_blocked, id=108724, stack(0x0000004aa2800000,0x0000004aa2900000) (1024K)]
  0x000001538dcd46c0 JavaThread "Refresh Thread: Equinox Container: e53311fa-a171-4f43-bcc4-d26702496d7e" daemon [_thread_blocked, id=131432, stack(0x0000004aa2a00000,0x0000004aa2b00000) (1024K)]
  0x000001538da76e80 JavaThread "Framework Event Dispatcher: Equinox Container: e53311fa-a171-4f43-bcc4-d26702496d7e" daemon [_thread_blocked, id=135176, stack(0x0000004aa2b00000,0x0000004aa2c00000) (1024K)]
  0x000001538da746a0 JavaThread "Start Level: Equinox Container: e53311fa-a171-4f43-bcc4-d26702496d7e" daemon [_thread_blocked, id=135532, stack(0x0000004aa2c00000,0x0000004aa2d00000) (1024K)]
  0x000001538d720520 JavaThread "Bundle File Closer"         daemon [_thread_blocked, id=132900, stack(0x0000004aa3000000,0x0000004aa3100000) (1024K)]
  0x000001538dbb4a90 JavaThread "SCR Component Actor"        daemon [_thread_blocked, id=130712, stack(0x0000004aa1c00000,0x0000004aa1d00000) (1024K)]
  0x000001538de6c6d0 JavaThread "C2 CompilerThread1"         daemon [_thread_in_native, id=124612, stack(0x0000004aa2000000,0x0000004aa2100000) (1024K)]
  0x000001538df02010 JavaThread "C2 CompilerThread2"         daemon [_thread_in_native, id=135712, stack(0x0000004aa2700000,0x0000004aa2800000) (1024K)]
  0x000001538e043640 JavaThread "Worker-JM"                         [_thread_blocked, id=135192, stack(0x0000004aa3300000,0x0000004aa3400000) (1024K)]
  0x000001538e042290 JavaThread "JNA Cleaner"                daemon [_thread_blocked, id=130444, stack(0x0000004aa3400000,0x0000004aa3500000) (1024K)]
  0x000001538e041c00 JavaThread "Worker-0: Repository registry initialization"        [_thread_in_native, id=135188, stack(0x0000004aa3500000,0x0000004aa3600000) (1024K)]
  0x000001538e040ee0 JavaThread "Worker-1: Initialize After Load"        [_thread_in_native, id=135180, stack(0x0000004aa3600000,0x0000004aa3700000) (1024K)]
  0x000001538e041570 JavaThread "Worker-2: Building"                [_thread_in_Java, id=134656, stack(0x0000004aa3700000,0x0000004aa3800000) (1024K)]
  0x000001538f883ae0 JavaThread "Java indexing"              daemon [_thread_blocked, id=136088, stack(0x0000004aa3800000,0x0000004aa3900000) (1024K)]
  0x000001538eb5d840 JavaThread "C2 CompilerThread3"         daemon [_thread_in_native, id=130744, stack(0x0000004aa3900000,0x0000004aa3a00000) (1024K)]
  0x000001538dd23ff0 JavaThread "C2 CompilerThread4"         daemon [_thread_in_native, id=133348, stack(0x0000004aa3a00000,0x0000004aa3b00000) (1024K)]
  0x000001538f882dc0 JavaThread "Worker-3"                          [_thread_blocked, id=19144, stack(0x0000004aa3d00000,0x0000004aa3e00000) (1024K)]
  0x000001538f880660 JavaThread "Worker-4"                          [_thread_blocked, id=129456, stack(0x0000004aa3e00000,0x0000004aa3f00000) (1024K)]
  0x000001538f883450 JavaThread "Worker-5"                          [_thread_blocked, id=127720, stack(0x0000004aa3f00000,0x0000004aa4000000) (1024K)]
  0x000001538f884170 JavaThread "Thread-1"                   daemon [_thread_in_native, id=130540, stack(0x0000004aa4000000,0x0000004aa4100000) (1024K)]
  0x000001538f881a10 JavaThread "Thread-2"                   daemon [_thread_in_native, id=135540, stack(0x0000004aa4100000,0x0000004aa4200000) (1024K)]
  0x000001538f880cf0 JavaThread "Thread-3"                   daemon [_thread_in_native, id=135632, stack(0x0000004aa4200000,0x0000004aa4300000) (1024K)]
  0x000001538f884800 JavaThread "Thread-4"                   daemon [_thread_in_native, id=135536, stack(0x0000004aa4300000,0x0000004aa4400000) (1024K)]
  0x000001538f881380 JavaThread "Thread-5"                   daemon [_thread_in_native, id=134556, stack(0x0000004aa4400000,0x0000004aa4500000) (1024K)]
  0x000001538f884e90 JavaThread "Thread-6"                   daemon [_thread_in_native, id=134820, stack(0x0000004aa4500000,0x0000004aa4600000) (1024K)]
  0x000001538f885bb0 JavaThread "Thread-7"                   daemon [_thread_in_native, id=136080, stack(0x0000004aa4600000,0x0000004aa4700000) (1024K)]
  0x000001538f885520 JavaThread "Thread-8"                   daemon [_thread_in_native, id=136072, stack(0x0000004aa4700000,0x0000004aa4800000) (1024K)]
  0x000001538f882730 JavaThread "Thread-9"                   daemon [_thread_in_native, id=134344, stack(0x0000004aa4800000,0x0000004aa4900000) (1024K)]
  0x000001538f886240 JavaThread "Thread-10"                  daemon [_thread_in_native, id=123004, stack(0x0000004aa4900000,0x0000004aa4a00000) (1024K)]
  0x000001538f8875f0 JavaThread "Thread-11"                  daemon [_thread_in_native, id=131396, stack(0x0000004aa4a00000,0x0000004aa4b00000) (1024K)]
  0x000001538f8868d0 JavaThread "Thread-12"                  daemon [_thread_in_native, id=102440, stack(0x0000004aa4b00000,0x0000004aa4c00000) (1024K)]
  0x000001538f886f60 JavaThread "Thread-13"                  daemon [_thread_in_native, id=131300, stack(0x0000004aa4c00000,0x0000004aa4d00000) (1024K)]
  0x000001538f887c80 JavaThread "Thread-14"                  daemon [_thread_in_native, id=131840, stack(0x0000004aa4d00000,0x0000004aa4e00000) (1024K)]
  0x000001538ec6f940 JavaThread "Thread-15"                  daemon [_thread_in_native, id=136048, stack(0x0000004aa4e00000,0x0000004aa4f00000) (1024K)]
  0x000001538ec6ffd0 JavaThread "Thread-16"                  daemon [_thread_in_native, id=130500, stack(0x0000004aa4f00000,0x0000004aa5000000) (1024K)]
  0x000001538ec70660 JavaThread "Thread-17"                  daemon [_thread_in_native, id=129704, stack(0x0000004aa5000000,0x0000004aa5100000) (1024K)]
  0x000001538ec70cf0 JavaThread "pool-2-thread-1"                   [_thread_blocked, id=135132, stack(0x0000004aa5100000,0x0000004aa5200000) (1024K)]
Total: 51

Other Threads:
  0x000001532e474c20 VMThread "VM Thread"                           [id=135612, stack(0x0000004aa1100000,0x0000004aa1200000) (1024K)]
  0x000001532e36cb30 WatcherThread "VM Periodic Task Thread"        [id=131572, stack(0x0000004aa1000000,0x0000004aa1100000) (1024K)]
  0x000001532e4f7050 WorkerThread "GC Thread#0"                     [id=134808, stack(0x0000004aa0f00000,0x0000004aa1000000) (1024K)]
  0x000001538d6daa40 WorkerThread "GC Thread#1"                     [id=135940, stack(0x0000004aa2100000,0x0000004aa2200000) (1024K)]
  0x000001538d6dadf0 WorkerThread "GC Thread#2"                     [id=135936, stack(0x0000004aa2200000,0x0000004aa2300000) (1024K)]
  0x000001538d6db1a0 WorkerThread "GC Thread#3"                     [id=134772, stack(0x0000004aa2300000,0x0000004aa2400000) (1024K)]
  0x000001538d6db550 WorkerThread "GC Thread#4"                     [id=135300, stack(0x0000004aa2400000,0x0000004aa2500000) (1024K)]
  0x000001538d6db900 WorkerThread "GC Thread#5"                     [id=134824, stack(0x0000004aa2500000,0x0000004aa2600000) (1024K)]
  0x000001538d98bc90 WorkerThread "GC Thread#6"                     [id=135304, stack(0x0000004aa2600000,0x0000004aa2700000) (1024K)]
  0x000001538d8fe0f0 WorkerThread "GC Thread#7"                     [id=136116, stack(0x0000004aa2900000,0x0000004aa2a00000) (1024K)]
  0x000001538d716420 WorkerThread "GC Thread#8"                     [id=135392, stack(0x0000004aa2d00000,0x0000004aa2e00000) (1024K)]
  0x000001538d88c700 WorkerThread "GC Thread#9"                     [id=132000, stack(0x0000004aa2e00000,0x0000004aa2f00000) (1024K)]
  0x000001538db05c90 WorkerThread "GC Thread#10"                    [id=135896, stack(0x0000004aa2f00000,0x0000004aa3000000) (1024K)]
  0x000001538e044810 WorkerThread "GC Thread#11"                    [id=132576, stack(0x0000004aa3100000,0x0000004aa3200000) (1024K)]
  0x000001538df47350 WorkerThread "GC Thread#12"                    [id=135360, stack(0x0000004aa3200000,0x0000004aa3300000) (1024K)]
Total: 15

Threads with active compile tasks:
C2 CompilerThread0  10043 5747       4       org.eclipse.osgi.internal.loader.BundleLoader::addExportedProvidersFor (167 bytes)
C2 CompilerThread1  10043 6377       4       sun.nio.cs.StreamDecoder::lockedRead (189 bytes)
C2 CompilerThread2  10043 6600       4       org.eclipse.jdt.internal.core.util.WeakHashSet::addValue (99 bytes)
C2 CompilerThread3  10043 6378   !   4       sun.nio.cs.StreamDecoder::read (78 bytes)
C2 CompilerThread4  10043 5683   !   4       org.eclipse.osgi.internal.loader.classpath.ClasspathManager::findClassImpl (328 bytes)
Total: 5

VM state: not at safepoint (normal execution)

VM Mutex/Monitor currently owned by a thread: None

Heap address: 0x0000000080000000, size: 2048 MB, Compressed Oops mode: 32-bit

CDS archive(s) mapped at: [0x0000015345000000-0x0000015345ba0000-0x0000015345ba0000), size 12189696, SharedBaseAddress: 0x0000015345000000, ArchiveRelocationMode: 1.
Compressed class space mapped at: 0x0000015346000000-0x0000015386000000, reserved size: 1073741824
Narrow klass base: 0x0000015345000000, Narrow klass shift: 0, Narrow klass range: 0x100000000

GC Precious Log:
 CardTable entry size: 512
 CPUs: 16 total, 16 available
 Memory: 32719M
 Large Page Support: Disabled
 NUMA Support: Disabled
 Compressed Oops: Enabled (32-bit)
 Alignments: Space 512K, Generation 512K, Heap 2M
 Heap Min Capacity: 100M
 Heap Initial Capacity: 100M
 Heap Max Capacity: 2G
 Pre-touch: Disabled
 Parallel Workers: 13

Heap:
 PSYoungGen      total 24576K, used 19279K [0x00000000d5580000, 0x00000000d7000000, 0x0000000100000000)
  eden space 22016K, 77% used [0x00000000d5580000,0x00000000d6623c78,0x00000000d6b00000)
  from space 2560K, 87% used [0x00000000d6d80000,0x00000000d6fb0010,0x00000000d7000000)
  to   space 2560K, 0% used [0x00000000d6b00000,0x00000000d6b00000,0x00000000d6d80000)
 ParOldGen       total 68608K, used 32204K [0x0000000080000000, 0x0000000084300000, 0x00000000d5580000)
  object space 68608K, 46% used [0x0000000080000000,0x0000000081f73070,0x0000000084300000)
 Metaspace       used 39758K, committed 40960K, reserved 1114112K
  class space    used 4102K, committed 4608K, reserved 1048576K

Card table byte_map: [0x000001532de80000,0x000001532e290000] _byte_map_base: 0x000001532da80000

Marking Bits: (ParMarkBitMap*) 0x00007ff8576b3450
 Begin Bits: [0x0000015340990000, 0x0000015342990000)
 End Bits:   [0x0000015342990000, 0x0000015344990000)

Polling page: 0x000001532c310000

Metaspace:

Usage:
  Non-class:     34.82 MB used.
      Class:      4.01 MB used.
       Both:     38.83 MB used.

Virtual space:
  Non-class space:       64.00 MB reserved,      35.50 MB ( 55%) committed,  1 nodes.
      Class space:        1.00 GB reserved,       4.50 MB ( <1%) committed,  1 nodes.
             Both:        1.06 GB reserved,      40.00 MB (  4%) committed. 

Chunk freelists:
   Non-Class:  12.32 MB
       Class:  11.50 MB
        Both:  23.82 MB

MaxMetaspaceSize: unlimited
CompressedClassSpaceSize: 1.00 GB
Initial GC threshold: 21.00 MB
Current GC threshold: 58.38 MB
CDS: on
 - commit_granule_bytes: 65536.
 - commit_granule_words: 8192.
 - virtual_space_node_default_size: 8388608.
 - enlarge_chunks_in_place: 1.
 - use_allocation_guard: 0.


Internal statistics:

num_allocs_failed_limit: 6.
num_arena_births: 924.
num_arena_deaths: 14.
num_vsnodes_births: 2.
num_vsnodes_deaths: 0.
num_space_committed: 640.
num_space_uncommitted: 0.
num_chunks_returned_to_freelist: 20.
num_chunks_taken_from_freelist: 2787.
num_chunk_merges: 12.
num_chunk_splits: 1680.
num_chunks_enlarged: 901.
num_inconsistent_stats: 0.

CodeHeap 'non-profiled nmethods': size=119168Kb used=2638Kb max_used=2664Kb free=116529Kb
 bounds [0x0000015339280000, 0x0000015339540000, 0x00000153406e0000]
CodeHeap 'profiled nmethods': size=119104Kb used=12821Kb max_used=12849Kb free=106282Kb
 bounds [0x00000153316e0000, 0x0000015332370000, 0x0000015338b30000]
CodeHeap 'non-nmethods': size=7488Kb used=3055Kb max_used=3114Kb free=4432Kb
 bounds [0x0000015338b30000, 0x0000015338e50000, 0x0000015339280000]
CodeCache: size=245760Kb, used=18514Kb, max_used=18627Kb, free=227243Kb
 total_blobs=6675, nmethods=6012, adapters=566, full_count=0
Compilation: enabled, stopped_count=0, restarted_count=0

Compilation events (20 events):
Event: 5.981 Thread 0x00000153875f0740 nmethod 6639 0x000001533186e490 code [0x000001533186e660, 0x000001533186e968]
Event: 5.982 Thread 0x00000153874cc500 6640       2       org.eclipse.osgi.internal.loader.sources.NullPackageSource::<init> (6 bytes)
Event: 5.982 Thread 0x00000153875cfed0 nmethod 6637 0x000001533186cf90 code [0x000001533186d2a0, 0x000001533186dcf0]
Event: 5.982 Thread 0x00000153874cc500 nmethod 6640 0x000001533186cb90 code [0x000001533186cd40, 0x000001533186ce88]
Event: 5.984 Thread 0x00000153875cfed0 6642       1       org.eclipse.jdt.internal.core.PackageFragment::getElementType (2 bytes)
Event: 5.984 Thread 0x00000153875cfed0 nmethod 6642 0x00000153393ab590 code [0x00000153393ab720, 0x00000153393ab7e8]
Event: 5.985 Thread 0x00000153875f0740 6643       2       org.eclipse.jdt.internal.compiler.classfmt.ModuleInfo$PackageExportInfo::<init> (10 bytes)
Event: 5.985 Thread 0x00000153875f0740 nmethod 6643 0x000001533186c810 code [0x000001533186c9a0, 0x000001533186cac0]
Event: 5.987 Thread 0x00000153878214f0 6644 %     3       org.eclipse.jdt.internal.core.index.DiskIndex::readStreamChars @ 130 (529 bytes)
Event: 5.988 Thread 0x00000153875f0740 6645       2       java.io.File::length (33 bytes)
Event: 5.988 Thread 0x00000153874cc500 6646   !   2       java.io.WinNTFileSystem::getLength (27 bytes)
Event: 5.989 Thread 0x00000153875f0740 nmethod 6645 0x000001533186c410 code [0x000001533186c5c0, 0x000001533186c758]
Event: 5.989 Thread 0x00000153874cc500 nmethod 6646 0x000001533186bf10 code [0x000001533186c0e0, 0x000001533186c2a8]
Event: 5.989 Thread 0x00000153878214f0 nmethod 6644% 0x000001533186a490 code [0x000001533186a740, 0x000001533186b810]
Event: 5.996 Thread 0x00000153874cc500 6652       2       org.eclipse.jdt.internal.compiler.util.SimpleLookupTable::keyForValue (54 bytes)
Event: 5.996 Thread 0x00000153874cc500 nmethod 6652 0x0000015331aaa190 code [0x0000015331aaa360, 0x0000015331aaa628]
Event: 5.999 Thread 0x00000153878214f0 6653       3       java.util.Arrays::equals (43 bytes)
Event: 6.002 Thread 0x00000153874cc500 6654   !   3       org.eclipse.jdt.internal.core.util.DeduplicationUtil::intern (149 bytes)
Event: 6.004 Thread 0x00000153875cfed0 6656       2       java.lang.invoke.LambdaForm$MH/0x000001534601f400::invoke (46 bytes)
Event: 6.004 Thread 0x00000153875f0740 6655       2       java.lang.invoke.LambdaForm$MH/0x000001534601fc00::invoke (110 bytes)

GC Heap History (20 events):
Event: 4.538 GC heap after
{Heap after GC invocations=14 (full 1):
 PSYoungGen      total 23552K, used 1368K [0x00000000d5580000, 0x00000000d6f80000, 0x0000000100000000)
  eden space 22016K, 0% used [0x00000000d5580000,0x00000000d5580000,0x00000000d6b00000)
  from space 1536K, 89% used [0x00000000d6b00000,0x00000000d6c563d0,0x00000000d6c80000)
  to   space 2048K, 0% used [0x00000000d6d80000,0x00000000d6d80000,0x00000000d6f80000)
 ParOldGen       total 68608K, used 17405K [0x0000000080000000, 0x0000000084300000, 0x00000000d5580000)
  object space 68608K, 25% used [0x0000000080000000,0x00000000810ff7c0,0x0000000084300000)
 Metaspace       used 29530K, committed 30464K, reserved 1114112K
  class space    used 2840K, committed 3200K, reserved 1048576K
}
Event: 4.794 GC heap before
{Heap before GC invocations=15 (full 1):
 PSYoungGen      total 23552K, used 23379K [0x00000000d5580000, 0x00000000d6f80000, 0x0000000100000000)
  eden space 22016K, 99% used [0x00000000d5580000,0x00000000d6afe888,0x00000000d6b00000)
  from space 1536K, 89% used [0x00000000d6b00000,0x00000000d6c563d0,0x00000000d6c80000)
  to   space 2048K, 0% used [0x00000000d6d80000,0x00000000d6d80000,0x00000000d6f80000)
 ParOldGen       total 68608K, used 17405K [0x0000000080000000, 0x0000000084300000, 0x00000000d5580000)
  object space 68608K, 25% used [0x0000000080000000,0x00000000810ff7c0,0x0000000084300000)
 Metaspace       used 32316K, committed 33408K, reserved 1114112K
  class space    used 3179K, committed 3648K, reserved 1048576K
}
Event: 4.797 GC heap after
{Heap after GC invocations=15 (full 1):
 PSYoungGen      total 24064K, used 1692K [0x00000000d5580000, 0x00000000d6f80000, 0x0000000100000000)
  eden space 22016K, 0% used [0x00000000d5580000,0x00000000d5580000,0x00000000d6b00000)
  from space 2048K, 82% used [0x00000000d6d80000,0x00000000d6f27190,0x00000000d6f80000)
  to   space 2048K, 0% used [0x00000000d6b80000,0x00000000d6b80000,0x00000000d6d80000)
 ParOldGen       total 68608K, used 18546K [0x0000000080000000, 0x0000000084300000, 0x00000000d5580000)
  object space 68608K, 27% used [0x0000000080000000,0x000000008121c8c0,0x0000000084300000)
 Metaspace       used 32316K, committed 33408K, reserved 1114112K
  class space    used 3179K, committed 3648K, reserved 1048576K
}
Event: 4.952 GC heap before
{Heap before GC invocations=16 (full 1):
 PSYoungGen      total 24064K, used 23467K [0x00000000d5580000, 0x00000000d6f80000, 0x0000000100000000)
  eden space 22016K, 98% used [0x00000000d5580000,0x00000000d6ac3ba0,0x00000000d6b00000)
  from space 2048K, 82% used [0x00000000d6d80000,0x00000000d6f27190,0x00000000d6f80000)
  to   space 2048K, 0% used [0x00000000d6b80000,0x00000000d6b80000,0x00000000d6d80000)
 ParOldGen       total 68608K, used 18546K [0x0000000080000000, 0x0000000084300000, 0x00000000d5580000)
  object space 68608K, 27% used [0x0000000080000000,0x000000008121c8c0,0x0000000084300000)
 Metaspace       used 34687K, committed 35840K, reserved 1114112K
  class space    used 3475K, committed 3968K, reserved 1048576K
}
Event: 4.955 GC heap after
{Heap after GC invocations=16 (full 1):
 PSYoungGen      total 24064K, used 1728K [0x00000000d5580000, 0x00000000d6f00000, 0x0000000100000000)
  eden space 22016K, 0% used [0x00000000d5580000,0x00000000d5580000,0x00000000d6b00000)
  from space 2048K, 84% used [0x00000000d6b80000,0x00000000d6d30078,0x00000000d6d80000)
  to   space 1536K, 0% used [0x00000000d6d80000,0x00000000d6d80000,0x00000000d6f00000)
 ParOldGen       total 68608K, used 19963K [0x0000000080000000, 0x0000000084300000, 0x00000000d5580000)
  object space 68608K, 29% used [0x0000000080000000,0x000000008137eeb0,0x0000000084300000)
 Metaspace       used 34687K, committed 35840K, reserved 1114112K
  class space    used 3475K, committed 3968K, reserved 1048576K
}
Event: 4.955 GC heap before
{Heap before GC invocations=17 (full 2):
 PSYoungGen      total 24064K, used 1728K [0x00000000d5580000, 0x00000000d6f00000, 0x0000000100000000)
  eden space 22016K, 0% used [0x00000000d5580000,0x00000000d5580000,0x00000000d6b00000)
  from space 2048K, 84% used [0x00000000d6b80000,0x00000000d6d30078,0x00000000d6d80000)
  to   space 1536K, 0% used [0x00000000d6d80000,0x00000000d6d80000,0x00000000d6f00000)
 ParOldGen       total 68608K, used 19963K [0x0000000080000000, 0x0000000084300000, 0x00000000d5580000)
  object space 68608K, 29% used [0x0000000080000000,0x000000008137eeb0,0x0000000084300000)
 Metaspace       used 34687K, committed 35840K, reserved 1114112K
  class space    used 3475K, committed 3968K, reserved 1048576K
}
Event: 4.999 GC heap after
{Heap after GC invocations=17 (full 2):
 PSYoungGen      total 24064K, used 0K [0x00000000d5580000, 0x00000000d6f00000, 0x0000000100000000)
  eden space 22016K, 0% used [0x00000000d5580000,0x00000000d5580000,0x00000000d6b00000)
  from space 2048K, 0% used [0x00000000d6b80000,0x00000000d6b80000,0x00000000d6d80000)
  to   space 1536K, 0% used [0x00000000d6d80000,0x00000000d6d80000,0x00000000d6f00000)
 ParOldGen       total 68608K, used 20374K [0x0000000080000000, 0x0000000084300000, 0x00000000d5580000)
  object space 68608K, 29% used [0x0000000080000000,0x00000000813e5bc0,0x0000000084300000)
 Metaspace       used 34687K, committed 35840K, reserved 1114112K
  class space    used 3475K, committed 3968K, reserved 1048576K
}
Event: 5.376 GC heap before
{Heap before GC invocations=18 (full 2):
 PSYoungGen      total 24064K, used 22016K [0x00000000d5580000, 0x00000000d6f00000, 0x0000000100000000)
  eden space 22016K, 100% used [0x00000000d5580000,0x00000000d6b00000,0x00000000d6b00000)
  from space 2048K, 0% used [0x00000000d6b80000,0x00000000d6b80000,0x00000000d6d80000)
  to   space 1536K, 0% used [0x00000000d6d80000,0x00000000d6d80000,0x00000000d6f00000)
 ParOldGen       total 68608K, used 20374K [0x0000000080000000, 0x0000000084300000, 0x00000000d5580000)
  object space 68608K, 29% used [0x0000000080000000,0x00000000813e5bc0,0x0000000084300000)
 Metaspace       used 37214K, committed 38336K, reserved 1114112K
  class space    used 3778K, committed 4288K, reserved 1048576K
}
Event: 5.379 GC heap after
{Heap after GC invocations=18 (full 2):
 PSYoungGen      total 23552K, used 1529K [0x00000000d5580000, 0x00000000d7000000, 0x0000000100000000)
  eden space 22016K, 0% used [0x00000000d5580000,0x00000000d5580000,0x00000000d6b00000)
  from space 1536K, 99% used [0x00000000d6d80000,0x00000000d6efe470,0x00000000d6f00000)
  to   space 2560K, 0% used [0x00000000d6b00000,0x00000000d6b00000,0x00000000d6d80000)
 ParOldGen       total 68608K, used 20918K [0x0000000080000000, 0x0000000084300000, 0x00000000d5580000)
  object space 68608K, 30% used [0x0000000080000000,0x000000008146dbd0,0x0000000084300000)
 Metaspace       used 37214K, committed 38336K, reserved 1114112K
  class space    used 3778K, committed 4288K, reserved 1048576K
}
Event: 5.574 GC heap before
{Heap before GC invocations=19 (full 2):
 PSYoungGen      total 23552K, used 23545K [0x00000000d5580000, 0x00000000d7000000, 0x0000000100000000)
  eden space 22016K, 100% used [0x00000000d5580000,0x00000000d6b00000,0x00000000d6b00000)
  from space 1536K, 99% used [0x00000000d6d80000,0x00000000d6efe470,0x00000000d6f00000)
  to   space 2560K, 0% used [0x00000000d6b00000,0x00000000d6b00000,0x00000000d6d80000)
 ParOldGen       total 68608K, used 20918K [0x0000000080000000, 0x0000000084300000, 0x00000000d5580000)
  object space 68608K, 30% used [0x0000000080000000,0x000000008146dbd0,0x0000000084300000)
 Metaspace       used 38059K, committed 39296K, reserved 1114112K
  class space    used 3863K, committed 4416K, reserved 1048576K
}
Event: 5.578 GC heap after
{Heap after GC invocations=19 (full 2):
 PSYoungGen      total 24576K, used 2336K [0x00000000d5580000, 0x00000000d7000000, 0x0000000100000000)
  eden space 22016K, 0% used [0x00000000d5580000,0x00000000d5580000,0x00000000d6b00000)
  from space 2560K, 91% used [0x00000000d6b00000,0x00000000d6d48030,0x00000000d6d80000)
  to   space 2560K, 0% used [0x00000000d6d80000,0x00000000d6d80000,0x00000000d7000000)
 ParOldGen       total 68608K, used 22403K [0x0000000080000000, 0x0000000084300000, 0x00000000d5580000)
  object space 68608K, 32% used [0x0000000080000000,0x00000000815e0da0,0x0000000084300000)
 Metaspace       used 38059K, committed 39296K, reserved 1114112K
  class space    used 3863K, committed 4416K, reserved 1048576K
}
Event: 5.654 GC heap before
{Heap before GC invocations=20 (full 2):
 PSYoungGen      total 24576K, used 24352K [0x00000000d5580000, 0x00000000d7000000, 0x0000000100000000)
  eden space 22016K, 100% used [0x00000000d5580000,0x00000000d6b00000,0x00000000d6b00000)
  from space 2560K, 91% used [0x00000000d6b00000,0x00000000d6d48030,0x00000000d6d80000)
  to   space 2560K, 0% used [0x00000000d6d80000,0x00000000d6d80000,0x00000000d7000000)
 ParOldGen       total 68608K, used 22403K [0x0000000080000000, 0x0000000084300000, 0x00000000d5580000)
  object space 68608K, 32% used [0x0000000080000000,0x00000000815e0da0,0x0000000084300000)
 Metaspace       used 38330K, committed 39488K, reserved 1114112K
  class space    used 3901K, committed 4416K, reserved 1048576K
}
Event: 5.657 GC heap after
{Heap after GC invocations=20 (full 2):
 PSYoungGen      total 24576K, used 2016K [0x00000000d5580000, 0x00000000d7000000, 0x0000000100000000)
  eden space 22016K, 0% used [0x00000000d5580000,0x00000000d5580000,0x00000000d6b00000)
  from space 2560K, 78% used [0x00000000d6d80000,0x00000000d6f78030,0x00000000d7000000)
  to   space 2560K, 0% used [0x00000000d6b00000,0x00000000d6b00000,0x00000000d6d80000)
 ParOldGen       total 68608K, used 24484K [0x0000000080000000, 0x0000000084300000, 0x00000000d5580000)
  object space 68608K, 35% used [0x0000000080000000,0x00000000817e9138,0x0000000084300000)
 Metaspace       used 38330K, committed 39488K, reserved 1114112K
  class space    used 3901K, committed 4416K, reserved 1048576K
}
Event: 5.830 GC heap before
{Heap before GC invocations=21 (full 2):
 PSYoungGen      total 24576K, used 24032K [0x00000000d5580000, 0x00000000d7000000, 0x0000000100000000)
  eden space 22016K, 100% used [0x00000000d5580000,0x00000000d6b00000,0x00000000d6b00000)
  from space 2560K, 78% used [0x00000000d6d80000,0x00000000d6f78030,0x00000000d7000000)
  to   space 2560K, 0% used [0x00000000d6b00000,0x00000000d6b00000,0x00000000d6d80000)
 ParOldGen       total 68608K, used 24484K [0x0000000080000000, 0x0000000084300000, 0x00000000d5580000)
  object space 68608K, 35% used [0x0000000080000000,0x00000000817e9138,0x0000000084300000)
 Metaspace       used 39034K, committed 40256K, reserved 1114112K
  class space    used 4011K, committed 4544K, reserved 1048576K
}
Event: 5.833 GC heap after
{Heap after GC invocations=21 (full 2):
 PSYoungGen      total 24576K, used 2271K [0x00000000d5580000, 0x00000000d7000000, 0x0000000100000000)
  eden space 22016K, 0% used [0x00000000d5580000,0x00000000d5580000,0x00000000d6b00000)
  from space 2560K, 88% used [0x00000000d6b00000,0x00000000d6d37e40,0x00000000d6d80000)
  to   space 2560K, 0% used [0x00000000d6d80000,0x00000000d6d80000,0x00000000d7000000)
 ParOldGen       total 68608K, used 26260K [0x0000000080000000, 0x0000000084300000, 0x00000000d5580000)
  object space 68608K, 38% used [0x0000000080000000,0x00000000819a5138,0x0000000084300000)
 Metaspace       used 39034K, committed 40256K, reserved 1114112K
  class space    used 4011K, committed 4544K, reserved 1048576K
}
Event: 5.899 GC heap before
{Heap before GC invocations=22 (full 2):
 PSYoungGen      total 24576K, used 24287K [0x00000000d5580000, 0x00000000d7000000, 0x0000000100000000)
  eden space 22016K, 100% used [0x00000000d5580000,0x00000000d6b00000,0x00000000d6b00000)
  from space 2560K, 88% used [0x00000000d6b00000,0x00000000d6d37e40,0x00000000d6d80000)
  to   space 2560K, 0% used [0x00000000d6d80000,0x00000000d6d80000,0x00000000d7000000)
 ParOldGen       total 68608K, used 26260K [0x0000000080000000, 0x0000000084300000, 0x00000000d5580000)
  object space 68608K, 38% used [0x0000000080000000,0x00000000819a5138,0x0000000084300000)
 Metaspace       used 39199K, committed 40384K, reserved 1114112K
  class space    used 4037K, committed 4544K, reserved 1048576K
}
Event: 5.901 GC heap after
{Heap after GC invocations=22 (full 2):
 PSYoungGen      total 24576K, used 2144K [0x00000000d5580000, 0x00000000d7000000, 0x0000000100000000)
  eden space 22016K, 0% used [0x00000000d5580000,0x00000000d5580000,0x00000000d6b00000)
  from space 2560K, 83% used [0x00000000d6d80000,0x00000000d6f98000,0x00000000d7000000)
  to   space 2560K, 0% used [0x00000000d6b00000,0x00000000d6b00000,0x00000000d6d80000)
 ParOldGen       total 68608K, used 28320K [0x0000000080000000, 0x0000000084300000, 0x00000000d5580000)
  object space 68608K, 41% used [0x0000000080000000,0x0000000081ba8098,0x0000000084300000)
 Metaspace       used 39199K, committed 40384K, reserved 1114112K
  class space    used 4037K, committed 4544K, reserved 1048576K
}
Event: 5.966 GC heap before
{Heap before GC invocations=23 (full 2):
 PSYoungGen      total 24576K, used 24160K [0x00000000d5580000, 0x00000000d7000000, 0x0000000100000000)
  eden space 22016K, 100% used [0x00000000d5580000,0x00000000d6b00000,0x00000000d6b00000)
  from space 2560K, 83% used [0x00000000d6d80000,0x00000000d6f98000,0x00000000d7000000)
  to   space 2560K, 0% used [0x00000000d6b00000,0x00000000d6b00000,0x00000000d6d80000)
 ParOldGen       total 68608K, used 28320K [0x0000000080000000, 0x0000000084300000, 0x00000000d5580000)
  object space 68608K, 41% used [0x0000000080000000,0x0000000081ba8098,0x0000000084300000)
 Metaspace       used 39416K, committed 40640K, reserved 1114112K
  class space    used 4061K, committed 4608K, reserved 1048576K
}
Event: 5.969 GC heap after
{Heap after GC invocations=23 (full 2):
 PSYoungGen      total 24576K, used 2164K [0x00000000d5580000, 0x00000000d7000000, 0x0000000100000000)
  eden space 22016K, 0% used [0x00000000d5580000,0x00000000d5580000,0x00000000d6b00000)
  from space 2560K, 84% used [0x00000000d6b00000,0x00000000d6d1d010,0x00000000d6d80000)
  to   space 2560K, 0% used [0x00000000d6d80000,0x00000000d6d80000,0x00000000d7000000)
 ParOldGen       total 68608K, used 30262K [0x0000000080000000, 0x0000000084300000, 0x00000000d5580000)
  object space 68608K, 44% used [0x0000000080000000,0x0000000081d8da48,0x0000000084300000)
 Metaspace       used 39416K, committed 40640K, reserved 1114112K
  class space    used 4061K, committed 4608K, reserved 1048576K
}
Event: 6.014 GC heap before
{Heap before GC invocations=24 (full 2):
 PSYoungGen      total 24576K, used 24180K [0x00000000d5580000, 0x00000000d7000000, 0x0000000100000000)
  eden space 22016K, 100% used [0x00000000d5580000,0x00000000d6b00000,0x00000000d6b00000)
  from space 2560K, 84% used [0x00000000d6b00000,0x00000000d6d1d010,0x00000000d6d80000)
  to   space 2560K, 0% used [0x00000000d6d80000,0x00000000d6d80000,0x00000000d7000000)
 ParOldGen       total 68608K, used 30262K [0x0000000080000000, 0x0000000084300000, 0x00000000d5580000)
  object space 68608K, 44% used [0x0000000080000000,0x0000000081d8da48,0x0000000084300000)
 Metaspace       used 39523K, committed 40704K, reserved 1114112K
  class space    used 4069K, committed 4608K, reserved 1048576K
}

Dll operation events (10 events):
Event: 0.016 Loaded shared library c:\Users\davi4\.windsurf\extensions\redhat.java-1.53.0-win32-x64\jre\21.0.10-win32-x86_64\bin\java.dll
Event: 0.088 Loaded shared library c:\Users\davi4\.windsurf\extensions\redhat.java-1.53.0-win32-x64\jre\21.0.10-win32-x86_64\bin\zip.dll
Event: 0.106 Loaded shared library C:\Users\davi4\.windsurf\extensions\redhat.java-1.53.0-win32-x64\jre\21.0.10-win32-x86_64\bin\instrument.dll
Event: 0.110 Loaded shared library C:\Users\davi4\.windsurf\extensions\redhat.java-1.53.0-win32-x64\jre\21.0.10-win32-x86_64\bin\net.dll
Event: 0.112 Loaded shared library C:\Users\davi4\.windsurf\extensions\redhat.java-1.53.0-win32-x64\jre\21.0.10-win32-x86_64\bin\nio.dll
Event: 0.116 Loaded shared library C:\Users\davi4\.windsurf\extensions\redhat.java-1.53.0-win32-x64\jre\21.0.10-win32-x86_64\bin\zip.dll
Event: 0.132 Loaded shared library C:\Users\davi4\.windsurf\extensions\redhat.java-1.53.0-win32-x64\jre\21.0.10-win32-x86_64\bin\jimage.dll
Event: 0.213 Loaded shared library c:\Users\davi4\.windsurf\extensions\redhat.java-1.53.0-win32-x64\jre\21.0.10-win32-x86_64\bin\verify.dll
Event: 1.282 Loaded shared library C:\Users\davi4\AppData\Roaming\Windsurf\User\globalStorage\redhat.java\1.53.0\config_win\org.eclipse.equinox.launcher\org.eclipse.equinox.launcher.win32.win32.x86_64_1.3.0.v20260203-2149\eclipse_11919.dll
Event: 3.031 Loaded shared library C:\Users\davi4\AppData\Local\Temp\jna-95358532\jna9717868327075769157.dll

Deoptimization events (20 events):
Event: 5.660 Thread 0x000001538e041c00 DEOPT PACKING pc=0x00000153393cbb54 sp=0x0000004aa35fe370
Event: 5.660 Thread 0x000001538e041c00 DEOPT UNPACKING pc=0x0000015338b83aa2 sp=0x0000004aa35fe230 mode 2
Event: 5.690 Thread 0x000001538e041c00 Uncommon trap: trap_request=0xffffff45 fr.pc=0x00000153393c0db0 relative=0x0000000000000110
Event: 5.690 Thread 0x000001538e041c00 Uncommon trap: reason=unstable_if action=reinterpret pc=0x00000153393c0db0 method=java.util.ArrayList.indexOfRange(Ljava/lang/Object;II)I @ 7 c2
Event: 5.691 Thread 0x000001538e041c00 DEOPT PACKING pc=0x00000153393c0db0 sp=0x0000004aa35fe290
Event: 5.691 Thread 0x000001538e041c00 DEOPT UNPACKING pc=0x0000015338b83aa2 sp=0x0000004aa35fe230 mode 2
Event: 5.694 Thread 0x000001538e041570 Uncommon trap: trap_request=0xffffffde fr.pc=0x00000153394208f0 relative=0x0000000000000510
Event: 5.696 Thread 0x000001538e041570 Uncommon trap: reason=class_check action=maybe_recompile pc=0x00000153394208f0 method=java.util.ImmutableCollections$MapN.probe(Ljava/lang/Object;)I @ 1 c2
Event: 5.696 Thread 0x000001538e041570 DEOPT PACKING pc=0x00000153394208f0 sp=0x0000004aa37fd5f0
Event: 5.696 Thread 0x000001538e041570 DEOPT UNPACKING pc=0x0000015338b83aa2 sp=0x0000004aa37fd530 mode 2
Event: 5.869 Thread 0x000001538e041570 Uncommon trap: trap_request=0xffffffc6 fr.pc=0x00000153393b0670 relative=0x0000000000000550
Event: 5.869 Thread 0x000001538e041570 Uncommon trap: reason=bimorphic_or_optimized_type_check action=maybe_recompile pc=0x00000153393b0670 method=java.util.ArrayList.equalsRange(Ljava/util/List;II)Z @ 22 c2
Event: 5.869 Thread 0x000001538e041570 DEOPT PACKING pc=0x00000153393b0670 sp=0x0000004aa37fd290
Event: 5.869 Thread 0x000001538e041570 DEOPT UNPACKING pc=0x0000015338b83aa2 sp=0x0000004aa37fd220 mode 2
Event: 5.869 Thread 0x000001538e041570 Uncommon trap: trap_request=0xffffff76 fr.pc=0x00000153393b0578 relative=0x0000000000000458
Event: 5.869 Thread 0x000001538e041570 Uncommon trap: reason=predicate action=maybe_recompile pc=0x00000153393b0578 method=java.util.ArrayList.equalsRange(Ljava/util/List;II)Z @ 31 c2
Event: 5.869 Thread 0x000001538e041570 DEOPT PACKING pc=0x00000153393b0578 sp=0x0000004aa37fd280
Event: 5.869 Thread 0x000001538e041570 DEOPT UNPACKING pc=0x0000015338b83aa2 sp=0x0000004aa37fd208 mode 2
Event: 5.985 Thread 0x000001538e041570 DEOPT PACKING pc=0x0000015332320346 sp=0x0000004aa37fcee0
Event: 5.985 Thread 0x000001538e041570 DEOPT UNPACKING pc=0x0000015338b84242 sp=0x0000004aa37fc460 mode 0

Classes loaded (20 events):
Event: 5.610 Loading class sun/reflect/generics/scope/MethodScope
Event: 5.610 Loading class sun/reflect/generics/scope/MethodScope done
Event: 5.610 Loading class sun/reflect/generics/repository/MethodRepository
Event: 5.610 Loading class sun/reflect/generics/repository/ConstructorRepository
Event: 5.610 Loading class sun/reflect/generics/repository/ConstructorRepository done
Event: 5.610 Loading class sun/reflect/generics/repository/MethodRepository done
Event: 5.610 Loading class sun/reflect/generics/tree/MethodTypeSignature
Event: 5.610 Loading class sun/reflect/generics/tree/MethodTypeSignature done
Event: 5.647 Loading class jdk/internal/vm/annotation/IntrinsicCandidate
Event: 5.647 Loading class jdk/internal/vm/annotation/IntrinsicCandidate done
Event: 5.724 Loading class java/nio/channels/Channels$ReadableByteChannelImpl
Event: 5.724 Loading class java/nio/channels/Channels$ReadableByteChannelImpl done
Event: 5.726 Loading class java/nio/channels/NonWritableChannelException
Event: 5.726 Loading class java/nio/channels/NonWritableChannelException done
Event: 5.874 Loading class sun/reflect/generics/tree/BottomSignature
Event: 5.874 Loading class sun/reflect/generics/tree/BottomSignature done
Event: 5.875 Loading class sun/reflect/generics/tree/Wildcard
Event: 5.877 Loading class sun/reflect/generics/tree/Wildcard done
Event: 5.880 Loading class sun/reflect/generics/reflectiveObjects/WildcardTypeImpl
Event: 5.880 Loading class sun/reflect/generics/reflectiveObjects/WildcardTypeImpl done

Classes unloaded (7 events):
Event: 3.489 Thread 0x000001532e474c20 Unloading class 0x00000153461ab400 'java/lang/invoke/LambdaForm$MH+0x00000153461ab400'
Event: 3.489 Thread 0x000001532e474c20 Unloading class 0x00000153461ab000 'java/lang/invoke/LambdaForm$MH+0x00000153461ab000'
Event: 3.489 Thread 0x000001532e474c20 Unloading class 0x00000153461aac00 'java/lang/invoke/LambdaForm$MH+0x00000153461aac00'
Event: 3.489 Thread 0x000001532e474c20 Unloading class 0x00000153461aa800 'java/lang/invoke/LambdaForm$MH+0x00000153461aa800'
Event: 3.489 Thread 0x000001532e474c20 Unloading class 0x00000153461aa400 'java/lang/invoke/LambdaForm$BMH+0x00000153461aa400'
Event: 3.489 Thread 0x000001532e474c20 Unloading class 0x00000153461aa000 'java/lang/invoke/LambdaForm$DMH+0x00000153461aa000'
Event: 3.489 Thread 0x000001532e474c20 Unloading class 0x00000153461a8c00 'java/lang/invoke/LambdaForm$DMH+0x00000153461a8c00'

Classes redefined (0 events):
No events

Internal exceptions (20 events):
Event: 4.846 Thread 0x000001538e041570 Exception <a 'java/io/FileNotFoundException'{0x00000000d5cf4750}> (0x00000000d5cf4750) 
thrown [s\src\hotspot\share\prims\jni.cpp, line 520]
Event: 4.846 Thread 0x000001532e4d8d80 Exception <a 'java/lang/NoSuchMethodError'{0x00000000d5d278a0}: 'java.lang.Object java.lang.invoke.DirectMethodHandle$Holder.invokeStaticInit(java.lang.Object, long, java.lang.Object)'> (0x00000000d5d278a0) 
thrown [s\src\hotspot\share\interpreter\linkResolver.cpp, line 773]
Event: 4.847 Thread 0x000001532e4d8d80 Exception <a 'java/lang/NoSuchMethodError'{0x00000000d5d44bf8}: 'java.lang.Object java.lang.invoke.DirectMethodHandle$Holder.newInvokeSpecial(java.lang.Object, long)'> (0x00000000d5d44bf8) 
thrown [s\src\hotspot\share\interpreter\linkResolver.cpp, line 773]
Event: 4.894 Thread 0x000001538f882dc0 Exception <a 'java/lang/NoSuchMethodError'{0x00000000d6298cb8}: 'void java.lang.invoke.DirectMethodHandle$Holder.invokeStaticInit(java.lang.Object, java.lang.Object, java.lang.Object, java.lang.Object)'> (0x00000000d6298cb8) 
thrown [s\src\hotspot\share\interpreter\linkResolver.cpp, line 773]
Event: 4.944 Thread 0x000001538e041570 Exception <a 'java/lang/NoSuchMethodError'{0x00000000d69b9758}: 'int java.lang.invoke.DirectMethodHandle$Holder.invokeStatic(java.lang.Object)'> (0x00000000d69b9758) 
thrown [s\src\hotspot\share\interpreter\linkResolver.cpp, line 773]
Event: 5.042 Thread 0x000001538e041570 Exception <a 'java/io/FileNotFoundException'{0x00000000d58ec508}> (0x00000000d58ec508) 
thrown [s\src\hotspot\share\prims\jni.cpp, line 520]
Event: 5.043 Thread 0x000001538e041570 Exception <a 'java/io/FileNotFoundException'{0x00000000d58ed510}> (0x00000000d58ed510) 
thrown [s\src\hotspot\share\prims\jni.cpp, line 520]
Event: 5.047 Thread 0x000001538e041570 Exception <a 'java/io/FileNotFoundException'{0x00000000d596fa00}> (0x00000000d596fa00) 
thrown [s\src\hotspot\share\prims\jni.cpp, line 520]
Event: 5.047 Thread 0x000001538e041570 Exception <a 'java/io/FileNotFoundException'{0x00000000d5970ce8}> (0x00000000d5970ce8) 
thrown [s\src\hotspot\share\prims\jni.cpp, line 520]
Event: 5.047 Thread 0x000001538e041570 Exception <a 'java/io/FileNotFoundException'{0x00000000d5971d10}> (0x00000000d5971d10) 
thrown [s\src\hotspot\share\prims\jni.cpp, line 520]
Event: 5.278 Thread 0x000001538e041570 Implicit null exception at 0x0000015339448077 to 0x00000153394482e8
Event: 5.281 Thread 0x000001538e041570 Exception <a 'java/lang/NoSuchMethodError'{0x00000000d66c3fc0}: 'java.lang.Object java.lang.invoke.DelegatingMethodHandle$Holder.reinvoke_L(java.lang.Object, int, long, java.lang.Object, java.lang.Object, int, java.lang.Object)'> (0x00000000d66c3fc0) 
thrown [s\src\hotspot\share\interpreter\linkResolver.cpp, line 773]
Event: 5.445 Thread 0x000001538e040ee0 Exception <a 'sun/nio/fs/WindowsException'{0x00000000d5973910}> (0x00000000d5973910) 
thrown [s\src\hotspot\share\prims\jni.cpp, line 520]
Event: 5.493 Thread 0x000001538e040ee0 Exception <a 'java/io/FileNotFoundException'{0x00000000d5cc6ed8}> (0x00000000d5cc6ed8) 
thrown [s\src\hotspot\share\prims\jni.cpp, line 520]
Event: 5.493 Thread 0x000001538e040ee0 Exception <a 'java/io/FileNotFoundException'{0x00000000d5cc84c8}> (0x00000000d5cc84c8) 
thrown [s\src\hotspot\share\prims\jni.cpp, line 520]
Event: 5.496 Thread 0x000001538e040ee0 Exception <a 'java/lang/NoSuchMethodError'{0x00000000d5cd6408}: 'java.lang.Object java.lang.invoke.DirectMethodHandle$Holder.newInvokeSpecial(java.lang.Object, java.lang.Object, java.lang.Object, int)'> (0x00000000d5cd6408) 
thrown [s\src\hotspot\share\interpreter\linkResolver.cpp, line 773]
Event: 5.498 Thread 0x000001538e040ee0 Exception <a 'java/lang/NoSuchMethodError'{0x00000000d5d0d458}: 'java.lang.Object java.lang.invoke.DirectMethodHandle$Holder.invokeSpecial(java.lang.Object, java.lang.Object, java.lang.Object, java.lang.Object, int)'> (0x00000000d5d0d458) 
thrown [s\src\hotspot\share\interpreter\linkResolver.cpp, line 773]
Event: 5.500 Thread 0x000001538e040ee0 Exception <a 'java/lang/NoSuchMethodError'{0x00000000d5d10900}: 'java.lang.Object java.lang.invoke.Invokers$Holder.linkToTargetMethod(java.lang.Object, java.lang.Object, int, java.lang.Object)'> (0x00000000d5d10900) 
thrown [s\src\hotspot\share\interpreter\linkResolver.cpp, line 773]
Event: 5.506 Thread 0x000001538e040ee0 Exception <a 'java/lang/NoSuchMethodError'{0x00000000d5d1c870}: 'void java.lang.invoke.DirectMethodHandle$Holder.invokeStaticInit(java.lang.Object, java.lang.Object, java.lang.Object)'> (0x00000000d5d1c870) 
thrown [s\src\hotspot\share\interpreter\linkResolver.cpp, line 773]
Event: 5.605 Thread 0x000001538e041c00 Exception <a 'java/lang/NoClassDefFoundError'{0x00000000d5b62e30}: javax/enterprise/inject/Typed> (0x00000000d5b62e30) 
thrown [s\src\hotspot\share\classfile\systemDictionary.cpp, line 301]

ZGC Phase Switch (0 events):
No events

VM Operations (20 events):
Event: 5.338 Executing non-safepoint VM operation: HandshakeAllThreads (Deoptimize) done
Event: 5.340 Executing non-safepoint VM operation: HandshakeAllThreads (Deoptimize)
Event: 5.346 Executing non-safepoint VM operation: HandshakeAllThreads (Deoptimize) done
Event: 5.375 Executing safepoint VM operation: ParallelGCFailedAllocation (Allocation Failure)
Event: 5.379 Executing safepoint VM operation: ParallelGCFailedAllocation (Allocation Failure) done
Event: 5.409 Executing non-safepoint VM operation: HandshakeAllThreads (Deoptimize)
Event: 5.409 Executing non-safepoint VM operation: HandshakeAllThreads (Deoptimize) done
Event: 5.571 Executing safepoint VM operation: ParallelGCFailedAllocation (Allocation Failure)
Event: 5.578 Executing safepoint VM operation: ParallelGCFailedAllocation (Allocation Failure) done
Event: 5.583 Executing non-safepoint VM operation: HandshakeAllThreads (Deoptimize)
Event: 5.583 Executing non-safepoint VM operation: HandshakeAllThreads (Deoptimize) done
Event: 5.654 Executing safepoint VM operation: ParallelGCFailedAllocation (Allocation Failure)
Event: 5.657 Executing safepoint VM operation: ParallelGCFailedAllocation (Allocation Failure) done
Event: 5.827 Executing safepoint VM operation: ParallelGCFailedAllocation (Allocation Failure)
Event: 5.833 Executing safepoint VM operation: ParallelGCFailedAllocation (Allocation Failure) done
Event: 5.896 Executing safepoint VM operation: ParallelGCFailedAllocation (Allocation Failure)
Event: 5.901 Executing safepoint VM operation: ParallelGCFailedAllocation (Allocation Failure) done
Event: 5.966 Executing safepoint VM operation: ParallelGCFailedAllocation (Allocation Failure)
Event: 5.969 Executing safepoint VM operation: ParallelGCFailedAllocation (Allocation Failure) done
Event: 6.014 Executing safepoint VM operation: ParallelGCFailedAllocation (Allocation Failure)

Memory protections (0 events):
No events

Nmethod flushes (20 events):
Event: 4.981 Thread 0x000001532e474c20 flushing  nmethod 0x0000015331def710
Event: 4.981 Thread 0x000001532e474c20 flushing  nmethod 0x0000015331defa10
Event: 4.981 Thread 0x000001532e474c20 flushing  nmethod 0x0000015331e24390
Event: 4.981 Thread 0x000001532e474c20 flushing  nmethod 0x0000015331e25e10
Event: 4.981 Thread 0x000001532e474c20 flushing  nmethod 0x0000015331e26710
Event: 4.981 Thread 0x000001532e474c20 flushing  nmethod 0x0000015331e27910
Event: 4.981 Thread 0x000001532e474c20 flushing  nmethod 0x0000015331e28590
Event: 4.981 Thread 0x000001532e474c20 flushing  nmethod 0x0000015331e2a290
Event: 4.981 Thread 0x000001532e474c20 flushing  nmethod 0x0000015331e2a790
Event: 4.981 Thread 0x000001532e474c20 flushing  nmethod 0x0000015331e2b090
Event: 4.981 Thread 0x000001532e474c20 flushing  nmethod 0x0000015331e2c490
Event: 4.981 Thread 0x000001532e474c20 flushing  nmethod 0x0000015331e2df10
Event: 4.981 Thread 0x000001532e474c20 flushing  nmethod 0x0000015331e30890
Event: 4.981 Thread 0x000001532e474c20 flushing  nmethod 0x0000015331e73f10
Event: 4.981 Thread 0x000001532e474c20 flushing  nmethod 0x0000015331e74a10
Event: 4.981 Thread 0x000001532e474c20 flushing  nmethod 0x0000015331e7b290
Event: 4.981 Thread 0x000001532e474c20 flushing  nmethod 0x0000015331ea0910
Event: 4.981 Thread 0x000001532e474c20 flushing  nmethod 0x0000015331ea0d10
Event: 4.981 Thread 0x000001532e474c20 flushing  nmethod 0x0000015331f46790
Event: 4.981 Thread 0x000001532e474c20 flushing  nmethod 0x0000015331f46c10

Events (20 events):
Event: 4.834 Thread 0x000001538f882dc0 Thread added: 0x000001538f880660
Event: 4.868 Thread 0x000001538f880660 Thread added: 0x000001538f883450
Event: 4.868 Thread 0x000001532e4d8d80 Thread added: 0x000001538f884170
Event: 4.869 Thread 0x000001532e4d8d80 Thread added: 0x000001538f881a10
Event: 4.870 Thread 0x000001532e4d8d80 Thread added: 0x000001538f880cf0
Event: 4.870 Thread 0x000001532e4d8d80 Thread added: 0x000001538f884800
Event: 4.871 Thread 0x000001532e4d8d80 Thread added: 0x000001538f881380
Event: 4.871 Thread 0x000001532e4d8d80 Thread added: 0x000001538f884e90
Event: 4.874 Thread 0x000001532e4d8d80 Thread added: 0x000001538f885bb0
Event: 4.875 Thread 0x000001532e4d8d80 Thread added: 0x000001538f885520
Event: 4.876 Thread 0x000001532e4d8d80 Thread added: 0x000001538f882730
Event: 4.877 Thread 0x000001532e4d8d80 Thread added: 0x000001538f886240
Event: 4.877 Thread 0x000001532e4d8d80 Thread added: 0x000001538f8875f0
Event: 4.878 Thread 0x000001532e4d8d80 Thread added: 0x000001538f8868d0
Event: 4.878 Thread 0x000001532e4d8d80 Thread added: 0x000001538f886f60
Event: 4.878 Thread 0x000001532e4d8d80 Thread added: 0x000001538f887c80
Event: 4.879 Thread 0x000001532e4d8d80 Thread added: 0x000001538ec6f940
Event: 4.879 Thread 0x000001532e4d8d80 Thread added: 0x000001538ec6ffd0
Event: 4.879 Thread 0x000001532e4d8d80 Thread added: 0x000001538ec70660
Event: 5.556 Thread 0x000001532e4d8d80 Thread added: 0x000001538ec70cf0


Dynamic libraries:
0x00007ff748dc0000 - 0x00007ff748dce000 	c:\Users\davi4\.windsurf\extensions\redhat.java-1.53.0-win32-x64\jre\21.0.10-win32-x86_64\bin\java.exe
0x00007ff95f320000 - 0x00007ff95f588000 	C:\WINDOWS\SYSTEM32\ntdll.dll
0x00007ff95d0c0000 - 0x00007ff95d189000 	C:\WINDOWS\System32\KERNEL32.DLL
0x00007ff95c8b0000 - 0x00007ff95cca1000 	C:\WINDOWS\System32\KERNELBASE.dll
0x00007ff95c760000 - 0x00007ff95c8ab000 	C:\WINDOWS\System32\ucrtbase.dll
0x00007ff92fc20000 - 0x00007ff92fc3e000 	c:\Users\davi4\.windsurf\extensions\redhat.java-1.53.0-win32-x64\jre\21.0.10-win32-x86_64\bin\VCRUNTIME140.dll
0x00007ff8fe670000 - 0x00007ff8fe688000 	c:\Users\davi4\.windsurf\extensions\redhat.java-1.53.0-win32-x64\jre\21.0.10-win32-x86_64\bin\jli.dll
0x00007ff95f110000 - 0x00007ff95f2d6000 	C:\WINDOWS\System32\USER32.dll
0x00007ff95bc00000 - 0x00007ff95bc27000 	C:\WINDOWS\System32\win32u.dll
0x00007ff95e9c0000 - 0x00007ff95e9eb000 	C:\WINDOWS\System32\GDI32.dll
0x00007ff95ad00000 - 0x00007ff95af93000 	C:\WINDOWS\WinSxS\amd64_microsoft.windows.common-controls_6595b64144ccf1df_6.0.26100.7824_none_3e0870b2e3345462\COMCTL32.dll
0x00007ff95cd70000 - 0x00007ff95ce9b000 	C:\WINDOWS\System32\gdi32full.dll
0x00007ff95eee0000 - 0x00007ff95ef89000 	C:\WINDOWS\System32\msvcrt.dll
0x00007ff95c6b0000 - 0x00007ff95c753000 	C:\WINDOWS\System32\msvcp_win.dll
0x00007ff95d200000 - 0x00007ff95d231000 	C:\WINDOWS\System32\IMM32.DLL
0x00007ff955a60000 - 0x00007ff955a6c000 	c:\Users\davi4\.windsurf\extensions\redhat.java-1.53.0-win32-x64\jre\21.0.10-win32-x86_64\bin\vcruntime140_1.dll
0x00007ff873df0000 - 0x00007ff873e7d000 	c:\Users\davi4\.windsurf\extensions\redhat.java-1.53.0-win32-x64\jre\21.0.10-win32-x86_64\bin\msvcp140.dll
0x00007ff8569f0000 - 0x00007ff857791000 	c:\Users\davi4\.windsurf\extensions\redhat.java-1.53.0-win32-x64\jre\21.0.10-win32-x86_64\bin\server\jvm.dll
0x00007ff95d700000 - 0x00007ff95d7b4000 	C:\WINDOWS\System32\ADVAPI32.dll
0x00007ff95e7f0000 - 0x00007ff95e896000 	C:\WINDOWS\System32\sechost.dll
0x00007ff95d560000 - 0x00007ff95d678000 	C:\WINDOWS\System32\RPCRT4.dll
0x00007ff95d680000 - 0x00007ff95d6f4000 	C:\WINDOWS\System32\WS2_32.dll
0x00007ff95ba60000 - 0x00007ff95babe000 	C:\WINDOWS\SYSTEM32\POWRPROF.dll
0x00007ff94c900000 - 0x00007ff94c935000 	C:\WINDOWS\SYSTEM32\WINMM.dll
0x00007ff9538e0000 - 0x00007ff9538eb000 	C:\WINDOWS\SYSTEM32\VERSION.dll
0x00007ff95b990000 - 0x00007ff95b9a4000 	C:\WINDOWS\SYSTEM32\UMPDC.dll
0x00007ff95a030000 - 0x00007ff95a04b000 	C:\WINDOWS\SYSTEM32\kernel.appcore.dll
0x00007ff953380000 - 0x00007ff95338a000 	c:\Users\davi4\.windsurf\extensions\redhat.java-1.53.0-win32-x64\jre\21.0.10-win32-x86_64\bin\jimage.dll
0x00007ff95b3b0000 - 0x00007ff95b5f2000 	C:\WINDOWS\SYSTEM32\DBGHELP.DLL
0x00007ff95eaf0000 - 0x00007ff95ee76000 	C:\WINDOWS\System32\combase.dll
0x00007ff95d2c0000 - 0x00007ff95d397000 	C:\WINDOWS\System32\OLEAUT32.dll
0x00007ff95b2a0000 - 0x00007ff95b2db000 	C:\WINDOWS\SYSTEM32\dbgcore.DLL
0x00007ff95d010000 - 0x00007ff95d0b5000 	C:\WINDOWS\System32\bcryptPrimitives.dll
0x00007ff931510000 - 0x00007ff93151f000 	c:\Users\davi4\.windsurf\extensions\redhat.java-1.53.0-win32-x64\jre\21.0.10-win32-x86_64\bin\instrument.dll
0x00007ff8f9dd0000 - 0x00007ff8f9df0000 	c:\Users\davi4\.windsurf\extensions\redhat.java-1.53.0-win32-x64\jre\21.0.10-win32-x86_64\bin\java.dll
0x00007ff95d960000 - 0x00007ff95e0b2000 	C:\WINDOWS\System32\SHELL32.dll
0x00007ff95cea0000 - 0x00007ff95d00a000 	C:\WINDOWS\System32\wintypes.dll
0x00007ff95bdb0000 - 0x00007ff95c613000 	C:\WINDOWS\System32\windows.storage.dll
0x00007ff95ef90000 - 0x00007ff95f086000 	C:\WINDOWS\System32\SHCORE.dll
0x00007ff95d240000 - 0x00007ff95d2a7000 	C:\WINDOWS\System32\shlwapi.dll
0x00007ff95bb20000 - 0x00007ff95bb49000 	C:\WINDOWS\SYSTEM32\profapi.dll
0x00007ff8d4dc0000 - 0x00007ff8d4dd8000 	c:\Users\davi4\.windsurf\extensions\redhat.java-1.53.0-win32-x64\jre\21.0.10-win32-x86_64\bin\zip.dll
0x00007ff92fff0000 - 0x00007ff930000000 	C:\Users\davi4\.windsurf\extensions\redhat.java-1.53.0-win32-x64\jre\21.0.10-win32-x86_64\bin\net.dll
0x00007ff954e90000 - 0x00007ff954fb7000 	C:\WINDOWS\SYSTEM32\WINHTTP.dll
0x00007ff95a540000 - 0x00007ff95a5ab000 	C:\WINDOWS\system32\mswsock.dll
0x00007ff8bc9d0000 - 0x00007ff8bc9e6000 	C:\Users\davi4\.windsurf\extensions\redhat.java-1.53.0-win32-x64\jre\21.0.10-win32-x86_64\bin\nio.dll
0x00007ff92fbc0000 - 0x00007ff92fbd0000 	c:\Users\davi4\.windsurf\extensions\redhat.java-1.53.0-win32-x64\jre\21.0.10-win32-x86_64\bin\verify.dll
0x00007ff8c8e10000 - 0x00007ff8c8e55000 	C:\Users\davi4\AppData\Roaming\Windsurf\User\globalStorage\redhat.java\1.53.0\config_win\org.eclipse.equinox.launcher\org.eclipse.equinox.launcher.win32.win32.x86_64_1.3.0.v20260203-2149\eclipse_11919.dll
0x00007ff95d7c0000 - 0x00007ff95d957000 	C:\WINDOWS\System32\ole32.dll
0x00007ff95b720000 - 0x00007ff95b73b000 	C:\WINDOWS\SYSTEM32\CRYPTSP.dll
0x00007ff95a930000 - 0x00007ff95a969000 	C:\WINDOWS\system32\rsaenh.dll
0x00007ff95a5b0000 - 0x00007ff95a5db000 	C:\WINDOWS\SYSTEM32\USERENV.dll
0x00007ff95baf0000 - 0x00007ff95bb1a000 	C:\WINDOWS\SYSTEM32\bcrypt.dll
0x00007ff95a920000 - 0x00007ff95a92c000 	C:\WINDOWS\SYSTEM32\CRYPTBASE.dll
0x00007ff959a60000 - 0x00007ff959a94000 	C:\WINDOWS\SYSTEM32\IPHLPAPI.DLL
0x00007ff95d2b0000 - 0x00007ff95d2ba000 	C:\WINDOWS\System32\NSI.dll
0x00007ff92a8d0000 - 0x00007ff92a919000 	C:\Users\davi4\AppData\Local\Temp\jna-95358532\jna9717868327075769157.dll
0x00007ff95d550000 - 0x00007ff95d558000 	C:\WINDOWS\System32\PSAPI.DLL
0x00007ff953ee0000 - 0x00007ff953efe000 	C:\WINDOWS\SYSTEM32\dhcpcsvc6.DLL
0x00007ff953d00000 - 0x00007ff953d23000 	C:\WINDOWS\SYSTEM32\dhcpcsvc.DLL

JVMTI agents:
c:\Users\davi4\.windsurf\extensions\redhat.java-1.53.0-win32-x64\lombok\lombok-1.18.39-4050.jar path:c:\Users\davi4\.windsurf\extensions\redhat.java-1.53.0-win32-x64\jre\21.0.10-win32-x86_64\bin\instrument.dll, loaded, initialized, instrumentlib options:none

dbghelp: loaded successfully - version: 4.0.5 - missing functions: none
symbol engine: initialized successfully - sym options: 0x614 - pdb path: .;c:\Users\davi4\.windsurf\extensions\redhat.java-1.53.0-win32-x64\jre\21.0.10-win32-x86_64\bin;C:\WINDOWS\SYSTEM32;C:\WINDOWS\WinSxS\amd64_microsoft.windows.common-controls_6595b64144ccf1df_6.0.26100.7824_none_3e0870b2e3345462;c:\Users\davi4\.windsurf\extensions\redhat.java-1.53.0-win32-x64\jre\21.0.10-win32-x86_64\bin\server;C:\Users\davi4\AppData\Roaming\Windsurf\User\globalStorage\redhat.java\1.53.0\config_win\org.eclipse.equinox.launcher\org.eclipse.equinox.launcher.win32.win32.x86_64_1.3.0.v20260203-2149;C:\Users\davi4\AppData\Local\Temp\jna-95358532

VM Arguments:
jvm_args: --add-modules=ALL-SYSTEM --add-opens=java.base/java.util=ALL-UNNAMED --add-opens=java.base/java.lang=ALL-UNNAMED --add-opens=java.base/sun.nio.fs=ALL-UNNAMED -Declipse.application=org.eclipse.jdt.ls.core.id1 -Dosgi.bundles.defaultStartLevel=4 -Declipse.product=org.eclipse.jdt.ls.core.product -Djava.import.generatesMetadataFilesAtProjectRoot=false -DDetectVMInstallationsJob.disabled=true -Dfile.encoding=utf8 -XX:+UseParallelGC -XX:GCTimeRatio=4 -XX:AdaptiveSizePolicyWeight=90 -Dsun.zip.disableMemoryMapping=true -Xmx2G -Xms100m -Xlog:disable -javaagent:c:\Users\davi4\.windsurf\extensions\redhat.java-1.53.0-win32-x64\lombok\lombok-1.18.39-4050.jar -XX:+HeapDumpOnOutOfMemoryError -XX:HeapDumpPath=c:\Users\davi4\AppData\Roaming\Windsurf\User\workspaceStorage\480e1d6f9199f74cf5298c7c52811d38\redhat.java -Daether.dependencyCollector.impl=bf 
java_command: c:\Users\davi4\.windsurf\extensions\redhat.java-1.53.0-win32-x64\server\plugins\org.eclipse.equinox.launcher_1.7.100.v20251111-0406.jar -configuration c:\Users\davi4\AppData\Roaming\Windsurf\User\globalStorage\redhat.java\1.53.0\config_win -data c:\Users\davi4\AppData\Roaming\Windsurf\User\workspaceStorage\480e1d6f9199f74cf5298c7c52811d38\redhat.java\jdt_ws --pipe=\\.\pipe\lsp-4f08591cfa30e0dfbfd37ddf581a8645-sock
java_class_path (initial): c:\Users\davi4\.windsurf\extensions\redhat.java-1.53.0-win32-x64\server\plugins\org.eclipse.equinox.launcher_1.7.100.v20251111-0406.jar
Launcher Type: SUN_STANDARD

[Global flags]
    uintx AdaptiveSizePolicyWeight                 = 90                                        {product} {command line}
     intx CICompilerCount                          = 12                                        {product} {ergonomic}
    uintx GCTimeRatio                              = 4                                         {product} {command line}
     bool HeapDumpOnOutOfMemoryError               = true                                   {manageable} {command line}
    ccstr HeapDumpPath                             = c:\Users\davi4\AppData\Roaming\Windsurf\User\workspaceStorage\480e1d6f9199f74cf5298c7c52811d38\redhat.java         {manageable} {command line}
   size_t InitialHeapSize                          = 104857600                                 {product} {command line}
   size_t MaxHeapSize                              = 2147483648                                {product} {command line}
   size_t MaxNewSize                               = 715653120                                 {product} {ergonomic}
   size_t MinHeapDeltaBytes                        = 524288                                    {product} {ergonomic}
   size_t MinHeapSize                              = 104857600                                 {product} {command line}
   size_t NewSize                                  = 34603008                                  {product} {ergonomic}
    uintx NonNMethodCodeHeapSize                   = 7602480                                {pd product} {ergonomic}
    uintx NonProfiledCodeHeapSize                  = 122027880                              {pd product} {ergonomic}
   size_t OldSize                                  = 70254592                                  {product} {ergonomic}
    uintx ProfiledCodeHeapSize                     = 122027880                              {pd product} {ergonomic}
    uintx ReservedCodeCacheSize                    = 251658240                              {pd product} {ergonomic}
     bool SegmentedCodeCache                       = true                                      {product} {ergonomic}
   size_t SoftMaxHeapSize                          = 2147483648                             {manageable} {ergonomic}
     bool UseCompressedOops                        = true                           {product lp64_product} {ergonomic}
     bool UseLargePagesIndividualAllocation        = false                                  {pd product} {ergonomic}
     bool UseParallelGC                            = true                                      {product} {command line}

Logging:
Log output configuration:
 #0: stdout all=off uptime,level,tags foldmultilines=false
 #1: stderr all=off uptime,level,tags foldmultilines=false

Release file:
JAVA_VERSION="21.0.10" 
MODULES="java.base java.compiler java.datatransfer java.xml java.prefs java.desktop java.instrument java.logging java.management java.security.sasl java.naming java.rmi java.management.rmi java.net.http java.scripting java.security.jgss java.transaction.xa java.sql java.sql.rowset java.xml.crypto java.se java.smartcardio jdk.accessibility jdk.internal.jvmstat jdk.attach jdk.charsets jdk.internal.opt jdk.zipfs jdk.compiler jdk.crypto.ec jdk.crypto.cryptoki jdk.crypto.mscapi jdk.dynalink jdk.internal.ed jdk.editpad jdk.hotspot.agent jdk.httpserver jdk.internal.le jdk.internal.vm.ci jdk.internal.vm.compiler jdk.internal.vm.compiler.management jdk.jartool jdk.javadoc jdk.jcmd jdk.management jdk.management.agent jdk.jconsole jdk.jdeps jdk.jdwp.agent jdk.jdi jdk.jfr jdk.jshell jdk.jsobject jdk.jstatd jdk.localedata jdk.management.jfr jdk.naming.dns jdk.naming.rmi jdk.net jdk.nio.mapmode jdk.random jdk.sctp jdk.security.auth jdk.security.jgss jdk.unsupported jdk.unsupported.desktop jdk.xml.dom" 

Environment Variables:
JAVA_HOME=C:\Program Files\Amazon Corretto\jdk21.0.8_9
PATH=C:\Program Files\Amazon Corretto\jdk21.0.8_9\bin;C:\Program Files\Common Files\Oracle\Java\javapath;C:\Program Files (x86)\Common Files\Oracle\Java\javapath;C:\app\davi4\product\18.0.0\dbhomeXE\bin;C:\WINDOWS\system32;C:\WINDOWS;C:\WINDOWS\System32\Wbem;C:\WINDOWS\System32\WindowsPowerShell\v1.0\;C:\WINDOWS\System32\OpenSSH\;C:\Program Files (x86)\NVIDIA Corporation\PhysX\Common;C:\Program Files\Git\cmd;;C:\Program Files\Docker\Docker\resources\bin;C:\composer;C:\AppServ\php7;C:\Program Files\Java\jdk1.8.0_111\bin;C:\Program Files\nodejs\;C:\Program Files\NVIDIA Corporation\NVIDIA app\NvDLISR;C:\Users\davi4\.console-ninja\.bin;C:\Users\davi4\AppData\Local\Microsoft\WindowsApps;C:\Users\davi4\AppData\Roaming\nvm;C:\Program Files\nodejs;C:\Users\davi4\AppData\Local\Programs\Microsoft VS Code\bin;C:\Users\davi4\AppData\Local\GitHubDesktop\bin;C:\Program Files\JetBrains\IntelliJ IDEA Community Edition 2025.2.2\bin;C:\Users\davi4\AppData\Roaming\Composer\vendor\bin;C:\AppServ\Apache24\bin;C:\AppServ\php7;C:\AppServ\MySQL\bin;C:\Program Files\Java\jdk-17;C:\flutter\bin;C:\Users\davi4\AppData\Roaming\npm;C:\Users\davi4\AppData\Local\Microsoft\WindowsApps;C:\Users\davi4\AppData\Local\Programs\cursor\resources\app\bin;C:\Users\davi4\AppData\Local\Programs\Windsurf\bin
USERNAME=davi4
OS=Windows_NT
PROCESSOR_IDENTIFIER=AMD64 Family 23 Model 113 Stepping 0, AuthenticAMD
TMP=C:\Users\davi4\AppData\Local\Temp
TEMP=C:\Users\davi4\AppData\Local\Temp




Periodic native trim disabled

---------------  S Y S T E M  ---------------

OS:
 Windows 11 , 64 bit Build 26100 (10.0.26100.7705)
OS uptime: 0 days 3:34 hours
Hyper-V role detected

CPU: total 16 (initial active 16) (16 cores per cpu, 2 threads per core) family 23 model 113 stepping 0 microcode 0x8701013, cx8, cmov, fxsr, ht, mmx, 3dnowpref, sse, sse2, sse3, ssse3, sse4a, sse4.1, sse4.2, popcnt, lzcnt, tsc, tscinvbit, avx, avx2, aes, clmul, bmi1, bmi2, adx, sha, fma, vzeroupper, clflush, clflushopt, hv, rdtscp, rdpid, f16c
Processor Information for the first 16 processors :
  Max Mhz: 3593, Current Mhz: 3593, Mhz Limit: 3593

Memory: 4k page, system-wide physical 32719M (1011M free)
TotalPageFile size 89772M (AvailPageFile size 152M)
current process WorkingSet (physical memory assigned to process): 244M, peak: 244M
current process commit charge ("private bytes"): 369M, peak: 383M

vm_info: OpenJDK 64-Bit Server VM (21.0.10+7-LTS) for windows-amd64 JRE (21.0.10+7-LTS), built on 2026-01-20T00:00:00Z by "admin" with MS VC++ 17.12 (VS2022)

END.
