#
# There is insufficient memory for the Java Runtime Environment to continue.
# Native memory allocation (malloc) failed to allocate 6193632 bytes. Error detail: Chunk::new
# Possible reasons:
#   The system is out of physical RAM or swap space
#   This process is running with CompressedOops enabled, and the Java Heap may be blocking the growth of the native heap
# Possible solutions:
#   Reduce memory load on the system
#   Increase physical memory or swap space
#   Check if swap backing store is full
#   Decrease Java heap size (-Xmx/-Xms)
#   Decrease number of Java threads
#   Decrease Java thread stack sizes (-Xss)
#   Set larger code cache with -XX:ReservedCodeCacheSize=
#   JVM is running with Unscaled Compressed Oops mode in which the Java heap is
#     placed in the first 4GB address space. The Java Heap base address is the
#     maximum limit for the native heap growth. Please use -XX:HeapBaseMinAddress
#     to set the Java Heap base and to place the Java Heap above 4GB virtual address.
# This output file may be truncated or incomplete.
#
#  Out of Memory Error (arena.cpp:168), pid=133576, tid=134048
#
# JRE version: OpenJDK Runtime Environment Temurin-21.0.10+7 (21.0.10+7) (build 21.0.10+7-LTS)
# Java VM: OpenJDK 64-Bit Server VM Temurin-21.0.10+7 (21.0.10+7-LTS, mixed mode, sharing, tiered, compressed oops, compressed class ptrs, parallel gc, windows-amd64)
# No core dump will be written. Minidumps are not enabled by default on client versions of Windows
#

---------------  S U M M A R Y ------------

Command Line: --add-modules=ALL-SYSTEM --add-opens=java.base/java.util=ALL-UNNAMED --add-opens=java.base/java.lang=ALL-UNNAMED --add-opens=java.base/sun.nio.fs=ALL-UNNAMED -Declipse.application=org.eclipse.jdt.ls.core.id1 -Dosgi.bundles.defaultStartLevel=4 -Declipse.product=org.eclipse.jdt.ls.core.product -Djava.import.generatesMetadataFilesAtProjectRoot=false -DDetectVMInstallationsJob.disabled=true -Dfile.encoding=utf8 -XX:+UseParallelGC -XX:GCTimeRatio=4 -XX:AdaptiveSizePolicyWeight=90 -Dsun.zip.disableMemoryMapping=true -Xmx2G -Xms100m -Xlog:disable -javaagent:c:\Users\davi4\.windsurf\extensions\redhat.java-1.53.0-win32-x64\lombok\lombok-1.18.39-4050.jar -XX:+HeapDumpOnOutOfMemoryError -XX:HeapDumpPath=c:\Users\davi4\AppData\Roaming\Windsurf\User\workspaceStorage\480e1d6f9199f74cf5298c7c52811d38\redhat.java -Daether.dependencyCollector.impl=bf c:\Users\davi4\.windsurf\extensions\redhat.java-1.53.0-win32-x64\server\plugins\org.eclipse.equinox.launcher_1.7.100.v20251111-0406.jar -configuration c:\Users\davi4\AppData\Roaming\Windsurf\User\globalStorage\redhat.java\1.53.0\config_win -data c:\Users\davi4\AppData\Roaming\Windsurf\User\workspaceStorage\480e1d6f9199f74cf5298c7c52811d38\redhat.java\jdt_ws --pipe=\\.\pipe\lsp-50bd450bd1d8109b45d0a577547a59a1-sock

Host: AMD Ryzen 7 3700X 8-Core Processor             , 16 cores, 31G,  Windows 11 , 64 bit Build 26100 (10.0.26100.7705)
Time: Mon Mar  2 22:27:16 2026 SA Pacific Standard Time elapsed time: 13.966846 seconds (0d 0h 0m 13s)

---------------  T H R E A D  ---------------

Current thread (0x000001bdf1336320):  JavaThread "C2 CompilerThread0" daemon [_thread_in_native, id=134048, stack(0x0000009ef5700000,0x0000009ef5800000) (1024K)]


Current CompileTask:
C2:13966 9550       4       lombok.eclipse.handlers.EclipseHandlerUtil::setGeneratedBy (10 bytes)

Stack: [0x0000009ef5700000,0x0000009ef5800000]
Native frames: (J=compiled Java code, j=interpreted, Vv=VM code, C=native code)
V  [jvm.dll+0x6d7a39]
V  [jvm.dll+0x8b4b26]
V  [jvm.dll+0x8b70de]
V  [jvm.dll+0x8b77c3]
V  [jvm.dll+0x284346]
V  [jvm.dll+0xc66ed]
V  [jvm.dll+0xc6c31]
V  [jvm.dll+0x3bec3b]
V  [jvm.dll+0x1e3f69]
V  [jvm.dll+0x24c6b3]
V  [jvm.dll+0x24bb40]
V  [jvm.dll+0x1cb34e]
V  [jvm.dll+0x25b85d]
V  [jvm.dll+0x259dea]
V  [jvm.dll+0x3f857e]
V  [jvm.dll+0x85f59d]
V  [jvm.dll+0x6d626d]
C  [ucrtbase.dll+0x37b0]
C  [KERNEL32.DLL+0x2e8d7]
C  [ntdll.dll+0x8c40c]


---------------  P R O C E S S  ---------------

Threads class SMR info:
_java_thread_list=0x000001bdfd390e40, length=99, elements={
0x000001bdd938bda0, 0x000001bdf12f3fd0, 0x000001bdf12f6020, 0x000001bdf12f9b90,
0x000001bdf131c610, 0x000001bdf131e5d0, 0x000001bdf13226d0, 0x000001bdf1336320,
0x000001bdf133a840, 0x000001bdf15969e0, 0x000001bdf1616090, 0x000001bdf777a9e0,
0x000001bdf79e56a0, 0x000001bdf781cdb0, 0x000001bdf787e830, 0x000001bdf7f7e490,
0x000001bdf7d7e010, 0x000001bdf7d9c980, 0x000001bdf7fb16d0, 0x000001bdf7fb3e30,
0x000001bdf7fb1040, 0x000001bdf7fb1d60, 0x000001bdf83cc560, 0x000001bdf83d0070,
0x000001bdf813fde0, 0x000001bdf81426c0, 0x000001bdf8141250, 0x000001bdf83cdfa0,
0x000001bdf83ce630, 0x000001bdf83cf350, 0x000001bdf83ccbf0, 0x000001bdf83d0700,
0x000001bdf83d0d90, 0x000001bdf83cd910, 0x000001bdf83d3b80, 0x000001bdf83d34f0,
0x000001bdf83d2140, 0x000001bdf83d1420, 0x000001bdf83d1ab0, 0x000001bdf83d27d0,
0x000001bdf83d2e60, 0x000001bdfb944900, 0x000001bdfb945620, 0x000001bdfb943be0,
0x000001bdfb942ec0, 0x000001bdfb944270, 0x000001bdfb945cb0, 0x000001bdfb942830,
0x000001bdfb944f90, 0x000001bdfb9469d0, 0x000001bdfb946340, 0x000001bdfb943550,
0x000001bdfb949e50, 0x000001bdfb947d80, 0x000001bdfb949130, 0x000001bdfb9497c0,
0x000001bdfb948aa0, 0x000001bdfb948410, 0x000001bdfb947060, 0x000001bdfb9476f0,
0x000001bdfcc9bff0, 0x000001bdfcc9c680, 0x000001bdfcc9b2d0, 0x000001bdfcc9cd10,
0x000001bdfcc9ac40, 0x000001bdfcc9e0c0, 0x000001bdfcc9ede0, 0x000001bdfcc9b960,
0x000001bdfcc9f470, 0x000001bdfcca1bd0, 0x000001bdfcc9fb00, 0x000001bdfcca0190,
0x000001bdfcca0820, 0x000001bdfcca2260, 0x000001bdfcca0eb0, 0x000001bdfcca1540,
0x000001bdfc9632e0, 0x000001bdfc960b80, 0x000001bdfc9618a0, 0x000001bdfc963970,
0x000001bdfc9604f0, 0x000001bdfc964000, 0x000001bdfc9625c0, 0x000001bdfc964d20,
0x000001bdfc961f30, 0x000001bdfc9653b0, 0x000001bdfc965a40, 0x000001bdfc9660d0,
0x000001bdfc962c50, 0x000001bdfc966760, 0x000001bdfc967480, 0x000001bdfc966df0,
0x000001bdfc967b10, 0x000001bdfd6547d0, 0x000001bdfd654e60, 0x000001bdfbdb8e20,
0x000001bdfbdb8080, 0x000001bdfbdb79b0, 0x000001bdfbdb8750
}

Java Threads: ( => current thread )
  0x000001bdd938bda0 JavaThread "main"                              [_thread_blocked, id=135576, stack(0x0000009ef4d00000,0x0000009ef4e00000) (1024K)]
  0x000001bdf12f3fd0 JavaThread "Reference Handler"          daemon [_thread_blocked, id=134340, stack(0x0000009ef5100000,0x0000009ef5200000) (1024K)]
  0x000001bdf12f6020 JavaThread "Finalizer"                  daemon [_thread_blocked, id=134532, stack(0x0000009ef5200000,0x0000009ef5300000) (1024K)]
  0x000001bdf12f9b90 JavaThread "Signal Dispatcher"          daemon [_thread_blocked, id=129424, stack(0x0000009ef5300000,0x0000009ef5400000) (1024K)]
  0x000001bdf131c610 JavaThread "Attach Listener"            daemon [_thread_blocked, id=134636, stack(0x0000009ef5400000,0x0000009ef5500000) (1024K)]
  0x000001bdf131e5d0 JavaThread "Service Thread"             daemon [_thread_blocked, id=134848, stack(0x0000009ef5500000,0x0000009ef5600000) (1024K)]
  0x000001bdf13226d0 JavaThread "Monitor Deflation Thread"   daemon [_thread_blocked, id=136128, stack(0x0000009ef5600000,0x0000009ef5700000) (1024K)]
=>0x000001bdf1336320 JavaThread "C2 CompilerThread0"         daemon [_thread_in_native, id=134048, stack(0x0000009ef5700000,0x0000009ef5800000) (1024K)]
  0x000001bdf133a840 JavaThread "C1 CompilerThread0"         daemon [_thread_blocked, id=136132, stack(0x0000009ef5800000,0x0000009ef5900000) (1024K)]
  0x000001bdf15969e0 JavaThread "Common-Cleaner"             daemon [_thread_blocked, id=134792, stack(0x0000009ef5c00000,0x0000009ef5d00000) (1024K)]
  0x000001bdf1616090 JavaThread "Notification Thread"        daemon [_thread_blocked, id=134704, stack(0x0000009ef5e00000,0x0000009ef5f00000) (1024K)]
  0x000001bdf777a9e0 JavaThread "Active Thread: Equinox Container: 54ff8360-b5d1-4cb1-9058-577d0955d5f5"        [_thread_blocked, id=127896, stack(0x0000009ef6700000,0x0000009ef6800000) (1024K)]
  0x000001bdf79e56a0 JavaThread "Refresh Thread: Equinox Container: 54ff8360-b5d1-4cb1-9058-577d0955d5f5" daemon [_thread_blocked, id=128892, stack(0x0000009ef6900000,0x0000009ef6a00000) (1024K)]
  0x000001bdf781cdb0 JavaThread "Framework Event Dispatcher: Equinox Container: 54ff8360-b5d1-4cb1-9058-577d0955d5f5" daemon [_thread_blocked, id=130960, stack(0x0000009ef6a00000,0x0000009ef6b00000) (1024K)]
  0x000001bdf787e830 JavaThread "Start Level: Equinox Container: 54ff8360-b5d1-4cb1-9058-577d0955d5f5" daemon [_thread_blocked, id=126276, stack(0x0000009ef6b00000,0x0000009ef6c00000) (1024K)]
  0x000001bdf7f7e490 JavaThread "Bundle File Closer"         daemon [_thread_blocked, id=135972, stack(0x0000009ef6f00000,0x0000009ef7000000) (1024K)]
  0x000001bdf7d7e010 JavaThread "SCR Component Actor"        daemon [_thread_blocked, id=131704, stack(0x0000009ef5d00000,0x0000009ef5e00000) (1024K)]
  0x000001bdf7d9c980 JavaThread "C2 CompilerThread1"         daemon [_thread_blocked, id=122404, stack(0x0000009ef5f00000,0x0000009ef6000000) (1024K)]
  0x000001bdf7fb16d0 JavaThread "Worker-JM"                         [_thread_blocked, id=132524, stack(0x0000009ef7200000,0x0000009ef7300000) (1024K)]
  0x000001bdf7fb3e30 JavaThread "JNA Cleaner"                daemon [_thread_blocked, id=132616, stack(0x0000009ef6600000,0x0000009ef6700000) (1024K)]
  0x000001bdf7fb1040 JavaThread "Worker-0"                          [_thread_blocked, id=132128, stack(0x0000009ef7000000,0x0000009ef7100000) (1024K)]
  0x000001bdf7fb1d60 JavaThread "Worker-1"                          [_thread_blocked, id=135272, stack(0x0000009ef7400000,0x0000009ef7500000) (1024K)]
  0x000001bdf83cc560 JavaThread "Worker-2"                          [_thread_blocked, id=135968, stack(0x0000009ef7500000,0x0000009ef7600000) (1024K)]
  0x000001bdf83d0070 JavaThread "Worker-3: Building"                [_thread_blocked, id=124996, stack(0x0000009ef7600000,0x0000009ef7700000) (1024K)]
  0x000001bdf813fde0 JavaThread "C1 CompilerThread1"         daemon [_thread_blocked, id=134828, stack(0x0000009ef5a00000,0x0000009ef5b00000) (1024K)]
  0x000001bdf81426c0 JavaThread "C1 CompilerThread2"         daemon [_thread_blocked, id=132552, stack(0x0000009ef5b00000,0x0000009ef5c00000) (1024K)]
  0x000001bdf8141250 JavaThread "C1 CompilerThread3"         daemon [_thread_blocked, id=129788, stack(0x0000009ef7700000,0x0000009ef7800000) (1024K)]
  0x000001bdf83cdfa0 JavaThread "Java indexing"              daemon [_thread_blocked, id=111280, stack(0x0000009ef7900000,0x0000009ef7a00000) (1024K)]
  0x000001bdf83ce630 JavaThread "Worker-4"                          [_thread_blocked, id=133468, stack(0x0000009ef7d00000,0x0000009ef7e00000) (1024K)]
  0x000001bdf83cf350 JavaThread "Worker-5"                          [_thread_blocked, id=134780, stack(0x0000009ef8100000,0x0000009ef8200000) (1024K)]
  0x000001bdf83ccbf0 JavaThread "Thread-1"                   daemon [_thread_in_native, id=126252, stack(0x0000009ef8200000,0x0000009ef8300000) (1024K)]
  0x000001bdf83d0700 JavaThread "Thread-2"                   daemon [_thread_in_native, id=128284, stack(0x0000009ef8300000,0x0000009ef8400000) (1024K)]
  0x000001bdf83d0d90 JavaThread "Thread-3"                   daemon [_thread_in_native, id=135092, stack(0x0000009ef8400000,0x0000009ef8500000) (1024K)]
  0x000001bdf83cd910 JavaThread "Thread-4"                   daemon [_thread_in_native, id=126468, stack(0x0000009ef8500000,0x0000009ef8600000) (1024K)]
  0x000001bdf83d3b80 JavaThread "Thread-5"                   daemon [_thread_in_native, id=133636, stack(0x0000009ef8600000,0x0000009ef8700000) (1024K)]
  0x000001bdf83d34f0 JavaThread "Thread-6"                   daemon [_thread_in_native, id=135352, stack(0x0000009ef8700000,0x0000009ef8800000) (1024K)]
  0x000001bdf83d2140 JavaThread "Thread-7"                   daemon [_thread_in_native, id=135680, stack(0x0000009ef8800000,0x0000009ef8900000) (1024K)]
  0x000001bdf83d1420 JavaThread "Thread-8"                   daemon [_thread_in_native, id=135672, stack(0x0000009ef8900000,0x0000009ef8a00000) (1024K)]
  0x000001bdf83d1ab0 JavaThread "Thread-9"                   daemon [_thread_in_native, id=135664, stack(0x0000009ef8a00000,0x0000009ef8b00000) (1024K)]
  0x000001bdf83d27d0 JavaThread "Thread-10"                  daemon [_thread_in_native, id=131948, stack(0x0000009ef8b00000,0x0000009ef8c00000) (1024K)]
  0x000001bdf83d2e60 JavaThread "Thread-11"                  daemon [_thread_in_native, id=135120, stack(0x0000009ef8c00000,0x0000009ef8d00000) (1024K)]
  0x000001bdfb944900 JavaThread "Thread-12"                  daemon [_thread_in_native, id=134808, stack(0x0000009ef8d00000,0x0000009ef8e00000) (1024K)]
  0x000001bdfb945620 JavaThread "Thread-13"                  daemon [_thread_in_native, id=131572, stack(0x0000009ef8e00000,0x0000009ef8f00000) (1024K)]
  0x000001bdfb943be0 JavaThread "Thread-14"                  daemon [_thread_in_native, id=135612, stack(0x0000009ef8f00000,0x0000009ef9000000) (1024K)]
  0x000001bdfb942ec0 JavaThread "Thread-15"                  daemon [_thread_in_native, id=134888, stack(0x0000009ef9000000,0x0000009ef9100000) (1024K)]
  0x000001bdfb944270 JavaThread "Thread-16"                  daemon [_thread_in_native, id=135648, stack(0x0000009ef9100000,0x0000009ef9200000) (1024K)]
  0x000001bdfb945cb0 JavaThread "Thread-17"                  daemon [_thread_in_native, id=135656, stack(0x0000009ef9200000,0x0000009ef9300000) (1024K)]
  0x000001bdfb942830 JavaThread "pool-2-thread-1"                   [_thread_blocked, id=123492, stack(0x0000009ef9300000,0x0000009ef9400000) (1024K)]
  0x000001bdfb944f90 JavaThread "ForkJoinPool.commonPool-worker-1" daemon [_thread_blocked, id=132120, stack(0x0000009ef9400000,0x0000009ef9500000) (1024K)]
  0x000001bdfb9469d0 JavaThread "ForkJoinPool.commonPool-worker-2" daemon [_thread_blocked, id=135544, stack(0x0000009ef9500000,0x0000009ef9600000) (1024K)]
  0x000001bdfb946340 JavaThread "ForkJoinPool.commonPool-worker-3" daemon [_thread_blocked, id=135628, stack(0x0000009ef9600000,0x0000009ef9700000) (1024K)]
  0x000001bdfb943550 JavaThread "ForkJoinPool.commonPool-worker-4" daemon [_thread_blocked, id=126328, stack(0x0000009ef9700000,0x0000009ef9800000) (1024K)]
  0x000001bdfb949e50 JavaThread "ForkJoinPool.commonPool-worker-5" daemon [_thread_blocked, id=135684, stack(0x0000009ef9800000,0x0000009ef9900000) (1024K)]
  0x000001bdfb947d80 JavaThread "ForkJoinPool.commonPool-worker-6" daemon [_thread_blocked, id=128712, stack(0x0000009ef9900000,0x0000009ef9a00000) (1024K)]
  0x000001bdfb949130 JavaThread "ForkJoinPool.commonPool-worker-7" daemon [_thread_blocked, id=133288, stack(0x0000009ef9a00000,0x0000009ef9b00000) (1024K)]
  0x000001bdfb9497c0 JavaThread "ForkJoinPool.commonPool-worker-8" daemon [_thread_blocked, id=133644, stack(0x0000009ef9b00000,0x0000009ef9c00000) (1024K)]
  0x000001bdfb948aa0 JavaThread "ForkJoinPool.commonPool-worker-9" daemon [_thread_blocked, id=130768, stack(0x0000009ef9c00000,0x0000009ef9d00000) (1024K)]
  0x000001bdfb948410 JavaThread "ForkJoinPool.commonPool-worker-10" daemon [_thread_blocked, id=134736, stack(0x0000009ef9d00000,0x0000009ef9e00000) (1024K)]
  0x000001bdfb947060 JavaThread "ForkJoinPool.commonPool-worker-11" daemon [_thread_blocked, id=136144, stack(0x0000009ef9e00000,0x0000009ef9f00000) (1024K)]
  0x000001bdfb9476f0 JavaThread "ForkJoinPool.commonPool-worker-12" daemon [_thread_blocked, id=134604, stack(0x0000009ef9f00000,0x0000009efa000000) (1024K)]
  0x000001bdfcc9bff0 JavaThread "ForkJoinPool.commonPool-worker-14" daemon [_thread_blocked, id=118120, stack(0x0000009efa000000,0x0000009efa100000) (1024K)]
  0x000001bdfcc9c680 JavaThread "ForkJoinPool.commonPool-worker-13" daemon [_thread_blocked, id=135940, stack(0x0000009efa100000,0x0000009efa200000) (1024K)]
  0x000001bdfcc9b2d0 JavaThread "ForkJoinPool.commonPool-worker-15" daemon [_thread_blocked, id=135936, stack(0x0000009efa200000,0x0000009efa300000) (1024K)]
  0x000001bdfcc9cd10 JavaThread "WorkspaceEventsHandler"            [_thread_blocked, id=135300, stack(0x0000009efa300000,0x0000009efa400000) (1024K)]
  0x000001bdfcc9ac40 JavaThread "pool-1-thread-1"                   [_thread_blocked, id=135304, stack(0x0000009efa400000,0x0000009efa500000) (1024K)]
  0x000001bdfcc9e0c0 JavaThread "LocalFile Deleter"          daemon [_thread_blocked, id=133364, stack(0x0000009efa500000,0x0000009efa600000) (1024K)]
  0x000001bdfcc9ede0 JavaThread "LocalFile Deleter"          daemon [_thread_blocked, id=130252, stack(0x0000009efa600000,0x0000009efa700000) (1024K)]
  0x000001bdfcc9b960 JavaThread "LocalFile Deleter"          daemon [_thread_blocked, id=134824, stack(0x0000009efa700000,0x0000009efa800000) (1024K)]
  0x000001bdfcc9f470 JavaThread "LocalFile Deleter"          daemon [_thread_blocked, id=131784, stack(0x0000009efa800000,0x0000009efa900000) (1024K)]
  0x000001bdfcca1bd0 JavaThread "LocalFile Deleter"          daemon [_thread_blocked, id=135932, stack(0x0000009efa900000,0x0000009efaa00000) (1024K)]
  0x000001bdfcc9fb00 JavaThread "LocalFile Deleter"          daemon [_thread_blocked, id=108724, stack(0x0000009efaa00000,0x0000009efab00000) (1024K)]
  0x000001bdfcca0190 JavaThread "LocalFile Deleter"          daemon [_thread_blocked, id=134772, stack(0x0000009efab00000,0x0000009efac00000) (1024K)]
  0x000001bdfcca0820 JavaThread "LocalFile Deleter"          daemon [_thread_blocked, id=126828, stack(0x0000009efac00000,0x0000009efad00000) (1024K)]
  0x000001bdfcca2260 JavaThread "LocalFile Deleter"          daemon [_thread_blocked, id=135676, stack(0x0000009efad00000,0x0000009efae00000) (1024K)]
  0x000001bdfcca0eb0 JavaThread "LocalFile Deleter"          daemon [_thread_blocked, id=135560, stack(0x0000009efae00000,0x0000009efaf00000) (1024K)]
  0x000001bdfcca1540 JavaThread "LocalFile Deleter"          daemon [_thread_blocked, id=136120, stack(0x0000009efaf00000,0x0000009efb000000) (1024K)]
  0x000001bdfc9632e0 JavaThread "LocalFile Deleter"          daemon [_thread_blocked, id=136116, stack(0x0000009efb000000,0x0000009efb100000) (1024K)]
  0x000001bdfc960b80 JavaThread "LocalFile Deleter"          daemon [_thread_blocked, id=131432, stack(0x0000009efb100000,0x0000009efb200000) (1024K)]
  0x000001bdfc9618a0 JavaThread "LocalFile Deleter"          daemon [_thread_blocked, id=135176, stack(0x0000009efb200000,0x0000009efb300000) (1024K)]
  0x000001bdfc963970 JavaThread "LocalFile Deleter"          daemon [_thread_blocked, id=135816, stack(0x0000009efb300000,0x0000009efb400000) (1024K)]
  0x000001bdfc9604f0 JavaThread "LocalFile Deleter"          daemon [_thread_blocked, id=132372, stack(0x0000009efb400000,0x0000009efb500000) (1024K)]
  0x000001bdfc964000 JavaThread "Compiler Source File Reader" daemon [_thread_blocked, id=135396, stack(0x0000009ef7b00000,0x0000009ef7c00000) (1024K)]
  0x000001bdfc9625c0 JavaThread "Compiler Source File Reader" daemon [_thread_blocked, id=130612, stack(0x0000009ef7c00000,0x0000009ef7d00000) (1024K)]
  0x000001bdfc964d20 JavaThread "Compiler Source File Reader" daemon [_thread_blocked, id=134376, stack(0x0000009efb500000,0x0000009efb600000) (1024K)]
  0x000001bdfc961f30 JavaThread "Compiler Source File Reader" daemon [_thread_blocked, id=105972, stack(0x0000009efb600000,0x0000009efb700000) (1024K)]
  0x000001bdfc9653b0 JavaThread "Compiler Source File Reader" daemon [_thread_blocked, id=130660, stack(0x0000009efb700000,0x0000009efb800000) (1024K)]
  0x000001bdfc965a40 JavaThread "Compiler Source File Reader" daemon [_thread_blocked, id=131936, stack(0x0000009efb800000,0x0000009efb900000) (1024K)]
  0x000001bdfc9660d0 JavaThread "Compiler Source File Reader" daemon [_thread_blocked, id=135392, stack(0x0000009efb900000,0x0000009efba00000) (1024K)]
  0x000001bdfc962c50 JavaThread "Compiler Source File Reader" daemon [_thread_blocked, id=116576, stack(0x0000009efba00000,0x0000009efbb00000) (1024K)]
  0x000001bdfc966760 JavaThread "Compiler Source File Reader" daemon [_thread_blocked, id=135532, stack(0x0000009efbb00000,0x0000009efbc00000) (1024K)]
  0x000001bdfc967480 JavaThread "Compiler Source File Reader" daemon [_thread_blocked, id=135896, stack(0x0000009efbc00000,0x0000009efbd00000) (1024K)]
  0x000001bdfc966df0 JavaThread "Compiler Source File Reader" daemon [_thread_blocked, id=134480, stack(0x0000009efbd00000,0x0000009efbe00000) (1024K)]
  0x000001bdfc967b10 JavaThread "Compiler Source File Reader" daemon [_thread_blocked, id=132900, stack(0x0000009efbe00000,0x0000009efbf00000) (1024K)]
  0x000001bdfd6547d0 JavaThread "Compiler Source File Reader" daemon [_thread_blocked, id=132000, stack(0x0000009efbf00000,0x0000009efc000000) (1024K)]
  0x000001bdfd654e60 JavaThread "Compiler Source File Reader" daemon [_thread_blocked, id=134992, stack(0x0000009efc000000,0x0000009efc100000) (1024K)]
  0x000001bdfbdb8e20 JavaThread "C2 CompilerThread2"         daemon [_thread_in_native, id=134492, stack(0x0000009ef5900000,0x0000009ef5a00000) (1024K)]
  0x000001bdfbdb8080 JavaThread "C2 CompilerThread3"         daemon [_thread_blocked, id=130712, stack(0x0000009ef7800000,0x0000009ef7900000) (1024K)]
  0x000001bdfbdb79b0 JavaThread "C2 CompilerThread4"         daemon [_thread_blocked, id=124612, stack(0x0000009ef7a00000,0x0000009ef7b00000) (1024K)]
  0x000001bdfbdb8750 JavaThread "C2 CompilerThread5"         daemon [_thread_blocked, id=135712, stack(0x0000009efc100000,0x0000009efc200000) (1024K)]
Total: 99

Other Threads:
  0x000001bdd9324990 VMThread "VM Thread"                           [id=132316, stack(0x0000009ef5000000,0x0000009ef5100000) (1024K)]
  0x000001bdd921cb20 WatcherThread "VM Periodic Task Thread"        [id=132952, stack(0x0000009ef4f00000,0x0000009ef5000000) (1024K)]
  0x000001bdd93a9770 WorkerThread "GC Thread#0"                     [id=135588, stack(0x0000009ef4e00000,0x0000009ef4f00000) (1024K)]
  0x000001bdf78a5280 WorkerThread "GC Thread#1"                     [id=135872, stack(0x0000009ef6000000,0x0000009ef6100000) (1024K)]
  0x000001bdf78a5840 WorkerThread "GC Thread#2"                     [id=134672, stack(0x0000009ef6100000,0x0000009ef6200000) (1024K)]
  0x000001bdf7b1d940 WorkerThread "GC Thread#3"                     [id=135528, stack(0x0000009ef6200000,0x0000009ef6300000) (1024K)]
  0x000001bdf789bac0 WorkerThread "GC Thread#4"                     [id=134768, stack(0x0000009ef6300000,0x0000009ef6400000) (1024K)]
  0x000001bdf77dc1b0 WorkerThread "GC Thread#5"                     [id=134904, stack(0x0000009ef6400000,0x0000009ef6500000) (1024K)]
  0x000001bdf77dc560 WorkerThread "GC Thread#6"                     [id=135516, stack(0x0000009ef6500000,0x0000009ef6600000) (1024K)]
  0x000001bdf77db6a0 WorkerThread "GC Thread#7"                     [id=132652, stack(0x0000009ef6800000,0x0000009ef6900000) (1024K)]
  0x000001bdf77dc910 WorkerThread "GC Thread#8"                     [id=116104, stack(0x0000009ef6c00000,0x0000009ef6d00000) (1024K)]
  0x000001bdf7ece1e0 WorkerThread "GC Thread#9"                     [id=126268, stack(0x0000009ef6d00000,0x0000009ef6e00000) (1024K)]
  0x000001bdf7eccbc0 WorkerThread "GC Thread#10"                    [id=132512, stack(0x0000009ef6e00000,0x0000009ef6f00000) (1024K)]
  0x000001bdf7eccf70 WorkerThread "GC Thread#11"                    [id=131692, stack(0x0000009ef7100000,0x0000009ef7200000) (1024K)]
  0x000001bdf7ecfbb0 WorkerThread "GC Thread#12"                    [id=135212, stack(0x0000009ef7300000,0x0000009ef7400000) (1024K)]
Total: 15

Threads with active compile tasks:
C2 CompilerThread0  13990 9550       4       lombok.eclipse.handlers.EclipseHandlerUtil::setGeneratedBy (10 bytes)
C1 CompilerThread0  13990 11169       3       java.util.Spliterators::spliteratorUnknownSize (16 bytes)
C2 CompilerThread1  13990 10993       4       org.eclipse.jdt.internal.compiler.lookup.SortedCompoundNameVector::add (84 bytes)
C1 CompilerThread1  13990 11170       3       java.util.Spliterators$IteratorSpliterator::<init> (31 bytes)
C1 CompilerThread2  13990 11167       3       org.eclipse.jdt.internal.compiler.lookup.Scope::findMemberType (723 bytes)
C1 CompilerThread3  13990 11171       3       java.util.stream.MatchOps::makeRef (29 bytes)
C2 CompilerThread2  13990 9549   !   4       lombok.core.FieldAugment$ReflectionFieldAugment::getAndSet (80 bytes)
C2 CompilerThread3  13990 11047       4       jdk.internal.jrtfs.JrtPath::hashCode (8 bytes)
C2 CompilerThread4  13990 11140       4       org.eclipse.jdt.internal.core.builder.NameEnvironment::findClass (486 bytes)
C2 CompilerThread5  13990 11164       4       org.eclipse.jdt.internal.core.builder.NameEnvironment::getModulesDeclaringPackage (336 bytes)
Total: 10

VM state: at safepoint (normal execution)

VM Mutex/Monitor currently owned by a thread:  ([mutex/lock_event])
[0x00007ff8576ae560] Threads_lock - owner thread: 0x000001bdd9324990
[0x00007ff8576ae660] Heap_lock - owner thread: 0x000001bdf133a840

Heap address: 0x0000000080000000, size: 2048 MB, Compressed Oops mode: 32-bit

CDS archive(s) mapped at: [0x000001bd80000000-0x000001bd80ba0000-0x000001bd80ba0000), size 12189696, SharedBaseAddress: 0x000001bd80000000, ArchiveRelocationMode: 1.
Compressed class space mapped at: 0x000001bd81000000-0x000001bdc1000000, reserved size: 1073741824
Narrow klass base: 0x000001bd80000000, Narrow klass shift: 0, Narrow klass range: 0x100000000

GC Precious Log:
 CardTable entry size: 512
 CPUs: 16 total, 16 available
 Memory: 32719M
 Large Page Support: Disabled
 NUMA Support: Disabled
 Compressed Oops: Enabled (32-bit)
 Alignments: Space 512K, Generation 512K, Heap 2M
 Heap Min Capacity: 100M
 Heap Initial Capacity: 100M
 Heap Max Capacity: 2G
 Pre-touch: Disabled
 Parallel Workers: 13

Heap:
 PSYoungGen      total 14848K, used 416K [0x00000000d5580000, 0x00000000d6780000, 0x0000000100000000)
  eden space 14336K, 0% used [0x00000000d5580000,0x00000000d5580000,0x00000000d6380000)
  from space 512K, 81% used [0x00000000d6380000,0x00000000d63e8000,0x00000000d6400000)
  to   space 1536K, 0% used [0x00000000d6600000,0x00000000d6600000,0x00000000d6780000)
 ParOldGen       total 96768K, used 96304K [0x0000000080000000, 0x0000000085e80000, 0x00000000d5580000)
  object space 96768K, 99% used [0x0000000080000000,0x0000000085e0c1e0,0x0000000085e80000)
 Metaspace       used 58392K, committed 59776K, reserved 1114112K
  class space    used 6087K, committed 6720K, reserved 1048576K

Card table byte_map: [0x000001bdd8d30000,0x000001bdd9140000] _byte_map_base: 0x000001bdd8930000

Marking Bits: (ParMarkBitMap*) 0x00007ff8576b3450
 Begin Bits: [0x000001bdeb840000, 0x000001bded840000)
 End Bits:   [0x000001bded840000, 0x000001bdef840000)

Polling page: 0x000001bdd7420000

Metaspace:

Usage:
  Non-class:     51.08 MB used.
      Class:      5.95 MB used.
       Both:     57.02 MB used.

Virtual space:
  Non-class space:       64.00 MB reserved,      51.81 MB ( 81%) committed,  1 nodes.
      Class space:        1.00 GB reserved,       6.56 MB ( <1%) committed,  1 nodes.
             Both:        1.06 GB reserved,      58.38 MB (  5%) committed. 

Chunk freelists:
   Non-Class:  11.30 MB
       Class:  9.39 MB
        Both:  20.69 MB

MaxMetaspaceSize: unlimited
CompressedClassSpaceSize: 1.00 GB
Initial GC threshold: 21.00 MB
Current GC threshold: 58.38 MB
CDS: on
 - commit_granule_bytes: 65536.
 - commit_granule_words: 8192.
 - virtual_space_node_default_size: 8388608.
 - enlarge_chunks_in_place: 1.
 - use_allocation_guard: 0.


Internal statistics:

num_allocs_failed_limit: 9.
num_arena_births: 1182.
num_arena_deaths: 14.
num_vsnodes_births: 2.
num_vsnodes_deaths: 0.
num_space_committed: 934.
num_space_uncommitted: 0.
num_chunks_returned_to_freelist: 23.
num_chunks_taken_from_freelist: 4077.
num_chunk_merges: 11.
num_chunk_splits: 2403.
num_chunks_enlarged: 1221.
num_inconsistent_stats: 0.

CodeHeap 'non-profiled nmethods': size=119168Kb used=6751Kb max_used=6751Kb free=112416Kb
 bounds [0x000001bde4130000, 0x000001bde47d0000, 0x000001bdeb590000]
CodeHeap 'profiled nmethods': size=119104Kb used=24445Kb max_used=24445Kb free=94658Kb
 bounds [0x000001bddc590000, 0x000001bdddd70000, 0x000001bde39e0000]
CodeHeap 'non-nmethods': size=7488Kb used=3098Kb max_used=3162Kb free=4389Kb
 bounds [0x000001bde39e0000, 0x000001bde3d00000, 0x000001bde4130000]
CodeCache: size=245760Kb, used=34294Kb, max_used=34358Kb, free=211463Kb
 total_blobs=11232, nmethods=10514, adapters=620, full_count=0
Compilation: enabled, stopped_count=0, restarted_count=0

Compilation events (20 events):
Event: 12.875 Thread 0x000001bdf8141250 nmethod 11158 0x000001bdddd69e90 code [0x000001bdddd6a040, 0x000001bdddd6a298]
Event: 12.876 Thread 0x000001bdf81426c0 nmethod 11161 0x000001bdddd6a410 code [0x000001bdddd6a5c0, 0x000001bdddd6a7a0]
Event: 12.876 Thread 0x000001bdf813fde0 nmethod 11157 0x000001bdddd6a890 code [0x000001bdddd6aa80, 0x000001bdddd6b108]
Event: 12.876 Thread 0x000001bdf8141250 11162       3       org.eclipse.jdt.internal.compiler.ast.Literal::resolveType (44 bytes)
Event: 12.876 Thread 0x000001bdf8141250 nmethod 11162 0x000001bdddd6b290 code [0x000001bdddd6b480, 0x000001bdddd6b948]
Event: 12.876 Thread 0x000001bdf813fde0 11163       3       org.eclipse.jdt.internal.compiler.lookup.LookupEnvironment::getResolvedType (80 bytes)
Event: 12.876 Thread 0x000001bdf133a840 nmethod 11154 0x000001bdddd6ba90 code [0x000001bdddd6be20, 0x000001bdddd6d640]
Event: 12.877 Thread 0x000001bdfbdb8750 nmethod 9027 0x000001bde47c6f90 code [0x000001bde47c7120, 0x000001bde47c7210]
Event: 12.877 Thread 0x000001bdf813fde0 nmethod 11163 0x000001bdddd6df90 code [0x000001bdddd6e1a0, 0x000001bdddd6e600]
Event: 12.877 Thread 0x000001bdfbdb8750 11164       4       org.eclipse.jdt.internal.core.builder.NameEnvironment::getModulesDeclaringPackage (336 bytes)
Event: 12.878 Thread 0x000001bdf133a840 11166       3       org.eclipse.jdt.internal.compiler.lookup.ReferenceBinding::storeAnnotations (97 bytes)
Event: 12.878 Thread 0x000001bdf81426c0 11167       3       org.eclipse.jdt.internal.compiler.lookup.Scope::findMemberType (723 bytes)
Event: 12.878 Thread 0x000001bdfbdb8080 nmethod 11159 0x000001bde47c7310 code [0x000001bde47c74e0, 0x000001bde47c7760]
Event: 12.878 Thread 0x000001bdfbdb8080 11026       4       jdk.internal.jrtfs.JrtFileSystem::getPath (7 bytes)
Event: 12.879 Thread 0x000001bdf133a840 nmethod 11166 0x000001bdddd6e810 code [0x000001bdddd6ea60, 0x000001bdddd6f500]
Event: 12.879 Thread 0x000001bdfbdb8080 nmethod 11026 0x000001bde47c7990 code [0x000001bde47c7b20, 0x000001bde47c7bd0]
Event: 12.879 Thread 0x000001bdfbdb8080 11047       4       jdk.internal.jrtfs.JrtPath::hashCode (8 bytes)
Event: 12.880 Thread 0x000001bdf133a840 11169       3       java.util.Spliterators::spliteratorUnknownSize (16 bytes)
Event: 12.880 Thread 0x000001bdf813fde0 11170       3       java.util.Spliterators$IteratorSpliterator::<init> (31 bytes)
Event: 12.880 Thread 0x000001bdf8141250 11171       3       java.util.stream.MatchOps::makeRef (29 bytes)

GC Heap History (20 events):
Event: 12.148 GC heap after
{Heap after GC invocations=57 (full 2):
 PSYoungGen      total 15872K, used 1520K [0x00000000d5580000, 0x00000000d6780000, 0x0000000100000000)
  eden space 14336K, 0% used [0x00000000d5580000,0x00000000d5580000,0x00000000d6380000)
  from space 1536K, 98% used [0x00000000d6380000,0x00000000d64fc030,0x00000000d6500000)
  to   space 2048K, 0% used [0x00000000d6580000,0x00000000d6580000,0x00000000d6780000)
 ParOldGen       total 82432K, used 82269K [0x0000000080000000, 0x0000000085080000, 0x00000000d5580000)
  object space 82432K, 99% used [0x0000000080000000,0x0000000085057680,0x0000000085080000)
 Metaspace       used 57227K, committed 58624K, reserved 1114112K
  class space    used 6027K, committed 6656K, reserved 1048576K
}
Event: 12.211 GC heap before
{Heap before GC invocations=58 (full 2):
 PSYoungGen      total 15872K, used 15856K [0x00000000d5580000, 0x00000000d6780000, 0x0000000100000000)
  eden space 14336K, 100% used [0x00000000d5580000,0x00000000d6380000,0x00000000d6380000)
  from space 1536K, 98% used [0x00000000d6380000,0x00000000d64fc030,0x00000000d6500000)
  to   space 2048K, 0% used [0x00000000d6580000,0x00000000d6580000,0x00000000d6780000)
 ParOldGen       total 82432K, used 82269K [0x0000000080000000, 0x0000000085080000, 0x00000000d5580000)
  object space 82432K, 99% used [0x0000000080000000,0x0000000085057680,0x0000000085080000)
 Metaspace       used 57245K, committed 58624K, reserved 1114112K
  class space    used 6029K, committed 6656K, reserved 1048576K
}
Event: 12.214 GC heap after
{Heap after GC invocations=58 (full 2):
 PSYoungGen      total 15872K, used 1376K [0x00000000d5580000, 0x00000000d6700000, 0x0000000100000000)
  eden space 14336K, 0% used [0x00000000d5580000,0x00000000d5580000,0x00000000d6380000)
  from space 1536K, 89% used [0x00000000d6580000,0x00000000d66d8020,0x00000000d6700000)
  to   space 1536K, 0% used [0x00000000d6380000,0x00000000d6380000,0x00000000d6500000)
 ParOldGen       total 83968K, used 83545K [0x0000000080000000, 0x0000000085200000, 0x00000000d5580000)
  object space 83968K, 99% used [0x0000000080000000,0x0000000085196718,0x0000000085200000)
 Metaspace       used 57245K, committed 58624K, reserved 1114112K
  class space    used 6029K, committed 6656K, reserved 1048576K
}
Event: 12.257 GC heap before
{Heap before GC invocations=59 (full 2):
 PSYoungGen      total 15872K, used 15712K [0x00000000d5580000, 0x00000000d6700000, 0x0000000100000000)
  eden space 14336K, 100% used [0x00000000d5580000,0x00000000d6380000,0x00000000d6380000)
  from space 1536K, 89% used [0x00000000d6580000,0x00000000d66d8020,0x00000000d6700000)
  to   space 1536K, 0% used [0x00000000d6380000,0x00000000d6380000,0x00000000d6500000)
 ParOldGen       total 83968K, used 83545K [0x0000000080000000, 0x0000000085200000, 0x00000000d5580000)
  object space 83968K, 99% used [0x0000000080000000,0x0000000085196718,0x0000000085200000)
 Metaspace       used 57255K, committed 58624K, reserved 1114112K
  class space    used 6030K, committed 6656K, reserved 1048576K
}
Event: 12.259 GC heap after
{Heap after GC invocations=59 (full 2):
 PSYoungGen      total 15872K, used 1187K [0x00000000d5580000, 0x00000000d6680000, 0x0000000100000000)
  eden space 14336K, 0% used [0x00000000d5580000,0x00000000d5580000,0x00000000d6380000)
  from space 1536K, 77% used [0x00000000d6380000,0x00000000d64a8cf0,0x00000000d6500000)
  to   space 1536K, 0% used [0x00000000d6500000,0x00000000d6500000,0x00000000d6680000)
 ParOldGen       total 84992K, used 84778K [0x0000000080000000, 0x0000000085300000, 0x00000000d5580000)
  object space 84992K, 99% used [0x0000000080000000,0x00000000852ca8e8,0x0000000085300000)
 Metaspace       used 57255K, committed 58624K, reserved 1114112K
  class space    used 6030K, committed 6656K, reserved 1048576K
}
Event: 12.301 GC heap before
{Heap before GC invocations=60 (full 2):
 PSYoungGen      total 15872K, used 15523K [0x00000000d5580000, 0x00000000d6680000, 0x0000000100000000)
  eden space 14336K, 100% used [0x00000000d5580000,0x00000000d6380000,0x00000000d6380000)
  from space 1536K, 77% used [0x00000000d6380000,0x00000000d64a8cf0,0x00000000d6500000)
  to   space 1536K, 0% used [0x00000000d6500000,0x00000000d6500000,0x00000000d6680000)
 ParOldGen       total 84992K, used 84778K [0x0000000080000000, 0x0000000085300000, 0x00000000d5580000)
  object space 84992K, 99% used [0x0000000080000000,0x00000000852ca8e8,0x0000000085300000)
 Metaspace       used 57273K, committed 58624K, reserved 1114112K
  class space    used 6030K, committed 6656K, reserved 1048576K
}
Event: 12.302 GC heap after
{Heap after GC invocations=60 (full 2):
 PSYoungGen      total 15872K, used 1312K [0x00000000d5580000, 0x00000000d6680000, 0x0000000100000000)
  eden space 14336K, 0% used [0x00000000d5580000,0x00000000d5580000,0x00000000d6380000)
  from space 1536K, 85% used [0x00000000d6500000,0x00000000d6648000,0x00000000d6680000)
  to   space 1536K, 0% used [0x00000000d6380000,0x00000000d6380000,0x00000000d6500000)
 ParOldGen       total 86016K, used 85801K [0x0000000080000000, 0x0000000085400000, 0x00000000d5580000)
  object space 86016K, 99% used [0x0000000080000000,0x00000000853ca608,0x0000000085400000)
 Metaspace       used 57273K, committed 58624K, reserved 1114112K
  class space    used 6030K, committed 6656K, reserved 1048576K
}
Event: 12.350 GC heap before
{Heap before GC invocations=61 (full 2):
 PSYoungGen      total 15872K, used 15648K [0x00000000d5580000, 0x00000000d6680000, 0x0000000100000000)
  eden space 14336K, 100% used [0x00000000d5580000,0x00000000d6380000,0x00000000d6380000)
  from space 1536K, 85% used [0x00000000d6500000,0x00000000d6648000,0x00000000d6680000)
  to   space 1536K, 0% used [0x00000000d6380000,0x00000000d6380000,0x00000000d6500000)
 ParOldGen       total 86016K, used 85801K [0x0000000080000000, 0x0000000085400000, 0x00000000d5580000)
  object space 86016K, 99% used [0x0000000080000000,0x00000000853ca608,0x0000000085400000)
 Metaspace       used 57343K, committed 58688K, reserved 1114112K
  class space    used 6030K, committed 6656K, reserved 1048576K
}
Event: 12.352 GC heap after
{Heap after GC invocations=61 (full 2):
 PSYoungGen      total 15872K, used 1505K [0x00000000d5580000, 0x00000000d6980000, 0x0000000100000000)
  eden space 14336K, 0% used [0x00000000d5580000,0x00000000d5580000,0x00000000d6380000)
  from space 1536K, 98% used [0x00000000d6380000,0x00000000d64f87f0,0x00000000d6500000)
  to   space 3072K, 0% used [0x00000000d6680000,0x00000000d6680000,0x00000000d6980000)
 ParOldGen       total 87040K, used 86905K [0x0000000080000000, 0x0000000085500000, 0x00000000d5580000)
  object space 87040K, 99% used [0x0000000080000000,0x00000000854de708,0x0000000085500000)
 Metaspace       used 57343K, committed 58688K, reserved 1114112K
  class space    used 6030K, committed 6656K, reserved 1048576K
}
Event: 12.380 GC heap before
{Heap before GC invocations=62 (full 2):
 PSYoungGen      total 15872K, used 15841K [0x00000000d5580000, 0x00000000d6980000, 0x0000000100000000)
  eden space 14336K, 100% used [0x00000000d5580000,0x00000000d6380000,0x00000000d6380000)
  from space 1536K, 98% used [0x00000000d6380000,0x00000000d64f87f0,0x00000000d6500000)
  to   space 3072K, 0% used [0x00000000d6680000,0x00000000d6680000,0x00000000d6980000)
 ParOldGen       total 87040K, used 86905K [0x0000000080000000, 0x0000000085500000, 0x00000000d5580000)
  object space 87040K, 99% used [0x0000000080000000,0x00000000854de708,0x0000000085500000)
 Metaspace       used 57359K, committed 58752K, reserved 1114112K
  class space    used 6030K, committed 6656K, reserved 1048576K
}
Event: 12.382 GC heap after
{Heap after GC invocations=62 (full 2):
 PSYoungGen      total 15872K, used 1056K [0x00000000d5580000, 0x00000000d6800000, 0x0000000100000000)
  eden space 14336K, 0% used [0x00000000d5580000,0x00000000d5580000,0x00000000d6380000)
  from space 1536K, 68% used [0x00000000d6680000,0x00000000d6788020,0x00000000d6800000)
  to   space 2048K, 0% used [0x00000000d6400000,0x00000000d6400000,0x00000000d6600000)
 ParOldGen       total 88576K, used 88287K [0x0000000080000000, 0x0000000085680000, 0x00000000d5580000)
  object space 88576K, 99% used [0x0000000080000000,0x0000000085637e80,0x0000000085680000)
 Metaspace       used 57359K, committed 58752K, reserved 1114112K
  class space    used 6030K, committed 6656K, reserved 1048576K
}
Event: 12.414 GC heap before
{Heap before GC invocations=63 (full 2):
 PSYoungGen      total 15872K, used 15392K [0x00000000d5580000, 0x00000000d6800000, 0x0000000100000000)
  eden space 14336K, 100% used [0x00000000d5580000,0x00000000d6380000,0x00000000d6380000)
  from space 1536K, 68% used [0x00000000d6680000,0x00000000d6788020,0x00000000d6800000)
  to   space 2048K, 0% used [0x00000000d6400000,0x00000000d6400000,0x00000000d6600000)
 ParOldGen       total 88576K, used 88287K [0x0000000080000000, 0x0000000085680000, 0x00000000d5580000)
  object space 88576K, 99% used [0x0000000080000000,0x0000000085637e80,0x0000000085680000)
 Metaspace       used 57380K, committed 58816K, reserved 1114112K
  class space    used 6031K, committed 6720K, reserved 1048576K
}
Event: 12.416 GC heap after
{Heap after GC invocations=63 (full 2):
 PSYoungGen      total 15872K, used 1175K [0x00000000d5580000, 0x00000000d6700000, 0x0000000100000000)
  eden space 14336K, 0% used [0x00000000d5580000,0x00000000d5580000,0x00000000d6380000)
  from space 1536K, 76% used [0x00000000d6400000,0x00000000d6525f90,0x00000000d6580000)
  to   space 1536K, 0% used [0x00000000d6580000,0x00000000d6580000,0x00000000d6700000)
 ParOldGen       total 89600K, used 89188K [0x0000000080000000, 0x0000000085780000, 0x00000000d5580000)
  object space 89600K, 99% used [0x0000000080000000,0x00000000857191b8,0x0000000085780000)
 Metaspace       used 57380K, committed 58816K, reserved 1114112K
  class space    used 6031K, committed 6720K, reserved 1048576K
}
Event: 12.450 GC heap before
{Heap before GC invocations=64 (full 2):
 PSYoungGen      total 15872K, used 15511K [0x00000000d5580000, 0x00000000d6700000, 0x0000000100000000)
  eden space 14336K, 100% used [0x00000000d5580000,0x00000000d6380000,0x00000000d6380000)
  from space 1536K, 76% used [0x00000000d6400000,0x00000000d6525f90,0x00000000d6580000)
  to   space 1536K, 0% used [0x00000000d6580000,0x00000000d6580000,0x00000000d6700000)
 ParOldGen       total 89600K, used 89188K [0x0000000080000000, 0x0000000085780000, 0x00000000d5580000)
  object space 89600K, 99% used [0x0000000080000000,0x00000000857191b8,0x0000000085780000)
 Metaspace       used 57401K, committed 58816K, reserved 1114112K
  class space    used 6032K, committed 6720K, reserved 1048576K
}
Event: 12.452 GC heap after
{Heap after GC invocations=64 (full 2):
 PSYoungGen      total 15872K, used 1344K [0x00000000d5580000, 0x00000000d6700000, 0x0000000100000000)
  eden space 14336K, 0% used [0x00000000d5580000,0x00000000d5580000,0x00000000d6380000)
  from space 1536K, 87% used [0x00000000d6580000,0x00000000d66d0060,0x00000000d6700000)
  to   space 1536K, 0% used [0x00000000d6400000,0x00000000d6400000,0x00000000d6580000)
 ParOldGen       total 90624K, used 90118K [0x0000000080000000, 0x0000000085880000, 0x00000000d5580000)
  object space 90624K, 99% used [0x0000000080000000,0x0000000085801838,0x0000000085880000)
 Metaspace       used 57401K, committed 58816K, reserved 1114112K
  class space    used 6032K, committed 6720K, reserved 1048576K
}
Event: 12.598 GC heap before
{Heap before GC invocations=65 (full 2):
 PSYoungGen      total 15872K, used 15680K [0x00000000d5580000, 0x00000000d6700000, 0x0000000100000000)
  eden space 14336K, 100% used [0x00000000d5580000,0x00000000d6380000,0x00000000d6380000)
  from space 1536K, 87% used [0x00000000d6580000,0x00000000d66d0060,0x00000000d6700000)
  to   space 1536K, 0% used [0x00000000d6400000,0x00000000d6400000,0x00000000d6580000)
 ParOldGen       total 90624K, used 90118K [0x0000000080000000, 0x0000000085880000, 0x00000000d5580000)
  object space 90624K, 99% used [0x0000000080000000,0x0000000085801838,0x0000000085880000)
 Metaspace       used 57763K, committed 59136K, reserved 1114112K
  class space    used 6068K, committed 6720K, reserved 1048576K
}
Event: 12.601 GC heap after
{Heap after GC invocations=65 (full 2):
 PSYoungGen      total 15872K, used 1536K [0x00000000d5580000, 0x00000000d6a80000, 0x0000000100000000)
  eden space 14336K, 0% used [0x00000000d5580000,0x00000000d5580000,0x00000000d6380000)
  from space 1536K, 100% used [0x00000000d6400000,0x00000000d6580000,0x00000000d6580000)
  to   space 3584K, 0% used [0x00000000d6700000,0x00000000d6700000,0x00000000d6a80000)
 ParOldGen       total 91648K, used 91502K [0x0000000080000000, 0x0000000085980000, 0x00000000d5580000)
  object space 91648K, 99% used [0x0000000080000000,0x000000008595ba00,0x0000000085980000)
 Metaspace       used 57763K, committed 59136K, reserved 1114112K
  class space    used 6068K, committed 6720K, reserved 1048576K
}
Event: 12.836 GC heap before
{Heap before GC invocations=66 (full 2):
 PSYoungGen      total 15872K, used 15872K [0x00000000d5580000, 0x00000000d6a80000, 0x0000000100000000)
  eden space 14336K, 100% used [0x00000000d5580000,0x00000000d6380000,0x00000000d6380000)
  from space 1536K, 100% used [0x00000000d6400000,0x00000000d6580000,0x00000000d6580000)
  to   space 3584K, 0% used [0x00000000d6700000,0x00000000d6700000,0x00000000d6a80000)
 ParOldGen       total 91648K, used 91502K [0x0000000080000000, 0x0000000085980000, 0x00000000d5580000)
  object space 91648K, 99% used [0x0000000080000000,0x000000008595ba00,0x0000000085980000)
 Metaspace       used 58326K, committed 59648K, reserved 1114112K
  class space    used 6087K, committed 6720K, reserved 1048576K
}
Event: 12.842 GC heap after
{Heap after GC invocations=66 (full 2):
 PSYoungGen      total 17920K, used 3399K [0x00000000d5580000, 0x00000000d6a80000, 0x0000000100000000)
  eden space 14336K, 0% used [0x00000000d5580000,0x00000000d5580000,0x00000000d6380000)
  from space 3584K, 94% used [0x00000000d6700000,0x00000000d6a51e68,0x00000000d6a80000)
  to   space 3584K, 0% used [0x00000000d6380000,0x00000000d6380000,0x00000000d6700000)
 ParOldGen       total 93184K, used 93039K [0x0000000080000000, 0x0000000085b00000, 0x00000000d5580000)
  object space 93184K, 99% used [0x0000000080000000,0x0000000085adbe78,0x0000000085b00000)
 Metaspace       used 58326K, committed 59648K, reserved 1114112K
  class space    used 6087K, committed 6720K, reserved 1048576K
}
Event: 12.880 GC heap before
{Heap before GC invocations=67 (full 2):
 PSYoungGen      total 17920K, used 7321K [0x00000000d5580000, 0x00000000d6a80000, 0x0000000100000000)
  eden space 14336K, 27% used [0x00000000d5580000,0x00000000d5954618,0x00000000d6380000)
  from space 3584K, 94% used [0x00000000d6700000,0x00000000d6a51e68,0x00000000d6a80000)
  to   space 3584K, 0% used [0x00000000d6380000,0x00000000d6380000,0x00000000d6700000)
 ParOldGen       total 93184K, used 93039K [0x0000000080000000, 0x0000000085b00000, 0x00000000d5580000)
  object space 93184K, 99% used [0x0000000080000000,0x0000000085adbe78,0x0000000085b00000)
 Metaspace       used 58392K, committed 59776K, reserved 1114112K
  class space    used 6087K, committed 6720K, reserved 1048576K
}

Dll operation events (10 events):
Event: 0.020 Loaded shared library c:\Users\davi4\.windsurf\extensions\redhat.java-1.53.0-win32-x64\jre\21.0.10-win32-x86_64\bin\java.dll
Event: 0.178 Loaded shared library c:\Users\davi4\.windsurf\extensions\redhat.java-1.53.0-win32-x64\jre\21.0.10-win32-x86_64\bin\zip.dll
Event: 0.395 Loaded shared library C:\Users\davi4\.windsurf\extensions\redhat.java-1.53.0-win32-x64\jre\21.0.10-win32-x86_64\bin\instrument.dll
Event: 0.401 Loaded shared library C:\Users\davi4\.windsurf\extensions\redhat.java-1.53.0-win32-x64\jre\21.0.10-win32-x86_64\bin\net.dll
Event: 0.404 Loaded shared library C:\Users\davi4\.windsurf\extensions\redhat.java-1.53.0-win32-x64\jre\21.0.10-win32-x86_64\bin\nio.dll
Event: 0.410 Loaded shared library C:\Users\davi4\.windsurf\extensions\redhat.java-1.53.0-win32-x64\jre\21.0.10-win32-x86_64\bin\zip.dll
Event: 0.435 Loaded shared library C:\Users\davi4\.windsurf\extensions\redhat.java-1.53.0-win32-x64\jre\21.0.10-win32-x86_64\bin\jimage.dll
Event: 0.536 Loaded shared library c:\Users\davi4\.windsurf\extensions\redhat.java-1.53.0-win32-x64\jre\21.0.10-win32-x86_64\bin\verify.dll
Event: 1.834 Loaded shared library C:\Users\davi4\AppData\Roaming\Windsurf\User\globalStorage\redhat.java\1.53.0\config_win\org.eclipse.equinox.launcher\org.eclipse.equinox.launcher.win32.win32.x86_64_1.3.0.v20260203-2149\eclipse_11919.dll
Event: 3.825 Loaded shared library C:\Users\davi4\AppData\Local\Temp\jna-95358532\jna14193290556701162587.dll

Deoptimization events (20 events):
Event: 12.780 Thread 0x000001bdf83d0070 DEOPT PACKING pc=0x000001bde4638ca0 sp=0x0000009ef76fd540
Event: 12.780 Thread 0x000001bdf83d0070 DEOPT UNPACKING pc=0x000001bde3a33aa2 sp=0x0000009ef76fd4c8 mode 2
Event: 12.798 Thread 0x000001bdf83d0070 DEOPT PACKING pc=0x000001bddd93026c sp=0x0000009ef76fcc00
Event: 12.798 Thread 0x000001bdf83d0070 DEOPT UNPACKING pc=0x000001bde3a34242 sp=0x0000009ef76fc088 mode 0
Event: 12.822 Thread 0x000001bdf83d0070 DEOPT PACKING pc=0x000001bddd857f87 sp=0x0000009ef76fd720
Event: 12.822 Thread 0x000001bdf83d0070 DEOPT UNPACKING pc=0x000001bde3a34242 sp=0x0000009ef76fcb58 mode 0
Event: 12.848 Thread 0x000001bdf83d0070 Uncommon trap: trap_request=0xffffff45 fr.pc=0x000001bde41d84a8 relative=0x0000000000000148
Event: 12.848 Thread 0x000001bdf83d0070 Uncommon trap: reason=unstable_if action=reinterpret pc=0x000001bde41d84a8 method=java.util.HashMap.getNode(Ljava/lang/Object;)Ljava/util/HashMap$Node; @ 66 c2
Event: 12.848 Thread 0x000001bdf83d0070 DEOPT PACKING pc=0x000001bde41d84a8 sp=0x0000009ef76fdb00
Event: 12.848 Thread 0x000001bdf83d0070 DEOPT UNPACKING pc=0x000001bde3a33aa2 sp=0x0000009ef76fda10 mode 2
Event: 12.848 Thread 0x000001bdf83d0070 Uncommon trap: trap_request=0xffffff45 fr.pc=0x000001bde41d7ca8 relative=0x0000000000000148
Event: 12.848 Thread 0x000001bdf83d0070 Uncommon trap: reason=unstable_if action=reinterpret pc=0x000001bde41d7ca8 method=java.util.HashMap.getNode(Ljava/lang/Object;)Ljava/util/HashMap$Node; @ 66 c2
Event: 12.848 Thread 0x000001bdf83d0070 DEOPT PACKING pc=0x000001bde41d7ca8 sp=0x0000009ef76fda90
Event: 12.848 Thread 0x000001bdf83d0070 DEOPT UNPACKING pc=0x000001bde3a33aa2 sp=0x0000009ef76fda10 mode 2
Event: 12.865 Thread 0x000001bdf83d0070 DEOPT PACKING pc=0x000001bddd94b8fd sp=0x0000009ef76fd0b0
Event: 12.865 Thread 0x000001bdf83d0070 DEOPT UNPACKING pc=0x000001bde3a34242 sp=0x0000009ef76fc658 mode 0
Event: 12.874 Thread 0x000001bdf83d0070 DEOPT PACKING pc=0x000001bddd94b8fd sp=0x0000009ef76fd0b0
Event: 12.874 Thread 0x000001bdf83d0070 DEOPT UNPACKING pc=0x000001bde3a34242 sp=0x0000009ef76fc658 mode 0
Event: 12.877 Thread 0x000001bdf83d0070 DEOPT PACKING pc=0x000001bdddbe88a9 sp=0x0000009ef76fd570
Event: 12.877 Thread 0x000001bdf83d0070 DEOPT UNPACKING pc=0x000001bde3a34242 sp=0x0000009ef76fca88 mode 0

Classes loaded (20 events):
Event: 10.444 Loading class java/util/regex/Pattern$Caret
Event: 10.444 Loading class java/util/regex/Pattern$Caret done
Event: 10.621 Loading class java/util/WeakHashMap$KeyIterator
Event: 10.622 Loading class java/util/WeakHashMap$KeyIterator done
Event: 10.645 Loading class java/util/stream/ReferencePipeline$4
Event: 10.646 Loading class java/util/stream/ReferencePipeline$4 done
Event: 10.646 Loading class java/util/stream/Nodes$IntFixedNodeBuilder
Event: 10.646 Loading class java/util/stream/Node$Builder$OfInt
Event: 10.646 Loading class java/util/stream/Node$Builder$OfInt done
Event: 10.646 Loading class java/util/stream/Nodes$IntArrayNode
Event: 10.647 Loading class java/util/stream/Nodes$IntArrayNode done
Event: 10.647 Loading class java/util/stream/Nodes$IntFixedNodeBuilder done
Event: 10.647 Loading class java/util/stream/ReferencePipeline$4$1
Event: 10.647 Loading class java/util/stream/ReferencePipeline$4$1 done
Event: 12.503 Loading class java/util/stream/ReduceOps$4
Event: 12.503 Loading class java/util/stream/ReduceOps$4 done
Event: 12.503 Loading class java/util/stream/ReduceOps$4ReducingSink
Event: 12.503 Loading class java/util/stream/ReduceOps$4ReducingSink done
Event: 12.505 Loading class java/nio/file/Files$2
Event: 12.505 Loading class java/nio/file/Files$2 done

Classes unloaded (7 events):
Event: 4.235 Thread 0x000001bdd9324990 Unloading class 0x000001bd811a3800 'java/lang/invoke/LambdaForm$MH+0x000001bd811a3800'
Event: 4.235 Thread 0x000001bdd9324990 Unloading class 0x000001bd811a3400 'java/lang/invoke/LambdaForm$MH+0x000001bd811a3400'
Event: 4.235 Thread 0x000001bdd9324990 Unloading class 0x000001bd811a3000 'java/lang/invoke/LambdaForm$MH+0x000001bd811a3000'
Event: 4.235 Thread 0x000001bdd9324990 Unloading class 0x000001bd811a2c00 'java/lang/invoke/LambdaForm$MH+0x000001bd811a2c00'
Event: 4.235 Thread 0x000001bdd9324990 Unloading class 0x000001bd811a2800 'java/lang/invoke/LambdaForm$BMH+0x000001bd811a2800'
Event: 4.235 Thread 0x000001bdd9324990 Unloading class 0x000001bd811a2400 'java/lang/invoke/LambdaForm$DMH+0x000001bd811a2400'
Event: 4.235 Thread 0x000001bdd9324990 Unloading class 0x000001bd811a1000 'java/lang/invoke/LambdaForm$DMH+0x000001bd811a1000'

Classes redefined (0 events):
No events

Internal exceptions (20 events):
Event: 9.566 Thread 0x000001bdfc9604f0 Exception <a 'sun/nio/fs/WindowsException'{0x00000000d663c4c0}> (0x00000000d663c4c0) 
thrown [s\src\hotspot\share\prims\jni.cpp, line 520]
Event: 9.568 Thread 0x000001bdfcc9b960 Exception <a 'sun/nio/fs/WindowsException'{0x00000000d65f6100}> (0x00000000d65f6100) 
thrown [s\src\hotspot\share\prims\jni.cpp, line 520]
Event: 9.568 Thread 0x000001bdfc960b80 Exception <a 'sun/nio/fs/WindowsException'{0x00000000d664be58}> (0x00000000d664be58) 
thrown [s\src\hotspot\share\prims\jni.cpp, line 520]
Event: 9.569 Thread 0x000001bdfcc9f470 Exception <a 'sun/nio/fs/WindowsException'{0x00000000d65cb778}> (0x00000000d65cb778) 
thrown [s\src\hotspot\share\prims\jni.cpp, line 520]
Event: 9.569 Thread 0x000001bdfcca2260 Exception <a 'sun/nio/fs/WindowsException'{0x00000000d66429c8}> (0x00000000d66429c8) 
thrown [s\src\hotspot\share\prims\jni.cpp, line 520]
Event: 9.569 Thread 0x000001bdfcc9fb00 Exception <a 'sun/nio/fs/WindowsException'{0x00000000d6654de8}> (0x00000000d6654de8) 
thrown [s\src\hotspot\share\prims\jni.cpp, line 520]
Event: 10.597 Thread 0x000001bdf7fb1d60 Exception <a 'sun/nio/fs/WindowsException'{0x00000000d5c50740}> (0x00000000d5c50740) 
thrown [s\src\hotspot\share\prims\jni.cpp, line 520]
Event: 10.598 Thread 0x000001bdf7fb1d60 Exception <a 'sun/nio/fs/WindowsException'{0x00000000d5c510b0}> (0x00000000d5c510b0) 
thrown [s\src\hotspot\share\prims\jni.cpp, line 520]
Event: 10.624 Thread 0x000001bdf7fb1d60 Exception <a 'java/io/FileNotFoundException'{0x00000000d5f28958}> (0x00000000d5f28958) 
thrown [s\src\hotspot\share\prims\jni.cpp, line 520]
Event: 10.624 Thread 0x000001bdf7fb1d60 Exception <a 'java/io/FileNotFoundException'{0x00000000d5f48520}> (0x00000000d5f48520) 
thrown [s\src\hotspot\share\prims\jni.cpp, line 520]
Event: 10.624 Thread 0x000001bdf7fb1d60 Exception <a 'java/io/FileNotFoundException'{0x00000000d5f49288}> (0x00000000d5f49288) 
thrown [s\src\hotspot\share\prims\jni.cpp, line 520]
Event: 11.015 Thread 0x000001bdf83d0070 Exception <a 'java/lang/NoSuchMethodError'{0x00000000d5b6d780}: 'java.lang.Object java.lang.invoke.DirectMethodHandle$Holder.invokeStatic(java.lang.Object, java.lang.Object, int, int)'> (0x00000000d5b6d780) 
thrown [s\src\hotspot\share\interpreter\linkResolver.cpp, line 773]
Event: 11.015 Thread 0x000001bdf83d0070 Exception <a 'java/lang/NoSuchMethodError'{0x00000000d5b71a90}: 'java.lang.Object java.lang.invoke.DirectMethodHandle$Holder.invokeSpecial(java.lang.Object, java.lang.Object, java.lang.Object, int, int)'> (0x00000000d5b71a90) 
thrown [s\src\hotspot\share\interpreter\linkResolver.cpp, line 773]
Event: 11.115 Thread 0x000001bdf83cdfa0 Implicit null exception at 0x000001bde41994e2 to 0x000001bde419a270
Event: 11.119 Thread 0x000001bdf83d0070 Implicit null exception at 0x000001bde46356e2 to 0x000001bde46358a5
Event: 11.119 Thread 0x000001bdf83d0070 Implicit null exception at 0x000001bde4634594 to 0x000001bde463472d
Event: 11.158 Thread 0x000001bdf83d0070 Exception <a 'java/lang/NoSuchMethodError'{0x00000000d5cae590}: 'void java.lang.invoke.DelegatingMethodHandle$Holder.reinvoke_L(java.lang.Object, java.lang.Object, java.lang.Object, int, java.lang.Object, int, int)'> (0x00000000d5cae590) 
thrown [s\src\hotspot\share\interpreter\linkResolver.cpp, line 773]
Event: 11.234 Thread 0x000001bdf83d0070 Implicit null exception at 0x000001bde4648e6d to 0x000001bde464903d
Event: 12.506 Thread 0x000001bdf83d0070 Exception <a 'java/lang/NoSuchMethodError'{0x00000000d5e7b750}: 'int java.lang.invoke.DirectMethodHandle$Holder.invokeSpecialIFC(java.lang.Object, java.lang.Object, java.lang.Object)'> (0x00000000d5e7b750) 
thrown [s\src\hotspot\share\interpreter\linkResolver.cpp, line 773]
Event: 12.780 Thread 0x000001bdf83d0070 Implicit null exception at 0x000001bde4638c57 to 0x000001bde4638c92

ZGC Phase Switch (0 events):
No events

VM Operations (20 events):
Event: 12.302 Executing safepoint VM operation: ParallelGCFailedAllocation (Allocation Failure) done
Event: 12.350 Executing safepoint VM operation: ParallelGCFailedAllocation (Allocation Failure)
Event: 12.352 Executing safepoint VM operation: ParallelGCFailedAllocation (Allocation Failure) done
Event: 12.380 Executing safepoint VM operation: ParallelGCFailedAllocation (Allocation Failure)
Event: 12.382 Executing safepoint VM operation: ParallelGCFailedAllocation (Allocation Failure) done
Event: 12.414 Executing safepoint VM operation: ParallelGCFailedAllocation (Allocation Failure)
Event: 12.416 Executing safepoint VM operation: ParallelGCFailedAllocation (Allocation Failure) done
Event: 12.450 Executing safepoint VM operation: ParallelGCFailedAllocation (Allocation Failure)
Event: 12.452 Executing safepoint VM operation: ParallelGCFailedAllocation (Allocation Failure) done
Event: 12.476 Executing non-safepoint VM operation: HandshakeAllThreads (Deoptimize)
Event: 12.476 Executing non-safepoint VM operation: HandshakeAllThreads (Deoptimize) done
Event: 12.545 Executing non-safepoint VM operation: HandshakeAllThreads (Deoptimize)
Event: 12.545 Executing non-safepoint VM operation: HandshakeAllThreads (Deoptimize) done
Event: 12.598 Executing safepoint VM operation: ParallelGCFailedAllocation (Allocation Failure)
Event: 12.601 Executing safepoint VM operation: ParallelGCFailedAllocation (Allocation Failure) done
Event: 12.808 Executing safepoint VM operation: ICBufferFull
Event: 12.808 Executing safepoint VM operation: ICBufferFull done
Event: 12.836 Executing safepoint VM operation: ParallelGCFailedAllocation (Allocation Failure)
Event: 12.842 Executing safepoint VM operation: ParallelGCFailedAllocation (Allocation Failure) done
Event: 12.880 Executing safepoint VM operation: CollectForMetadataAllocation (Metadata GC Threshold)

Memory protections (0 events):
No events

Nmethod flushes (20 events):
Event: 6.805 Thread 0x000001bdd9324990 flushing  nmethod 0x000001bddcca1110
Event: 6.805 Thread 0x000001bdd9324990 flushing  nmethod 0x000001bddccd5490
Event: 6.805 Thread 0x000001bdd9324990 flushing  nmethod 0x000001bddccd5890
Event: 6.805 Thread 0x000001bdd9324990 flushing  nmethod 0x000001bddccd7810
Event: 6.805 Thread 0x000001bdd9324990 flushing  nmethod 0x000001bddccd8a10
Event: 6.805 Thread 0x000001bdd9324990 flushing  nmethod 0x000001bddccd9690
Event: 6.805 Thread 0x000001bdd9324990 flushing  nmethod 0x000001bddccda790
Event: 6.805 Thread 0x000001bdd9324990 flushing  nmethod 0x000001bddccdac90
Event: 6.805 Thread 0x000001bdd9324990 flushing  nmethod 0x000001bddccdc190
Event: 6.805 Thread 0x000001bdd9324990 flushing  nmethod 0x000001bddccddd90
Event: 6.805 Thread 0x000001bdd9324990 flushing  nmethod 0x000001bddccde610
Event: 6.805 Thread 0x000001bdd9324990 flushing  nmethod 0x000001bddcce1d90
Event: 6.805 Thread 0x000001bdd9324990 flushing  nmethod 0x000001bddcd25490
Event: 6.805 Thread 0x000001bdd9324990 flushing  nmethod 0x000001bddcd25f90
Event: 6.805 Thread 0x000001bdd9324990 flushing  nmethod 0x000001bddcd2bd10
Event: 6.805 Thread 0x000001bdd9324990 flushing  nmethod 0x000001bddcd32c10
Event: 6.805 Thread 0x000001bdd9324990 flushing  nmethod 0x000001bddcd33010
Event: 6.805 Thread 0x000001bdd9324990 flushing  nmethod 0x000001bddcda3a10
Event: 6.805 Thread 0x000001bdd9324990 flushing  nmethod 0x000001bddcdbe510
Event: 6.805 Thread 0x000001bdd9324990 flushing  nmethod 0x000001bddcdf6110

Events (20 events):
Event: 9.945 Thread 0x000001bdf83d0070 Thread added: 0x000001bdfc9625c0
Event: 9.945 Thread 0x000001bdf83d0070 Thread added: 0x000001bdfc964d20
Event: 9.945 Thread 0x000001bdf83d0070 Thread added: 0x000001bdfc961f30
Event: 9.945 Thread 0x000001bdf83d0070 Thread added: 0x000001bdfc9653b0
Event: 9.945 Thread 0x000001bdf83d0070 Thread added: 0x000001bdfc965a40
Event: 9.946 Thread 0x000001bdfc9653b0 Thread added: 0x000001bdfc9660d0
Event: 9.946 Thread 0x000001bdfc964000 Thread added: 0x000001bdfc962c50
Event: 9.946 Thread 0x000001bdfc9625c0 Thread added: 0x000001bdfc966760
Event: 9.946 Thread 0x000001bdfc962c50 Thread added: 0x000001bdfc967480
Event: 9.946 Thread 0x000001bdfc9660d0 Thread added: 0x000001bdfc966df0
Event: 9.946 Thread 0x000001bdfc967480 Thread added: 0x000001bdfc967b10
Event: 9.946 Thread 0x000001bdfc966df0 Thread added: 0x000001bdfd6547d0
Event: 9.947 Thread 0x000001bdfc967b10 Thread added: 0x000001bdfd654e60
Event: 10.459 Thread 0x000001bdf8141ff0 Thread exited: 0x000001bdf8141ff0
Event: 10.465 Thread 0x000001bdf81404b0 Thread exited: 0x000001bdf81404b0
Event: 10.465 Thread 0x000001bdf8142d90 Thread exited: 0x000001bdf8142d90
Event: 10.598 Thread 0x000001bdf133a840 Thread added: 0x000001bdfbdb8e20
Event: 10.728 Thread 0x000001bdf8141250 Thread added: 0x000001bdfbdb8080
Event: 10.740 Thread 0x000001bdf813fde0 Thread added: 0x000001bdfbdb79b0
Event: 10.750 Thread 0x000001bdf813fde0 Thread added: 0x000001bdfbdb8750


Dynamic libraries:
0x00007ff748dc0000 - 0x00007ff748dce000 	c:\Users\davi4\.windsurf\extensions\redhat.java-1.53.0-win32-x64\jre\21.0.10-win32-x86_64\bin\java.exe
0x00007ff95f320000 - 0x00007ff95f588000 	C:\WINDOWS\SYSTEM32\ntdll.dll
0x00007ff95d0c0000 - 0x00007ff95d189000 	C:\WINDOWS\System32\KERNEL32.DLL
0x00007ff95c8b0000 - 0x00007ff95cca1000 	C:\WINDOWS\System32\KERNELBASE.dll
0x00007ff95c760000 - 0x00007ff95c8ab000 	C:\WINDOWS\System32\ucrtbase.dll
0x00007ff8fe670000 - 0x00007ff8fe688000 	c:\Users\davi4\.windsurf\extensions\redhat.java-1.53.0-win32-x64\jre\21.0.10-win32-x86_64\bin\jli.dll
0x00007ff95f110000 - 0x00007ff95f2d6000 	C:\WINDOWS\System32\USER32.dll
0x00007ff95bc00000 - 0x00007ff95bc27000 	C:\WINDOWS\System32\win32u.dll
0x00007ff95e9c0000 - 0x00007ff95e9eb000 	C:\WINDOWS\System32\GDI32.dll
0x00007ff95cd70000 - 0x00007ff95ce9b000 	C:\WINDOWS\System32\gdi32full.dll
0x00007ff95c6b0000 - 0x00007ff95c753000 	C:\WINDOWS\System32\msvcp_win.dll
0x00007ff92fc20000 - 0x00007ff92fc3e000 	c:\Users\davi4\.windsurf\extensions\redhat.java-1.53.0-win32-x64\jre\21.0.10-win32-x86_64\bin\VCRUNTIME140.dll
0x00007ff95ad00000 - 0x00007ff95af93000 	C:\WINDOWS\WinSxS\amd64_microsoft.windows.common-controls_6595b64144ccf1df_6.0.26100.7824_none_3e0870b2e3345462\COMCTL32.dll
0x00007ff95eee0000 - 0x00007ff95ef89000 	C:\WINDOWS\System32\msvcrt.dll
0x00007ff95d200000 - 0x00007ff95d231000 	C:\WINDOWS\System32\IMM32.DLL
0x00007ff955a60000 - 0x00007ff955a6c000 	c:\Users\davi4\.windsurf\extensions\redhat.java-1.53.0-win32-x64\jre\21.0.10-win32-x86_64\bin\vcruntime140_1.dll
0x00007ff873df0000 - 0x00007ff873e7d000 	c:\Users\davi4\.windsurf\extensions\redhat.java-1.53.0-win32-x64\jre\21.0.10-win32-x86_64\bin\msvcp140.dll
0x00007ff8569f0000 - 0x00007ff857791000 	c:\Users\davi4\.windsurf\extensions\redhat.java-1.53.0-win32-x64\jre\21.0.10-win32-x86_64\bin\server\jvm.dll
0x00007ff95d700000 - 0x00007ff95d7b4000 	C:\WINDOWS\System32\ADVAPI32.dll
0x00007ff95e7f0000 - 0x00007ff95e896000 	C:\WINDOWS\System32\sechost.dll
0x00007ff95d560000 - 0x00007ff95d678000 	C:\WINDOWS\System32\RPCRT4.dll
0x00007ff95d680000 - 0x00007ff95d6f4000 	C:\WINDOWS\System32\WS2_32.dll
0x00007ff95ba60000 - 0x00007ff95babe000 	C:\WINDOWS\SYSTEM32\POWRPROF.dll
0x00007ff9538e0000 - 0x00007ff9538eb000 	C:\WINDOWS\SYSTEM32\VERSION.dll
0x00007ff94c900000 - 0x00007ff94c935000 	C:\WINDOWS\SYSTEM32\WINMM.dll
0x00007ff95b990000 - 0x00007ff95b9a4000 	C:\WINDOWS\SYSTEM32\UMPDC.dll
0x00007ff95a030000 - 0x00007ff95a04b000 	C:\WINDOWS\SYSTEM32\kernel.appcore.dll
0x00007ff953380000 - 0x00007ff95338a000 	c:\Users\davi4\.windsurf\extensions\redhat.java-1.53.0-win32-x64\jre\21.0.10-win32-x86_64\bin\jimage.dll
0x00007ff95b3b0000 - 0x00007ff95b5f2000 	C:\WINDOWS\SYSTEM32\DBGHELP.DLL
0x00007ff95eaf0000 - 0x00007ff95ee76000 	C:\WINDOWS\System32\combase.dll
0x00007ff95d2c0000 - 0x00007ff95d397000 	C:\WINDOWS\System32\OLEAUT32.dll
0x00007ff95b2a0000 - 0x00007ff95b2db000 	C:\WINDOWS\SYSTEM32\dbgcore.DLL
0x00007ff95d010000 - 0x00007ff95d0b5000 	C:\WINDOWS\System32\bcryptPrimitives.dll
0x00007ff931510000 - 0x00007ff93151f000 	c:\Users\davi4\.windsurf\extensions\redhat.java-1.53.0-win32-x64\jre\21.0.10-win32-x86_64\bin\instrument.dll
0x00007ff8f9dd0000 - 0x00007ff8f9df0000 	c:\Users\davi4\.windsurf\extensions\redhat.java-1.53.0-win32-x64\jre\21.0.10-win32-x86_64\bin\java.dll
0x00007ff95d960000 - 0x00007ff95e0b2000 	C:\WINDOWS\System32\SHELL32.dll
0x00007ff95cea0000 - 0x00007ff95d00a000 	C:\WINDOWS\System32\wintypes.dll
0x00007ff95bdb0000 - 0x00007ff95c613000 	C:\WINDOWS\System32\windows.storage.dll
0x00007ff95ef90000 - 0x00007ff95f086000 	C:\WINDOWS\System32\SHCORE.dll
0x00007ff95d240000 - 0x00007ff95d2a7000 	C:\WINDOWS\System32\shlwapi.dll
0x00007ff95bb20000 - 0x00007ff95bb49000 	C:\WINDOWS\SYSTEM32\profapi.dll
0x00007ff8d4dc0000 - 0x00007ff8d4dd8000 	c:\Users\davi4\.windsurf\extensions\redhat.java-1.53.0-win32-x64\jre\21.0.10-win32-x86_64\bin\zip.dll
0x00007ff92fff0000 - 0x00007ff930000000 	C:\Users\davi4\.windsurf\extensions\redhat.java-1.53.0-win32-x64\jre\21.0.10-win32-x86_64\bin\net.dll
0x00007ff954e90000 - 0x00007ff954fb7000 	C:\WINDOWS\SYSTEM32\WINHTTP.dll
0x00007ff95a540000 - 0x00007ff95a5ab000 	C:\WINDOWS\system32\mswsock.dll
0x00007ff8bc9d0000 - 0x00007ff8bc9e6000 	C:\Users\davi4\.windsurf\extensions\redhat.java-1.53.0-win32-x64\jre\21.0.10-win32-x86_64\bin\nio.dll
0x00007ff92fbc0000 - 0x00007ff92fbd0000 	c:\Users\davi4\.windsurf\extensions\redhat.java-1.53.0-win32-x64\jre\21.0.10-win32-x86_64\bin\verify.dll
0x00007ff8c8e10000 - 0x00007ff8c8e55000 	C:\Users\davi4\AppData\Roaming\Windsurf\User\globalStorage\redhat.java\1.53.0\config_win\org.eclipse.equinox.launcher\org.eclipse.equinox.launcher.win32.win32.x86_64_1.3.0.v20260203-2149\eclipse_11919.dll
0x00007ff95d7c0000 - 0x00007ff95d957000 	C:\WINDOWS\System32\ole32.dll
0x00007ff95b720000 - 0x00007ff95b73b000 	C:\WINDOWS\SYSTEM32\CRYPTSP.dll
0x00007ff95a930000 - 0x00007ff95a969000 	C:\WINDOWS\system32\rsaenh.dll
0x00007ff95a5b0000 - 0x00007ff95a5db000 	C:\WINDOWS\SYSTEM32\USERENV.dll
0x00007ff95baf0000 - 0x00007ff95bb1a000 	C:\WINDOWS\SYSTEM32\bcrypt.dll
0x00007ff95a920000 - 0x00007ff95a92c000 	C:\WINDOWS\SYSTEM32\CRYPTBASE.dll
0x00007ff959a60000 - 0x00007ff959a94000 	C:\WINDOWS\SYSTEM32\IPHLPAPI.DLL
0x00007ff95d2b0000 - 0x00007ff95d2ba000 	C:\WINDOWS\System32\NSI.dll
0x00007ff92a8d0000 - 0x00007ff92a919000 	C:\Users\davi4\AppData\Local\Temp\jna-95358532\jna14193290556701162587.dll
0x00007ff95d550000 - 0x00007ff95d558000 	C:\WINDOWS\System32\PSAPI.DLL
0x00007ff953ee0000 - 0x00007ff953efe000 	C:\WINDOWS\SYSTEM32\dhcpcsvc6.DLL
0x00007ff953d00000 - 0x00007ff953d23000 	C:\WINDOWS\SYSTEM32\dhcpcsvc.DLL

JVMTI agents:
c:\Users\davi4\.windsurf\extensions\redhat.java-1.53.0-win32-x64\lombok\lombok-1.18.39-4050.jar path:c:\Users\davi4\.windsurf\extensions\redhat.java-1.53.0-win32-x64\jre\21.0.10-win32-x86_64\bin\instrument.dll, loaded, initialized, instrumentlib options:none

dbghelp: loaded successfully - version: 4.0.5 - missing functions: none
symbol engine: initialized successfully - sym options: 0x614 - pdb path: .;c:\Users\davi4\.windsurf\extensions\redhat.java-1.53.0-win32-x64\jre\21.0.10-win32-x86_64\bin;C:\WINDOWS\SYSTEM32;C:\WINDOWS\WinSxS\amd64_microsoft.windows.common-controls_6595b64144ccf1df_6.0.26100.7824_none_3e0870b2e3345462;c:\Users\davi4\.windsurf\extensions\redhat.java-1.53.0-win32-x64\jre\21.0.10-win32-x86_64\bin\server;C:\Users\davi4\AppData\Roaming\Windsurf\User\globalStorage\redhat.java\1.53.0\config_win\org.eclipse.equinox.launcher\org.eclipse.equinox.launcher.win32.win32.x86_64_1.3.0.v20260203-2149;C:\Users\davi4\AppData\Local\Temp\jna-95358532

VM Arguments:
jvm_args: --add-modules=ALL-SYSTEM --add-opens=java.base/java.util=ALL-UNNAMED --add-opens=java.base/java.lang=ALL-UNNAMED --add-opens=java.base/sun.nio.fs=ALL-UNNAMED -Declipse.application=org.eclipse.jdt.ls.core.id1 -Dosgi.bundles.defaultStartLevel=4 -Declipse.product=org.eclipse.jdt.ls.core.product -Djava.import.generatesMetadataFilesAtProjectRoot=false -DDetectVMInstallationsJob.disabled=true -Dfile.encoding=utf8 -XX:+UseParallelGC -XX:GCTimeRatio=4 -XX:AdaptiveSizePolicyWeight=90 -Dsun.zip.disableMemoryMapping=true -Xmx2G -Xms100m -Xlog:disable -javaagent:c:\Users\davi4\.windsurf\extensions\redhat.java-1.53.0-win32-x64\lombok\lombok-1.18.39-4050.jar -XX:+HeapDumpOnOutOfMemoryError -XX:HeapDumpPath=c:\Users\davi4\AppData\Roaming\Windsurf\User\workspaceStorage\480e1d6f9199f74cf5298c7c52811d38\redhat.java -Daether.dependencyCollector.impl=bf 
java_command: c:\Users\davi4\.windsurf\extensions\redhat.java-1.53.0-win32-x64\server\plugins\org.eclipse.equinox.launcher_1.7.100.v20251111-0406.jar -configuration c:\Users\davi4\AppData\Roaming\Windsurf\User\globalStorage\redhat.java\1.53.0\config_win -data c:\Users\davi4\AppData\Roaming\Windsurf\User\workspaceStorage\480e1d6f9199f74cf5298c7c52811d38\redhat.java\jdt_ws --pipe=\\.\pipe\lsp-50bd450bd1d8109b45d0a577547a59a1-sock
java_class_path (initial): c:\Users\davi4\.windsurf\extensions\redhat.java-1.53.0-win32-x64\server\plugins\org.eclipse.equinox.launcher_1.7.100.v20251111-0406.jar
Launcher Type: SUN_STANDARD

[Global flags]
    uintx AdaptiveSizePolicyWeight                 = 90                                        {product} {command line}
     intx CICompilerCount                          = 12                                        {product} {ergonomic}
    uintx GCTimeRatio                              = 4                                         {product} {command line}
     bool HeapDumpOnOutOfMemoryError               = true                                   {manageable} {command line}
    ccstr HeapDumpPath                             = c:\Users\davi4\AppData\Roaming\Windsurf\User\workspaceStorage\480e1d6f9199f74cf5298c7c52811d38\redhat.java         {manageable} {command line}
   size_t InitialHeapSize                          = 104857600                                 {product} {command line}
   size_t MaxHeapSize                              = 2147483648                                {product} {command line}
   size_t MaxNewSize                               = 715653120                                 {product} {ergonomic}
   size_t MinHeapDeltaBytes                        = 524288                                    {product} {ergonomic}
   size_t MinHeapSize                              = 104857600                                 {product} {command line}
   size_t NewSize                                  = 34603008                                  {product} {ergonomic}
    uintx NonNMethodCodeHeapSize                   = 7602480                                {pd product} {ergonomic}
    uintx NonProfiledCodeHeapSize                  = 122027880                              {pd product} {ergonomic}
   size_t OldSize                                  = 70254592                                  {product} {ergonomic}
    uintx ProfiledCodeHeapSize                     = 122027880                              {pd product} {ergonomic}
    uintx ReservedCodeCacheSize                    = 251658240                              {pd product} {ergonomic}
     bool SegmentedCodeCache                       = true                                      {product} {ergonomic}
   size_t SoftMaxHeapSize                          = 2147483648                             {manageable} {ergonomic}
     bool UseCompressedOops                        = true                           {product lp64_product} {ergonomic}
     bool UseLargePagesIndividualAllocation        = false                                  {pd product} {ergonomic}
     bool UseParallelGC                            = true                                      {product} {command line}

Logging:
Log output configuration:
 #0: stdout all=off uptime,level,tags foldmultilines=false
 #1: stderr all=off uptime,level,tags foldmultilines=false

Release file:
JAVA_VERSION="21.0.10" 
MODULES="java.base java.compiler java.datatransfer java.xml java.prefs java.desktop java.instrument java.logging java.management java.security.sasl java.naming java.rmi java.management.rmi java.net.http java.scripting java.security.jgss java.transaction.xa java.sql java.sql.rowset java.xml.crypto java.se java.smartcardio jdk.accessibility jdk.internal.jvmstat jdk.attach jdk.charsets jdk.internal.opt jdk.zipfs jdk.compiler jdk.crypto.ec jdk.crypto.cryptoki jdk.crypto.mscapi jdk.dynalink jdk.internal.ed jdk.editpad jdk.hotspot.agent jdk.httpserver jdk.internal.le jdk.internal.vm.ci jdk.internal.vm.compiler jdk.internal.vm.compiler.management jdk.jartool jdk.javadoc jdk.jcmd jdk.management jdk.management.agent jdk.jconsole jdk.jdeps jdk.jdwp.agent jdk.jdi jdk.jfr jdk.jshell jdk.jsobject jdk.jstatd jdk.localedata jdk.management.jfr jdk.naming.dns jdk.naming.rmi jdk.net jdk.nio.mapmode jdk.random jdk.sctp jdk.security.auth jdk.security.jgss jdk.unsupported jdk.unsupported.desktop jdk.xml.dom" 

Environment Variables:
JAVA_HOME=C:\Program Files\Amazon Corretto\jdk21.0.8_9
PATH=C:\Program Files\Amazon Corretto\jdk21.0.8_9\bin;C:\Program Files\Common Files\Oracle\Java\javapath;C:\Program Files (x86)\Common Files\Oracle\Java\javapath;C:\app\davi4\product\18.0.0\dbhomeXE\bin;C:\WINDOWS\system32;C:\WINDOWS;C:\WINDOWS\System32\Wbem;C:\WINDOWS\System32\WindowsPowerShell\v1.0\;C:\WINDOWS\System32\OpenSSH\;C:\Program Files (x86)\NVIDIA Corporation\PhysX\Common;C:\Program Files\Git\cmd;;C:\Program Files\Docker\Docker\resources\bin;C:\composer;C:\AppServ\php7;C:\Program Files\Java\jdk1.8.0_111\bin;C:\Program Files\nodejs\;C:\Program Files\NVIDIA Corporation\NVIDIA app\NvDLISR;C:\Users\davi4\.console-ninja\.bin;C:\Users\davi4\AppData\Local\Microsoft\WindowsApps;C:\Users\davi4\AppData\Roaming\nvm;C:\Program Files\nodejs;C:\Users\davi4\AppData\Local\Programs\Microsoft VS Code\bin;C:\Users\davi4\AppData\Local\GitHubDesktop\bin;C:\Program Files\JetBrains\IntelliJ IDEA Community Edition 2025.2.2\bin;C:\Users\davi4\AppData\Roaming\Composer\vendor\bin;C:\AppServ\Apache24\bin;C:\AppServ\php7;C:\AppServ\MySQL\bin;C:\Program Files\Java\jdk-17;C:\flutter\bin;C:\Users\davi4\AppData\Roaming\npm;C:\Users\davi4\AppData\Local\Microsoft\WindowsApps;C:\Users\davi4\AppData\Local\Programs\cursor\resources\app\bin;C:\Users\davi4\AppData\Local\Programs\Windsurf\bin
USERNAME=davi4
OS=Windows_NT
PROCESSOR_IDENTIFIER=AMD64 Family 23 Model 113 Stepping 0, AuthenticAMD
TMP=C:\Users\davi4\AppData\Local\Temp
TEMP=C:\Users\davi4\AppData\Local\Temp




Periodic native trim disabled

---------------  S Y S T E M  ---------------

OS:
 Windows 11 , 64 bit Build 26100 (10.0.26100.7705)
OS uptime: 0 days 3:33 hours
Hyper-V role detected

CPU: total 16 (initial active 16) (16 cores per cpu, 2 threads per core) family 23 model 113 stepping 0 microcode 0x8701013, cx8, cmov, fxsr, ht, mmx, 3dnowpref, sse, sse2, sse3, ssse3, sse4a, sse4.1, sse4.2, popcnt, lzcnt, tsc, tscinvbit, avx, avx2, aes, clmul, bmi1, bmi2, adx, sha, fma, vzeroupper, clflush, clflushopt, hv, rdtscp, rdpid, f16c
Processor Information for the first 16 processors :
  Max Mhz: 3593, Current Mhz: 3593, Mhz Limit: 3593

Memory: 4k page, system-wide physical 32719M (1234M free)
TotalPageFile size 89772M (AvailPageFile size 39M)
current process WorkingSet (physical memory assigned to process): 458M, peak: 466M
current process commit charge ("private bytes"): 552M, peak: 561M

vm_info: OpenJDK 64-Bit Server VM (21.0.10+7-LTS) for windows-amd64 JRE (21.0.10+7-LTS), built on 2026-01-20T00:00:00Z by "admin" with MS VC++ 17.12 (VS2022)

END.
